{
    "predictions": [
        [
            {
                "ner_chunk": "hydrogen peroxide",
                "begin": 26,
                "end": 42,
                "ner_label": "DRUG",
                "ner_confidence": "0.90765",
                "code": "A01AB02",
                "resolution": "hydrogen peroxide ",
                "all_k_codes": "A01AB02:::S02AA06:::D10AE:::D11AX25:::D10AE01:::N01AX11:::V03AH01:::A02AA03:::N05BB01:::V03AE05:::V04CX08:::C05CA05:::D11AC30:::D07AC19:::A03AB03:::N05CC05:::J04AC:::R06AA09:::B05XA13",
                "all_k_resolutions": "hydrogen peroxide :::hydrogen peroxide; otic:::Peroxides:::ethanol / hydrogen peroxide :::benzoyl peroxide :::oxybate :::diazoxide :::magnesium peroxide:::hydroxyzine :::sucroferric oxyhydroxide :::carbon monoxide :::hidrosmin:::benzoyl peroxide / sulfur :::difluprednate :::oxyphenonium :::paraldehyde :::Hydrazides:::doxylamine :::hydrochloric acid ",
                "all_k_distances": "0.0000:::7.2638:::8.5359:::8.6054:::8.8623:::9.8050:::10.4785:::10.6252:::10.8362:::10.8516:::10.8802:::11.0478:::11.2217:::11.2228:::11.3405:::11.3486:::11.3811:::11.4295:::11.4679"
            },
            {
                "ner_chunk": "amoxicillin",
                "begin": 54,
                "end": 64,
                "ner_label": "DRUG",
                "ner_confidence": "0.9995",
                "code": "J01CA04",
                "resolution": "amoxicillin ",
                "all_k_codes": "J01CA04:::J01CA01:::J01CF02:::J01CF01:::J01CA51:::J01FF01:::J01GB06:::J01CE04:::J01CF04:::A07AA",
                "all_k_resolutions": "amoxicillin :::ampicillin :::cloxacillin :::dicloxacillin :::ampicillin / dicloxacillin :::clindamycin :::amikacin :::azidocillin :::oxacillin :::Antibiotics",
                "all_k_distances": "0.0000:::6.9141:::7.4772:::7.6221:::7.8753:::8.0215:::8.0368:::8.0891:::8.1183:::8.3731"
            },
            {
                "ner_chunk": "magnesium hydroxide",
                "begin": 153,
                "end": 171,
                "ner_label": "DRUG",
                "ner_confidence": "0.9382",
                "code": "A02AA04",
                "resolution": "magnesium hydroxide ",
                "all_k_codes": "A02AA04:::A12CC02:::D10AX30:::B05XA11:::A02AA02:::A12CC09:::A02AA03:::A02AA01:::A12CC03:::A12CC04:::A12CC:::A02AA:::A06AD04:::G04BX01:::A12CC01:::A12CC05",
                "all_k_resolutions": "magnesium hydroxide :::magnesium sulfate :::aluminum oxide / magnesium hydroxide :::magnesium chloride :::magnesium oxide :::magnesium orotate :::magnesium peroxide:::magnesium carbonate :::magnesium gluconate :::magnesium citrate :::Magnesium:::Magnesium compounds:::magnesium sulfate; oral:::magnesium hydroxide; oral (urologicals):::aspartic acid / magnesium chloride :::magnesium aspartate ",
                "all_k_distances": "0.0000:::7.0888:::8.0071:::8.0314:::8.1589:::8.2574:::8.2853:::8.3071:::8.3166:::8.3633:::8.4901:::8.8214:::9.1584:::9.2479:::9.3200:::9.3548"
            }
        ]
    ]
}