{
    "predictions": [
        {
            "document": "The patient was given Adapin 10 MG, coumadn 5 mg",
            "ner_chunk": "Adapin 10 MG",
            "begin": 22,
            "end": 33,
            "ner_label": "DRUG",
            "rxnorm_code": "1000049"
        },
        {
            "document": "The patient was given Adapin 10 MG, coumadn 5 mg",
            "ner_chunk": "coumadn 5 mg",
            "begin": 36,
            "end": 47,
            "ner_label": "DRUG",
            "rxnorm_code": "200883"
        },
        {
            "document": "She is given folic acid 1 mg daily , levothyroxine 0.1 mg and aspirin 81 mg daily.",
            "ner_chunk": "folic acid 1 mg",
            "begin": 13,
            "end": 27,
            "ner_label": "DRUG",
            "rxnorm_code": "315966"
        },
        {
            "document": "She is given folic acid 1 mg daily , levothyroxine 0.1 mg and aspirin 81 mg daily.",
            "ner_chunk": "daily",
            "begin": 29,
            "end": 33,
            "ner_label": "FREQUENCY",
            "rxnorm_code": "216351"
        },
        {
            "document": "She is given folic acid 1 mg daily , levothyroxine 0.1 mg and aspirin 81 mg daily.",
            "ner_chunk": "levothyroxine 0.1 mg",
            "begin": 37,
            "end": 56,
            "ner_label": "DRUG",
            "rxnorm_code": "892245"
        },
        {
            "document": "She is given folic acid 1 mg daily , levothyroxine 0.1 mg and aspirin 81 mg daily.",
            "ner_chunk": "aspirin 81 mg",
            "begin": 62,
            "end": 74,
            "ner_label": "DRUG",
            "rxnorm_code": "434451"
        },
        {
            "document": "She is given folic acid 1 mg daily , levothyroxine 0.1 mg and aspirin 81 mg daily.",
            "ner_chunk": "daily",
            "begin": 76,
            "end": 80,
            "ner_label": "FREQUENCY",
            "rxnorm_code": "216351"
        },
        {
            "document": "The doctor prescribed Lisinopril 20 MG once daily for hypertension.",
            "ner_chunk": "Lisinopril 20 MG",
            "begin": 22,
            "end": 37,
            "ner_label": "DRUG",
            "rxnorm_code": "314077"
        },
        {
            "document": "The doctor prescribed Lisinopril 20 MG once daily for hypertension.",
            "ner_chunk": "once daily",
            "begin": 39,
            "end": 48,
            "ner_label": "FREQUENCY",
            "rxnorm_code": "216351"
        }
    ]
}