{
    "predictions": [
        {
            "text": "128041000119107",
            "snomed_code": "128041000119107",
            "begin": 0,
            "end": 14,
            "icd10cm_code": "K22.70"
        },
        {
            "text": "292278006",
            "snomed_code": "292278006",
            "begin": 0,
            "end": 8,
            "icd10cm_code": "T43.595"
        },
        {
            "text": "293072005",
            "snomed_code": "293072005",
            "begin": 0,
            "end": 8,
            "icd10cm_code": "T37.1X5"
        }
    ]
}