{
    "predictions": [
        {
            "document": "A 65-year-old woman had a history of debulking surgery, bilateral oophorectomy with omentectomy, total hysterectomy with radical pelvic lymph nodes dissection due to ovarian carcinoma (mucinous-type carcinoma, stage Ic) 1 year ago. Patient's medical compliance was poor and failed to complete her chemotherapy (cyclophosphamide 750 mg/m2, carboplatin 300 mg/m2). Recently, she noted a palpable right breast mass, 15 cm in size which nearly occupied the whole right breast in 2 months. Core needle biopsy revealed metaplastic carcinoma.",
            "ner_chunk": "debulking surgery",
            "begin": 37,
            "end": 53,
            "ner_label": "Cancer_Surgery",
            "ner_confidence": "0.78400004",
            "ncit_code": "C15749",
            "ncit_resolution": "debulking surgery [debulking surgery]",
            "ncit_confidence": "0.9964"
        },
        {
            "document": "A 65-year-old woman had a history of debulking surgery, bilateral oophorectomy with omentectomy, total hysterectomy with radical pelvic lymph nodes dissection due to ovarian carcinoma (mucinous-type carcinoma, stage Ic) 1 year ago. Patient's medical compliance was poor and failed to complete her chemotherapy (cyclophosphamide 750 mg/m2, carboplatin 300 mg/m2). Recently, she noted a palpable right breast mass, 15 cm in size which nearly occupied the whole right breast in 2 months. Core needle biopsy revealed metaplastic carcinoma.",
            "ner_chunk": "bilateral oophorectomy",
            "begin": 56,
            "end": 77,
            "ner_label": "Cancer_Surgery",
            "ner_confidence": "0.83615005",
            "ncit_code": "C51590",
            "ncit_resolution": "bilateral oophorectomy [bilateral oophorectomy]",
            "ncit_confidence": "0.9848"
        },
        {
            "document": "A 65-year-old woman had a history of debulking surgery, bilateral oophorectomy with omentectomy, total hysterectomy with radical pelvic lymph nodes dissection due to ovarian carcinoma (mucinous-type carcinoma, stage Ic) 1 year ago. Patient's medical compliance was poor and failed to complete her chemotherapy (cyclophosphamide 750 mg/m2, carboplatin 300 mg/m2). Recently, she noted a palpable right breast mass, 15 cm in size which nearly occupied the whole right breast in 2 months. Core needle biopsy revealed metaplastic carcinoma.",
            "ner_chunk": "omentectomy",
            "begin": 84,
            "end": 94,
            "ner_label": "Cancer_Surgery",
            "ner_confidence": "0.988",
            "ncit_code": "C51787",
            "ncit_resolution": "omentectomy [omentectomy]",
            "ncit_confidence": "0.9934"
        },
        {
            "document": "A 65-year-old woman had a history of debulking surgery, bilateral oophorectomy with omentectomy, total hysterectomy with radical pelvic lymph nodes dissection due to ovarian carcinoma (mucinous-type carcinoma, stage Ic) 1 year ago. Patient's medical compliance was poor and failed to complete her chemotherapy (cyclophosphamide 750 mg/m2, carboplatin 300 mg/m2). Recently, she noted a palpable right breast mass, 15 cm in size which nearly occupied the whole right breast in 2 months. Core needle biopsy revealed metaplastic carcinoma.",
            "ner_chunk": "total hysterectomy",
            "begin": 97,
            "end": 114,
            "ner_label": "Cancer_Surgery",
            "ner_confidence": "0.95624995",
            "ncit_code": "C15701",
            "ncit_resolution": "total hysterectomy [total hysterectomy]",
            "ncit_confidence": "0.9922"
        },
        {
            "document": "A 65-year-old woman had a history of debulking surgery, bilateral oophorectomy with omentectomy, total hysterectomy with radical pelvic lymph nodes dissection due to ovarian carcinoma (mucinous-type carcinoma, stage Ic) 1 year ago. Patient's medical compliance was poor and failed to complete her chemotherapy (cyclophosphamide 750 mg/m2, carboplatin 300 mg/m2). Recently, she noted a palpable right breast mass, 15 cm in size which nearly occupied the whole right breast in 2 months. Core needle biopsy revealed metaplastic carcinoma.",
            "ner_chunk": "radical pelvic lymph nodes dissection",
            "begin": 121,
            "end": 157,
            "ner_label": "Cancer_Surgery",
            "ner_confidence": "0.80143994",
            "ncit_code": "C48936",
            "ncit_resolution": "radical lymph node dissection [radical lymph node dissection]",
            "ncit_confidence": "0.3509"
        },
        {
            "document": "A 65-year-old woman had a history of debulking surgery, bilateral oophorectomy with omentectomy, total hysterectomy with radical pelvic lymph nodes dissection due to ovarian carcinoma (mucinous-type carcinoma, stage Ic) 1 year ago. Patient's medical compliance was poor and failed to complete her chemotherapy (cyclophosphamide 750 mg/m2, carboplatin 300 mg/m2). Recently, she noted a palpable right breast mass, 15 cm in size which nearly occupied the whole right breast in 2 months. Core needle biopsy revealed metaplastic carcinoma.",
            "ner_chunk": "ovarian carcinoma",
            "begin": 166,
            "end": 182,
            "ner_label": "Cancer_Dx",
            "ner_confidence": "0.92355",
            "ncit_code": "C4908",
            "ncit_resolution": "ovarian carcinoma [ovarian carcinoma]",
            "ncit_confidence": "0.9342"
        },
        {
            "document": "A 65-year-old woman had a history of debulking surgery, bilateral oophorectomy with omentectomy, total hysterectomy with radical pelvic lymph nodes dissection due to ovarian carcinoma (mucinous-type carcinoma, stage Ic) 1 year ago. Patient's medical compliance was poor and failed to complete her chemotherapy (cyclophosphamide 750 mg/m2, carboplatin 300 mg/m2). Recently, she noted a palpable right breast mass, 15 cm in size which nearly occupied the whole right breast in 2 months. Core needle biopsy revealed metaplastic carcinoma.",
            "ner_chunk": "mucinous-type",
            "begin": 185,
            "end": 197,
            "ner_label": "Histological_Type",
            "ner_confidence": "0.8136",
            "ncit_code": "C38768",
            "ncit_resolution": "mucinous differentiation [mucinous differentiation]",
            "ncit_confidence": "0.3772"
        },
        {
            "document": "A 65-year-old woman had a history of debulking surgery, bilateral oophorectomy with omentectomy, total hysterectomy with radical pelvic lymph nodes dissection due to ovarian carcinoma (mucinous-type carcinoma, stage Ic) 1 year ago. Patient's medical compliance was poor and failed to complete her chemotherapy (cyclophosphamide 750 mg/m2, carboplatin 300 mg/m2). Recently, she noted a palpable right breast mass, 15 cm in size which nearly occupied the whole right breast in 2 months. Core needle biopsy revealed metaplastic carcinoma.",
            "ner_chunk": "carcinoma",
            "begin": 199,
            "end": 207,
            "ner_label": "Cancer_Dx",
            "ner_confidence": "0.9678",
            "ncit_code": "C2916",
            "ncit_resolution": "carcinoma [carcinoma]",
            "ncit_confidence": "0.9366"
        },
        {
            "document": "A 65-year-old woman had a history of debulking surgery, bilateral oophorectomy with omentectomy, total hysterectomy with radical pelvic lymph nodes dissection due to ovarian carcinoma (mucinous-type carcinoma, stage Ic) 1 year ago. Patient's medical compliance was poor and failed to complete her chemotherapy (cyclophosphamide 750 mg/m2, carboplatin 300 mg/m2). Recently, she noted a palpable right breast mass, 15 cm in size which nearly occupied the whole right breast in 2 months. Core needle biopsy revealed metaplastic carcinoma.",
            "ner_chunk": "stage Ic",
            "begin": 210,
            "end": 217,
            "ner_label": "Staging",
            "ner_confidence": "0.9956",
            "ncit_code": "C27981",
            "ncit_resolution": "stage ic [stage ic]",
            "ncit_confidence": "0.9225"
        },
        {
            "document": "A 65-year-old woman had a history of debulking surgery, bilateral oophorectomy with omentectomy, total hysterectomy with radical pelvic lymph nodes dissection due to ovarian carcinoma (mucinous-type carcinoma, stage Ic) 1 year ago. Patient's medical compliance was poor and failed to complete her chemotherapy (cyclophosphamide 750 mg/m2, carboplatin 300 mg/m2). Recently, she noted a palpable right breast mass, 15 cm in size which nearly occupied the whole right breast in 2 months. Core needle biopsy revealed metaplastic carcinoma.",
            "ner_chunk": "chemotherapy",
            "begin": 297,
            "end": 308,
            "ner_label": "Chemotherapy",
            "ner_confidence": "0.9999",
            "ncit_code": "C15632",
            "ncit_resolution": "chemotherapy [chemotherapy]",
            "ncit_confidence": "0.9790"
        },
        {
            "document": "A 65-year-old woman had a history of debulking surgery, bilateral oophorectomy with omentectomy, total hysterectomy with radical pelvic lymph nodes dissection due to ovarian carcinoma (mucinous-type carcinoma, stage Ic) 1 year ago. Patient's medical compliance was poor and failed to complete her chemotherapy (cyclophosphamide 750 mg/m2, carboplatin 300 mg/m2). Recently, she noted a palpable right breast mass, 15 cm in size which nearly occupied the whole right breast in 2 months. Core needle biopsy revealed metaplastic carcinoma.",
            "ner_chunk": "cyclophosphamide",
            "begin": 311,
            "end": 326,
            "ner_label": "Chemotherapy",
            "ner_confidence": "0.9997",
            "ncit_code": "C405",
            "ncit_resolution": "cyclophosphamide [cyclophosphamide]",
            "ncit_confidence": "0.9600"
        },
        {
            "document": "A 65-year-old woman had a history of debulking surgery, bilateral oophorectomy with omentectomy, total hysterectomy with radical pelvic lymph nodes dissection due to ovarian carcinoma (mucinous-type carcinoma, stage Ic) 1 year ago. Patient's medical compliance was poor and failed to complete her chemotherapy (cyclophosphamide 750 mg/m2, carboplatin 300 mg/m2). Recently, she noted a palpable right breast mass, 15 cm in size which nearly occupied the whole right breast in 2 months. Core needle biopsy revealed metaplastic carcinoma.",
            "ner_chunk": "carboplatin",
            "begin": 339,
            "end": 349,
            "ner_label": "Chemotherapy",
            "ner_confidence": "1.0",
            "ncit_code": "C1282",
            "ncit_resolution": "carboplatin [carboplatin]",
            "ncit_confidence": "0.9699"
        },
        {
            "document": "A 65-year-old woman had a history of debulking surgery, bilateral oophorectomy with omentectomy, total hysterectomy with radical pelvic lymph nodes dissection due to ovarian carcinoma (mucinous-type carcinoma, stage Ic) 1 year ago. Patient's medical compliance was poor and failed to complete her chemotherapy (cyclophosphamide 750 mg/m2, carboplatin 300 mg/m2). Recently, she noted a palpable right breast mass, 15 cm in size which nearly occupied the whole right breast in 2 months. Core needle biopsy revealed metaplastic carcinoma.",
            "ner_chunk": "right",
            "begin": 394,
            "end": 398,
            "ner_label": "Direction",
            "ner_confidence": "0.9843",
            "ncit_code": "C160199",
            "ncit_resolution": "right [right]",
            "ncit_confidence": "0.9328"
        },
        {
            "document": "A 65-year-old woman had a history of debulking surgery, bilateral oophorectomy with omentectomy, total hysterectomy with radical pelvic lymph nodes dissection due to ovarian carcinoma (mucinous-type carcinoma, stage Ic) 1 year ago. Patient's medical compliance was poor and failed to complete her chemotherapy (cyclophosphamide 750 mg/m2, carboplatin 300 mg/m2). Recently, she noted a palpable right breast mass, 15 cm in size which nearly occupied the whole right breast in 2 months. Core needle biopsy revealed metaplastic carcinoma.",
            "ner_chunk": "breast",
            "begin": 400,
            "end": 405,
            "ner_label": "Site_Breast",
            "ner_confidence": "0.9931",
            "ncit_code": "C12971",
            "ncit_resolution": "breast [breast]",
            "ncit_confidence": "0.9733"
        },
        {
            "document": "A 65-year-old woman had a history of debulking surgery, bilateral oophorectomy with omentectomy, total hysterectomy with radical pelvic lymph nodes dissection due to ovarian carcinoma (mucinous-type carcinoma, stage Ic) 1 year ago. Patient's medical compliance was poor and failed to complete her chemotherapy (cyclophosphamide 750 mg/m2, carboplatin 300 mg/m2). Recently, she noted a palpable right breast mass, 15 cm in size which nearly occupied the whole right breast in 2 months. Core needle biopsy revealed metaplastic carcinoma.",
            "ner_chunk": "mass",
            "begin": 407,
            "end": 410,
            "ner_label": "Tumor_Finding",
            "ner_confidence": "0.9915",
            "ncit_code": "C126027",
            "ncit_resolution": "mass [mass]",
            "ncit_confidence": "0.9656"
        },
        {
            "document": "A 65-year-old woman had a history of debulking surgery, bilateral oophorectomy with omentectomy, total hysterectomy with radical pelvic lymph nodes dissection due to ovarian carcinoma (mucinous-type carcinoma, stage Ic) 1 year ago. Patient's medical compliance was poor and failed to complete her chemotherapy (cyclophosphamide 750 mg/m2, carboplatin 300 mg/m2). Recently, she noted a palpable right breast mass, 15 cm in size which nearly occupied the whole right breast in 2 months. Core needle biopsy revealed metaplastic carcinoma.",
            "ner_chunk": "right",
            "begin": 459,
            "end": 463,
            "ner_label": "Direction",
            "ner_confidence": "0.9842",
            "ncit_code": "C160199",
            "ncit_resolution": "right [right]",
            "ncit_confidence": "0.9328"
        },
        {
            "document": "A 65-year-old woman had a history of debulking surgery, bilateral oophorectomy with omentectomy, total hysterectomy with radical pelvic lymph nodes dissection due to ovarian carcinoma (mucinous-type carcinoma, stage Ic) 1 year ago. Patient's medical compliance was poor and failed to complete her chemotherapy (cyclophosphamide 750 mg/m2, carboplatin 300 mg/m2). Recently, she noted a palpable right breast mass, 15 cm in size which nearly occupied the whole right breast in 2 months. Core needle biopsy revealed metaplastic carcinoma.",
            "ner_chunk": "breast",
            "begin": 465,
            "end": 470,
            "ner_label": "Site_Breast",
            "ner_confidence": "0.9778",
            "ncit_code": "C12971",
            "ncit_resolution": "breast [breast]",
            "ncit_confidence": "0.9733"
        },
        {
            "document": "A 65-year-old woman had a history of debulking surgery, bilateral oophorectomy with omentectomy, total hysterectomy with radical pelvic lymph nodes dissection due to ovarian carcinoma (mucinous-type carcinoma, stage Ic) 1 year ago. Patient's medical compliance was poor and failed to complete her chemotherapy (cyclophosphamide 750 mg/m2, carboplatin 300 mg/m2). Recently, she noted a palpable right breast mass, 15 cm in size which nearly occupied the whole right breast in 2 months. Core needle biopsy revealed metaplastic carcinoma.",
            "ner_chunk": "Core needle biopsy",
            "begin": 485,
            "end": 502,
            "ner_label": "Pathology_Test",
            "ner_confidence": "0.7783666",
            "ncit_code": "C15680",
            "ncit_resolution": "core needle biopsy [core needle biopsy]",
            "ncit_confidence": "0.9960"
        },
        {
            "document": "A 65-year-old woman had a history of debulking surgery, bilateral oophorectomy with omentectomy, total hysterectomy with radical pelvic lymph nodes dissection due to ovarian carcinoma (mucinous-type carcinoma, stage Ic) 1 year ago. Patient's medical compliance was poor and failed to complete her chemotherapy (cyclophosphamide 750 mg/m2, carboplatin 300 mg/m2). Recently, she noted a palpable right breast mass, 15 cm in size which nearly occupied the whole right breast in 2 months. Core needle biopsy revealed metaplastic carcinoma.",
            "ner_chunk": "metaplastic",
            "begin": 513,
            "end": 523,
            "ner_label": "Histological_Type",
            "ner_confidence": "0.9922",
            "ncit_code": "C25566",
            "ncit_resolution": "metaplastic [metaplastic]",
            "ncit_confidence": "0.9876"
        },
        {
            "document": "A 65-year-old woman had a history of debulking surgery, bilateral oophorectomy with omentectomy, total hysterectomy with radical pelvic lymph nodes dissection due to ovarian carcinoma (mucinous-type carcinoma, stage Ic) 1 year ago. Patient's medical compliance was poor and failed to complete her chemotherapy (cyclophosphamide 750 mg/m2, carboplatin 300 mg/m2). Recently, she noted a palpable right breast mass, 15 cm in size which nearly occupied the whole right breast in 2 months. Core needle biopsy revealed metaplastic carcinoma.",
            "ner_chunk": "carcinoma",
            "begin": 525,
            "end": 533,
            "ner_label": "Cancer_Dx",
            "ner_confidence": "0.9754",
            "ncit_code": "C2916",
            "ncit_resolution": "carcinoma [carcinoma]",
            "ncit_confidence": "0.9366"
        },
        {
            "document": "She underwent a computed tomography (CT) scan of the abdomen and pelvis, which showed a complex ovarian mass. A Pap smear performed one month later was positive for atypical glandular cells suspicious for adenocarcinoma. The pathologic specimen showed extension of the tumor throughout the fallopian tubes, appendix, omentum, and 5 out of 5 enlarged lymph nodes. The final pathologic diagnosis of the tumor was stage IIIC papillary serous ovarian adenocarcinoma. Two months later, the patient was diagnosed with lung metastases.",
            "ner_chunk": "computed tomography",
            "begin": 16,
            "end": 34,
            "ner_label": "Imaging_Test",
            "ner_confidence": "0.93485",
            "ncit_code": "C17204",
            "ncit_resolution": "computed tomography [computed tomography]",
            "ncit_confidence": "0.9760"
        },
        {
            "document": "She underwent a computed tomography (CT) scan of the abdomen and pelvis, which showed a complex ovarian mass. A Pap smear performed one month later was positive for atypical glandular cells suspicious for adenocarcinoma. The pathologic specimen showed extension of the tumor throughout the fallopian tubes, appendix, omentum, and 5 out of 5 enlarged lymph nodes. The final pathologic diagnosis of the tumor was stage IIIC papillary serous ovarian adenocarcinoma. Two months later, the patient was diagnosed with lung metastases.",
            "ner_chunk": "CT",
            "begin": 37,
            "end": 38,
            "ner_label": "Imaging_Test",
            "ner_confidence": "0.9724",
            "ncit_code": "C104954",
            "ncit_resolution": "ct [ct]",
            "ncit_confidence": "0.8112"
        },
        {
            "document": "She underwent a computed tomography (CT) scan of the abdomen and pelvis, which showed a complex ovarian mass. A Pap smear performed one month later was positive for atypical glandular cells suspicious for adenocarcinoma. The pathologic specimen showed extension of the tumor throughout the fallopian tubes, appendix, omentum, and 5 out of 5 enlarged lymph nodes. The final pathologic diagnosis of the tumor was stage IIIC papillary serous ovarian adenocarcinoma. Two months later, the patient was diagnosed with lung metastases.",
            "ner_chunk": "abdomen",
            "begin": 53,
            "end": 59,
            "ner_label": "Site_Other_Body_Part",
            "ner_confidence": "0.9363",
            "ncit_code": "C12664",
            "ncit_resolution": "abdomen [abdomen]",
            "ncit_confidence": "0.9866"
        },
        {
            "document": "She underwent a computed tomography (CT) scan of the abdomen and pelvis, which showed a complex ovarian mass. A Pap smear performed one month later was positive for atypical glandular cells suspicious for adenocarcinoma. The pathologic specimen showed extension of the tumor throughout the fallopian tubes, appendix, omentum, and 5 out of 5 enlarged lymph nodes. The final pathologic diagnosis of the tumor was stage IIIC papillary serous ovarian adenocarcinoma. Two months later, the patient was diagnosed with lung metastases.",
            "ner_chunk": "pelvis",
            "begin": 65,
            "end": 70,
            "ner_label": "Site_Other_Body_Part",
            "ner_confidence": "0.5375",
            "ncit_code": "C12767",
            "ncit_resolution": "pelvis [pelvis]",
            "ncit_confidence": "0.9895"
        },
        {
            "document": "She underwent a computed tomography (CT) scan of the abdomen and pelvis, which showed a complex ovarian mass. A Pap smear performed one month later was positive for atypical glandular cells suspicious for adenocarcinoma. The pathologic specimen showed extension of the tumor throughout the fallopian tubes, appendix, omentum, and 5 out of 5 enlarged lymph nodes. The final pathologic diagnosis of the tumor was stage IIIC papillary serous ovarian adenocarcinoma. Two months later, the patient was diagnosed with lung metastases.",
            "ner_chunk": "ovarian",
            "begin": 96,
            "end": 102,
            "ner_label": "Site_Other_Body_Part",
            "ner_confidence": "0.7866",
            "ncit_code": "C28047",
            "ncit_resolution": "ovarian [ovarian]",
            "ncit_confidence": "0.9569"
        },
        {
            "document": "She underwent a computed tomography (CT) scan of the abdomen and pelvis, which showed a complex ovarian mass. A Pap smear performed one month later was positive for atypical glandular cells suspicious for adenocarcinoma. The pathologic specimen showed extension of the tumor throughout the fallopian tubes, appendix, omentum, and 5 out of 5 enlarged lymph nodes. The final pathologic diagnosis of the tumor was stage IIIC papillary serous ovarian adenocarcinoma. Two months later, the patient was diagnosed with lung metastases.",
            "ner_chunk": "mass",
            "begin": 104,
            "end": 107,
            "ner_label": "Tumor_Finding",
            "ner_confidence": "0.9573",
            "ncit_code": "C126027",
            "ncit_resolution": "mass [mass]",
            "ncit_confidence": "0.9656"
        },
        {
            "document": "She underwent a computed tomography (CT) scan of the abdomen and pelvis, which showed a complex ovarian mass. A Pap smear performed one month later was positive for atypical glandular cells suspicious for adenocarcinoma. The pathologic specimen showed extension of the tumor throughout the fallopian tubes, appendix, omentum, and 5 out of 5 enlarged lymph nodes. The final pathologic diagnosis of the tumor was stage IIIC papillary serous ovarian adenocarcinoma. Two months later, the patient was diagnosed with lung metastases.",
            "ner_chunk": "Pap smear",
            "begin": 112,
            "end": 120,
            "ner_label": "Pathology_Test",
            "ner_confidence": "0.96725",
            "ncit_code": "C17348",
            "ncit_resolution": "pap smear [pap smear]",
            "ncit_confidence": "0.9970"
        },
        {
            "document": "She underwent a computed tomography (CT) scan of the abdomen and pelvis, which showed a complex ovarian mass. A Pap smear performed one month later was positive for atypical glandular cells suspicious for adenocarcinoma. The pathologic specimen showed extension of the tumor throughout the fallopian tubes, appendix, omentum, and 5 out of 5 enlarged lymph nodes. The final pathologic diagnosis of the tumor was stage IIIC papillary serous ovarian adenocarcinoma. Two months later, the patient was diagnosed with lung metastases.",
            "ner_chunk": "atypical glandular cells",
            "begin": 165,
            "end": 188,
            "ner_label": "Pathology_Result",
            "ner_confidence": "0.7270667",
            "ncit_code": "C36912",
            "ncit_resolution": "atypical glandular cell [atypical glandular cell]",
            "ncit_confidence": "0.7049"
        },
        {
            "document": "She underwent a computed tomography (CT) scan of the abdomen and pelvis, which showed a complex ovarian mass. A Pap smear performed one month later was positive for atypical glandular cells suspicious for adenocarcinoma. The pathologic specimen showed extension of the tumor throughout the fallopian tubes, appendix, omentum, and 5 out of 5 enlarged lymph nodes. The final pathologic diagnosis of the tumor was stage IIIC papillary serous ovarian adenocarcinoma. Two months later, the patient was diagnosed with lung metastases.",
            "ner_chunk": "adenocarcinoma",
            "begin": 205,
            "end": 218,
            "ner_label": "Cancer_Dx",
            "ner_confidence": "0.9992",
            "ncit_code": "C27813",
            "ncit_resolution": "adenocarcinoma [adenocarcinoma]",
            "ncit_confidence": "0.9157"
        },
        {
            "document": "She underwent a computed tomography (CT) scan of the abdomen and pelvis, which showed a complex ovarian mass. A Pap smear performed one month later was positive for atypical glandular cells suspicious for adenocarcinoma. The pathologic specimen showed extension of the tumor throughout the fallopian tubes, appendix, omentum, and 5 out of 5 enlarged lymph nodes. The final pathologic diagnosis of the tumor was stage IIIC papillary serous ovarian adenocarcinoma. Two months later, the patient was diagnosed with lung metastases.",
            "ner_chunk": "pathologic specimen",
            "begin": 225,
            "end": 243,
            "ner_label": "Pathology_Test",
            "ner_confidence": "0.76105",
            "ncit_code": "C125006",
            "ncit_resolution": "pathologic examination [pathologic examination]",
            "ncit_confidence": "0.4238"
        },
        {
            "document": "She underwent a computed tomography (CT) scan of the abdomen and pelvis, which showed a complex ovarian mass. A Pap smear performed one month later was positive for atypical glandular cells suspicious for adenocarcinoma. The pathologic specimen showed extension of the tumor throughout the fallopian tubes, appendix, omentum, and 5 out of 5 enlarged lymph nodes. The final pathologic diagnosis of the tumor was stage IIIC papillary serous ovarian adenocarcinoma. Two months later, the patient was diagnosed with lung metastases.",
            "ner_chunk": "extension",
            "begin": 252,
            "end": 260,
            "ner_label": "Invasion",
            "ner_confidence": "0.9241",
            "ncit_code": "C153176",
            "ncit_resolution": "extension [extension]",
            "ncit_confidence": "0.9711"
        },
        {
            "document": "She underwent a computed tomography (CT) scan of the abdomen and pelvis, which showed a complex ovarian mass. A Pap smear performed one month later was positive for atypical glandular cells suspicious for adenocarcinoma. The pathologic specimen showed extension of the tumor throughout the fallopian tubes, appendix, omentum, and 5 out of 5 enlarged lymph nodes. The final pathologic diagnosis of the tumor was stage IIIC papillary serous ovarian adenocarcinoma. Two months later, the patient was diagnosed with lung metastases.",
            "ner_chunk": "tumor",
            "begin": 269,
            "end": 273,
            "ner_label": "Tumor_Finding",
            "ner_confidence": "0.9077",
            "ncit_code": "C18009",
            "ncit_resolution": "tumor [tumor]",
            "ncit_confidence": "0.9858"
        },
        {
            "document": "She underwent a computed tomography (CT) scan of the abdomen and pelvis, which showed a complex ovarian mass. A Pap smear performed one month later was positive for atypical glandular cells suspicious for adenocarcinoma. The pathologic specimen showed extension of the tumor throughout the fallopian tubes, appendix, omentum, and 5 out of 5 enlarged lymph nodes. The final pathologic diagnosis of the tumor was stage IIIC papillary serous ovarian adenocarcinoma. Two months later, the patient was diagnosed with lung metastases.",
            "ner_chunk": "fallopian tubes",
            "begin": 290,
            "end": 304,
            "ner_label": "Site_Other_Body_Part",
            "ner_confidence": "0.9492",
            "ncit_code": "C12403",
            "ncit_resolution": "fallopian tubes [fallopian tubes]",
            "ncit_confidence": "0.9924"
        },
        {
            "document": "She underwent a computed tomography (CT) scan of the abdomen and pelvis, which showed a complex ovarian mass. A Pap smear performed one month later was positive for atypical glandular cells suspicious for adenocarcinoma. The pathologic specimen showed extension of the tumor throughout the fallopian tubes, appendix, omentum, and 5 out of 5 enlarged lymph nodes. The final pathologic diagnosis of the tumor was stage IIIC papillary serous ovarian adenocarcinoma. Two months later, the patient was diagnosed with lung metastases.",
            "ner_chunk": "appendix",
            "begin": 307,
            "end": 314,
            "ner_label": "Site_Other_Body_Part",
            "ner_confidence": "0.9971",
            "ncit_code": "C12380",
            "ncit_resolution": "appendix [appendix]",
            "ncit_confidence": "0.9860"
        },
        {
            "document": "She underwent a computed tomography (CT) scan of the abdomen and pelvis, which showed a complex ovarian mass. A Pap smear performed one month later was positive for atypical glandular cells suspicious for adenocarcinoma. The pathologic specimen showed extension of the tumor throughout the fallopian tubes, appendix, omentum, and 5 out of 5 enlarged lymph nodes. The final pathologic diagnosis of the tumor was stage IIIC papillary serous ovarian adenocarcinoma. Two months later, the patient was diagnosed with lung metastases.",
            "ner_chunk": "omentum",
            "begin": 317,
            "end": 323,
            "ner_label": "Site_Other_Body_Part",
            "ner_confidence": "0.9937",
            "ncit_code": "C33209",
            "ncit_resolution": "omentum [omentum]",
            "ncit_confidence": "0.9961"
        },
        {
            "document": "She underwent a computed tomography (CT) scan of the abdomen and pelvis, which showed a complex ovarian mass. A Pap smear performed one month later was positive for atypical glandular cells suspicious for adenocarcinoma. The pathologic specimen showed extension of the tumor throughout the fallopian tubes, appendix, omentum, and 5 out of 5 enlarged lymph nodes. The final pathologic diagnosis of the tumor was stage IIIC papillary serous ovarian adenocarcinoma. Two months later, the patient was diagnosed with lung metastases.",
            "ner_chunk": "lymph nodes",
            "begin": 350,
            "end": 360,
            "ner_label": "Site_Lymph_Node",
            "ner_confidence": "0.80105",
            "ncit_code": "C12745",
            "ncit_resolution": "lymph nodes [lymph nodes]",
            "ncit_confidence": "0.9415"
        },
        {
            "document": "She underwent a computed tomography (CT) scan of the abdomen and pelvis, which showed a complex ovarian mass. A Pap smear performed one month later was positive for atypical glandular cells suspicious for adenocarcinoma. The pathologic specimen showed extension of the tumor throughout the fallopian tubes, appendix, omentum, and 5 out of 5 enlarged lymph nodes. The final pathologic diagnosis of the tumor was stage IIIC papillary serous ovarian adenocarcinoma. Two months later, the patient was diagnosed with lung metastases.",
            "ner_chunk": "tumor",
            "begin": 401,
            "end": 405,
            "ner_label": "Tumor_Finding",
            "ner_confidence": "0.9851",
            "ncit_code": "C18009",
            "ncit_resolution": "tumor [tumor]",
            "ncit_confidence": "0.9858"
        },
        {
            "document": "She underwent a computed tomography (CT) scan of the abdomen and pelvis, which showed a complex ovarian mass. A Pap smear performed one month later was positive for atypical glandular cells suspicious for adenocarcinoma. The pathologic specimen showed extension of the tumor throughout the fallopian tubes, appendix, omentum, and 5 out of 5 enlarged lymph nodes. The final pathologic diagnosis of the tumor was stage IIIC papillary serous ovarian adenocarcinoma. Two months later, the patient was diagnosed with lung metastases.",
            "ner_chunk": "stage IIIC",
            "begin": 411,
            "end": 420,
            "ner_label": "Staging",
            "ner_confidence": "0.99035",
            "ncit_code": "C137673",
            "ncit_resolution": "stage iiic [stage iiic]",
            "ncit_confidence": "0.7526"
        },
        {
            "document": "She underwent a computed tomography (CT) scan of the abdomen and pelvis, which showed a complex ovarian mass. A Pap smear performed one month later was positive for atypical glandular cells suspicious for adenocarcinoma. The pathologic specimen showed extension of the tumor throughout the fallopian tubes, appendix, omentum, and 5 out of 5 enlarged lymph nodes. The final pathologic diagnosis of the tumor was stage IIIC papillary serous ovarian adenocarcinoma. Two months later, the patient was diagnosed with lung metastases.",
            "ner_chunk": "papillary",
            "begin": 422,
            "end": 430,
            "ner_label": "Histological_Type",
            "ner_confidence": "0.9979",
            "ncit_code": "C14166",
            "ncit_resolution": "papillary [papillary]",
            "ncit_confidence": "0.9698"
        },
        {
            "document": "She underwent a computed tomography (CT) scan of the abdomen and pelvis, which showed a complex ovarian mass. A Pap smear performed one month later was positive for atypical glandular cells suspicious for adenocarcinoma. The pathologic specimen showed extension of the tumor throughout the fallopian tubes, appendix, omentum, and 5 out of 5 enlarged lymph nodes. The final pathologic diagnosis of the tumor was stage IIIC papillary serous ovarian adenocarcinoma. Two months later, the patient was diagnosed with lung metastases.",
            "ner_chunk": "serous",
            "begin": 432,
            "end": 437,
            "ner_label": "Histological_Type",
            "ner_confidence": "0.9923",
            "ncit_code": "C14168",
            "ncit_resolution": "serous [serous]",
            "ncit_confidence": "0.9926"
        },
        {
            "document": "She underwent a computed tomography (CT) scan of the abdomen and pelvis, which showed a complex ovarian mass. A Pap smear performed one month later was positive for atypical glandular cells suspicious for adenocarcinoma. The pathologic specimen showed extension of the tumor throughout the fallopian tubes, appendix, omentum, and 5 out of 5 enlarged lymph nodes. The final pathologic diagnosis of the tumor was stage IIIC papillary serous ovarian adenocarcinoma. Two months later, the patient was diagnosed with lung metastases.",
            "ner_chunk": "ovarian adenocarcinoma",
            "begin": 439,
            "end": 460,
            "ner_label": "Cancer_Dx",
            "ner_confidence": "0.95235",
            "ncit_code": "C7700",
            "ncit_resolution": "ovarian adenocarcinoma [ovarian adenocarcinoma]",
            "ncit_confidence": "0.9110"
        },
        {
            "document": "She underwent a computed tomography (CT) scan of the abdomen and pelvis, which showed a complex ovarian mass. A Pap smear performed one month later was positive for atypical glandular cells suspicious for adenocarcinoma. The pathologic specimen showed extension of the tumor throughout the fallopian tubes, appendix, omentum, and 5 out of 5 enlarged lymph nodes. The final pathologic diagnosis of the tumor was stage IIIC papillary serous ovarian adenocarcinoma. Two months later, the patient was diagnosed with lung metastases.",
            "ner_chunk": "lung",
            "begin": 512,
            "end": 515,
            "ner_label": "Site_Lung",
            "ner_confidence": "0.9974",
            "ncit_code": "C12468",
            "ncit_resolution": "lung [lung]",
            "ncit_confidence": "0.9807"
        },
        {
            "document": "She underwent a computed tomography (CT) scan of the abdomen and pelvis, which showed a complex ovarian mass. A Pap smear performed one month later was positive for atypical glandular cells suspicious for adenocarcinoma. The pathologic specimen showed extension of the tumor throughout the fallopian tubes, appendix, omentum, and 5 out of 5 enlarged lymph nodes. The final pathologic diagnosis of the tumor was stage IIIC papillary serous ovarian adenocarcinoma. Two months later, the patient was diagnosed with lung metastases.",
            "ner_chunk": "metastases",
            "begin": 517,
            "end": 526,
            "ner_label": "Metastasis",
            "ner_confidence": "0.9999",
            "ncit_code": "C40557",
            "ncit_resolution": "metastases [metastases]",
            "ncit_confidence": "0.8924"
        }
    ]
}