{
    "predictions": [
        [
            {
                "begin": 67,
                "end": 77,
                "ner_chunk": "eltrombopag",
                "ner_label": "DRUG",
                "ner_confidence": "0.9968",
                "concept_code": "B02BX05",
                "resolution": "eltrombopag ",
                "score": 1.0000005960464478,
                "concept_class_id": [
                    "ATC 5th",
                    "ATC 5th",
                    "ATC 5th",
                    "ATC 5th",
                    "ATC 5th"
                ],
                "all_codes": [
                    "B02BX05",
                    "B02BX05",
                    "B02BX08",
                    "B02BX07",
                    "L01AX02"
                ],
                "all_resolutions": [
                    "eltrombopag ",
                    "eltrombopag; oral",
                    "avatrombopag ",
                    "lusutrombopag ",
                    "pipobroman "
                ],
                "all_score": [
                    1.0000005960464478,
                    0.8686228394508362,
                    0.8568205833435059,
                    0.8277719616889954,
                    0.6771407723426819
                ]
            },
            {
                "begin": 89,
                "end": 98,
                "ner_chunk": "amlodipine",
                "ner_label": "DRUG",
                "ner_confidence": "0.9996",
                "concept_code": "C08CA01",
                "resolution": "amlodipine ",
                "score": 1.0000001192092896,
                "concept_class_id": [
                    "ATC 5th",
                    "ATC 5th",
                    "ATC 5th",
                    "ATC 5th",
                    "ATC 5th"
                ],
                "all_codes": [
                    "C08CA01",
                    "C08CA17",
                    "C08CA01",
                    "C09XA02",
                    "C09CA03"
                ],
                "all_resolutions": [
                    "amlodipine ",
                    "levamlodipine ",
                    "amlodipine; oral",
                    "aliskiren / amlodipine ",
                    "amlodipine / valsartan "
                ],
                "all_score": [
                    1.0000001192092896,
                    0.85758376121521,
                    0.8520140647888184,
                    0.8354176878929138,
                    0.8351638317108154
                ]
            },
            {
                "begin": 111,
                "end": 119,
                "ner_chunk": "metformin",
                "ner_label": "DRUG",
                "ner_confidence": "0.9994",
                "concept_code": "A10BA02",
                "resolution": "metformin ",
                "score": 0.9999998211860657,
                "concept_class_id": [
                    "ATC 5th",
                    "ATC 5th",
                    "ATC 5th",
                    "ATC 5th",
                    "ATC 5th"
                ],
                "all_codes": [
                    "A10BA02",
                    "A10BB07",
                    "A10BD07",
                    "A10BA02",
                    "A10BD14"
                ],
                "all_resolutions": [
                    "metformin ",
                    "glipizide / metformin ",
                    "metformin / sitagliptin ",
                    "metformin; oral",
                    "metformin / repaglinide "
                ],
                "all_score": [
                    0.9999998211860657,
                    0.8421072959899902,
                    0.8404864072799683,
                    0.8370276689529419,
                    0.8198299407958984
                ]
            }
        ],
        [
            {
                "begin": 14,
                "end": 27,
                "ner_chunk": "antidepressant",
                "ner_label": "DRUG",
                "ner_confidence": "0.9991",
                "concept_code": "N06A",
                "resolution": "antidepressants",
                "score": 0.8972138166427612,
                "concept_class_id": [
                    "ATC 3rd",
                    "ATC 5th",
                    "ATC 4th",
                    "ATC 5th",
                    "ATC 5th"
                ],
                "all_codes": [
                    "N06A",
                    "N06AB03",
                    "N06AX",
                    "N06AA01",
                    "N06AA01"
                ],
                "all_resolutions": [
                    "antidepressants",
                    "fluoxetine ",
                    "other antidepressants",
                    "desipramine ",
                    "desipramine; oral"
                ],
                "all_score": [
                    0.8972138166427612,
                    0.8258498907089233,
                    0.8229362964630127,
                    0.7730770707130432,
                    0.7561771869659424
                ]
            }
        ]
    ]
}