{
    "predictions": [
        [
            {
                "ner_chunk": "depression",
                "begin": 38,
                "end": 47,
                "ner_label": "HPO",
                "assertion": "present",
                "assertion_confidence": "0.9998",
                "code": "HP:0000716"
            },
            {
                "ner_chunk": "anxiety",
                "begin": 50,
                "end": 56,
                "ner_label": "HPO",
                "assertion": "present",
                "assertion_confidence": "0.9999",
                "code": "HP:0000739"
            },
            {
                "ner_chunk": "anxiety",
                "begin": 147,
                "end": 153,
                "ner_label": "HPO",
                "assertion": "present",
                "assertion_confidence": "0.9894",
                "code": "HP:0000739"
            },
            {
                "ner_chunk": "hypertension",
                "begin": 332,
                "end": 343,
                "ner_label": "HPO",
                "assertion": "present",
                "assertion_confidence": "0.9998",
                "code": "HP:0000822"
            },
            {
                "ner_chunk": "hypothyroidism",
                "begin": 346,
                "end": 359,
                "ner_label": "HPO",
                "assertion": "present",
                "assertion_confidence": "0.9991",
                "code": "HP:0000821"
            },
            {
                "ner_chunk": "cholelithiasis",
                "begin": 362,
                "end": 375,
                "ner_label": "HPO",
                "assertion": "present",
                "assertion_confidence": "0.9884",
                "code": "HP:0001081"
            },
            {
                "ner_chunk": "hydronephrosis",
                "begin": 401,
                "end": 414,
                "ner_label": "HPO",
                "assertion": "present",
                "assertion_confidence": "0.8432",
                "code": "HP:0000126"
            }
        ],
        [
            {
                "ner_chunk": "cough",
                "begin": 39,
                "end": 43,
                "ner_label": "HPO",
                "assertion": "present",
                "assertion_confidence": "0.8757",
                "code": "HP:0012735"
            },
            {
                "ner_chunk": "cough",
                "begin": 58,
                "end": 62,
                "ner_label": "HPO",
                "assertion": "present",
                "assertion_confidence": "0.7881",
                "code": "HP:0012735"
            },
            {
                "ner_chunk": "cough",
                "begin": 90,
                "end": 94,
                "ner_label": "HPO",
                "assertion": "present",
                "assertion_confidence": "0.9723",
                "code": "HP:0012735"
            },
            {
                "ner_chunk": "fever",
                "begin": 119,
                "end": 123,
                "ner_label": "HPO",
                "assertion": "present",
                "assertion_confidence": "0.8807",
                "code": "HP:0001945"
            },
            {
                "ner_chunk": "vomiting",
                "begin": 182,
                "end": 189,
                "ner_label": "HPO",
                "assertion": "absent",
                "assertion_confidence": "0.9975",
                "code": "HP:0002013"
            },
            {
                "ner_chunk": "diarrhea",
                "begin": 195,
                "end": 202,
                "ner_label": "HPO",
                "assertion": "absent",
                "assertion_confidence": "0.9987",
                "code": "HP:0002014"
            },
            {
                "ner_chunk": "skin rash",
                "begin": 208,
                "end": 216,
                "ner_label": "HPO",
                "assertion": "absent",
                "assertion_confidence": "0.9998",
                "code": "HP:0000988"
            },
            {
                "ner_chunk": "cyanosis",
                "begin": 222,
                "end": 229,
                "ner_label": "HPO",
                "assertion": "absent",
                "assertion_confidence": "0.9998",
                "code": "HP:0000961"
            }
        ]
    ]
}