{
    "predictions": [
        {
            "document": "She is admitted to The John Hopkins Hospital 2 days ago with a history of gestational diabetes mellitus diagnosed. She denied pain and any headache. She was seen by the endocrinology service and she was discharged on 03/02/2018 on 40 units of insulin glargine, 12 units of insulin lispro, and metformin 1000 mg two times a day. She had close follow-up with endocrinology post discharge.",
            "relation": "AFTER",
            "entity1": "OCCURRENCE",
            "entity1_begin": "7",
            "entity1_end": "14",
            "chunk1": "admitted",
            "entity2": "CLINICAL_DEPT",
            "entity2_begin": "19",
            "entity2_end": "43",
            "chunk2": "The John Hopkins Hospital",
            "confidence": "0.9621104"
        },
        {
            "document": "She is admitted to The John Hopkins Hospital 2 days ago with a history of gestational diabetes mellitus diagnosed. She denied pain and any headache. She was seen by the endocrinology service and she was discharged on 03/02/2018 on 40 units of insulin glargine, 12 units of insulin lispro, and metformin 1000 mg two times a day. She had close follow-up with endocrinology post discharge.",
            "relation": "OVERLAP",
            "entity1": "OCCURRENCE",
            "entity1_begin": "7",
            "entity1_end": "14",
            "chunk1": "admitted",
            "entity2": "DATE",
            "entity2_begin": "45",
            "entity2_end": "54",
            "chunk2": "2 days ago",
            "confidence": "0.99970835"
        },
        {
            "document": "She is admitted to The John Hopkins Hospital 2 days ago with a history of gestational diabetes mellitus diagnosed. She denied pain and any headache. She was seen by the endocrinology service and she was discharged on 03/02/2018 on 40 units of insulin glargine, 12 units of insulin lispro, and metformin 1000 mg two times a day. She had close follow-up with endocrinology post discharge.",
            "relation": "BEFORE",
            "entity1": "OCCURRENCE",
            "entity1_begin": "7",
            "entity1_end": "14",
            "chunk1": "admitted",
            "entity2": "PROBLEM",
            "entity2_begin": "74",
            "entity2_end": "102",
            "chunk2": "gestational diabetes mellitus",
            "confidence": "0.99985516"
        },
        {
            "document": "She is admitted to The John Hopkins Hospital 2 days ago with a history of gestational diabetes mellitus diagnosed. She denied pain and any headache. She was seen by the endocrinology service and she was discharged on 03/02/2018 on 40 units of insulin glargine, 12 units of insulin lispro, and metformin 1000 mg two times a day. She had close follow-up with endocrinology post discharge.",
            "relation": "OVERLAP",
            "entity1": "CLINICAL_DEPT",
            "entity1_begin": "19",
            "entity1_end": "43",
            "chunk1": "The John Hopkins Hospital",
            "entity2": "DATE",
            "entity2_begin": "45",
            "entity2_end": "54",
            "chunk2": "2 days ago",
            "confidence": "0.85771245"
        },
        {
            "document": "She is admitted to The John Hopkins Hospital 2 days ago with a history of gestational diabetes mellitus diagnosed. She denied pain and any headache. She was seen by the endocrinology service and she was discharged on 03/02/2018 on 40 units of insulin glargine, 12 units of insulin lispro, and metformin 1000 mg two times a day. She had close follow-up with endocrinology post discharge.",
            "relation": "BEFORE",
            "entity1": "CLINICAL_DEPT",
            "entity1_begin": "19",
            "entity1_end": "43",
            "chunk1": "The John Hopkins Hospital",
            "entity2": "PROBLEM",
            "entity2_begin": "74",
            "entity2_end": "102",
            "chunk2": "gestational diabetes mellitus",
            "confidence": "0.90553373"
        },
        {
            "document": "She is admitted to The John Hopkins Hospital 2 days ago with a history of gestational diabetes mellitus diagnosed. She denied pain and any headache. She was seen by the endocrinology service and she was discharged on 03/02/2018 on 40 units of insulin glargine, 12 units of insulin lispro, and metformin 1000 mg two times a day. She had close follow-up with endocrinology post discharge.",
            "relation": "OVERLAP",
            "entity1": "DATE",
            "entity1_begin": "45",
            "entity1_end": "54",
            "chunk1": "2 days ago",
            "entity2": "PROBLEM",
            "entity2_begin": "74",
            "entity2_end": "102",
            "chunk2": "gestational diabetes mellitus",
            "confidence": "0.91259193"
        },
        {
            "document": "She is admitted to The John Hopkins Hospital 2 days ago with a history of gestational diabetes mellitus diagnosed. She denied pain and any headache. She was seen by the endocrinology service and she was discharged on 03/02/2018 on 40 units of insulin glargine, 12 units of insulin lispro, and metformin 1000 mg two times a day. She had close follow-up with endocrinology post discharge.",
            "relation": "BEFORE",
            "entity1": "EVIDENTIAL",
            "entity1_begin": "119",
            "entity1_end": "124",
            "chunk1": "denied",
            "entity2": "PROBLEM",
            "entity2_begin": "126",
            "entity2_end": "129",
            "chunk2": "pain",
            "confidence": "0.9999995"
        },
        {
            "document": "She is admitted to The John Hopkins Hospital 2 days ago with a history of gestational diabetes mellitus diagnosed. She denied pain and any headache. She was seen by the endocrinology service and she was discharged on 03/02/2018 on 40 units of insulin glargine, 12 units of insulin lispro, and metformin 1000 mg two times a day. She had close follow-up with endocrinology post discharge.",
            "relation": "BEFORE",
            "entity1": "EVIDENTIAL",
            "entity1_begin": "119",
            "entity1_end": "124",
            "chunk1": "denied",
            "entity2": "PROBLEM",
            "entity2_begin": "135",
            "entity2_end": "146",
            "chunk2": "any headache",
            "confidence": "1.0"
        },
        {
            "document": "She is admitted to The John Hopkins Hospital 2 days ago with a history of gestational diabetes mellitus diagnosed. She denied pain and any headache. She was seen by the endocrinology service and she was discharged on 03/02/2018 on 40 units of insulin glargine, 12 units of insulin lispro, and metformin 1000 mg two times a day. She had close follow-up with endocrinology post discharge.",
            "relation": "OVERLAP",
            "entity1": "PROBLEM",
            "entity1_begin": "126",
            "entity1_end": "129",
            "chunk1": "pain",
            "entity2": "PROBLEM",
            "entity2_begin": "135",
            "entity2_end": "146",
            "chunk2": "any headache",
            "confidence": "1.0"
        },
        {
            "document": "She is admitted to The John Hopkins Hospital 2 days ago with a history of gestational diabetes mellitus diagnosed. She denied pain and any headache. She was seen by the endocrinology service and she was discharged on 03/02/2018 on 40 units of insulin glargine, 12 units of insulin lispro, and metformin 1000 mg two times a day. She had close follow-up with endocrinology post discharge.",
            "relation": "OVERLAP",
            "entity1": "CLINICAL_DEPT",
            "entity1_begin": "165",
            "entity1_end": "189",
            "chunk1": "the endocrinology service",
            "entity2": "OCCURRENCE",
            "entity2_begin": "203",
            "entity2_end": "212",
            "chunk2": "discharged",
            "confidence": "0.58700085"
        },
        {
            "document": "She is admitted to The John Hopkins Hospital 2 days ago with a history of gestational diabetes mellitus diagnosed. She denied pain and any headache. She was seen by the endocrinology service and she was discharged on 03/02/2018 on 40 units of insulin glargine, 12 units of insulin lispro, and metformin 1000 mg two times a day. She had close follow-up with endocrinology post discharge.",
            "relation": "OVERLAP",
            "entity1": "CLINICAL_DEPT",
            "entity1_begin": "165",
            "entity1_end": "189",
            "chunk1": "the endocrinology service",
            "entity2": "DATE",
            "entity2_begin": "217",
            "entity2_end": "226",
            "chunk2": "03/02/2018",
            "confidence": "0.9934176"
        },
        {
            "document": "She is admitted to The John Hopkins Hospital 2 days ago with a history of gestational diabetes mellitus diagnosed. She denied pain and any headache. She was seen by the endocrinology service and she was discharged on 03/02/2018 on 40 units of insulin glargine, 12 units of insulin lispro, and metformin 1000 mg two times a day. She had close follow-up with endocrinology post discharge.",
            "relation": "OVERLAP",
            "entity1": "CLINICAL_DEPT",
            "entity1_begin": "165",
            "entity1_end": "189",
            "chunk1": "the endocrinology service",
            "entity2": "TREATMENT",
            "entity2_begin": "243",
            "entity2_end": "258",
            "chunk2": "insulin glargine",
            "confidence": "0.81412697"
        },
        {
            "document": "She is admitted to The John Hopkins Hospital 2 days ago with a history of gestational diabetes mellitus diagnosed. She denied pain and any headache. She was seen by the endocrinology service and she was discharged on 03/02/2018 on 40 units of insulin glargine, 12 units of insulin lispro, and metformin 1000 mg two times a day. She had close follow-up with endocrinology post discharge.",
            "relation": "OVERLAP",
            "entity1": "CLINICAL_DEPT",
            "entity1_begin": "165",
            "entity1_end": "189",
            "chunk1": "the endocrinology service",
            "entity2": "TREATMENT",
            "entity2_begin": "273",
            "entity2_end": "286",
            "chunk2": "insulin lispro",
            "confidence": "0.99916553"
        },
        {
            "document": "She is admitted to The John Hopkins Hospital 2 days ago with a history of gestational diabetes mellitus diagnosed. She denied pain and any headache. She was seen by the endocrinology service and she was discharged on 03/02/2018 on 40 units of insulin glargine, 12 units of insulin lispro, and metformin 1000 mg two times a day. She had close follow-up with endocrinology post discharge.",
            "relation": "OVERLAP",
            "entity1": "CLINICAL_DEPT",
            "entity1_begin": "165",
            "entity1_end": "189",
            "chunk1": "the endocrinology service",
            "entity2": "TREATMENT",
            "entity2_begin": "293",
            "entity2_end": "301",
            "chunk2": "metformin",
            "confidence": "0.9987596"
        },
        {
            "document": "She is admitted to The John Hopkins Hospital 2 days ago with a history of gestational diabetes mellitus diagnosed. She denied pain and any headache. She was seen by the endocrinology service and she was discharged on 03/02/2018 on 40 units of insulin glargine, 12 units of insulin lispro, and metformin 1000 mg two times a day. She had close follow-up with endocrinology post discharge.",
            "relation": "OVERLAP",
            "entity1": "CLINICAL_DEPT",
            "entity1_begin": "165",
            "entity1_end": "189",
            "chunk1": "the endocrinology service",
            "entity2": "FREQUENCY",
            "entity2_begin": "311",
            "entity2_end": "325",
            "chunk2": "two times a day",
            "confidence": "0.99342334"
        },
        {
            "document": "She is admitted to The John Hopkins Hospital 2 days ago with a history of gestational diabetes mellitus diagnosed. She denied pain and any headache. She was seen by the endocrinology service and she was discharged on 03/02/2018 on 40 units of insulin glargine, 12 units of insulin lispro, and metformin 1000 mg two times a day. She had close follow-up with endocrinology post discharge.",
            "relation": "OVERLAP",
            "entity1": "OCCURRENCE",
            "entity1_begin": "203",
            "entity1_end": "212",
            "chunk1": "discharged",
            "entity2": "DATE",
            "entity2_begin": "217",
            "entity2_end": "226",
            "chunk2": "03/02/2018",
            "confidence": "1.0"
        },
        {
            "document": "She is admitted to The John Hopkins Hospital 2 days ago with a history of gestational diabetes mellitus diagnosed. She denied pain and any headache. She was seen by the endocrinology service and she was discharged on 03/02/2018 on 40 units of insulin glargine, 12 units of insulin lispro, and metformin 1000 mg two times a day. She had close follow-up with endocrinology post discharge.",
            "relation": "BEFORE",
            "entity1": "OCCURRENCE",
            "entity1_begin": "203",
            "entity1_end": "212",
            "chunk1": "discharged",
            "entity2": "TREATMENT",
            "entity2_begin": "243",
            "entity2_end": "258",
            "chunk2": "insulin glargine",
            "confidence": "0.50815845"
        },
        {
            "document": "She is admitted to The John Hopkins Hospital 2 days ago with a history of gestational diabetes mellitus diagnosed. She denied pain and any headache. She was seen by the endocrinology service and she was discharged on 03/02/2018 on 40 units of insulin glargine, 12 units of insulin lispro, and metformin 1000 mg two times a day. She had close follow-up with endocrinology post discharge.",
            "relation": "AFTER",
            "entity1": "OCCURRENCE",
            "entity1_begin": "203",
            "entity1_end": "212",
            "chunk1": "discharged",
            "entity2": "TREATMENT",
            "entity2_begin": "273",
            "entity2_end": "286",
            "chunk2": "insulin lispro",
            "confidence": "0.9454373"
        },
        {
            "document": "She is admitted to The John Hopkins Hospital 2 days ago with a history of gestational diabetes mellitus diagnosed. She denied pain and any headache. She was seen by the endocrinology service and she was discharged on 03/02/2018 on 40 units of insulin glargine, 12 units of insulin lispro, and metformin 1000 mg two times a day. She had close follow-up with endocrinology post discharge.",
            "relation": "AFTER",
            "entity1": "OCCURRENCE",
            "entity1_begin": "203",
            "entity1_end": "212",
            "chunk1": "discharged",
            "entity2": "TREATMENT",
            "entity2_begin": "293",
            "entity2_end": "301",
            "chunk2": "metformin",
            "confidence": "0.99802953"
        },
        {
            "document": "She is admitted to The John Hopkins Hospital 2 days ago with a history of gestational diabetes mellitus diagnosed. She denied pain and any headache. She was seen by the endocrinology service and she was discharged on 03/02/2018 on 40 units of insulin glargine, 12 units of insulin lispro, and metformin 1000 mg two times a day. She had close follow-up with endocrinology post discharge.",
            "relation": "OVERLAP",
            "entity1": "OCCURRENCE",
            "entity1_begin": "203",
            "entity1_end": "212",
            "chunk1": "discharged",
            "entity2": "FREQUENCY",
            "entity2_begin": "311",
            "entity2_end": "325",
            "chunk2": "two times a day",
            "confidence": "0.6045001"
        },
        {
            "document": "She is admitted to The John Hopkins Hospital 2 days ago with a history of gestational diabetes mellitus diagnosed. She denied pain and any headache. She was seen by the endocrinology service and she was discharged on 03/02/2018 on 40 units of insulin glargine, 12 units of insulin lispro, and metformin 1000 mg two times a day. She had close follow-up with endocrinology post discharge.",
            "relation": "OVERLAP",
            "entity1": "DATE",
            "entity1_begin": "217",
            "entity1_end": "226",
            "chunk1": "03/02/2018",
            "entity2": "TREATMENT",
            "entity2_begin": "243",
            "entity2_end": "258",
            "chunk2": "insulin glargine",
            "confidence": "0.9542913"
        },
        {
            "document": "She is admitted to The John Hopkins Hospital 2 days ago with a history of gestational diabetes mellitus diagnosed. She denied pain and any headache. She was seen by the endocrinology service and she was discharged on 03/02/2018 on 40 units of insulin glargine, 12 units of insulin lispro, and metformin 1000 mg two times a day. She had close follow-up with endocrinology post discharge.",
            "relation": "OVERLAP",
            "entity1": "DATE",
            "entity1_begin": "217",
            "entity1_end": "226",
            "chunk1": "03/02/2018",
            "entity2": "TREATMENT",
            "entity2_begin": "273",
            "entity2_end": "286",
            "chunk2": "insulin lispro",
            "confidence": "0.99488455"
        },
        {
            "document": "She is admitted to The John Hopkins Hospital 2 days ago with a history of gestational diabetes mellitus diagnosed. She denied pain and any headache. She was seen by the endocrinology service and she was discharged on 03/02/2018 on 40 units of insulin glargine, 12 units of insulin lispro, and metformin 1000 mg two times a day. She had close follow-up with endocrinology post discharge.",
            "relation": "AFTER",
            "entity1": "DATE",
            "entity1_begin": "217",
            "entity1_end": "226",
            "chunk1": "03/02/2018",
            "entity2": "TREATMENT",
            "entity2_begin": "293",
            "entity2_end": "301",
            "chunk2": "metformin",
            "confidence": "0.6547407"
        },
        {
            "document": "She is admitted to The John Hopkins Hospital 2 days ago with a history of gestational diabetes mellitus diagnosed. She denied pain and any headache. She was seen by the endocrinology service and she was discharged on 03/02/2018 on 40 units of insulin glargine, 12 units of insulin lispro, and metformin 1000 mg two times a day. She had close follow-up with endocrinology post discharge.",
            "relation": "OVERLAP",
            "entity1": "DATE",
            "entity1_begin": "217",
            "entity1_end": "226",
            "chunk1": "03/02/2018",
            "entity2": "FREQUENCY",
            "entity2_begin": "311",
            "entity2_end": "325",
            "chunk2": "two times a day",
            "confidence": "0.9954657"
        },
        {
            "document": "She is admitted to The John Hopkins Hospital 2 days ago with a history of gestational diabetes mellitus diagnosed. She denied pain and any headache. She was seen by the endocrinology service and she was discharged on 03/02/2018 on 40 units of insulin glargine, 12 units of insulin lispro, and metformin 1000 mg two times a day. She had close follow-up with endocrinology post discharge.",
            "relation": "OVERLAP",
            "entity1": "TREATMENT",
            "entity1_begin": "243",
            "entity1_end": "258",
            "chunk1": "insulin glargine",
            "entity2": "TREATMENT",
            "entity2_begin": "273",
            "entity2_end": "286",
            "chunk2": "insulin lispro",
            "confidence": "1.0"
        },
        {
            "document": "She is admitted to The John Hopkins Hospital 2 days ago with a history of gestational diabetes mellitus diagnosed. She denied pain and any headache. She was seen by the endocrinology service and she was discharged on 03/02/2018 on 40 units of insulin glargine, 12 units of insulin lispro, and metformin 1000 mg two times a day. She had close follow-up with endocrinology post discharge.",
            "relation": "OVERLAP",
            "entity1": "TREATMENT",
            "entity1_begin": "243",
            "entity1_end": "258",
            "chunk1": "insulin glargine",
            "entity2": "TREATMENT",
            "entity2_begin": "293",
            "entity2_end": "301",
            "chunk2": "metformin",
            "confidence": "0.99999654"
        },
        {
            "document": "She is admitted to The John Hopkins Hospital 2 days ago with a history of gestational diabetes mellitus diagnosed. She denied pain and any headache. She was seen by the endocrinology service and she was discharged on 03/02/2018 on 40 units of insulin glargine, 12 units of insulin lispro, and metformin 1000 mg two times a day. She had close follow-up with endocrinology post discharge.",
            "relation": "OVERLAP",
            "entity1": "TREATMENT",
            "entity1_begin": "243",
            "entity1_end": "258",
            "chunk1": "insulin glargine",
            "entity2": "FREQUENCY",
            "entity2_begin": "311",
            "entity2_end": "325",
            "chunk2": "two times a day",
            "confidence": "0.9479991"
        },
        {
            "document": "She is admitted to The John Hopkins Hospital 2 days ago with a history of gestational diabetes mellitus diagnosed. She denied pain and any headache. She was seen by the endocrinology service and she was discharged on 03/02/2018 on 40 units of insulin glargine, 12 units of insulin lispro, and metformin 1000 mg two times a day. She had close follow-up with endocrinology post discharge.",
            "relation": "OVERLAP",
            "entity1": "TREATMENT",
            "entity1_begin": "273",
            "entity1_end": "286",
            "chunk1": "insulin lispro",
            "entity2": "TREATMENT",
            "entity2_begin": "293",
            "entity2_end": "301",
            "chunk2": "metformin",
            "confidence": "1.0"
        },
        {
            "document": "She is admitted to The John Hopkins Hospital 2 days ago with a history of gestational diabetes mellitus diagnosed. She denied pain and any headache. She was seen by the endocrinology service and she was discharged on 03/02/2018 on 40 units of insulin glargine, 12 units of insulin lispro, and metformin 1000 mg two times a day. She had close follow-up with endocrinology post discharge.",
            "relation": "OVERLAP",
            "entity1": "TREATMENT",
            "entity1_begin": "273",
            "entity1_end": "286",
            "chunk1": "insulin lispro",
            "entity2": "FREQUENCY",
            "entity2_begin": "311",
            "entity2_end": "325",
            "chunk2": "two times a day",
            "confidence": "1.0"
        },
        {
            "document": "She is admitted to The John Hopkins Hospital 2 days ago with a history of gestational diabetes mellitus diagnosed. She denied pain and any headache. She was seen by the endocrinology service and she was discharged on 03/02/2018 on 40 units of insulin glargine, 12 units of insulin lispro, and metformin 1000 mg two times a day. She had close follow-up with endocrinology post discharge.",
            "relation": "OVERLAP",
            "entity1": "TREATMENT",
            "entity1_begin": "293",
            "entity1_end": "301",
            "chunk1": "metformin",
            "entity2": "FREQUENCY",
            "entity2_begin": "311",
            "entity2_end": "325",
            "chunk2": "two times a day",
            "confidence": "1.0"
        },
        {
            "document": "Mike has cancer.",
            "relation": "-",
            "entity1": "-",
            "entity1_begin": "-",
            "entity1_end": "-",
            "chunk1": "-",
            "entity2": "-",
            "entity2_begin": "-",
            "entity2_end": "-",
            "chunk2": "-",
            "confidence": "-"
        }
    ]
}