{
    "predictions": [
        [
            {
                "ner_chunk": "a mechanical prosthetic heart valve",
                "begin": 14,
                "end": 48,
                "ner_label": "PROCEDURE",
                "ner_confidence": "0.83616",
                "code": "G0043",
                "resolution": "Patients with mechanical prosthetic heart valve",
                "all_k_codes": "G0043:::C1824:::L8698:::Q0508:::C1764:::C1883:::   AV:::V5095:::L8699:::C1899:::L8615:::C1817:::L8630:::   RA:::V5273:::Q0507:::L8627:::L8616:::L8628:::L7510:::C1785:::L8618:::L8619:::Q0478:::A4612",
                "all_k_resolutions": "Patients with mechanical prosthetic heart valve:::Generator, cardiac contractility modulation (implantable):::Miscellaneous component, supply or accessory for use with total artificial heart system:::Miscellaneous supply or accessory for use with an implanted ventricular assist device:::Event recorder, cardiac (implantable):::Adapter/extension, pacing lead or neurostimulator lead (implantable):::Item furnished in conjunction with a prosthetic device, prosthetic or orthotic:::Semi-implantable middle ear hearing prosthesis:::Prosthetic implant, not otherwise specified:::Lead, pacemaker/cardioverter-defibrillator combination (implantable):::Headset/headpiece for use with cochlear implant device, replacement:::Septal defect implant system, intracardiac:::Metacarpophalangeal joint implant:::Replacement of a dme, orthotic or prosthetic item:::Assistive listening device, for use with cochlear implant:::Miscellaneous supply or accessory for use with an external ventricular assist device:::Cochlear implant, external speech processor, component, replacement:::Microphone for use with cochlear implant device, replacement:::Cochlear implant, external controller component, replacement:::Repair of prosthetic device, repair or replace minor parts:::Pacemaker, dual chamber, rate-responsive (implantable):::Transmitter cable for use with cochlear implant device or auditory osseointegrated device, replacement:::Cochlear implant, external speech processor and controller, integrated system, replacement:::Power adapter for use with electric or electric/pneumatic ventricular assist device, vehicle type:::Battery cables; replacement for patient-owned ventilator",
                "all_k_distances": "5.0285:::12.0859:::12.1701:::12.4047:::12.6035:::12.7683:::12.7944:::12.8725:::13.0988:::13.2692:::13.3015:::13.3538:::13.3684:::13.3699:::13.3699:::13.4406:::13.4473:::13.4595:::13.4826:::13.5638:::13.5843:::13.5895:::13.6011:::13.6032:::13.6326"
            },
            {
                "ner_chunk": "infusion pump",
                "begin": 168,
                "end": 180,
                "ner_label": "PROCEDURE",
                "ner_confidence": "0.95785",
                "code": "C1772",
                "resolution": "Infusion pump, programmable (implantable)",
                "all_k_codes": "C1772:::   JA:::C1754:::A4220:::   SH:::B9004:::S9007:::B9002:::C1887:::A9277:::C2626:::C1729:::E0785:::C1755:::J9031:::E0791:::C1788:::A4353:::A4620:::   KD:::K0105:::E0784:::A9278:::A4480:::C1821",
                "all_k_resolutions": "Infusion pump, programmable (implantable):::Administered intravenously:::Catheter, intradiscal:::Refill kit for implantable infusion pump:::Second concurrently administered infusion therapy:::Parenteral nutrition infusion pump, portable:::Ultrafiltration monitor:::Enteral nutrition infusion pump, any type:::Catheter, guiding (may include infusion/perfusion capability):::Transmitter; external, for use with interstitial continuous glucose monitoring system:::Infusion pump, non-programmable, temporary (implantable):::Catheter, drainage:::Implantable intraspinal (epidural/intrathecal) catheter used with implantable infusion pump, replacement:::Catheter, intraspinal:::Bcg (intravesical) per instillation:::Parenteral infusion pump, stationary, single or multi-channel:::Port, indwelling (implantable):::Intermittent urinary catheter, with insertion supplies:::Variable concentration mask:::Drug or biological infused through dme:::Iv hanger, each:::External ambulatory infusion pump, insulin:::Receiver (monitor); external, for use with interstitial continuous glucose monitoring system:::Vabra aspirator:::Interspinous process distraction device (implantable)",
                "all_k_distances": "9.3487:::10.7028:::11.1157:::11.2839:::11.5007:::11.5293:::11.5971:::11.6919:::11.7318:::11.7456:::11.7574:::11.8079:::11.9601:::12.1554:::12.1567:::12.1791:::12.2640:::12.2825:::12.3008:::12.3038:::12.3786:::12.3827:::12.3878:::12.5546:::12.5996"
            },
            {
                "ner_chunk": "a CPAP machine",
                "begin": 199,
                "end": 212,
                "ner_label": "PROCEDURE",
                "ner_confidence": "0.955",
                "code": "E0601",
                "resolution": "Continuous positive airway pressure (cpap) device",
                "all_k_codes": "E0601:::Q4246:::E0570:::E0860:::E0942:::E0457:::C1880:::L0972:::L0970:::   FY:::E2610:::E0840:::E0980:::E0985:::T2039:::V5170:::A7036:::G9674:::G6045:::   KC:::E2207:::E0459:::G1008:::M1027:::   ZB",
                "all_k_resolutions": "Continuous positive airway pressure (cpap) device:::Coretext or protext, per cc:::Nebulizer, with compressor:::Traction equipment, overdoor, cervical:::Cervical head harness/halter:::Chest shell (cuirass):::Vena cava filter:::Lso, corset front:::Tlso, corset front:::X-ray taken using computed radiography technology/cassette-based imaging:::Wheelchair seat cushion, powered:::Traction frame, attached to headboard, cervical traction:::Safety vest, wheelchair:::Wheelchair accessory, seat lift mechanism:::Vehicle modifications, waiver; per service:::Hearing aid, cros, in the ear:::Chinstrap used with positive airway pressure device:::Patients with clinical ascvd diagnosis:::Dihydrocodeinone:::Replacement of special power wheelchair interface:::Wheelchair accessory, crutch and cane holder, each:::Chest wrap:::Clinical decision support mechanism cranberry peak, as defined by the medicare appropriate use criteria program:::Imaging of the head (ct or mri) was obtained:::Pfizer/hospira",
                "all_k_distances": "10.9960:::12.0122:::12.3528:::12.4117:::13.0086:::13.0612:::13.3226:::13.3912:::13.5416:::13.5481:::13.5779:::13.7518:::13.8358:::13.8915:::13.9224:::14.0538:::14.1232:::14.1297:::14.1485:::14.1894:::14.2506:::14.2616:::14.2706:::14.3001:::14.3122"
            },
            {
                "ner_chunk": "a breast prosthesis implant",
                "begin": 253,
                "end": 279,
                "ner_label": "PROCEDURE",
                "ner_confidence": "0.902725",
                "code": "C1789",
                "resolution": "Prosthesis, breast (implantable)",
                "all_k_codes": "C1789:::L8600:::L8010:::L8020:::L8031:::L8039:::A4282:::A4281:::G9829:::L8015:::L8035:::G9704:::A4283:::A4286:::A4280:::A4285:::A4284:::C8906:::J7307:::J7306:::S4989:::G0279:::G9831:::C8903:::L8002",
                "all_k_resolutions": "Prosthesis, breast (implantable):::Implantable breast prosthesis, silicone or equal:::Breast prosthesis, mastectomy sleeve:::Breast prosthesis, mastectomy form:::Breast prosthesis, silicone or equal, with integral adhesive:::Breast prosthesis, not otherwise specified:::Adapter for breast pump, replacement:::Tubing for breast pump, replacement:::Breast adjuvant chemotherapy administered:::External breast prosthesis garment, with mastectomy form, post mastectomy:::Custom breast prosthesis, post mastectomy, molded to patient model:::Ajcc breast cancer stage i: t1 mic or t1a documented:::Cap for breast pump bottle, replacement:::Locking ring for breast pump, replacement:::Adhesive skin support attachment for use with external breast prosthesis, each:::Polycarbonate bottle for use with breast pump, replacement:::Breast shield and splash protector for use with breast pump, replacement:::Magnetic resonance imaging with contrast, breast; bilateral:::Etonogestrel (contraceptive) implant system, including implant and supplies:::Levonorgestrel (contraceptive) implant system, including implants and supplies:::Contraceptive intrauterine device (e.g., progestacert iud), including implants and supplies:::Diagnostic digital breast tomosynthesis, unilateral or bilateral (list separately in addition to 77065 or 77066):::Ajcc stage at breast cancer diagnosis = ii or iii:::Magnetic resonance imaging with contrast, breast; unilateral:::Breast prosthesis, mastectomy bra, with integrated breast prosthesis form, bilateral, any size, any type",
                "all_k_distances": "7.1920:::8.7572:::9.7096:::10.0615:::10.3452:::10.4775:::11.2992:::12.0274:::12.2290:::12.4955:::12.6632:::12.6847:::12.8470:::12.9524:::12.9539:::12.9852:::13.0795:::13.4764:::13.5537:::13.7778:::13.8214:::13.8417:::13.8601:::13.9193:::13.9341"
            }
        ]
    ]
}