{
    "predictions": [
        {
            "text": "1000049 200883 315966",
            "rxnorm_code": "1000049",
            "begin": 0,
            "end": 6,
            "umls_code": "C2930083"
        },
        {
            "text": "1000049 200883 315966",
            "rxnorm_code": "200883",
            "begin": 8,
            "end": 13,
            "umls_code": "C0697385"
        },
        {
            "text": "1000049 200883 315966",
            "rxnorm_code": "315966",
            "begin": 15,
            "end": 20,
            "umls_code": "C0986175"
        }
    ]
}