{
    "predictions": [
        [
            {
                "ner_chunk": "shortness",
                "begin": 126,
                "end": 134,
                "ner_label": "HP",
                "ner_confidence": "0.8931",
                "code": "HP:0009826",
                "resolution": "short limb",
                "all_k_codes": "HP:0009826:::HP:0011927:::HP:0011219:::HP:0009824:::HP:0006385:::HP:0009381:::HP:0005773:::HP:0002984:::HP:0004279:::HP:0009821:::HP:0001773:::HP:0006402:::HP:0004322:::HP:0000331:::HP:0003502:::HP:0009237:::HP:0400005:::HP:0005792",
                "all_k_resolutions": "short limb:::short digit:::short face:::short arms:::short legs:::short finger:::short forearm:::short radii:::short hands:::short forearms:::short feet:::short outer part of limbs:::small stature:::short chin:::mild short stature:::short little finger:::short ear:::short upper arms",
                "all_k_distances": "4.5894:::5.1137:::5.2076:::5.2497:::5.2998:::5.4811:::5.5209:::5.5477:::5.7461:::5.8376:::5.8744:::5.9193:::5.9920:::6.0456:::6.0716:::6.0995:::6.1374:::6.2386",
                "all_k_aux_labels": "UMLS:C0239399||ORPHA:79243:::UMLS:C1860176,C4023124||ORPHA:397715:::UMLS:C4023457||ORPHA:99772:::UMLS:C1837406||ORPHA:369837:::SNOMED:249786007||UMLS:C0426901||ORPHA:420794:::SNOMED:249765007||UMLS:C0239594,C1844548||ORPHA:459070:::UMLS:C1855299||ORPHA:1708:::SNOMED:205170001,93288001||UMLS:C0685381,C1840087||ORPHA:2249:::UMLS:C1843108||ORPHA:1786:::UMLS:C1855299||ORPHA:314795:::UMLS:C1848673||ORPHA:85166:::UMLS:C1840307||ORPHA:50945:::SNOMED:237836003||UMLS:C0349588||ORPHA:1770:::SNOMED:699439001||UMLS:C1839323,C3697248||ORPHA:228426:::UMLS:C3150077,C4020838||ORPHA:261911:::UMLS:C1842878||ORPHA:508488:::UMLS:C3551041||ORPHA:314647:::UMLS:C1832117||ORPHA:420794"
            },
            {
                "ner_chunk": "hypertension",
                "begin": 457,
                "end": 468,
                "ner_label": "HP",
                "ner_confidence": "0.995",
                "code": "HP:0000822",
                "resolution": "hypertension",
                "all_k_codes": "HP:0000822:::HP:0007906:::HP:0000875:::HP:0100735:::HP:0001409:::HP:0002092:::HP:0100817:::HP:0002516:::HP:0000998:::HP:0008071:::HP:0004554:::HP:0003124:::HP:0000841:::HP:0004964:::HP:0003712:::HP:0100554:::HP:0001095:::HP:0030950",
                "all_k_resolutions": "hypertension:::ocular hypertension:::episodic hypertension:::hypertensive crisis:::portal hypertension:::pulmonary arterial hypertension:::renovascular hypertension:::intracranial hypertension:::hypertrichosis:::maternal hypertension:::generalized hypertrichosis:::hypercholesterolemia:::hyperactive renin-angiotensin system:::pulmonary arterial medial hypertrophy:::hypertrophic muscles:::hemihypertrophy of upper limb:::hypertensive retinopathy:::pulmonary venous hypertension",
                "all_k_distances": "0.0000:::6.9836:::7.8375:::8.4926:::8.6505:::8.7370:::8.8061:::9.1439:::9.1674:::9.7266:::9.7408:::9.8957:::9.9214:::10.3687:::10.4159:::10.4367:::10.4765:::10.4852",
                "all_k_aux_labels": "MSH:D006973||SNOMED:24184005,38341003||UMLS:C0020538,C0497247||ORPHA:231160:::SNOMED:112222000||UMLS:C0234708||ORPHA:280921:::UMLS:C1857175||OMIM:171300:::SNOMED:706882009||UMLS:C0020546||ORPHA:94093:::MSH:D006975||SNOMED:34742003||UMLS:C0020541||ORPHA:228426:::MSH:D006976,D065627||SNOMED:11399002,697898008,70995007||UMLS:C0020542,C2973725,C3203102||ORPHA:79282:::MSH:D006978||SNOMED:123799005||UMLS:C0020545||ORPHA:3472:::MSH:D019586||SNOMED:271719001||UMLS:C0151740||ORPHA:247525:::MSH:D006983||SNOMED:271607001,29966009||UMLS:C0020555||ORPHA:79277:::SNOMED:288250001||UMLS:C0565599||ORPHA:439167:::UMLS:C3277940||ORPHA:93400:::MSH:D006937||SNOMED:13644009,166830008||UMLS:C0020443,C0595929||ORPHA:79237:::UMLS:C1846345,C3150267||ORPHA:89938:::UMLS:C1504382||OMIM:178600:::UMLS:C2265792||ORPHA:99736:::SNOMED:253920006||UMLS:C0431810||ORPHA:2346:::MSH:D058437||SNOMED:6962006||UMLS:C0152132||ORPHA:94080:::ORPHA:79259"
            },
            {
                "ner_chunk": "hypothyroidism",
                "begin": 471,
                "end": 484,
                "ner_label": "HP",
                "ner_confidence": "0.9985",
                "code": "HP:0000821",
                "resolution": "hypothyroidism",
                "all_k_codes": "HP:0000821:::HP:0008245:::HP:0011787:::HP:0008191:::HP:0008237:::HP:0000832:::HP:0000851:::HP:0008223:::HP:0000829:::HP:0005990:::HP:0040075:::HP:0008188:::HP:0002930:::HP:0031507:::HP:0031098:::HP:0000860",
                "all_k_resolutions": "hypothyroidism:::secondary hypothyroidism:::central hypothyroidism:::athyroidal hypothyroidism:::tertiary hypothyroidism:::primary hypothyroidism:::congenital hypothyroidism:::subclinical hypothyroidism:::hypoparathyroidism:::thyroid hypoplasia:::hypopituitarism:::thyroid dysgenesis:::impaired sensitivity to thyroid hormone:::decreased circulating thyroxine level:::decreased thyrotropin level:::parathyroid hypoplasia",
                "all_k_distances": "0.0000:::3.3831:::3.4253:::3.4839:::3.5025:::4.0627:::5.9735:::6.3597:::7.5255:::7.7986:::8.1450:::8.1630:::8.3778:::8.4558:::8.5022:::8.5635",
                "all_k_aux_labels": "MSH:D007037||SNOMED:40930008||UMLS:C0020676||ORPHA:1772:::SNOMED:82598004||UMLS:C3665349||ORPHA:251623:::SNOMED:26692000||UMLS:C0271801||ORPHA:514:::MSH:D050033||UMLS:C0749420,C4020805||ORPHA:95719:::SNOMED:37429009||UMLS:C0220998||ORPHA:2495:::SNOMED:111566002||UMLS:C0700502||ORPHA:391487:::MSH:D003409||SNOMED:190268003,217710005||UMLS:C0010308||ORPHA:2255:::SNOMED:237523006||UMLS:C0342162||ORPHA:247691:::MSH:D007011||SNOMED:36976004||UMLS:C0020626||ORPHA:2238:::MSH:D050033||SNOMED:367524008||UMLS:C0151516||ORPHA:2166:::MSH:D007018||SNOMED:74728003||UMLS:C0020635||ORPHA:251623:::MSH:D050033||UMLS:C1563716||ORPHA:442:::MSH:D018382||SNOMED:111567006,237559000,237560005,50375007||UMLS:C2940786||OMIM:188570:::ORPHA:398073:::ORPHA:300373:::UMLS:C1389851||ORPHA:2237"
            },
            {
                "ner_chunk": "hydronephrosis",
                "begin": 530,
                "end": 543,
                "ner_label": "HP",
                "ner_confidence": "0.9873",
                "code": "HP:0000126",
                "resolution": "hydronephrosis",
                "all_k_codes": "HP:0000126:::HP:0006000:::HP:0000071:::HP:0000076:::HP:0003131:::HP:0000072:::HP:0030735:::HP:0100519:::HP:0008714:::HP:0000085:::HP:0000090:::HP:0000074:::HP:0012330:::HP:0000790:::HP:0008631:::HP:0011126:::HP:0025634:::HP:0000069:::HP:0100518",
                "all_k_resolutions": "hydronephrosis:::ureteral obstruction:::ureteral stenosis:::ureteral reflux:::cystinuria:::megaureter:::ureterovesical junction obstruction:::anuria:::ureterovesical stenosis:::horseshoe kidneys:::nephronophthisis:::ureteropelvic junction obstruction:::pyelonephritis:::hematuria:::ureteral dysgenesis:::nephroptosis:::abnormal ureter physiology:::ureter issue:::dysuria",
                "all_k_distances": "0.0000:::9.1860:::9.3845:::9.4042:::9.5770:::9.6477:::9.8434:::9.8623:::9.9959:::10.2200:::10.2844:::10.3470:::10.3513:::10.3764:::10.3783:::10.4374:::10.5331:::10.5432:::10.5472",
                "all_k_aux_labels": "MSH:D006869||SNOMED:43064006||UMLS:C0020295||ORPHA:1780:::MSH:D014517||SNOMED:20018005||UMLS:C0041956||ORPHA:93599:::SNOMED:95574003||UMLS:C0521618||ORPHA:2257:::MSH:D014718||SNOMED:197811007||UMLS:C0042580||ORPHA:2237:::MSH:D003555||SNOMED:85020001||UMLS:C0010691||ORPHA:163693:::SNOMED:69758005,95576001||UMLS:C0521620,C4020897||ORPHA:2241:::UMLS:C2609249:::MSH:D001002||SNOMED:2472002||UMLS:C0003460||ORPHA:90038:::UMLS:C4024633||ORPHA:314585:::MSH:D000069337||SNOMED:41729002||UMLS:C0221353||ORPHA:1772:::SNOMED:204958008||UMLS:C0687120||ORPHA:474:::MSH:C537373||SNOMED:95575002||UMLS:C0521619||ORPHA:261112:::MSH:D011704||SNOMED:45816000||UMLS:C0034186||ORPHA:533:::MSH:D006417||SNOMED:34436003,53298000||UMLS:C0018965||ORPHA:93598:::UMLS:C4024653||OMIM:274265:::UMLS:C1384594::::::UMLS:C1840382||ORPHA:1770:::MSH:D053159||SNOMED:49650001||UMLS:C0013428||ORPHA:79276"
            }
        ],
        [
            {
                "ner_chunk": "cough",
                "begin": 63,
                "end": 67,
                "ner_label": "HP",
                "ner_confidence": "0.932",
                "code": "HP:0012735",
                "resolution": "cough",
                "all_k_codes": "HP:0012735:::HP:0031245:::HP:0031247:::HP:0033121:::HP:0002098:::HP:0002094:::HP:0001609:::HP:0030828:::HP:0002795:::HP:0012764:::HP:0025095:::HP:0002104:::HP:0004885:::HP:0008376:::HP:0002015:::HP:0025144:::HP:0001742",
                "all_k_resolutions": "cough:::wet cough:::whooping cough:::barking cough:::breathing difficulties:::breathing difficulty:::hoarseness:::wheezing:::respiratory problem:::orthopnea:::sneeze:::apnea:::episodic difficulty breathing:::breathy speech:::swallowing difficulties:::shivering:::congestion of nose",
                "all_k_distances": "0.0000:::6.6824:::6.9902:::8.8540:::9.0417:::9.2651:::9.5332:::9.7235:::9.7884:::9.9335:::10.0228:::10.0361:::10.1292:::10.1296:::10.2351:::10.2353:::10.2585",
                "all_k_aux_labels": "MSH:D003371||SNOMED:263731006,272039006,49727002||UMLS:C0010200||ORPHA:83317:::ORPHA:31204:::::::::MSH:D004417||SNOMED:230145002,267036007,271825005||UMLS:C0013404,C0476273||ORPHA:26792:::MSH:D004417||SNOMED:230145002,267036007||UMLS:C0013404||ORPHA:26791:::MSH:D006685||SNOMED:50219008||UMLS:C0019825,C1854348||ORPHA:397973:::MSH:D012135||SNOMED:56018004||UMLS:C0043144||ORPHA:70588:::UMLS:C4025677||ORPHA:94068:::SNOMED:62744007||UMLS:C0085619||ORPHA:563::::::MSH:D001049||SNOMED:1023001,248583008||UMLS:C0003578||ORPHA:79241:::UMLS:C1844945||ORPHA:255210:::UMLS:C1834664||ORPHA:99771:::MSH:D003680||SNOMED:288939007,40739000||UMLS:C0011168||ORPHA:26791:::ORPHA:36238:::MSH:D015508||SNOMED:232209000,267100006,68235000||UMLS:C0027424,C0027429||ORPHA:79345"
            },
            {
                "ner_chunk": "cough",
                "begin": 91,
                "end": 95,
                "ner_label": "HP",
                "ner_confidence": "0.9692",
                "code": "HP:0012735",
                "resolution": "cough",
                "all_k_codes": "HP:0012735:::HP:0031245:::HP:0031247:::HP:0033121:::HP:0002098:::HP:0002094:::HP:0001609:::HP:0030828:::HP:0002795:::HP:0012764:::HP:0025095:::HP:0002104:::HP:0004885:::HP:0008376:::HP:0002015:::HP:0025144:::HP:0001742",
                "all_k_resolutions": "cough:::wet cough:::whooping cough:::barking cough:::breathing difficulties:::breathing difficulty:::hoarseness:::wheezing:::respiratory problem:::orthopnea:::sneeze:::apnea:::episodic difficulty breathing:::breathy speech:::swallowing difficulties:::shivering:::congestion of nose",
                "all_k_distances": "0.0000:::6.6824:::6.9902:::8.8540:::9.0417:::9.2651:::9.5332:::9.7235:::9.7884:::9.9335:::10.0228:::10.0361:::10.1292:::10.1296:::10.2351:::10.2353:::10.2585",
                "all_k_aux_labels": "MSH:D003371||SNOMED:263731006,272039006,49727002||UMLS:C0010200||ORPHA:83317:::ORPHA:31204:::::::::MSH:D004417||SNOMED:230145002,267036007,271825005||UMLS:C0013404,C0476273||ORPHA:26792:::MSH:D004417||SNOMED:230145002,267036007||UMLS:C0013404||ORPHA:26791:::MSH:D006685||SNOMED:50219008||UMLS:C0019825,C1854348||ORPHA:397973:::MSH:D012135||SNOMED:56018004||UMLS:C0043144||ORPHA:70588:::UMLS:C4025677||ORPHA:94068:::SNOMED:62744007||UMLS:C0085619||ORPHA:563::::::MSH:D001049||SNOMED:1023001,248583008||UMLS:C0003578||ORPHA:79241:::UMLS:C1844945||ORPHA:255210:::UMLS:C1834664||ORPHA:99771:::MSH:D003680||SNOMED:288939007,40739000||UMLS:C0011168||ORPHA:26791:::ORPHA:36238:::MSH:D015508||SNOMED:232209000,267100006,68235000||UMLS:C0027424,C0027429||ORPHA:79345"
            },
            {
                "ner_chunk": "fever",
                "begin": 173,
                "end": 177,
                "ner_label": "HP",
                "ner_confidence": "0.9686",
                "code": "HP:0001945",
                "resolution": "fever",
                "all_k_codes": "HP:0001945:::HP:0001954:::HP:0033399:::HP:0032323:::HP:0025215:::HP:0033087:::HP:0011134:::HP:0002013:::HP:0000282:::HP:0002018:::HP:0001955:::HP:0003193:::HP:0011172:::HP:0032249:::HP:0000989:::HP:0000969:::HP:0000975:::HP:0001017:::HP:0000713:::HP:0100809:::HP:0002315",
                "all_k_resolutions": "fever:::intermittent fever:::persistent fever:::periodic fever:::triggered by fever:::quotidian fever:::mild fever:::emesis:::facial edema:::nausea:::unexplained fevers:::hay fever:::complex fever fit:::valley fever:::itchy skin:::edema:::increased sweating:::anemic pallor:::agitation:::scalp tenderness:::headache",
                "all_k_distances": "0.0000:::4.2216:::4.3471:::5.4946:::6.9462:::7.5714:::8.3913:::9.5633:::9.6032:::9.6185:::9.7885:::9.9691:::10.0424:::10.1033:::10.1962:::10.2079:::10.2183:::10.2501:::10.3350:::10.3647:::10.3650",
                "all_k_aux_labels": "MSH:D005334||SNOMED:386661006,50177009||UMLS:C0015967||ORPHA:79276:::SNOMED:77957000||UMLS:C0277799||ORPHA:369939::::::ORPHA:2686::::::PMID:25220867:::SNOMED:304213008||UMLS:C0239574||ORPHA:1164:::MSH:D014839||SNOMED:249497008,300359004,422400008||UMLS:C0042963||ORPHA:26791:::SNOMED:445088006||UMLS:C0542571||ORPHA:221008:::MSH:D009325||SNOMED:422587007||UMLS:C0027497||ORPHA:79273:::UMLS:C1844662||ORPHA:642:::MSH:D065631||SNOMED:61582004||UMLS:C0847614,C2607914||ORPHA:2070:::MSH:D003294||SNOMED:433083002||UMLS:C0751057||ORPHA:33069::::::MSH:D011537||SNOMED:279333002,418290006,418363000,424492005||UMLS:C0033774||ORPHA:79278:::MSH:D004487||SNOMED:20741006,267038008,423666004,79654002||UMLS:C0013604||ORPHA:79278:::MSH:D006945,D013546||SNOMED:161857006,312230002,364538006,415690000,415691001,52613005||UMLS:C0020458,C0038990,C0700590||ORPHA:79276:::UMLS:C4025811||ORPHA:86839:::SNOMED:24199005||UMLS:C0085631||ORPHA:369891:::SNOMED:75851004||UMLS:C0151206,C0240940,C4073183||ORPHA:2583:::MSH:D006261||SNOMED:25064002||UMLS:C0018681||ORPHA:247525"
            },
            {
                "ner_chunk": "vomiting",
                "begin": 248,
                "end": 255,
                "ner_label": "HP",
                "ner_confidence": "0.9931",
                "code": "HP:0002013",
                "resolution": "vomiting",
                "all_k_codes": "HP:0002013:::HP:0025089:::HP:0002018:::HP:0002017:::HP:0002572:::HP:0025144:::HP:0002587:::HP:0003270:::HP:0009926:::HP:0001046:::HP:0000713:::HP:0031733:::HP:0000980:::HP:0001336:::HP:0002307:::HP:0002524:::HP:0002248:::HP:0030207:::HP:0002329:::HP:0007209",
                "all_k_resolutions": "vomiting:::fecal vomiting:::nausea:::nausea and vomiting:::episodic vomiting:::shuddering:::projectile vomiting:::bloating:::tearing:::intermittent icterus:::agitation:::reflex tearing:::pallor:::jerking:::drooling:::cataplexy:::vomitting blood:::paradoxical breathing:::drowsiness:::facial paresis",
                "all_k_distances": "0.0000:::6.6951:::7.1486:::7.3891:::7.5123:::7.6550:::8.1170:::8.1545:::8.3047:::8.5117:::8.5880:::8.6600:::8.6751:::8.7056:::8.7922:::8.8139:::8.9427:::8.9586:::8.9660:::9.0032",
                "all_k_aux_labels": "MSH:D014839||SNOMED:249497008,300359004,422400008||UMLS:C0042963||ORPHA:26791::::::MSH:D009325||SNOMED:422587007||UMLS:C0027497||ORPHA:79273:::SNOMED:16932000||UMLS:C0027498||ORPHA:79276:::UMLS:C1838993,C1857202||ORPHA:79273:::ORPHA:36238:::SNOMED:8579004||UMLS:C0221151||ORPHA:33475:::SNOMED:41931001,60728008||UMLS:C0000731||ORPHA:79276:::MSH:D007766||SNOMED:193982009,418035005||UMLS:C0152227||ORPHA:100093:::UMLS:C4025805||ORPHA:100085:::SNOMED:24199005||UMLS:C0085631||ORPHA:369891::::::MSH:D010167||SNOMED:398979000||UMLS:C0030232||ORPHA:29822:::MSH:D009207||SNOMED:127324008,17450006||UMLS:C0027066,C1854302||ORPHA:79279:::MSH:D012798||SNOMED:275295002,53827007,62718007||UMLS:C0013132,C0037036||ORPHA:477673:::MSH:D002385||SNOMED:46263000||UMLS:C0007384||ORPHA:2073:::MSH:D006396||SNOMED:8765009||UMLS:C0018926||ORPHA:71272:::MSH:D005409||SNOMED:12025005,78011002||UMLS:C0016196,C0231852:::MSH:D012894||SNOMED:271782001,79519003||UMLS:C0013144||ORPHA:79243:::MSH:D005158||SNOMED:280816001,95666008||UMLS:C0015469,C0427055||ORPHA:569"
            },
            {
                "ner_chunk": "skin rash",
                "begin": 274,
                "end": 282,
                "ner_label": "HP",
                "ner_confidence": "0.8408",
                "code": "HP:0000988",
                "resolution": "skin rash",
                "all_k_codes": "HP:0000988:::HP:0000992:::HP:0011123:::HP:0001000:::HP:0001041:::HP:0009762:::HP:0100658:::HP:0000951:::HP:0001581:::HP:0100276:::HP:0000989:::HP:0200036:::HP:0033605:::HP:0002965:::HP:0032007:::HP:0011354:::HP:0007427:::HP:0040189",
                "all_k_resolutions": "skin rash:::photosensitive skin rashes:::skin inflammation:::pigmentary skin changes:::facial erythema:::facial wrinkling:::skin infection:::skin abnormality:::cutaneous infections:::skin pits:::skin itching:::skin nodule:::pustular rash:::cutaneous anergy:::skin maceration:::generalised abnormality of skin:::reticulated skin pigmentation:::flaking skin",
                "all_k_distances": "0.0000:::5.5604:::7.0288:::8.2343:::8.3431:::8.4751:::8.5754:::8.6565:::8.7141:::8.7794:::8.8219:::8.8477:::8.8580:::8.8939:::8.9347:::8.9429:::8.9680:::9.0520",
                "all_k_aux_labels": "MSH:D005076||SNOMED:112625008,271807003||UMLS:C0015230||ORPHA:29822:::MSH:D010787||SNOMED:90128006||UMLS:C0349506||ORPHA:79278:::MSH:D003872||SNOMED:703938007||UMLS:C0011603,C3875321||ORPHA:26793:::UMLS:C1260926||ORPHA:79277:::MSH:D001821,D012393||SNOMED:20255002,271811009,398909004||UMLS:C0005874,C0035854,C0239488,C4020880||ORPHA:221008:::SNOMED:248194004||UMLS:C0262478||ORPHA:93932:::MSH:D002481,D017192||SNOMED:128045006,128936008,385627004||UMLS:C0007642,C0162627||ORPHA:229717:::MSH:D012868,D012871||SNOMED:199879009,95320005||UMLS:C0037268,C0037274||ORPHA:93552:::UMLS:C1853193||ORPHA:79277:::UMLS:C4020712,C4022172:::MSH:D011537||SNOMED:279333002,418290006,418363000,424492005||UMLS:C0033774||ORPHA:79278:::SNOMED:95319004||UMLS:C0037287||ORPHA:83313:::PMID:25029335:::UMLS:C1855781||OMIM:252250:::OMIM:615598:::UMLS:C4021157||ORPHA:94059:::UMLS:C3279575,C3279601||ORPHA:50815:::SNOMED:14411002,271767006||UMLS:C0237849||ORPHA:2269"
            },
            {
                "ner_chunk": "cyanosis",
                "begin": 288,
                "end": 295,
                "ner_label": "HP",
                "ner_confidence": "0.9952",
                "code": "HP:0000961",
                "resolution": "cyanosis",
                "all_k_codes": "HP:0000961:::HP:0032556:::HP:0200048:::HP:0009914:::HP:0030764:::HP:0000418:::HP:0500164:::HP:0000458:::HP:0030207:::HP:0000486:::HP:0001281:::HP:0030319:::HP:0000980:::HP:0000970:::HP:0012378:::HP:0002524:::HP:0003270:::HP:0012375:::HP:0000473:::HP:0002312:::HP:0001289:::HP:0002321:::HP:0003401:::HP:0000973",
                "all_k_resolutions": "cyanosis:::circumoral cyanosis:::cyanotic episode:::cyclopia:::ochronosis:::pinched nose:::abnormal blood carbon dioxide level:::anosmia:::paradoxical respiration:::squint eyes:::tetany:::face weakness:::pallor:::anhydrosis:::malaise:::cataplexy:::bloating:::chemosis:::wry neck:::clumsiness:::confusion:::dizzy spell:::tingling:::cutaneous laxity",
                "all_k_distances": "0.0000:::5.1199:::6.3355:::9.7645:::10.1094:::10.1346:::10.1575:::10.2009:::10.2368:::10.3505:::10.4019:::10.4722:::10.5109:::10.5397:::10.5566:::10.5939:::10.5945:::10.6127:::10.6142:::10.6433:::10.6451:::10.6505:::10.6602:::10.6639",
                "all_k_aux_labels": "MSH:D003490||SNOMED:119419001,3415004||UMLS:C0010520||ORPHA:2257:::ORPHA:1949:::SNOMED:301795004||UMLS:C0578475||ORPHA:33069:::MSH:C562573||SNOMED:205798005||UMLS:C0266667||ORPHA:2165:::MSH:D009794||SNOMED:410042009||UMLS:C0028817||PMID:12501223:::UMLS:C1837761||ORPHA:363528::::::MSH:D000857||SNOMED:44169009||UMLS:C0003126||ORPHA:2250:::MSH:D005409||SNOMED:12025005,78011002||UMLS:C0016196,C0231852:::MSH:D013285||SNOMED:128602000,22066006||UMLS:C0038379||ORPHA:79279:::MSH:D013746||SNOMED:10629009||UMLS:C0039621||ORPHA:567:::UMLS:C4022514||ORPHA:247691:::MSH:D010167||SNOMED:398979000||UMLS:C0030232||ORPHA:29822:::MSH:D007007||SNOMED:14662005,39659002||UMLS:C0003028||ORPHA:441:::MSH:D005221||SNOMED:248274002,84229001||UMLS:C0015672||ORPHA:29822:::MSH:D002385||SNOMED:46263000||UMLS:C0007384||ORPHA:2073:::SNOMED:41931001,60728008||UMLS:C0000731||ORPHA:79276:::SNOMED:8148005||UMLS:C0271298||ORPHA:319251:::MSH:D014103||SNOMED:270476009,70070008,74333002||UMLS:C0040485,C0152116,C0949445||ORPHA:536467:::SNOMED:7006003||UMLS:C0233844||ORPHA:79239:::MSH:D003221||SNOMED:286933003||UMLS:C0009676||ORPHA:79276:::MSH:D004244,D014717||SNOMED:271789005,399090003,399153001,404640003||UMLS:C0012833,C0042571||ORPHA:79279:::MSH:D010292||SNOMED:91019004||UMLS:C0030554||ORPHA:79279:::MSH:C531660,D003483||SNOMED:58588007||UMLS:C0010495,C2930812,C4280606||ORPHA:357074"
            }
        ]
    ]
}