{
    "ner_predictions": [
        {
            "document": "My nose is dry most of the time, when my nose is not dry, I have to clear it of hard mucus \u2013 when I do that, it makes my nose throb.",
            "ner_chunk": "nose",
            "begin": 3,
            "end": 6,
            "ner_label": "BodyPart",
            "ner_confidence": "0.5773"
        },
        {
            "document": "My nose is dry most of the time, when my nose is not dry, I have to clear it of hard mucus \u2013 when I do that, it makes my nose throb.",
            "ner_chunk": "dry",
            "begin": 11,
            "end": 13,
            "ner_label": "Symptom",
            "ner_confidence": "0.9457"
        },
        {
            "document": "My nose is dry most of the time, when my nose is not dry, I have to clear it of hard mucus \u2013 when I do that, it makes my nose throb.",
            "ner_chunk": "nose",
            "begin": 41,
            "end": 44,
            "ner_label": "BodyPart",
            "ner_confidence": "0.866"
        },
        {
            "document": "My nose is dry most of the time, when my nose is not dry, I have to clear it of hard mucus \u2013 when I do that, it makes my nose throb.",
            "ner_chunk": "dry",
            "begin": 53,
            "end": 55,
            "ner_label": "Symptom",
            "ner_confidence": "0.9596"
        },
        {
            "document": "My nose is dry most of the time, when my nose is not dry, I have to clear it of hard mucus \u2013 when I do that, it makes my nose throb.",
            "ner_chunk": "hard mucus",
            "begin": 80,
            "end": 89,
            "ner_label": "Symptom",
            "ner_confidence": "0.30905002"
        },
        {
            "document": "My nose is dry most of the time, when my nose is not dry, I have to clear it of hard mucus \u2013 when I do that, it makes my nose throb.",
            "ner_chunk": "nose",
            "begin": 121,
            "end": 124,
            "ner_label": "BodyPart",
            "ner_confidence": "0.9249"
        },
        {
            "document": "Morning Symptoms:Excessive Mucus build upExcessive coughing 10 minutes after waking upFuzzy sinus headache every morningSore throat every morningBloated stomachExtremely tight chest (Has an inhaler for the asthma)Mid-day Symptoms:Fuzzy headache throughout the dayExtreme fatigue around 3pm every dayEnd-of-day Symptoms:Headache increases to be unbearable.",
            "ner_chunk": "Morning",
            "begin": 0,
            "end": 6,
            "ner_label": "DateTime",
            "ner_confidence": "0.5064"
        },
        {
            "document": "Morning Symptoms:Excessive Mucus build upExcessive coughing 10 minutes after waking upFuzzy sinus headache every morningSore throat every morningBloated stomachExtremely tight chest (Has an inhaler for the asthma)Mid-day Symptoms:Fuzzy headache throughout the dayExtreme fatigue around 3pm every dayEnd-of-day Symptoms:Headache increases to be unbearable.",
            "ner_chunk": "Mucus",
            "begin": 27,
            "end": 31,
            "ner_label": "Symptom",
            "ner_confidence": "0.5332"
        },
        {
            "document": "Morning Symptoms:Excessive Mucus build upExcessive coughing 10 minutes after waking upFuzzy sinus headache every morningSore throat every morningBloated stomachExtremely tight chest (Has an inhaler for the asthma)Mid-day Symptoms:Fuzzy headache throughout the dayExtreme fatigue around 3pm every dayEnd-of-day Symptoms:Headache increases to be unbearable.",
            "ner_chunk": "upExcessive coughing",
            "begin": 39,
            "end": 58,
            "ner_label": "Symptom",
            "ner_confidence": "0.3181"
        },
        {
            "document": "Morning Symptoms:Excessive Mucus build upExcessive coughing 10 minutes after waking upFuzzy sinus headache every morningSore throat every morningBloated stomachExtremely tight chest (Has an inhaler for the asthma)Mid-day Symptoms:Fuzzy headache throughout the dayExtreme fatigue around 3pm every dayEnd-of-day Symptoms:Headache increases to be unbearable.",
            "ner_chunk": "10 minutes",
            "begin": 60,
            "end": 69,
            "ner_label": "Duration",
            "ner_confidence": "0.83449996"
        },
        {
            "document": "Morning Symptoms:Excessive Mucus build upExcessive coughing 10 minutes after waking upFuzzy sinus headache every morningSore throat every morningBloated stomachExtremely tight chest (Has an inhaler for the asthma)Mid-day Symptoms:Fuzzy headache throughout the dayExtreme fatigue around 3pm every dayEnd-of-day Symptoms:Headache increases to be unbearable.",
            "ner_chunk": "sinus headache",
            "begin": 92,
            "end": 105,
            "ner_label": "Symptom",
            "ner_confidence": "0.4645"
        },
        {
            "document": "Morning Symptoms:Excessive Mucus build upExcessive coughing 10 minutes after waking upFuzzy sinus headache every morningSore throat every morningBloated stomachExtremely tight chest (Has an inhaler for the asthma)Mid-day Symptoms:Fuzzy headache throughout the dayExtreme fatigue around 3pm every dayEnd-of-day Symptoms:Headache increases to be unbearable.",
            "ner_chunk": "morningSore throat",
            "begin": 113,
            "end": 130,
            "ner_label": "Symptom",
            "ner_confidence": "0.63600004"
        },
        {
            "document": "Morning Symptoms:Excessive Mucus build upExcessive coughing 10 minutes after waking upFuzzy sinus headache every morningSore throat every morningBloated stomachExtremely tight chest (Has an inhaler for the asthma)Mid-day Symptoms:Fuzzy headache throughout the dayExtreme fatigue around 3pm every dayEnd-of-day Symptoms:Headache increases to be unbearable.",
            "ner_chunk": "morningBloated stomachExtremely tight",
            "begin": 138,
            "end": 174,
            "ner_label": "Symptom",
            "ner_confidence": "0.7718666"
        },
        {
            "document": "Morning Symptoms:Excessive Mucus build upExcessive coughing 10 minutes after waking upFuzzy sinus headache every morningSore throat every morningBloated stomachExtremely tight chest (Has an inhaler for the asthma)Mid-day Symptoms:Fuzzy headache throughout the dayExtreme fatigue around 3pm every dayEnd-of-day Symptoms:Headache increases to be unbearable.",
            "ner_chunk": "chest",
            "begin": 176,
            "end": 180,
            "ner_label": "BodyPart",
            "ner_confidence": "0.9165"
        },
        {
            "document": "Morning Symptoms:Excessive Mucus build upExcessive coughing 10 minutes after waking upFuzzy sinus headache every morningSore throat every morningBloated stomachExtremely tight chest (Has an inhaler for the asthma)Mid-day Symptoms:Fuzzy headache throughout the dayExtreme fatigue around 3pm every dayEnd-of-day Symptoms:Headache increases to be unbearable.",
            "ner_chunk": "inhaler",
            "begin": 190,
            "end": 196,
            "ner_label": "Form",
            "ner_confidence": "0.9856"
        },
        {
            "document": "Morning Symptoms:Excessive Mucus build upExcessive coughing 10 minutes after waking upFuzzy sinus headache every morningSore throat every morningBloated stomachExtremely tight chest (Has an inhaler for the asthma)Mid-day Symptoms:Fuzzy headache throughout the dayExtreme fatigue around 3pm every dayEnd-of-day Symptoms:Headache increases to be unbearable.",
            "ner_chunk": "asthma)Mid-day",
            "begin": 206,
            "end": 219,
            "ner_label": "Modifier",
            "ner_confidence": "0.6145"
        },
        {
            "document": "Morning Symptoms:Excessive Mucus build upExcessive coughing 10 minutes after waking upFuzzy sinus headache every morningSore throat every morningBloated stomachExtremely tight chest (Has an inhaler for the asthma)Mid-day Symptoms:Fuzzy headache throughout the dayExtreme fatigue around 3pm every dayEnd-of-day Symptoms:Headache increases to be unbearable.",
            "ner_chunk": "Symptoms:Fuzzy headache",
            "begin": 221,
            "end": 243,
            "ner_label": "Symptom",
            "ner_confidence": "0.40295"
        },
        {
            "document": "Morning Symptoms:Excessive Mucus build upExcessive coughing 10 minutes after waking upFuzzy sinus headache every morningSore throat every morningBloated stomachExtremely tight chest (Has an inhaler for the asthma)Mid-day Symptoms:Fuzzy headache throughout the dayExtreme fatigue around 3pm every dayEnd-of-day Symptoms:Headache increases to be unbearable.",
            "ner_chunk": "fatigue",
            "begin": 271,
            "end": 277,
            "ner_label": "Symptom",
            "ner_confidence": "0.4721"
        },
        {
            "document": "Morning Symptoms:Excessive Mucus build upExcessive coughing 10 minutes after waking upFuzzy sinus headache every morningSore throat every morningBloated stomachExtremely tight chest (Has an inhaler for the asthma)Mid-day Symptoms:Fuzzy headache throughout the dayExtreme fatigue around 3pm every dayEnd-of-day Symptoms:Headache increases to be unbearable.",
            "ner_chunk": "3pm",
            "begin": 286,
            "end": 288,
            "ner_label": "DateTime",
            "ner_confidence": "0.3481"
        },
        {
            "document": "Morning Symptoms:Excessive Mucus build upExcessive coughing 10 minutes after waking upFuzzy sinus headache every morningSore throat every morningBloated stomachExtremely tight chest (Has an inhaler for the asthma)Mid-day Symptoms:Fuzzy headache throughout the dayExtreme fatigue around 3pm every dayEnd-of-day Symptoms:Headache increases to be unbearable.",
            "ner_chunk": "every dayEnd-of-day",
            "begin": 290,
            "end": 308,
            "ner_label": "Frequency",
            "ner_confidence": "0.45964998"
        },
        {
            "document": "Morning Symptoms:Excessive Mucus build upExcessive coughing 10 minutes after waking upFuzzy sinus headache every morningSore throat every morningBloated stomachExtremely tight chest (Has an inhaler for the asthma)Mid-day Symptoms:Fuzzy headache throughout the dayExtreme fatigue around 3pm every dayEnd-of-day Symptoms:Headache increases to be unbearable.",
            "ner_chunk": "unbearable",
            "begin": 344,
            "end": 353,
            "ner_label": "Symptom",
            "ner_confidence": "0.6028"
        }
    ],
    "assertion_predictions": [
        {
            "document": "My nose is dry most of the time, when my nose is not dry, I have to clear it of hard mucus \u2013 when I do that, it makes my nose throb.",
            "ner_chunk": "dry",
            "begin": 11,
            "end": 13,
            "ner_label": "Symptom",
            "assertion": "Present_Or_Past",
            "assertion_confidence": "0.8839"
        },
        {
            "document": "My nose is dry most of the time, when my nose is not dry, I have to clear it of hard mucus \u2013 when I do that, it makes my nose throb.",
            "ner_chunk": "dry",
            "begin": 53,
            "end": 55,
            "ner_label": "Symptom",
            "assertion": "Hypothetical_Or_Absent",
            "assertion_confidence": "0.9674"
        },
        {
            "document": "My nose is dry most of the time, when my nose is not dry, I have to clear it of hard mucus \u2013 when I do that, it makes my nose throb.",
            "ner_chunk": "hard mucus",
            "begin": 80,
            "end": 89,
            "ner_label": "Symptom",
            "assertion": "Present_Or_Past",
            "assertion_confidence": "0.9959"
        },
        {
            "document": "Morning Symptoms:Excessive Mucus build upExcessive coughing 10 minutes after waking upFuzzy sinus headache every morningSore throat every morningBloated stomachExtremely tight chest (Has an inhaler for the asthma)Mid-day Symptoms:Fuzzy headache throughout the dayExtreme fatigue around 3pm every dayEnd-of-day Symptoms:Headache increases to be unbearable.",
            "ner_chunk": "Mucus",
            "begin": 27,
            "end": 31,
            "ner_label": "Symptom",
            "assertion": "Present_Or_Past",
            "assertion_confidence": "0.6619"
        },
        {
            "document": "Morning Symptoms:Excessive Mucus build upExcessive coughing 10 minutes after waking upFuzzy sinus headache every morningSore throat every morningBloated stomachExtremely tight chest (Has an inhaler for the asthma)Mid-day Symptoms:Fuzzy headache throughout the dayExtreme fatigue around 3pm every dayEnd-of-day Symptoms:Headache increases to be unbearable.",
            "ner_chunk": "upExcessive coughing",
            "begin": 39,
            "end": 58,
            "ner_label": "Symptom",
            "assertion": "Present_Or_Past",
            "assertion_confidence": "0.7727"
        },
        {
            "document": "Morning Symptoms:Excessive Mucus build upExcessive coughing 10 minutes after waking upFuzzy sinus headache every morningSore throat every morningBloated stomachExtremely tight chest (Has an inhaler for the asthma)Mid-day Symptoms:Fuzzy headache throughout the dayExtreme fatigue around 3pm every dayEnd-of-day Symptoms:Headache increases to be unbearable.",
            "ner_chunk": "sinus headache",
            "begin": 92,
            "end": 105,
            "ner_label": "Symptom",
            "assertion": "Present_Or_Past",
            "assertion_confidence": "0.9907"
        },
        {
            "document": "Morning Symptoms:Excessive Mucus build upExcessive coughing 10 minutes after waking upFuzzy sinus headache every morningSore throat every morningBloated stomachExtremely tight chest (Has an inhaler for the asthma)Mid-day Symptoms:Fuzzy headache throughout the dayExtreme fatigue around 3pm every dayEnd-of-day Symptoms:Headache increases to be unbearable.",
            "ner_chunk": "morningSore throat",
            "begin": 113,
            "end": 130,
            "ner_label": "Symptom",
            "assertion": "Present_Or_Past",
            "assertion_confidence": "0.9892"
        },
        {
            "document": "Morning Symptoms:Excessive Mucus build upExcessive coughing 10 minutes after waking upFuzzy sinus headache every morningSore throat every morningBloated stomachExtremely tight chest (Has an inhaler for the asthma)Mid-day Symptoms:Fuzzy headache throughout the dayExtreme fatigue around 3pm every dayEnd-of-day Symptoms:Headache increases to be unbearable.",
            "ner_chunk": "morningBloated stomachExtremely tight",
            "begin": 138,
            "end": 174,
            "ner_label": "Symptom",
            "assertion": "Present_Or_Past",
            "assertion_confidence": "0.9973"
        },
        {
            "document": "Morning Symptoms:Excessive Mucus build upExcessive coughing 10 minutes after waking upFuzzy sinus headache every morningSore throat every morningBloated stomachExtremely tight chest (Has an inhaler for the asthma)Mid-day Symptoms:Fuzzy headache throughout the dayExtreme fatigue around 3pm every dayEnd-of-day Symptoms:Headache increases to be unbearable.",
            "ner_chunk": "Symptoms:Fuzzy headache",
            "begin": 221,
            "end": 243,
            "ner_label": "Symptom",
            "assertion": "Present_Or_Past",
            "assertion_confidence": "0.9322"
        },
        {
            "document": "Morning Symptoms:Excessive Mucus build upExcessive coughing 10 minutes after waking upFuzzy sinus headache every morningSore throat every morningBloated stomachExtremely tight chest (Has an inhaler for the asthma)Mid-day Symptoms:Fuzzy headache throughout the dayExtreme fatigue around 3pm every dayEnd-of-day Symptoms:Headache increases to be unbearable.",
            "ner_chunk": "fatigue",
            "begin": 271,
            "end": 277,
            "ner_label": "Symptom",
            "assertion": "Present_Or_Past",
            "assertion_confidence": "0.8398"
        },
        {
            "document": "Morning Symptoms:Excessive Mucus build upExcessive coughing 10 minutes after waking upFuzzy sinus headache every morningSore throat every morningBloated stomachExtremely tight chest (Has an inhaler for the asthma)Mid-day Symptoms:Fuzzy headache throughout the dayExtreme fatigue around 3pm every dayEnd-of-day Symptoms:Headache increases to be unbearable.",
            "ner_chunk": "unbearable",
            "begin": 344,
            "end": 353,
            "ner_label": "Symptom",
            "assertion": "Hypothetical_Or_Absent",
            "assertion_confidence": "0.7927"
        }
    ],
    "relation_predictions": [
        {
            "document": "My nose is dry most of the time, when my nose is not dry, I have to clear it of hard mucus \u2013 when I do that, it makes my nose throb.",
            "ner_chunk1": "nose",
            "ner_chunk1_begin": "3",
            "ner_chunk1_end": "6",
            "ner_label1": "BodyPart",
            "ner_chunk2": "dry",
            "ner_chunk2_begin": "11",
            "ner_chunk2_end": "13",
            "ner_label2": "Symptom",
            "relation": "BodyPart-Symptom",
            "relation_confidence": "1.0"
        },
        {
            "document": "My nose is dry most of the time, when my nose is not dry, I have to clear it of hard mucus \u2013 when I do that, it makes my nose throb.",
            "ner_chunk1": "nose",
            "ner_chunk1_begin": "3",
            "ner_chunk1_end": "6",
            "ner_label1": "BodyPart",
            "ner_chunk2": "dry",
            "ner_chunk2_begin": "53",
            "ner_chunk2_end": "55",
            "ner_label2": "Symptom",
            "relation": "BodyPart-Symptom",
            "relation_confidence": "1.0"
        },
        {
            "document": "My nose is dry most of the time, when my nose is not dry, I have to clear it of hard mucus \u2013 when I do that, it makes my nose throb.",
            "ner_chunk1": "dry",
            "ner_chunk1_begin": "11",
            "ner_chunk1_end": "13",
            "ner_label1": "Symptom",
            "ner_chunk2": "nose",
            "ner_chunk2_begin": "41",
            "ner_chunk2_end": "44",
            "ner_label2": "BodyPart",
            "relation": "Symptom-BodyPart",
            "relation_confidence": "1.0"
        },
        {
            "document": "My nose is dry most of the time, when my nose is not dry, I have to clear it of hard mucus \u2013 when I do that, it makes my nose throb.",
            "ner_chunk1": "nose",
            "ner_chunk1_begin": "41",
            "ner_chunk1_end": "44",
            "ner_label1": "BodyPart",
            "ner_chunk2": "dry",
            "ner_chunk2_begin": "53",
            "ner_chunk2_end": "55",
            "ner_label2": "Symptom",
            "relation": "BodyPart-Symptom",
            "relation_confidence": "1.0"
        },
        {
            "document": "Morning Symptoms:Excessive Mucus build upExcessive coughing 10 minutes after waking upFuzzy sinus headache every morningSore throat every morningBloated stomachExtremely tight chest (Has an inhaler for the asthma)Mid-day Symptoms:Fuzzy headache throughout the dayExtreme fatigue around 3pm every dayEnd-of-day Symptoms:Headache increases to be unbearable.",
            "ner_chunk1": "sinus headache",
            "ner_chunk1_begin": "92",
            "ner_chunk1_end": "105",
            "ner_label1": "Symptom",
            "ner_chunk2": "chest",
            "ner_chunk2_begin": "176",
            "ner_chunk2_end": "180",
            "ner_label2": "BodyPart",
            "relation": "Symptom-BodyPart",
            "relation_confidence": "1.0"
        },
        {
            "document": "Morning Symptoms:Excessive Mucus build upExcessive coughing 10 minutes after waking upFuzzy sinus headache every morningSore throat every morningBloated stomachExtremely tight chest (Has an inhaler for the asthma)Mid-day Symptoms:Fuzzy headache throughout the dayExtreme fatigue around 3pm every dayEnd-of-day Symptoms:Headache increases to be unbearable.",
            "ner_chunk1": "morningSore throat",
            "ner_chunk1_begin": "113",
            "ner_chunk1_end": "130",
            "ner_label1": "Symptom",
            "ner_chunk2": "chest",
            "ner_chunk2_begin": "176",
            "ner_chunk2_end": "180",
            "ner_label2": "BodyPart",
            "relation": "Symptom-BodyPart",
            "relation_confidence": "1.0"
        },
        {
            "document": "Morning Symptoms:Excessive Mucus build upExcessive coughing 10 minutes after waking upFuzzy sinus headache every morningSore throat every morningBloated stomachExtremely tight chest (Has an inhaler for the asthma)Mid-day Symptoms:Fuzzy headache throughout the dayExtreme fatigue around 3pm every dayEnd-of-day Symptoms:Headache increases to be unbearable.",
            "ner_chunk1": "morningBloated stomachExtremely tight",
            "ner_chunk1_begin": "138",
            "ner_chunk1_end": "174",
            "ner_label1": "Symptom",
            "ner_chunk2": "chest",
            "ner_chunk2_begin": "176",
            "ner_chunk2_end": "180",
            "ner_label2": "BodyPart",
            "relation": "Symptom-BodyPart",
            "relation_confidence": "1.0"
        },
        {
            "document": "Morning Symptoms:Excessive Mucus build upExcessive coughing 10 minutes after waking upFuzzy sinus headache every morningSore throat every morningBloated stomachExtremely tight chest (Has an inhaler for the asthma)Mid-day Symptoms:Fuzzy headache throughout the dayExtreme fatigue around 3pm every dayEnd-of-day Symptoms:Headache increases to be unbearable.",
            "ner_chunk1": "chest",
            "ner_chunk1_begin": "176",
            "ner_chunk1_end": "180",
            "ner_label1": "BodyPart",
            "ner_chunk2": "Symptoms:Fuzzy headache",
            "ner_chunk2_begin": "221",
            "ner_chunk2_end": "243",
            "ner_label2": "Symptom",
            "relation": "BodyPart-Symptom",
            "relation_confidence": "1.0"
        },
        {
            "document": "Morning Symptoms:Excessive Mucus build upExcessive coughing 10 minutes after waking upFuzzy sinus headache every morningSore throat every morningBloated stomachExtremely tight chest (Has an inhaler for the asthma)Mid-day Symptoms:Fuzzy headache throughout the dayExtreme fatigue around 3pm every dayEnd-of-day Symptoms:Headache increases to be unbearable.",
            "ner_chunk1": "asthma)Mid-day",
            "ner_chunk1_begin": "206",
            "ner_chunk1_end": "219",
            "ner_label1": "Modifier",
            "ner_chunk2": "Symptoms:Fuzzy headache",
            "ner_chunk2_begin": "221",
            "ner_chunk2_end": "243",
            "ner_label2": "Symptom",
            "relation": "Modifier-Symptom",
            "relation_confidence": "1.0"
        },
        {
            "document": "Morning Symptoms:Excessive Mucus build upExcessive coughing 10 minutes after waking upFuzzy sinus headache every morningSore throat every morningBloated stomachExtremely tight chest (Has an inhaler for the asthma)Mid-day Symptoms:Fuzzy headache throughout the dayExtreme fatigue around 3pm every dayEnd-of-day Symptoms:Headache increases to be unbearable.",
            "ner_chunk1": "asthma)Mid-day",
            "ner_chunk1_begin": "206",
            "ner_chunk1_end": "219",
            "ner_label1": "Modifier",
            "ner_chunk2": "fatigue",
            "ner_chunk2_begin": "271",
            "ner_chunk2_end": "277",
            "ner_label2": "Symptom",
            "relation": "Modifier-Symptom",
            "relation_confidence": "1.0"
        },
        {
            "document": "Morning Symptoms:Excessive Mucus build upExcessive coughing 10 minutes after waking upFuzzy sinus headache every morningSore throat every morningBloated stomachExtremely tight chest (Has an inhaler for the asthma)Mid-day Symptoms:Fuzzy headache throughout the dayExtreme fatigue around 3pm every dayEnd-of-day Symptoms:Headache increases to be unbearable.",
            "ner_chunk1": "asthma)Mid-day",
            "ner_chunk1_begin": "206",
            "ner_chunk1_end": "219",
            "ner_label1": "Modifier",
            "ner_chunk2": "unbearable",
            "ner_chunk2_begin": "344",
            "ner_chunk2_end": "353",
            "ner_label2": "Symptom",
            "relation": "Modifier-Symptom",
            "relation_confidence": "1.0"
        }
    ]
}