{
    "ner_predictions": [
        {
            "document": "The patient is a 40-year-old white male who presents with a chief complaint of 'chest pain'. The patient is diabetic and has a prior history of coronary artery disease. The patient presents today stating that chest pain started yesterday evening. He has been advised Aspirin 81 milligrams QDay. insulin 50 units in a.m. HCTZ 50 mg QDay. Nitroglycerin 1/150 sublingually.",
            "ner_chunk": "Aspirin",
            "begin": 267,
            "end": 273,
            "ner_label": "DRUG",
            "ner_confidence": "0.9816"
        },
        {
            "document": "The patient is a 40-year-old white male who presents with a chief complaint of 'chest pain'. The patient is diabetic and has a prior history of coronary artery disease. The patient presents today stating that chest pain started yesterday evening. He has been advised Aspirin 81 milligrams QDay. insulin 50 units in a.m. HCTZ 50 mg QDay. Nitroglycerin 1/150 sublingually.",
            "ner_chunk": "81 milligrams",
            "begin": 275,
            "end": 287,
            "ner_label": "STRENGTH",
            "ner_confidence": "0.81974995"
        },
        {
            "document": "The patient is a 40-year-old white male who presents with a chief complaint of 'chest pain'. The patient is diabetic and has a prior history of coronary artery disease. The patient presents today stating that chest pain started yesterday evening. He has been advised Aspirin 81 milligrams QDay. insulin 50 units in a.m. HCTZ 50 mg QDay. Nitroglycerin 1/150 sublingually.",
            "ner_chunk": "QDay",
            "begin": 289,
            "end": 292,
            "ner_label": "FREQUENCY",
            "ner_confidence": "0.9916"
        },
        {
            "document": "The patient is a 40-year-old white male who presents with a chief complaint of 'chest pain'. The patient is diabetic and has a prior history of coronary artery disease. The patient presents today stating that chest pain started yesterday evening. He has been advised Aspirin 81 milligrams QDay. insulin 50 units in a.m. HCTZ 50 mg QDay. Nitroglycerin 1/150 sublingually.",
            "ner_chunk": "insulin",
            "begin": 295,
            "end": 301,
            "ner_label": "DRUG",
            "ner_confidence": "0.9998"
        },
        {
            "document": "The patient is a 40-year-old white male who presents with a chief complaint of 'chest pain'. The patient is diabetic and has a prior history of coronary artery disease. The patient presents today stating that chest pain started yesterday evening. He has been advised Aspirin 81 milligrams QDay. insulin 50 units in a.m. HCTZ 50 mg QDay. Nitroglycerin 1/150 sublingually.",
            "ner_chunk": "50 units",
            "begin": 303,
            "end": 310,
            "ner_label": "DOSAGE",
            "ner_confidence": "0.8536"
        },
        {
            "document": "The patient is a 40-year-old white male who presents with a chief complaint of 'chest pain'. The patient is diabetic and has a prior history of coronary artery disease. The patient presents today stating that chest pain started yesterday evening. He has been advised Aspirin 81 milligrams QDay. insulin 50 units in a.m. HCTZ 50 mg QDay. Nitroglycerin 1/150 sublingually.",
            "ner_chunk": "in a.m",
            "begin": 312,
            "end": 317,
            "ner_label": "FREQUENCY",
            "ner_confidence": "0.66085005"
        },
        {
            "document": "The patient is a 40-year-old white male who presents with a chief complaint of 'chest pain'. The patient is diabetic and has a prior history of coronary artery disease. The patient presents today stating that chest pain started yesterday evening. He has been advised Aspirin 81 milligrams QDay. insulin 50 units in a.m. HCTZ 50 mg QDay. Nitroglycerin 1/150 sublingually.",
            "ner_chunk": "HCTZ",
            "begin": 320,
            "end": 323,
            "ner_label": "DRUG",
            "ner_confidence": "0.9948"
        },
        {
            "document": "The patient is a 40-year-old white male who presents with a chief complaint of 'chest pain'. The patient is diabetic and has a prior history of coronary artery disease. The patient presents today stating that chest pain started yesterday evening. He has been advised Aspirin 81 milligrams QDay. insulin 50 units in a.m. HCTZ 50 mg QDay. Nitroglycerin 1/150 sublingually.",
            "ner_chunk": "50 mg",
            "begin": 325,
            "end": 329,
            "ner_label": "STRENGTH",
            "ner_confidence": "0.948"
        },
        {
            "document": "The patient is a 40-year-old white male who presents with a chief complaint of 'chest pain'. The patient is diabetic and has a prior history of coronary artery disease. The patient presents today stating that chest pain started yesterday evening. He has been advised Aspirin 81 milligrams QDay. insulin 50 units in a.m. HCTZ 50 mg QDay. Nitroglycerin 1/150 sublingually.",
            "ner_chunk": "QDay",
            "begin": 331,
            "end": 334,
            "ner_label": "FREQUENCY",
            "ner_confidence": "0.9985"
        },
        {
            "document": "The patient is a 40-year-old white male who presents with a chief complaint of 'chest pain'. The patient is diabetic and has a prior history of coronary artery disease. The patient presents today stating that chest pain started yesterday evening. He has been advised Aspirin 81 milligrams QDay. insulin 50 units in a.m. HCTZ 50 mg QDay. Nitroglycerin 1/150 sublingually.",
            "ner_chunk": "Nitroglycerin",
            "begin": 337,
            "end": 349,
            "ner_label": "DRUG",
            "ner_confidence": "0.9994"
        },
        {
            "document": "The patient is a 40-year-old white male who presents with a chief complaint of 'chest pain'. The patient is diabetic and has a prior history of coronary artery disease. The patient presents today stating that chest pain started yesterday evening. He has been advised Aspirin 81 milligrams QDay. insulin 50 units in a.m. HCTZ 50 mg QDay. Nitroglycerin 1/150 sublingually.",
            "ner_chunk": "1/150",
            "begin": 351,
            "end": 355,
            "ner_label": "STRENGTH",
            "ner_confidence": "0.8967"
        },
        {
            "document": "The patient is a 40-year-old white male who presents with a chief complaint of 'chest pain'. The patient is diabetic and has a prior history of coronary artery disease. The patient presents today stating that chest pain started yesterday evening. He has been advised Aspirin 81 milligrams QDay. insulin 50 units in a.m. HCTZ 50 mg QDay. Nitroglycerin 1/150 sublingually.",
            "ner_chunk": "sublingually",
            "begin": 357,
            "end": 368,
            "ner_label": "ROUTE",
            "ner_confidence": "0.9816"
        }
    ],
    "assertion_predictions": [
        {
            "document": "The patient is a 40-year-old white male who presents with a chief complaint of 'chest pain'. The patient is diabetic and has a prior history of coronary artery disease. The patient presents today stating that chest pain started yesterday evening. He has been advised Aspirin 81 milligrams QDay. insulin 50 units in a.m. HCTZ 50 mg QDay. Nitroglycerin 1/150 sublingually.",
            "ner_chunk": "Aspirin",
            "begin": 267,
            "end": 273,
            "ner_label": "DRUG",
            "assertion": "Planned"
        },
        {
            "document": "The patient is a 40-year-old white male who presents with a chief complaint of 'chest pain'. The patient is diabetic and has a prior history of coronary artery disease. The patient presents today stating that chest pain started yesterday evening. He has been advised Aspirin 81 milligrams QDay. insulin 50 units in a.m. HCTZ 50 mg QDay. Nitroglycerin 1/150 sublingually.",
            "ner_chunk": "insulin",
            "begin": 295,
            "end": 301,
            "ner_label": "DRUG",
            "assertion": "Planned"
        },
        {
            "document": "The patient is a 40-year-old white male who presents with a chief complaint of 'chest pain'. The patient is diabetic and has a prior history of coronary artery disease. The patient presents today stating that chest pain started yesterday evening. He has been advised Aspirin 81 milligrams QDay. insulin 50 units in a.m. HCTZ 50 mg QDay. Nitroglycerin 1/150 sublingually.",
            "ner_chunk": "HCTZ",
            "begin": 320,
            "end": 323,
            "ner_label": "DRUG",
            "assertion": "Planned"
        },
        {
            "document": "The patient is a 40-year-old white male who presents with a chief complaint of 'chest pain'. The patient is diabetic and has a prior history of coronary artery disease. The patient presents today stating that chest pain started yesterday evening. He has been advised Aspirin 81 milligrams QDay. insulin 50 units in a.m. HCTZ 50 mg QDay. Nitroglycerin 1/150 sublingually.",
            "ner_chunk": "Nitroglycerin",
            "begin": 337,
            "end": 349,
            "ner_label": "DRUG",
            "assertion": "Past"
        }
    ],
    "relation_predictions": [
        {
            "document": "The patient is a 40-year-old white male who presents with a chief complaint of 'chest pain'. The patient is diabetic and has a prior history of coronary artery disease. The patient presents today stating that chest pain started yesterday evening. He has been advised Aspirin 81 milligrams QDay. insulin 50 units in a.m. HCTZ 50 mg QDay. Nitroglycerin 1/150 sublingually.",
            "ner_chunk1": "Aspirin",
            "ner_chunk1_begin": "267",
            "ner_chunk1_end": "273",
            "ner_label1": "DRUG",
            "ner_chunk2": "81 milligrams",
            "ner_chunk2_begin": "275",
            "ner_chunk2_end": "287",
            "ner_label2": "STRENGTH",
            "relation": "DRUG-STRENGTH",
            "relation_confidence": "1.0"
        },
        {
            "document": "The patient is a 40-year-old white male who presents with a chief complaint of 'chest pain'. The patient is diabetic and has a prior history of coronary artery disease. The patient presents today stating that chest pain started yesterday evening. He has been advised Aspirin 81 milligrams QDay. insulin 50 units in a.m. HCTZ 50 mg QDay. Nitroglycerin 1/150 sublingually.",
            "ner_chunk1": "Aspirin",
            "ner_chunk1_begin": "267",
            "ner_chunk1_end": "273",
            "ner_label1": "DRUG",
            "ner_chunk2": "QDay",
            "ner_chunk2_begin": "289",
            "ner_chunk2_end": "292",
            "ner_label2": "FREQUENCY",
            "relation": "DRUG-FREQUENCY",
            "relation_confidence": "1.0"
        },
        {
            "document": "The patient is a 40-year-old white male who presents with a chief complaint of 'chest pain'. The patient is diabetic and has a prior history of coronary artery disease. The patient presents today stating that chest pain started yesterday evening. He has been advised Aspirin 81 milligrams QDay. insulin 50 units in a.m. HCTZ 50 mg QDay. Nitroglycerin 1/150 sublingually.",
            "ner_chunk1": "insulin",
            "ner_chunk1_begin": "295",
            "ner_chunk1_end": "301",
            "ner_label1": "DRUG",
            "ner_chunk2": "50 units",
            "ner_chunk2_begin": "303",
            "ner_chunk2_end": "310",
            "ner_label2": "DOSAGE",
            "relation": "DRUG-DOSAGE",
            "relation_confidence": "1.0"
        },
        {
            "document": "The patient is a 40-year-old white male who presents with a chief complaint of 'chest pain'. The patient is diabetic and has a prior history of coronary artery disease. The patient presents today stating that chest pain started yesterday evening. He has been advised Aspirin 81 milligrams QDay. insulin 50 units in a.m. HCTZ 50 mg QDay. Nitroglycerin 1/150 sublingually.",
            "ner_chunk1": "insulin",
            "ner_chunk1_begin": "295",
            "ner_chunk1_end": "301",
            "ner_label1": "DRUG",
            "ner_chunk2": "in a.m",
            "ner_chunk2_begin": "312",
            "ner_chunk2_end": "317",
            "ner_label2": "FREQUENCY",
            "relation": "DRUG-FREQUENCY",
            "relation_confidence": "1.0"
        },
        {
            "document": "The patient is a 40-year-old white male who presents with a chief complaint of 'chest pain'. The patient is diabetic and has a prior history of coronary artery disease. The patient presents today stating that chest pain started yesterday evening. He has been advised Aspirin 81 milligrams QDay. insulin 50 units in a.m. HCTZ 50 mg QDay. Nitroglycerin 1/150 sublingually.",
            "ner_chunk1": "HCTZ",
            "ner_chunk1_begin": "320",
            "ner_chunk1_end": "323",
            "ner_label1": "DRUG",
            "ner_chunk2": "50 mg",
            "ner_chunk2_begin": "325",
            "ner_chunk2_end": "329",
            "ner_label2": "STRENGTH",
            "relation": "DRUG-STRENGTH",
            "relation_confidence": "1.0"
        },
        {
            "document": "The patient is a 40-year-old white male who presents with a chief complaint of 'chest pain'. The patient is diabetic and has a prior history of coronary artery disease. The patient presents today stating that chest pain started yesterday evening. He has been advised Aspirin 81 milligrams QDay. insulin 50 units in a.m. HCTZ 50 mg QDay. Nitroglycerin 1/150 sublingually.",
            "ner_chunk1": "HCTZ",
            "ner_chunk1_begin": "320",
            "ner_chunk1_end": "323",
            "ner_label1": "DRUG",
            "ner_chunk2": "QDay",
            "ner_chunk2_begin": "331",
            "ner_chunk2_end": "334",
            "ner_label2": "FREQUENCY",
            "relation": "DRUG-FREQUENCY",
            "relation_confidence": "1.0"
        },
        {
            "document": "The patient is a 40-year-old white male who presents with a chief complaint of 'chest pain'. The patient is diabetic and has a prior history of coronary artery disease. The patient presents today stating that chest pain started yesterday evening. He has been advised Aspirin 81 milligrams QDay. insulin 50 units in a.m. HCTZ 50 mg QDay. Nitroglycerin 1/150 sublingually.",
            "ner_chunk1": "Nitroglycerin",
            "ner_chunk1_begin": "337",
            "ner_chunk1_end": "349",
            "ner_label1": "DRUG",
            "ner_chunk2": "1/150",
            "ner_chunk2_begin": "351",
            "ner_chunk2_end": "355",
            "ner_label2": "STRENGTH",
            "relation": "DRUG-STRENGTH",
            "relation_confidence": "1.0"
        },
        {
            "document": "The patient is a 40-year-old white male who presents with a chief complaint of 'chest pain'. The patient is diabetic and has a prior history of coronary artery disease. The patient presents today stating that chest pain started yesterday evening. He has been advised Aspirin 81 milligrams QDay. insulin 50 units in a.m. HCTZ 50 mg QDay. Nitroglycerin 1/150 sublingually.",
            "ner_chunk1": "Nitroglycerin",
            "ner_chunk1_begin": "337",
            "ner_chunk1_end": "349",
            "ner_label1": "DRUG",
            "ner_chunk2": "sublingually",
            "ner_chunk2_begin": "357",
            "ner_chunk2_end": "368",
            "ner_label2": "ROUTE",
            "relation": "DRUG-ROUTE",
            "relation_confidence": "1.0"
        }
    ]
}