{
    "predictions": [
        [
            {
                "begin": 56,
                "end": 69,
                "ner_chunk": "adenocarcinoma",
                "ner_label": "CANCER_DX",
                "ner_confidence": "0.9998",
                "concept_code": "C5105",
                "resolution": "colorectal adenocarcinoma",
                "score": 0.9034679532051086,
                "all_codes": [
                    "C5105",
                    "C4349",
                    "C4349",
                    "C4349",
                    "C3512"
                ],
                "all_resolutions": [
                    "colorectal adenocarcinoma",
                    "colon adenocarcinoma",
                    "adenocarcinoma of the colon",
                    "adenocarcinoma of colon",
                    "lung adenocarcinoma"
                ],
                "all_score": [
                    0.9034679532051086,
                    0.894524097442627,
                    0.8823219537734985,
                    0.8813044428825378,
                    0.8766085505485535
                ]
            },
            {
                "begin": 72,
                "end": 82,
                "ner_chunk": "acinar cell",
                "ner_label": "HISTOLOGICAL_TYPE",
                "ner_confidence": "0.98889995",
                "concept_code": "C13077",
                "resolution": "acinar cell",
                "score": 1.0000007152557373,
                "all_codes": [
                    "C13077",
                    "C23979",
                    "C22643",
                    "C23979",
                    "C60313"
                ],
                "all_resolutions": [
                    "acinar cell",
                    "acinar cells",
                    "mouse acinar cell",
                    "murine acinar cells",
                    "acinar carcinoma cell"
                ],
                "all_score": [
                    1.0000007152557373,
                    0.986678957939148,
                    0.9207530617713928,
                    0.9041146636009216,
                    0.8865634202957153
                ]
            },
            {
                "begin": 84,
                "end": 92,
                "ner_chunk": "carcinoma",
                "ner_label": "CANCER_DX",
                "ner_confidence": "0.9992",
                "concept_code": "C2916",
                "resolution": "carcinoma",
                "score": 0.9999991059303284,
                "all_codes": [
                    "C2916",
                    "C4910",
                    "C6077",
                    "C4914",
                    "C6077"
                ],
                "all_resolutions": [
                    "carcinoma",
                    "colon carcinoma",
                    "carcinoma of neck",
                    "carcinoma of skin",
                    "carcinoma of the neck"
                ],
                "all_score": [
                    0.9999991059303284,
                    0.869744062423706,
                    0.8656006455421448,
                    0.8640568852424622,
                    0.8614212274551392
                ]
            },
            {
                "begin": 97,
                "end": 104,
                "ner_chunk": "hepatoid",
                "ner_label": "HISTOLOGICAL_TYPE",
                "ner_confidence": "0.9959",
                "concept_code": "C66950",
                "resolution": "hepatoid carcinoma",
                "score": 0.8407007455825806,
                "all_codes": [
                    "C66950",
                    "C66950",
                    "C95465",
                    "C13308",
                    "C95747"
                ],
                "all_resolutions": [
                    "hepatoid carcinoma",
                    "hepatoid adenocarcinoma",
                    "pancreatic hepatoid carcinoma",
                    "hepatic",
                    "gastric hepatoid adenocarcinoma"
                ],
                "all_score": [
                    0.8407007455825806,
                    0.8229171633720398,
                    0.7699582576751709,
                    0.7680760622024536,
                    0.7676540613174438
                ]
            },
            {
                "begin": 106,
                "end": 130,
                "ner_chunk": "carcinoma of the pancreas",
                "ner_label": "CANCER_DX",
                "ner_confidence": "0.86300004",
                "concept_code": "C3850",
                "resolution": "carcinoma of the pancreas",
                "score": 1.000000238418579,
                "all_codes": [
                    "C3850",
                    "C3850",
                    "C3850",
                    "C3850",
                    "C3850"
                ],
                "all_resolutions": [
                    "carcinoma of the pancreas",
                    "carcinoma of pancreas",
                    "pancreas carcinoma",
                    "pancreatic carcinoma",
                    "cancer of the pancreas"
                ],
                "all_score": [
                    1.000000238418579,
                    0.9960108995437622,
                    0.956427276134491,
                    0.9453885555267334,
                    0.9308969974517822
                ]
            },
            {
                "begin": 172,
                "end": 194,
                "ner_chunk": "neoplastic infiltration",
                "ner_label": "INVASION",
                "ner_confidence": "0.63014996",
                "concept_code": "C187950",
                "resolution": "tumor infiltration pattern",
                "score": 0.8772085905075073,
                "all_codes": [
                    "C187950",
                    "C187950",
                    "C48607",
                    "C137710",
                    "C4194"
                ],
                "all_resolutions": [
                    "tumor infiltration pattern",
                    "tumor infiltration pattern assessment",
                    "infiltrating melanoma",
                    "infiltrative tumor margin present",
                    "infiltrating ductal adenocarcinoma"
                ],
                "all_score": [
                    0.8772085905075073,
                    0.8395975828170776,
                    0.8199583292007446,
                    0.8191666603088379,
                    0.8172265291213989
                ]
            },
            {
                "begin": 222,
                "end": 231,
                "ner_chunk": "perineural",
                "ner_label": "SITE_OTHER_BODY_PART",
                "ner_confidence": "0.8878",
                "concept_code": "C38293",
                "resolution": "perineural use",
                "score": 0.9142981767654419,
                "all_codes": [
                    "C38293",
                    "C66845",
                    "C41407",
                    "C38293",
                    "C41416"
                ],
                "all_resolutions": [
                    "perineural use",
                    "perineural mpnst",
                    "perineural tissue",
                    "perineural route of administration",
                    "perineural cell"
                ],
                "all_score": [
                    0.9142981767654419,
                    0.8962826132774353,
                    0.8755375146865845,
                    0.8609194755554199,
                    0.8605987429618835
                ]
            },
            {
                "begin": 233,
                "end": 240,
                "ner_chunk": "invasion",
                "ner_label": "INVASION",
                "ner_confidence": "0.9605",
                "concept_code": "C20625",
                "resolution": "invasion",
                "score": 1.000000238418579,
                "all_codes": [
                    "C20625",
                    "C14159",
                    "C20625",
                    "C75004",
                    "C150571"
                ],
                "all_resolutions": [
                    "invasion",
                    "invasive",
                    "tumor invasion",
                    "cell invasion",
                    "muscle invasion"
                ],
                "all_score": [
                    1.000000238418579,
                    0.848335862159729,
                    0.8024402856826782,
                    0.7883122563362122,
                    0.7553536295890808
                ]
            },
            {
                "begin": 246,
                "end": 255,
                "ner_chunk": "lymph node",
                "ner_label": "SITE_LYMPH_NODE",
                "ner_confidence": "0.88265",
                "concept_code": "C33769",
                "resolution": "thoracic lymph node",
                "score": 0.8978233933448792,
                "all_codes": [
                    "C33769",
                    "C32298",
                    "C77643",
                    "C176317",
                    "C12358"
                ],
                "all_resolutions": [
                    "thoracic lymph node",
                    "cervical lymph node",
                    "aortic lymph node",
                    "colon lymph node",
                    "head and neck lymph node"
                ],
                "all_score": [
                    0.8978233933448792,
                    0.8929641246795654,
                    0.889636754989624,
                    0.8832467198371887,
                    0.8809458017349243
                ]
            },
            {
                "begin": 257,
                "end": 266,
                "ner_chunk": "metastasis",
                "ner_label": "METASTASIS",
                "ner_confidence": "0.9999",
                "concept_code": "C40557",
                "resolution": "metastases",
                "score": 0.9386347532272339,
                "all_codes": [
                    "C40557",
                    "C7511",
                    "C3577",
                    "C3577",
                    "C36263"
                ],
                "all_resolutions": [
                    "metastases",
                    "breast metastasis",
                    "pulmonary metastasis",
                    "lung metastasis",
                    "metastatic cancer"
                ],
                "all_score": [
                    0.9386347532272339,
                    0.8970050811767578,
                    0.887118935585022,
                    0.8848515748977661,
                    0.8798297643661499
                ]
            }
        ]
    ]
}