[
    {
        "ner_predictions": [
            {
                "ner_chunk": "insulin",
                "begin": 59,
                "end": 65,
                "ner_label": "Drug",
                "ner_confidence": "0.9764"
            },
            {
                "ner_chunk": "diabetes",
                "begin": 77,
                "end": 84,
                "ner_label": "Disease_Syndrome_Disorder",
                "ner_confidence": "0.6342"
            },
            {
                "ner_chunk": "type 2",
                "begin": 87,
                "end": 92,
                "ner_label": "Disease_Syndrome_Disorder",
                "ner_confidence": "0.96895003"
            },
            {
                "ner_chunk": "Bactrim",
                "begin": 120,
                "end": 126,
                "ner_label": "Drug",
                "ner_confidence": "0.999"
            },
            {
                "ner_chunk": "UTI",
                "begin": 144,
                "end": 146,
                "ner_label": "Disease_Syndrome_Disorder",
                "ner_confidence": "0.9903"
            },
            {
                "ner_chunk": "Fragmin",
                "begin": 183,
                "end": 189,
                "ner_label": "Drug",
                "ner_confidence": "0.9984"
            },
            {
                "ner_chunk": "Lantus",
                "begin": 229,
                "end": 234,
                "ner_label": "Drug",
                "ner_confidence": "0.9969"
            }
        ],
        "assertion_predictions": [
            {
                "ner_chunk": "insulin dependent diabetes",
                "begin": 59,
                "end": 84,
                "ner_label": "Disease_Syndrome_Disorder",
                "assertion": "Hypothetical_Or_Absent",
                "assertion_confidence": "0.5407"
            },
            {
                "ner_chunk": "type 2",
                "begin": 87,
                "end": 92,
                "ner_label": "Disease_Syndrome_Disorder",
                "assertion": "Hypothetical_Or_Absent",
                "assertion_confidence": "0.7708"
            },
            {
                "ner_chunk": "UTI",
                "begin": 144,
                "end": 146,
                "ner_label": "Disease_Syndrome_Disorder",
                "assertion": "Hypothetical_Or_Absent",
                "assertion_confidence": "0.6465"
            }
        ],
        "relation_predictions": [
            {
                "ner_chunk1": "insulin",
                "ner_chunk1_begin": "59",
                "ner_chunk1_end": "65",
                "ner_label1": "Drug",
                "ner_chunk2": "diabetes",
                "ner_chunk2_begin": "77",
                "ner_chunk2_end": "84",
                "ner_label2": "Disease_Syndrome_Disorder",
                "relations": "Drug-Disease_Syndrome_Disorder",
                "relation_confidence": "1.0"
            },
            {
                "ner_chunk1": "insulin",
                "ner_chunk1_begin": "59",
                "ner_chunk1_end": "65",
                "ner_label1": "Drug",
                "ner_chunk2": "type 2",
                "ner_chunk2_begin": "87",
                "ner_chunk2_end": "92",
                "ner_label2": "Disease_Syndrome_Disorder",
                "relations": "Drug-Disease_Syndrome_Disorder",
                "relation_confidence": "1.0"
            },
            {
                "ner_chunk1": "Bactrim",
                "ner_chunk1_begin": "120",
                "ner_chunk1_end": "126",
                "ner_label1": "Drug",
                "ner_chunk2": "UTI",
                "ner_chunk2_begin": "144",
                "ner_chunk2_end": "146",
                "ner_label2": "Disease_Syndrome_Disorder",
                "relations": "Drug-Disease_Syndrome_Disorder",
                "relation_confidence": "1.0"
            }
        ]
    },
    {
        "ner_predictions": [
            {
                "ner_chunk": "hypertension",
                "begin": 52,
                "end": 63,
                "ner_label": "Disease_Syndrome_Disorder",
                "ner_confidence": "0.9997"
            },
            {
                "ner_chunk": "generalized anxiety disorder",
                "begin": 66,
                "end": 93,
                "ner_label": "Mental_Health",
                "ner_confidence": "0.4836"
            },
            {
                "ner_chunk": "major depressive disorder",
                "begin": 96,
                "end": 120,
                "ner_label": "Psychological_Condition",
                "ner_confidence": "0.8868666"
            },
            {
                "ner_chunk": "childhood trauma",
                "begin": 123,
                "end": 138,
                "ner_label": "Disease_Syndrome_Disorder",
                "ner_confidence": "0.57405"
            },
            {
                "ner_chunk": "smoking",
                "begin": 141,
                "end": 147,
                "ner_label": "Smoking",
                "ner_confidence": "0.9887"
            },
            {
                "ner_chunk": "alcohol",
                "begin": 150,
                "end": 156,
                "ner_label": "Alcohol",
                "ner_confidence": "0.9946"
            },
            {
                "ner_chunk": "cocaine",
                "begin": 159,
                "end": 165,
                "ner_label": "Drug",
                "ner_confidence": "0.8971"
            },
            {
                "ner_chunk": "marijuana",
                "begin": 172,
                "end": 180,
                "ner_label": "Substance",
                "ner_confidence": "0.995"
            },
            {
                "ner_chunk": "anxiety",
                "begin": 213,
                "end": 219,
                "ner_label": "Psychological_Condition",
                "ner_confidence": "0.9704"
            },
            {
                "ner_chunk": "restlessness",
                "begin": 222,
                "end": 233,
                "ner_label": "Mental_Health",
                "ner_confidence": "0.8826"
            },
            {
                "ner_chunk": "poor sleep",
                "begin": 286,
                "end": 295,
                "ner_label": "Mental_Health",
                "ner_confidence": "0.4207"
            },
            {
                "ner_chunk": "sertraline",
                "begin": 358,
                "end": 367,
                "ner_label": "Drug",
                "ner_confidence": "0.9969"
            },
            {
                "ner_chunk": "propranolol",
                "begin": 383,
                "end": 393,
                "ner_label": "Drug",
                "ner_confidence": "0.9986"
            },
            {
                "ner_chunk": "lisinopril",
                "begin": 418,
                "end": 427,
                "ner_label": "Drug",
                "ner_confidence": "0.9996"
            },
            {
                "ner_chunk": "suicidal ideation",
                "begin": 453,
                "end": 469,
                "ner_label": "Mental_Health",
                "ner_confidence": "0.7844"
            }
        ],
        "assertion_predictions": [
            {
                "ner_chunk": "hypertension",
                "begin": 52,
                "end": 63,
                "ner_label": "Disease_Syndrome_Disorder",
                "assertion": "Present_Or_Past",
                "assertion_confidence": "0.8814"
            },
            {
                "ner_chunk": "generalized anxiety disorder",
                "begin": 66,
                "end": 93,
                "ner_label": "Mental_Health",
                "assertion": "Present_Or_Past",
                "assertion_confidence": "0.9048"
            },
            {
                "ner_chunk": "major depressive disorder",
                "begin": 96,
                "end": 120,
                "ner_label": "Psychological_Condition",
                "assertion": "Present_Or_Past",
                "assertion_confidence": "0.9006"
            },
            {
                "ner_chunk": "childhood trauma",
                "begin": 123,
                "end": 138,
                "ner_label": "Disease_Syndrome_Disorder",
                "assertion": "Present_Or_Past",
                "assertion_confidence": "0.8195"
            },
            {
                "ner_chunk": "smoking",
                "begin": 141,
                "end": 147,
                "ner_label": "Smoking",
                "assertion": "Present_Or_Past",
                "assertion_confidence": "0.88"
            },
            {
                "ner_chunk": "alcohol",
                "begin": 150,
                "end": 156,
                "ner_label": "Alcohol",
                "assertion": "Present_Or_Past",
                "assertion_confidence": "0.8799"
            },
            {
                "ner_chunk": "cocaine",
                "begin": 159,
                "end": 165,
                "ner_label": "Substance",
                "assertion": "Present_Or_Past",
                "assertion_confidence": "0.8798"
            },
            {
                "ner_chunk": "marijuana use",
                "begin": 172,
                "end": 184,
                "ner_label": "Substance",
                "assertion": "Present_Or_Past",
                "assertion_confidence": "0.883"
            },
            {
                "ner_chunk": "anxiety",
                "begin": 213,
                "end": 219,
                "ner_label": "Psychological_Condition",
                "assertion": "Present_Or_Past",
                "assertion_confidence": "0.8795"
            },
            {
                "ner_chunk": "restlessness",
                "begin": 222,
                "end": 233,
                "ner_label": "Mental_Health",
                "assertion": "Present_Or_Past",
                "assertion_confidence": "0.8794"
            },
            {
                "ner_chunk": "poor sleep",
                "begin": 286,
                "end": 295,
                "ner_label": "Mental_Health",
                "assertion": "Present_Or_Past",
                "assertion_confidence": "0.8788"
            },
            {
                "ner_chunk": "suicidal ideation",
                "begin": 453,
                "end": 469,
                "ner_label": "Mental_Health",
                "assertion": "Hypothetical_Or_Absent",
                "assertion_confidence": "0.6815"
            }
        ],
        "relation_predictions": [
            {
                "ner_chunk1": "hypertension",
                "ner_chunk1_begin": "52",
                "ner_chunk1_end": "63",
                "ner_label1": "Disease_Syndrome_Disorder",
                "ner_chunk2": "sertraline",
                "ner_chunk2_begin": "358",
                "ner_chunk2_end": "367",
                "ner_label2": "Drug",
                "relations": "Disease_Syndrome_Disorder-Drug",
                "relation_confidence": "1.0"
            },
            {
                "ner_chunk1": "generalized anxiety disorder",
                "ner_chunk1_begin": "66",
                "ner_chunk1_end": "93",
                "ner_label1": "Mental_Health",
                "ner_chunk2": "sertraline",
                "ner_chunk2_begin": "358",
                "ner_chunk2_end": "367",
                "ner_label2": "Drug",
                "relations": "Mental_Health-Drug",
                "relation_confidence": "1.0"
            },
            {
                "ner_chunk1": "childhood trauma",
                "ner_chunk1_begin": "123",
                "ner_chunk1_end": "138",
                "ner_label1": "Disease_Syndrome_Disorder",
                "ner_chunk2": "cocaine",
                "ner_chunk2_begin": "159",
                "ner_chunk2_end": "165",
                "ner_label2": "Drug",
                "relations": "Disease_Syndrome_Disorder-Drug",
                "relation_confidence": "1.0"
            },
            {
                "ner_chunk1": "anxiety",
                "ner_chunk1_begin": "213",
                "ner_chunk1_end": "219",
                "ner_label1": "Psychological_Condition",
                "ner_chunk2": "sertraline",
                "ner_chunk2_begin": "358",
                "ner_chunk2_end": "367",
                "ner_label2": "Drug",
                "relations": "Psychological_Condition-Drug",
                "relation_confidence": "1.0"
            },
            {
                "ner_chunk1": "restlessness",
                "ner_chunk1_begin": "222",
                "ner_chunk1_end": "233",
                "ner_label1": "Mental_Health",
                "ner_chunk2": "sertraline",
                "ner_chunk2_begin": "358",
                "ner_chunk2_end": "367",
                "ner_label2": "Drug",
                "relations": "Mental_Health-Drug",
                "relation_confidence": "1.0"
            },
            {
                "ner_chunk1": "lisinopril",
                "ner_chunk1_begin": "418",
                "ner_chunk1_end": "427",
                "ner_label1": "Drug",
                "ner_chunk2": "suicidal ideation",
                "ner_chunk2_begin": "453",
                "ner_chunk2_end": "469",
                "ner_label2": "Mental_Health",
                "relations": "Drug-Mental_Health",
                "relation_confidence": "1.0"
            }
        ]
    }
]