{
    "predictions": [
        {
            "text": "49808004 231494001 38341003",
            "snomed_code": "49808004",
            "begin": 0,
            "end": 7,
            "icd10cm_code": "R54"
        },
        {
            "text": "49808004 231494001 38341003",
            "snomed_code": "231494001",
            "begin": 9,
            "end": 17,
            "icd10cm_code": "F30.9"
        },
        {
            "text": "49808004 231494001 38341003",
            "snomed_code": "38341003",
            "begin": 19,
            "end": 26,
            "icd10cm_code": "P29.2"
        }
    ]
}