{
    "predictions": [
        {
            "document": "Incision was about 2.5 cm long between the cephalic veinand the distal part of the forearm and the radial artery Incision was deepened down through the subcutaneous fascia. The vein was identified, dissected for a good length, and then the artery was identified and dissected. Heparin 5000 units was given. The artery clamped proximally and distally, opened up in the middle. It was found to have monckeberg's arteriosclerosis of a moderate intensity. The vein was of good caliber and size.\n    The vein was clipped distally, fashioned to size and shape, and arteriotomy created in the distal radial artery and end-to-side anastomosis was performed using 7-0 Prolene and bled prior to tying it down. Thrill was immediately felt and heard.",
            "ner_chunk": "forearm",
            "begin": 83,
            "end": 89,
            "ner_label": "Organism_subdivision",
            "ner_confidence": "0.8132"
        },
        {
            "document": "Incision was about 2.5 cm long between the cephalic veinand the distal part of the forearm and the radial artery Incision was deepened down through the subcutaneous fascia. The vein was identified, dissected for a good length, and then the artery was identified and dissected. Heparin 5000 units was given. The artery clamped proximally and distally, opened up in the middle. It was found to have monckeberg's arteriosclerosis of a moderate intensity. The vein was of good caliber and size.\n    The vein was clipped distally, fashioned to size and shape, and arteriotomy created in the distal radial artery and end-to-side anastomosis was performed using 7-0 Prolene and bled prior to tying it down. Thrill was immediately felt and heard.",
            "ner_chunk": "radial artery Incision",
            "begin": 99,
            "end": 120,
            "ner_label": "Multi-tissue_structure",
            "ner_confidence": "0.8286333"
        },
        {
            "document": "Incision was about 2.5 cm long between the cephalic veinand the distal part of the forearm and the radial artery Incision was deepened down through the subcutaneous fascia. The vein was identified, dissected for a good length, and then the artery was identified and dissected. Heparin 5000 units was given. The artery clamped proximally and distally, opened up in the middle. It was found to have monckeberg's arteriosclerosis of a moderate intensity. The vein was of good caliber and size.\n    The vein was clipped distally, fashioned to size and shape, and arteriotomy created in the distal radial artery and end-to-side anastomosis was performed using 7-0 Prolene and bled prior to tying it down. Thrill was immediately felt and heard.",
            "ner_chunk": "subcutaneous fascia",
            "begin": 152,
            "end": 170,
            "ner_label": "Multi-tissue_structure",
            "ner_confidence": "0.97835004"
        },
        {
            "document": "Incision was about 2.5 cm long between the cephalic veinand the distal part of the forearm and the radial artery Incision was deepened down through the subcutaneous fascia. The vein was identified, dissected for a good length, and then the artery was identified and dissected. Heparin 5000 units was given. The artery clamped proximally and distally, opened up in the middle. It was found to have monckeberg's arteriosclerosis of a moderate intensity. The vein was of good caliber and size.\n    The vein was clipped distally, fashioned to size and shape, and arteriotomy created in the distal radial artery and end-to-side anastomosis was performed using 7-0 Prolene and bled prior to tying it down. Thrill was immediately felt and heard.",
            "ner_chunk": "vein",
            "begin": 177,
            "end": 180,
            "ner_label": "Multi-tissue_structure",
            "ner_confidence": "0.9994"
        },
        {
            "document": "Incision was about 2.5 cm long between the cephalic veinand the distal part of the forearm and the radial artery Incision was deepened down through the subcutaneous fascia. The vein was identified, dissected for a good length, and then the artery was identified and dissected. Heparin 5000 units was given. The artery clamped proximally and distally, opened up in the middle. It was found to have monckeberg's arteriosclerosis of a moderate intensity. The vein was of good caliber and size.\n    The vein was clipped distally, fashioned to size and shape, and arteriotomy created in the distal radial artery and end-to-side anastomosis was performed using 7-0 Prolene and bled prior to tying it down. Thrill was immediately felt and heard.",
            "ner_chunk": "artery",
            "begin": 240,
            "end": 245,
            "ner_label": "Multi-tissue_structure",
            "ner_confidence": "0.9998"
        },
        {
            "document": "Incision was about 2.5 cm long between the cephalic veinand the distal part of the forearm and the radial artery Incision was deepened down through the subcutaneous fascia. The vein was identified, dissected for a good length, and then the artery was identified and dissected. Heparin 5000 units was given. The artery clamped proximally and distally, opened up in the middle. It was found to have monckeberg's arteriosclerosis of a moderate intensity. The vein was of good caliber and size.\n    The vein was clipped distally, fashioned to size and shape, and arteriotomy created in the distal radial artery and end-to-side anastomosis was performed using 7-0 Prolene and bled prior to tying it down. Thrill was immediately felt and heard.",
            "ner_chunk": "artery",
            "begin": 311,
            "end": 316,
            "ner_label": "Multi-tissue_structure",
            "ner_confidence": "0.9997"
        },
        {
            "document": "Incision was about 2.5 cm long between the cephalic veinand the distal part of the forearm and the radial artery Incision was deepened down through the subcutaneous fascia. The vein was identified, dissected for a good length, and then the artery was identified and dissected. Heparin 5000 units was given. The artery clamped proximally and distally, opened up in the middle. It was found to have monckeberg's arteriosclerosis of a moderate intensity. The vein was of good caliber and size.\n    The vein was clipped distally, fashioned to size and shape, and arteriotomy created in the distal radial artery and end-to-side anastomosis was performed using 7-0 Prolene and bled prior to tying it down. Thrill was immediately felt and heard.",
            "ner_chunk": "vein",
            "begin": 456,
            "end": 459,
            "ner_label": "Multi-tissue_structure",
            "ner_confidence": "0.9995"
        },
        {
            "document": "Incision was about 2.5 cm long between the cephalic veinand the distal part of the forearm and the radial artery Incision was deepened down through the subcutaneous fascia. The vein was identified, dissected for a good length, and then the artery was identified and dissected. Heparin 5000 units was given. The artery clamped proximally and distally, opened up in the middle. It was found to have monckeberg's arteriosclerosis of a moderate intensity. The vein was of good caliber and size.\n    The vein was clipped distally, fashioned to size and shape, and arteriotomy created in the distal radial artery and end-to-side anastomosis was performed using 7-0 Prolene and bled prior to tying it down. Thrill was immediately felt and heard.",
            "ner_chunk": "vein",
            "begin": 499,
            "end": 502,
            "ner_label": "Multi-tissue_structure",
            "ner_confidence": "0.9989"
        },
        {
            "document": "Incision was about 2.5 cm long between the cephalic veinand the distal part of the forearm and the radial artery Incision was deepened down through the subcutaneous fascia. The vein was identified, dissected for a good length, and then the artery was identified and dissected. Heparin 5000 units was given. The artery clamped proximally and distally, opened up in the middle. It was found to have monckeberg's arteriosclerosis of a moderate intensity. The vein was of good caliber and size.\n    The vein was clipped distally, fashioned to size and shape, and arteriotomy created in the distal radial artery and end-to-side anastomosis was performed using 7-0 Prolene and bled prior to tying it down. Thrill was immediately felt and heard.",
            "ner_chunk": "distal radial artery",
            "begin": 586,
            "end": 605,
            "ner_label": "Multi-tissue_structure",
            "ner_confidence": "0.9004667"
        },
        {
            "document": "This is a 49-year-old white male who sustained a traumatic injury to his left posterior thigh this past year while in ABCD. He sustained an injury from thepatellar from a boat while in the water. He was air lifted actually up to XYZ Hospital and underwent extensive surgery. He still has an external fixation on it for the healing fractures in thelegg and has undergone grafting and full thicknessskinn grafting closure to a large defect in hisleft posterior thighh, which is nearly healed right in thegluteal foldd on that left area. In several areas right along thegraft sitee and low in thelegg, the patient has several areas ofhypergranulation tissuee. He has some drainage from these areas. There are no signs and symptoms ofinfectionn. He is referred to us to help him get those areas under control.",
            "ner_chunk": "posterior thigh",
            "begin": 78,
            "end": 92,
            "ner_label": "Multi-tissue_structure",
            "ner_confidence": "0.77105"
        }
    ]
}