{
    "predictions": [
        {
            "document": "General physical exam was unremarkable. HEENT: Pupils were equal and respond to light and accommodation bilaterally. Extraocular movements were intact. Visual fields were intact to confrontation. Funduscopic exam revealed no disc pallor or edema. Retinal vasculature appeared normal. face is symmetric. Facial sensation and strength are intact. Auditory acuities were grossly normal. palate and uvula elevated symmetrically. sternocleidomastoid and trapezius muscles are full strength bilaterally. Tongue protrudes in midline. Mental status exam: revealed the patient alert and oriented x 4. Speech was clear and language is normal. Fund of knowledge, memory, and attention are grossly intact. Neurologic exam: Vasomotor system revealed full power throughout. Normal muscle tone and bulk. No pronator drift was appreciated. Coordination was intact to finger-to-nose, heel-to-shin and rapid alternating movement. No tremor or dysmetria. Excellent sensory. Sensation is intact in all modalities throughout. The patient does have notable trigger points diffusely including the occiput, trapezius bilaterally, lumbar, back, and sacrum. Gait was assessed, the patient's routine and tandem gait were normal. The patient is able to balance on heels and toes. Romberg is negative. Reflexes are 2+ and symmetric throughout. Babinski reflexes are plantar.",
            "ner_chunk": "Extraocular",
            "begin": 117,
            "end": 127,
            "ner_label": "Multi-tissue_structure",
            "ner_confidence": "0.9603"
        },
        {
            "document": "General physical exam was unremarkable. HEENT: Pupils were equal and respond to light and accommodation bilaterally. Extraocular movements were intact. Visual fields were intact to confrontation. Funduscopic exam revealed no disc pallor or edema. Retinal vasculature appeared normal. face is symmetric. Facial sensation and strength are intact. Auditory acuities were grossly normal. palate and uvula elevated symmetrically. sternocleidomastoid and trapezius muscles are full strength bilaterally. Tongue protrudes in midline. Mental status exam: revealed the patient alert and oriented x 4. Speech was clear and language is normal. Fund of knowledge, memory, and attention are grossly intact. Neurologic exam: Vasomotor system revealed full power throughout. Normal muscle tone and bulk. No pronator drift was appreciated. Coordination was intact to finger-to-nose, heel-to-shin and rapid alternating movement. No tremor or dysmetria. Excellent sensory. Sensation is intact in all modalities throughout. The patient does have notable trigger points diffusely including the occiput, trapezius bilaterally, lumbar, back, and sacrum. Gait was assessed, the patient's routine and tandem gait were normal. The patient is able to balance on heels and toes. Romberg is negative. Reflexes are 2+ and symmetric throughout. Babinski reflexes are plantar.",
            "ner_chunk": "disc",
            "begin": 225,
            "end": 228,
            "ner_label": "Multi-tissue_structure",
            "ner_confidence": "0.7654"
        },
        {
            "document": "General physical exam was unremarkable. HEENT: Pupils were equal and respond to light and accommodation bilaterally. Extraocular movements were intact. Visual fields were intact to confrontation. Funduscopic exam revealed no disc pallor or edema. Retinal vasculature appeared normal. face is symmetric. Facial sensation and strength are intact. Auditory acuities were grossly normal. palate and uvula elevated symmetrically. sternocleidomastoid and trapezius muscles are full strength bilaterally. Tongue protrudes in midline. Mental status exam: revealed the patient alert and oriented x 4. Speech was clear and language is normal. Fund of knowledge, memory, and attention are grossly intact. Neurologic exam: Vasomotor system revealed full power throughout. Normal muscle tone and bulk. No pronator drift was appreciated. Coordination was intact to finger-to-nose, heel-to-shin and rapid alternating movement. No tremor or dysmetria. Excellent sensory. Sensation is intact in all modalities throughout. The patient does have notable trigger points diffusely including the occiput, trapezius bilaterally, lumbar, back, and sacrum. Gait was assessed, the patient's routine and tandem gait were normal. The patient is able to balance on heels and toes. Romberg is negative. Reflexes are 2+ and symmetric throughout. Babinski reflexes are plantar.",
            "ner_chunk": "edema",
            "begin": 240,
            "end": 244,
            "ner_label": "Pathological_formation",
            "ner_confidence": "0.9645"
        },
        {
            "document": "General physical exam was unremarkable. HEENT: Pupils were equal and respond to light and accommodation bilaterally. Extraocular movements were intact. Visual fields were intact to confrontation. Funduscopic exam revealed no disc pallor or edema. Retinal vasculature appeared normal. face is symmetric. Facial sensation and strength are intact. Auditory acuities were grossly normal. palate and uvula elevated symmetrically. sternocleidomastoid and trapezius muscles are full strength bilaterally. Tongue protrudes in midline. Mental status exam: revealed the patient alert and oriented x 4. Speech was clear and language is normal. Fund of knowledge, memory, and attention are grossly intact. Neurologic exam: Vasomotor system revealed full power throughout. Normal muscle tone and bulk. No pronator drift was appreciated. Coordination was intact to finger-to-nose, heel-to-shin and rapid alternating movement. No tremor or dysmetria. Excellent sensory. Sensation is intact in all modalities throughout. The patient does have notable trigger points diffusely including the occiput, trapezius bilaterally, lumbar, back, and sacrum. Gait was assessed, the patient's routine and tandem gait were normal. The patient is able to balance on heels and toes. Romberg is negative. Reflexes are 2+ and symmetric throughout. Babinski reflexes are plantar.",
            "ner_chunk": "Retinal vasculature",
            "begin": 247,
            "end": 265,
            "ner_label": "Multi-tissue_structure",
            "ner_confidence": "0.81025"
        },
        {
            "document": "General physical exam was unremarkable. HEENT: Pupils were equal and respond to light and accommodation bilaterally. Extraocular movements were intact. Visual fields were intact to confrontation. Funduscopic exam revealed no disc pallor or edema. Retinal vasculature appeared normal. face is symmetric. Facial sensation and strength are intact. Auditory acuities were grossly normal. palate and uvula elevated symmetrically. sternocleidomastoid and trapezius muscles are full strength bilaterally. Tongue protrudes in midline. Mental status exam: revealed the patient alert and oriented x 4. Speech was clear and language is normal. Fund of knowledge, memory, and attention are grossly intact. Neurologic exam: Vasomotor system revealed full power throughout. Normal muscle tone and bulk. No pronator drift was appreciated. Coordination was intact to finger-to-nose, heel-to-shin and rapid alternating movement. No tremor or dysmetria. Excellent sensory. Sensation is intact in all modalities throughout. The patient does have notable trigger points diffusely including the occiput, trapezius bilaterally, lumbar, back, and sacrum. Gait was assessed, the patient's routine and tandem gait were normal. The patient is able to balance on heels and toes. Romberg is negative. Reflexes are 2+ and symmetric throughout. Babinski reflexes are plantar.",
            "ner_chunk": "palate",
            "begin": 384,
            "end": 389,
            "ner_label": "Multi-tissue_structure",
            "ner_confidence": "0.6429"
        },
        {
            "document": "General physical exam was unremarkable. HEENT: Pupils were equal and respond to light and accommodation bilaterally. Extraocular movements were intact. Visual fields were intact to confrontation. Funduscopic exam revealed no disc pallor or edema. Retinal vasculature appeared normal. face is symmetric. Facial sensation and strength are intact. Auditory acuities were grossly normal. palate and uvula elevated symmetrically. sternocleidomastoid and trapezius muscles are full strength bilaterally. Tongue protrudes in midline. Mental status exam: revealed the patient alert and oriented x 4. Speech was clear and language is normal. Fund of knowledge, memory, and attention are grossly intact. Neurologic exam: Vasomotor system revealed full power throughout. Normal muscle tone and bulk. No pronator drift was appreciated. Coordination was intact to finger-to-nose, heel-to-shin and rapid alternating movement. No tremor or dysmetria. Excellent sensory. Sensation is intact in all modalities throughout. The patient does have notable trigger points diffusely including the occiput, trapezius bilaterally, lumbar, back, and sacrum. Gait was assessed, the patient's routine and tandem gait were normal. The patient is able to balance on heels and toes. Romberg is negative. Reflexes are 2+ and symmetric throughout. Babinski reflexes are plantar.",
            "ner_chunk": "uvula",
            "begin": 395,
            "end": 399,
            "ner_label": "Multi-tissue_structure",
            "ner_confidence": "0.9995"
        },
        {
            "document": "General physical exam was unremarkable. HEENT: Pupils were equal and respond to light and accommodation bilaterally. Extraocular movements were intact. Visual fields were intact to confrontation. Funduscopic exam revealed no disc pallor or edema. Retinal vasculature appeared normal. face is symmetric. Facial sensation and strength are intact. Auditory acuities were grossly normal. palate and uvula elevated symmetrically. sternocleidomastoid and trapezius muscles are full strength bilaterally. Tongue protrudes in midline. Mental status exam: revealed the patient alert and oriented x 4. Speech was clear and language is normal. Fund of knowledge, memory, and attention are grossly intact. Neurologic exam: Vasomotor system revealed full power throughout. Normal muscle tone and bulk. No pronator drift was appreciated. Coordination was intact to finger-to-nose, heel-to-shin and rapid alternating movement. No tremor or dysmetria. Excellent sensory. Sensation is intact in all modalities throughout. The patient does have notable trigger points diffusely including the occiput, trapezius bilaterally, lumbar, back, and sacrum. Gait was assessed, the patient's routine and tandem gait were normal. The patient is able to balance on heels and toes. Romberg is negative. Reflexes are 2+ and symmetric throughout. Babinski reflexes are plantar.",
            "ner_chunk": "sternocleidomastoid",
            "begin": 425,
            "end": 443,
            "ner_label": "Organism_subdivision",
            "ner_confidence": "0.369"
        },
        {
            "document": "General physical exam was unremarkable. HEENT: Pupils were equal and respond to light and accommodation bilaterally. Extraocular movements were intact. Visual fields were intact to confrontation. Funduscopic exam revealed no disc pallor or edema. Retinal vasculature appeared normal. face is symmetric. Facial sensation and strength are intact. Auditory acuities were grossly normal. palate and uvula elevated symmetrically. sternocleidomastoid and trapezius muscles are full strength bilaterally. Tongue protrudes in midline. Mental status exam: revealed the patient alert and oriented x 4. Speech was clear and language is normal. Fund of knowledge, memory, and attention are grossly intact. Neurologic exam: Vasomotor system revealed full power throughout. Normal muscle tone and bulk. No pronator drift was appreciated. Coordination was intact to finger-to-nose, heel-to-shin and rapid alternating movement. No tremor or dysmetria. Excellent sensory. Sensation is intact in all modalities throughout. The patient does have notable trigger points diffusely including the occiput, trapezius bilaterally, lumbar, back, and sacrum. Gait was assessed, the patient's routine and tandem gait were normal. The patient is able to balance on heels and toes. Romberg is negative. Reflexes are 2+ and symmetric throughout. Babinski reflexes are plantar.",
            "ner_chunk": "trapezius muscles",
            "begin": 449,
            "end": 465,
            "ner_label": "Organ",
            "ner_confidence": "0.85099995"
        },
        {
            "document": "General physical exam was unremarkable. HEENT: Pupils were equal and respond to light and accommodation bilaterally. Extraocular movements were intact. Visual fields were intact to confrontation. Funduscopic exam revealed no disc pallor or edema. Retinal vasculature appeared normal. face is symmetric. Facial sensation and strength are intact. Auditory acuities were grossly normal. palate and uvula elevated symmetrically. sternocleidomastoid and trapezius muscles are full strength bilaterally. Tongue protrudes in midline. Mental status exam: revealed the patient alert and oriented x 4. Speech was clear and language is normal. Fund of knowledge, memory, and attention are grossly intact. Neurologic exam: Vasomotor system revealed full power throughout. Normal muscle tone and bulk. No pronator drift was appreciated. Coordination was intact to finger-to-nose, heel-to-shin and rapid alternating movement. No tremor or dysmetria. Excellent sensory. Sensation is intact in all modalities throughout. The patient does have notable trigger points diffusely including the occiput, trapezius bilaterally, lumbar, back, and sacrum. Gait was assessed, the patient's routine and tandem gait were normal. The patient is able to balance on heels and toes. Romberg is negative. Reflexes are 2+ and symmetric throughout. Babinski reflexes are plantar.",
            "ner_chunk": "Tongue",
            "begin": 498,
            "end": 503,
            "ner_label": "Organ",
            "ner_confidence": "0.9098"
        },
        {
            "document": "General physical exam was unremarkable. HEENT: Pupils were equal and respond to light and accommodation bilaterally. Extraocular movements were intact. Visual fields were intact to confrontation. Funduscopic exam revealed no disc pallor or edema. Retinal vasculature appeared normal. face is symmetric. Facial sensation and strength are intact. Auditory acuities were grossly normal. palate and uvula elevated symmetrically. sternocleidomastoid and trapezius muscles are full strength bilaterally. Tongue protrudes in midline. Mental status exam: revealed the patient alert and oriented x 4. Speech was clear and language is normal. Fund of knowledge, memory, and attention are grossly intact. Neurologic exam: Vasomotor system revealed full power throughout. Normal muscle tone and bulk. No pronator drift was appreciated. Coordination was intact to finger-to-nose, heel-to-shin and rapid alternating movement. No tremor or dysmetria. Excellent sensory. Sensation is intact in all modalities throughout. The patient does have notable trigger points diffusely including the occiput, trapezius bilaterally, lumbar, back, and sacrum. Gait was assessed, the patient's routine and tandem gait were normal. The patient is able to balance on heels and toes. Romberg is negative. Reflexes are 2+ and symmetric throughout. Babinski reflexes are plantar.",
            "ner_chunk": "muscle",
            "begin": 767,
            "end": 772,
            "ner_label": "Organ",
            "ner_confidence": "0.9938"
        },
        {
            "document": "General physical exam was unremarkable. HEENT: Pupils were equal and respond to light and accommodation bilaterally. Extraocular movements were intact. Visual fields were intact to confrontation. Funduscopic exam revealed no disc pallor or edema. Retinal vasculature appeared normal. face is symmetric. Facial sensation and strength are intact. Auditory acuities were grossly normal. palate and uvula elevated symmetrically. sternocleidomastoid and trapezius muscles are full strength bilaterally. Tongue protrudes in midline. Mental status exam: revealed the patient alert and oriented x 4. Speech was clear and language is normal. Fund of knowledge, memory, and attention are grossly intact. Neurologic exam: Vasomotor system revealed full power throughout. Normal muscle tone and bulk. No pronator drift was appreciated. Coordination was intact to finger-to-nose, heel-to-shin and rapid alternating movement. No tremor or dysmetria. Excellent sensory. Sensation is intact in all modalities throughout. The patient does have notable trigger points diffusely including the occiput, trapezius bilaterally, lumbar, back, and sacrum. Gait was assessed, the patient's routine and tandem gait were normal. The patient is able to balance on heels and toes. Romberg is negative. Reflexes are 2+ and symmetric throughout. Babinski reflexes are plantar.",
            "ner_chunk": "pronator",
            "begin": 792,
            "end": 799,
            "ner_label": "Organ",
            "ner_confidence": "0.6178"
        },
        {
            "document": "General physical exam was unremarkable. HEENT: Pupils were equal and respond to light and accommodation bilaterally. Extraocular movements were intact. Visual fields were intact to confrontation. Funduscopic exam revealed no disc pallor or edema. Retinal vasculature appeared normal. face is symmetric. Facial sensation and strength are intact. Auditory acuities were grossly normal. palate and uvula elevated symmetrically. sternocleidomastoid and trapezius muscles are full strength bilaterally. Tongue protrudes in midline. Mental status exam: revealed the patient alert and oriented x 4. Speech was clear and language is normal. Fund of knowledge, memory, and attention are grossly intact. Neurologic exam: Vasomotor system revealed full power throughout. Normal muscle tone and bulk. No pronator drift was appreciated. Coordination was intact to finger-to-nose, heel-to-shin and rapid alternating movement. No tremor or dysmetria. Excellent sensory. Sensation is intact in all modalities throughout. The patient does have notable trigger points diffusely including the occiput, trapezius bilaterally, lumbar, back, and sacrum. Gait was assessed, the patient's routine and tandem gait were normal. The patient is able to balance on heels and toes. Romberg is negative. Reflexes are 2+ and symmetric throughout. Babinski reflexes are plantar.",
            "ner_chunk": "trapezius",
            "begin": 1083,
            "end": 1091,
            "ner_label": "Organ",
            "ner_confidence": "0.4848"
        },
        {
            "document": "General physical exam was unremarkable. HEENT: Pupils were equal and respond to light and accommodation bilaterally. Extraocular movements were intact. Visual fields were intact to confrontation. Funduscopic exam revealed no disc pallor or edema. Retinal vasculature appeared normal. face is symmetric. Facial sensation and strength are intact. Auditory acuities were grossly normal. palate and uvula elevated symmetrically. sternocleidomastoid and trapezius muscles are full strength bilaterally. Tongue protrudes in midline. Mental status exam: revealed the patient alert and oriented x 4. Speech was clear and language is normal. Fund of knowledge, memory, and attention are grossly intact. Neurologic exam: Vasomotor system revealed full power throughout. Normal muscle tone and bulk. No pronator drift was appreciated. Coordination was intact to finger-to-nose, heel-to-shin and rapid alternating movement. No tremor or dysmetria. Excellent sensory. Sensation is intact in all modalities throughout. The patient does have notable trigger points diffusely including the occiput, trapezius bilaterally, lumbar, back, and sacrum. Gait was assessed, the patient's routine and tandem gait were normal. The patient is able to balance on heels and toes. Romberg is negative. Reflexes are 2+ and symmetric throughout. Babinski reflexes are plantar.",
            "ner_chunk": "lumbar",
            "begin": 1106,
            "end": 1111,
            "ner_label": "Organism_subdivision",
            "ner_confidence": "0.6326"
        },
        {
            "document": "General physical exam was unremarkable. HEENT: Pupils were equal and respond to light and accommodation bilaterally. Extraocular movements were intact. Visual fields were intact to confrontation. Funduscopic exam revealed no disc pallor or edema. Retinal vasculature appeared normal. face is symmetric. Facial sensation and strength are intact. Auditory acuities were grossly normal. palate and uvula elevated symmetrically. sternocleidomastoid and trapezius muscles are full strength bilaterally. Tongue protrudes in midline. Mental status exam: revealed the patient alert and oriented x 4. Speech was clear and language is normal. Fund of knowledge, memory, and attention are grossly intact. Neurologic exam: Vasomotor system revealed full power throughout. Normal muscle tone and bulk. No pronator drift was appreciated. Coordination was intact to finger-to-nose, heel-to-shin and rapid alternating movement. No tremor or dysmetria. Excellent sensory. Sensation is intact in all modalities throughout. The patient does have notable trigger points diffusely including the occiput, trapezius bilaterally, lumbar, back, and sacrum. Gait was assessed, the patient's routine and tandem gait were normal. The patient is able to balance on heels and toes. Romberg is negative. Reflexes are 2+ and symmetric throughout. Babinski reflexes are plantar.",
            "ner_chunk": "sacrum",
            "begin": 1124,
            "end": 1129,
            "ner_label": "Organ",
            "ner_confidence": "0.9373"
        }
    ]
}