{
    "predictions": [
        [
            {
                "ner_chunk": "DUX4L20",
                "begin": 113,
                "end": 119,
                "ner_label": "GENE",
                "ner_confidence": "0.9654",
                "code": "HGNC:50801",
                "resolution": "DUX4L20 [double homeobox 4 like 20 (pseudogene)]",
                "all_k_codes": "HGNC:50801:::HGNC:39776:::HGNC:31982:::HGNC:26230:::HGNC:2743:::HGNC:42011:::HGNC:42254:::HGNC:42423:::HGNC:42207:::HGNC:50522:::HGNC:34070:::HGNC:24679:::HGNC:18357:::HGNC:25794:::HGNC:14478:::HGNC:42012:::HGNC:4475:::HGNC:19734:::HGNC:36437:::HGNC:42013:::HGNC:11598:::HGNC:30390:::HGNC:53837:::HGNC:37772:::HGNC:51516",
                "all_k_resolutions": "DUX4L20 [double homeobox 4 like 20 (pseudogene)]:::ZDHHC20P4 [zinc finger DHHC-type containing 20 pseudogene 4]:::ANKRD20A4P [ankyrin repeat domain 20 family member A4, pseudogene]:::TM4SF20 [transmembrane 4 L six family member 20]:::DDX20 [DEAD-box helicase 20]:::FAM204BP [family with sequence similarity 204 member B, pseudogene]:::MTND4LP20 [MT-ND4L pseudogene 20]:::ZBTB20-AS4 [ZBTB20 antisense RNA 4]:::MTND4P20 [MT-ND4 pseudogene 20]:::TOMM20P4 [TOMM20 pseudogene 4]:::RNY4P20 [RNY4 pseudogene 20]:::FBXL20 [F-box and leucine rich repeat protein 20]:::ARHGAP20 [Rho GTPase activating protein 20]:::FAM204A [family with sequence similarity 204 member A]:::MRPL20 [mitochondrial ribosomal protein L20]:::FAM204CP [family with sequence similarity 204 member C, pseudogene]:::GPR20 [G protein-coupled receptor 20]:::RANBP20P [RAN binding protein 20 pseudogene]:::RPS4XP20 [ribosomal protein S4X pseudogene 20]:::FAM204DP [family with sequence similarity 204 member D, pseudogene]:::TBX20 [T-box transcription factor 20]:::SNX20 [sorting nexin 20]:::PRR20G [proline rich 20G]:::GAPDHP20 [glyceraldehyde 3 phosphate dehydrogenase pseudogene 20]:::SPDYE20P [speedy/RINGO cell cycle regulator family member E20, pseudogene]",
                "all_k_distances": "0.0000:::6.4373:::6.4389:::6.6875:::6.8085:::6.8100:::6.8730:::6.8812:::6.9250:::6.9846:::7.0950:::7.1020:::7.2438:::7.2766:::7.3176:::7.3252:::7.3437:::7.4235:::7.4729:::7.4762:::7.4965:::7.5218:::7.5315:::7.5501:::7.5699"
            },
            {
                "ner_chunk": "FBXO48",
                "begin": 126,
                "end": 131,
                "ner_label": "GENE",
                "ner_confidence": "0.9833",
                "code": "HGNC:33857",
                "resolution": "FBXO48 [F-box protein 48]",
                "all_k_codes": "HGNC:33857:::HGNC:4930:::HGNC:16653:::HGNC:13114:::HGNC:22564:::HGNC:18533:::HGNC:37552:::HGNC:24635:::HGNC:23535:::HGNC:23385:::HGNC:23942:::HGNC:20807:::HGNC:23440:::HGNC:21368:::HGNC:23384:::HGNC:52393:::HGNC:23305:::HGNC:21785:::HGNC:23488:::HGNC:31272:::HGNC:1683:::HGNC:12079:::HGNC:37805:::HGNC:55157:::HGNC:31969",
                "all_k_resolutions": "FBXO48 [F-box protein 48]:::ZBTB48 [zinc finger and BTB domain containing 48]:::MRPL48 [mitochondrial ribosomal protein L48]:::ZNF48 [zinc finger protein 48]:::SPATA48 [spermatogenesis associated 48]:::USP48 [ubiquitin specific peptidase 48]:::PIRC48 [piwi-interacting RNA cluster 48]:::PRSS48 [serine protease 48]:::ZNF488 [zinc finger protein 488]:::ZNF484 [zinc finger protein 484]:::CYCSP48 [CYCS pseudogene 48]:::ZNF486 [zinc finger protein 486]:::ZNF485 [zinc finger protein 485]:::SNRNP48 [small nuclear ribonucleoprotein U11/U12 subunit 48]:::ZNF483 [zinc finger protein 483]:::TEX48 [testis expressed 48]:::ZNF480 [zinc finger protein 480]:::RBM48 [RNA binding motif protein 48]:::ZNF487 [zinc finger protein 487]:::OR4C48P [olfactory receptor family 4 subfamily C member 48 pseudogene]:::CD48 [CD48 molecule]:::TRAJ48 [T cell receptor alpha joining 48]:::GAPDHP48 [glyceraldehyde 3 phosphate dehydrogenase pseudogene 48]:::HMGN2P48 [high mobility group nucleosomal binding domain 2 pseudogene 48]:::FBXO47 [F-box protein 47]",
                "all_k_distances": "0.0000:::5.3026:::5.3531:::5.4464:::5.8642:::5.8911:::5.9817:::6.0045:::6.1032:::6.1347:::6.1727:::6.2446:::6.3179:::6.3452:::6.3667:::6.3867:::6.3949:::6.4803:::6.5349:::6.5411:::6.5938:::6.6030:::6.6433:::6.7313:::6.8481"
            }
        ],
        [
            {
                "ner_chunk": "EGFR",
                "begin": 4,
                "end": 7,
                "ner_label": "GENE",
                "ner_confidence": "0.9994",
                "code": "HGNC:3236",
                "resolution": "EGFR [epidermal growth factor receptor]",
                "all_k_codes": "HGNC:3236:::HGNC:3229:::HGNC:3697:::HGNC:16898:::HGNC:12691:::HGNC:4194:::HGNC:26330:::HGNC:3662:::HGNC:21869:::HGNC:341:::HGNC:3249:::HGNC:3785:::HGNC:330:::HGNC:5715:::HGNC:3642:::HGNC:4330:::HGNC:329:::HGNC:3481:::HGNC:17470:::HGNC:4570:::HGNC:3113:::HGNC:6583:::HGNC:3483:::HGNC:4267:::HGNC:28292",
                "all_k_resolutions": "EGFR [epidermal growth factor receptor]:::EGF [epidermal growth factor]:::FGR [FGR proto-oncogene, Src family tyrosine kinase]:::EFS [embryonal Fyn-associated substrate]:::EZR [ezrin]:::GCHFR [GTP cyclohydrolase I feedback regulator]:::EFHB [EF-hand domain family member B]:::FGB [fibrinogen beta chain]:::AGK [acylglycerol kinase]:::AGXT [alanine--glyoxylate aminotransferase]:::EIF1 [eukaryotic translation initiation factor 1]:::FNTB [farnesyltransferase, CAAX box, beta]:::AGRP [agouti related neuropeptide]:::IGK [immunoglobulin kappa locus]:::FDXR [ferredoxin reductase]:::GLRX [glutaredoxin]:::AGRN [agrin]:::ETFA [electron transfer flavoprotein subunit alpha]:::EPGN [epithelial mitogen]:::GRHPR [glyoxylate and hydroxypyruvate reductase]:::E2F1 [E2F transcription factor 1]:::EIF2D [eukaryotic translation initiation factor 2D]:::ETFDH [electron transfer flavoprotein dehydrogenase]:::GHSR [growth hormone secretagogue receptor]:::EID2 [EP300 interacting inhibitor of differentiation 2]",
                "all_k_distances": "0.0000:::3.3460:::5.2179:::5.6404:::5.6526:::5.7774:::5.8601:::6.0288:::6.1888:::6.2019:::6.2093:::6.2857:::6.3732:::6.3836:::6.3873:::6.4167:::6.4422:::6.4935:::6.5067:::6.5083:::6.5229:::6.5325:::6.5553:::6.5696:::6.5797"
            }
        ]
    ]
}
