{
    "predictions": [
        {
            "document": "Signs of dehydration often begin with loss of Skin Elasticity and Irritability. This can progress to skin discoloration , a fast heart rate , and a decreased responsiveness as it becomes more severe . Loose but non-watery stools in babies who are exclusively breastfed , however , are normal .Antiretroviral therapy ( ART ) is recommended for all HIV - infected individuals to reduce the risk of disease progression . ART also is recommended for HIV - infected individuals for the prevention of transmission of HIV . Patients starting ART should be willing and able to commit to treatment and understand the benefits and risks of therapy and the importance of adherence .",
            "ner_chunk": "dehydration",
            "begin": 9,
            "end": 19,
            "ner_label": "MedicalCondition",
            "ner_confidence": "0.6462"
        },
        {
            "document": "Signs of dehydration often begin with loss of Skin Elasticity and Irritability. This can progress to skin discoloration , a fast heart rate , and a decreased responsiveness as it becomes more severe . Loose but non-watery stools in babies who are exclusively breastfed , however , are normal .Antiretroviral therapy ( ART ) is recommended for all HIV - infected individuals to reduce the risk of disease progression . ART also is recommended for HIV - infected individuals for the prevention of transmission of HIV . Patients starting ART should be willing and able to commit to treatment and understand the benefits and risks of therapy and the importance of adherence .",
            "ner_chunk": "Skin Elasticity",
            "begin": 46,
            "end": 60,
            "ner_label": "MedicalCondition",
            "ner_confidence": "0.70019996"
        },
        {
            "document": "Signs of dehydration often begin with loss of Skin Elasticity and Irritability. This can progress to skin discoloration , a fast heart rate , and a decreased responsiveness as it becomes more severe . Loose but non-watery stools in babies who are exclusively breastfed , however , are normal .Antiretroviral therapy ( ART ) is recommended for all HIV - infected individuals to reduce the risk of disease progression . ART also is recommended for HIV - infected individuals for the prevention of transmission of HIV . Patients starting ART should be willing and able to commit to treatment and understand the benefits and risks of therapy and the importance of adherence .",
            "ner_chunk": "Irritability",
            "begin": 66,
            "end": 77,
            "ner_label": "MedicalCondition",
            "ner_confidence": "0.6285"
        },
        {
            "document": "Signs of dehydration often begin with loss of Skin Elasticity and Irritability. This can progress to skin discoloration , a fast heart rate , and a decreased responsiveness as it becomes more severe . Loose but non-watery stools in babies who are exclusively breastfed , however , are normal .Antiretroviral therapy ( ART ) is recommended for all HIV - infected individuals to reduce the risk of disease progression . ART also is recommended for HIV - infected individuals for the prevention of transmission of HIV . Patients starting ART should be willing and able to commit to treatment and understand the benefits and risks of therapy and the importance of adherence .",
            "ner_chunk": "skin discoloration",
            "begin": 101,
            "end": 118,
            "ner_label": "MedicalCondition",
            "ner_confidence": "0.54754996"
        },
        {
            "document": "Signs of dehydration often begin with loss of Skin Elasticity and Irritability. This can progress to skin discoloration , a fast heart rate , and a decreased responsiveness as it becomes more severe . Loose but non-watery stools in babies who are exclusively breastfed , however , are normal .Antiretroviral therapy ( ART ) is recommended for all HIV - infected individuals to reduce the risk of disease progression . ART also is recommended for HIV - infected individuals for the prevention of transmission of HIV . Patients starting ART should be willing and able to commit to treatment and understand the benefits and risks of therapy and the importance of adherence .",
            "ner_chunk": "fast heart rate",
            "begin": 124,
            "end": 138,
            "ner_label": "MedicalCondition",
            "ner_confidence": "0.8555"
        },
        {
            "document": "Signs of dehydration often begin with loss of Skin Elasticity and Irritability. This can progress to skin discoloration , a fast heart rate , and a decreased responsiveness as it becomes more severe . Loose but non-watery stools in babies who are exclusively breastfed , however , are normal .Antiretroviral therapy ( ART ) is recommended for all HIV - infected individuals to reduce the risk of disease progression . ART also is recommended for HIV - infected individuals for the prevention of transmission of HIV . Patients starting ART should be willing and able to commit to treatment and understand the benefits and risks of therapy and the importance of adherence .",
            "ner_chunk": "decreased responsiveness",
            "begin": 148,
            "end": 171,
            "ner_label": "MedicalCondition",
            "ner_confidence": "0.8176"
        },
        {
            "document": "Signs of dehydration often begin with loss of Skin Elasticity and Irritability. This can progress to skin discoloration , a fast heart rate , and a decreased responsiveness as it becomes more severe . Loose but non-watery stools in babies who are exclusively breastfed , however , are normal .Antiretroviral therapy ( ART ) is recommended for all HIV - infected individuals to reduce the risk of disease progression . ART also is recommended for HIV - infected individuals for the prevention of transmission of HIV . Patients starting ART should be willing and able to commit to treatment and understand the benefits and risks of therapy and the importance of adherence .",
            "ner_chunk": "Antiretroviral therapy",
            "begin": 293,
            "end": 314,
            "ner_label": "Medicine",
            "ner_confidence": "0.9777"
        },
        {
            "document": "Signs of dehydration often begin with loss of Skin Elasticity and Irritability. This can progress to skin discoloration , a fast heart rate , and a decreased responsiveness as it becomes more severe . Loose but non-watery stools in babies who are exclusively breastfed , however , are normal .Antiretroviral therapy ( ART ) is recommended for all HIV - infected individuals to reduce the risk of disease progression . ART also is recommended for HIV - infected individuals for the prevention of transmission of HIV . Patients starting ART should be willing and able to commit to treatment and understand the benefits and risks of therapy and the importance of adherence .",
            "ner_chunk": "ART",
            "begin": 318,
            "end": 320,
            "ner_label": "Medicine",
            "ner_confidence": "0.999"
        },
        {
            "document": "Signs of dehydration often begin with loss of Skin Elasticity and Irritability. This can progress to skin discoloration , a fast heart rate , and a decreased responsiveness as it becomes more severe . Loose but non-watery stools in babies who are exclusively breastfed , however , are normal .Antiretroviral therapy ( ART ) is recommended for all HIV - infected individuals to reduce the risk of disease progression . ART also is recommended for HIV - infected individuals for the prevention of transmission of HIV . Patients starting ART should be willing and able to commit to treatment and understand the benefits and risks of therapy and the importance of adherence .",
            "ner_chunk": "HIV",
            "begin": 347,
            "end": 349,
            "ner_label": "Pathogen",
            "ner_confidence": "0.9998"
        },
        {
            "document": "Signs of dehydration often begin with loss of Skin Elasticity and Irritability. This can progress to skin discoloration , a fast heart rate , and a decreased responsiveness as it becomes more severe . Loose but non-watery stools in babies who are exclusively breastfed , however , are normal .Antiretroviral therapy ( ART ) is recommended for all HIV - infected individuals to reduce the risk of disease progression . ART also is recommended for HIV - infected individuals for the prevention of transmission of HIV . Patients starting ART should be willing and able to commit to treatment and understand the benefits and risks of therapy and the importance of adherence .",
            "ner_chunk": "ART",
            "begin": 418,
            "end": 420,
            "ner_label": "Medicine",
            "ner_confidence": "0.983"
        },
        {
            "document": "Signs of dehydration often begin with loss of Skin Elasticity and Irritability. This can progress to skin discoloration , a fast heart rate , and a decreased responsiveness as it becomes more severe . Loose but non-watery stools in babies who are exclusively breastfed , however , are normal .Antiretroviral therapy ( ART ) is recommended for all HIV - infected individuals to reduce the risk of disease progression . ART also is recommended for HIV - infected individuals for the prevention of transmission of HIV . Patients starting ART should be willing and able to commit to treatment and understand the benefits and risks of therapy and the importance of adherence .",
            "ner_chunk": "HIV",
            "begin": 446,
            "end": 448,
            "ner_label": "Pathogen",
            "ner_confidence": "0.9998"
        },
        {
            "document": "Signs of dehydration often begin with loss of Skin Elasticity and Irritability. This can progress to skin discoloration , a fast heart rate , and a decreased responsiveness as it becomes more severe . Loose but non-watery stools in babies who are exclusively breastfed , however , are normal .Antiretroviral therapy ( ART ) is recommended for all HIV - infected individuals to reduce the risk of disease progression . ART also is recommended for HIV - infected individuals for the prevention of transmission of HIV . Patients starting ART should be willing and able to commit to treatment and understand the benefits and risks of therapy and the importance of adherence .",
            "ner_chunk": "HIV",
            "begin": 511,
            "end": 513,
            "ner_label": "Pathogen",
            "ner_confidence": "0.9996"
        },
        {
            "document": "Signs of dehydration often begin with loss of Skin Elasticity and Irritability. This can progress to skin discoloration , a fast heart rate , and a decreased responsiveness as it becomes more severe . Loose but non-watery stools in babies who are exclusively breastfed , however , are normal .Antiretroviral therapy ( ART ) is recommended for all HIV - infected individuals to reduce the risk of disease progression . ART also is recommended for HIV - infected individuals for the prevention of transmission of HIV . Patients starting ART should be willing and able to commit to treatment and understand the benefits and risks of therapy and the importance of adherence .",
            "ner_chunk": "ART",
            "begin": 535,
            "end": 537,
            "ner_label": "Medicine",
            "ner_confidence": "0.9975"
        },
        {
            "document": "Measured resistance to amantadine and rimantadine in American isolates of H3N2 has increased to 91% in 2005. This high level of resistance may be due to the easy availability of amantadines as part of over-the-counter the common COLD medications in countries such as China and Russia, and their use to prevent outbreaks of influenza in farmed poultry .",
            "ner_chunk": "amantadine",
            "begin": 23,
            "end": 32,
            "ner_label": "Medicine",
            "ner_confidence": "0.9998"
        },
        {
            "document": "Measured resistance to amantadine and rimantadine in American isolates of H3N2 has increased to 91% in 2005. This high level of resistance may be due to the easy availability of amantadines as part of over-the-counter the common COLD medications in countries such as China and Russia, and their use to prevent outbreaks of influenza in farmed poultry .",
            "ner_chunk": "rimantadine",
            "begin": 38,
            "end": 48,
            "ner_label": "Medicine",
            "ner_confidence": "0.9997"
        },
        {
            "document": "Measured resistance to amantadine and rimantadine in American isolates of H3N2 has increased to 91% in 2005. This high level of resistance may be due to the easy availability of amantadines as part of over-the-counter the common COLD medications in countries such as China and Russia, and their use to prevent outbreaks of influenza in farmed poultry .",
            "ner_chunk": "H3N2",
            "begin": 74,
            "end": 77,
            "ner_label": "Pathogen",
            "ner_confidence": "0.994"
        },
        {
            "document": "Measured resistance to amantadine and rimantadine in American isolates of H3N2 has increased to 91% in 2005. This high level of resistance may be due to the easy availability of amantadines as part of over-the-counter the common COLD medications in countries such as China and Russia, and their use to prevent outbreaks of influenza in farmed poultry .",
            "ner_chunk": "amantadines",
            "begin": 178,
            "end": 188,
            "ner_label": "Medicine",
            "ner_confidence": "0.9621"
        },
        {
            "document": "Measured resistance to amantadine and rimantadine in American isolates of H3N2 has increased to 91% in 2005. This high level of resistance may be due to the easy availability of amantadines as part of over-the-counter the common COLD medications in countries such as China and Russia, and their use to prevent outbreaks of influenza in farmed poultry .",
            "ner_chunk": "COLD",
            "begin": 229,
            "end": 232,
            "ner_label": "MedicalCondition",
            "ner_confidence": "0.4246"
        },
        {
            "document": "Measured resistance to amantadine and rimantadine in American isolates of H3N2 has increased to 91% in 2005. This high level of resistance may be due to the easy availability of amantadines as part of over-the-counter the common COLD medications in countries such as China and Russia, and their use to prevent outbreaks of influenza in farmed poultry .",
            "ner_chunk": "influenza",
            "begin": 323,
            "end": 331,
            "ner_label": "MedicalCondition",
            "ner_confidence": "0.7161"
        }
    ]
}