{
    "predictions": [
        {
            "document": "Maria is a 20-year-old girl who was diagnosed with hyperthyroidism 1 month ago.",
            "ner_chunk": "20-year-old",
            "begin": 11,
            "end": 21,
            "ner_label": "Age",
            "ner_confidence": "0.9618"
        },
        {
            "document": "Maria is a 20-year-old girl who was diagnosed with hyperthyroidism 1 month ago.",
            "ner_chunk": "girl",
            "begin": 23,
            "end": 26,
            "ner_label": "Gender",
            "ner_confidence": "0.9991"
        },
        {
            "document": "Maria is a 20-year-old girl who was diagnosed with hyperthyroidism 1 month ago.",
            "ner_chunk": "hyperthyroidism",
            "begin": 51,
            "end": 65,
            "ner_label": "Disease",
            "ner_confidence": "0.9743"
        },
        {
            "document": "Maria is a 20-year-old girl who was diagnosed with hyperthyroidism 1 month ago.",
            "ner_chunk": "1 month ago",
            "begin": 67,
            "end": 77,
            "ner_label": "DateTime",
            "ner_confidence": "0.664"
        },
        {
            "document": "She is admitted to The John Hopkins Hospital 2 days ago with a history of gestational diabetes mellitus diagnosed. She denied pain and any headache.",
            "ner_chunk": "She",
            "begin": 0,
            "end": 2,
            "ner_label": "Gender",
            "ner_confidence": "1.0"
        },
        {
            "document": "She is admitted to The John Hopkins Hospital 2 days ago with a history of gestational diabetes mellitus diagnosed. She denied pain and any headache.",
            "ner_chunk": "admitted",
            "begin": 7,
            "end": 14,
            "ner_label": "AdmissionDischarge",
            "ner_confidence": "0.9999"
        },
        {
            "document": "She is admitted to The John Hopkins Hospital 2 days ago with a history of gestational diabetes mellitus diagnosed. She denied pain and any headache.",
            "ner_chunk": "John Hopkins Hospital",
            "begin": 23,
            "end": 43,
            "ner_label": "ClinicalDept",
            "ner_confidence": "0.6984666"
        },
        {
            "document": "She is admitted to The John Hopkins Hospital 2 days ago with a history of gestational diabetes mellitus diagnosed. She denied pain and any headache.",
            "ner_chunk": "2 days ago",
            "begin": 45,
            "end": 54,
            "ner_label": "DateTime",
            "ner_confidence": "0.8039"
        },
        {
            "document": "She is admitted to The John Hopkins Hospital 2 days ago with a history of gestational diabetes mellitus diagnosed. She denied pain and any headache.",
            "ner_chunk": "gestational diabetes mellitus",
            "begin": 74,
            "end": 102,
            "ner_label": "Disease",
            "ner_confidence": "0.6344333"
        },
        {
            "document": "She is admitted to The John Hopkins Hospital 2 days ago with a history of gestational diabetes mellitus diagnosed. She denied pain and any headache.",
            "ner_chunk": "She",
            "begin": 115,
            "end": 117,
            "ner_label": "Gender",
            "ner_confidence": "1.0"
        },
        {
            "document": "She is admitted to The John Hopkins Hospital 2 days ago with a history of gestational diabetes mellitus diagnosed. She denied pain and any headache.",
            "ner_chunk": "pain",
            "begin": 126,
            "end": 129,
            "ner_label": "Symptom",
            "ner_confidence": "0.998"
        },
        {
            "document": "She is admitted to The John Hopkins Hospital 2 days ago with a history of gestational diabetes mellitus diagnosed. She denied pain and any headache.",
            "ner_chunk": "headache",
            "begin": 139,
            "end": 146,
            "ner_label": "Symptom",
            "ner_confidence": "0.9986"
        }
    ]
}