{
    "predictions": [
        [
            {
                "begin": 90,
                "end": 93,
                "ner_chunk": "BMI)",
                "ner_label": "Test",
                "ner_confidence": "0.698",
                "concept_code": "39156-5",
                "resolution": "bmi",
                "score": 0.9296666383743286,
                "all_codes": [
                    "39156-5",
                    "LP35925-4",
                    "89270-3",
                    "39156-5",
                    "88087-2"
                ],
                "concept_name_detailed": [
                    "BMI [Body mass index (BMI) [Ratio]]",
                    "Body mass index (BMI) [Body mass index (BMI)]",
                    "BMI Est [Body mass index (BMI) [Ratio] Estimated]",
                    "Body mass index (BMI) [Ratio] [Body mass index (BMI) [Ratio]]",
                    "Estimated BMI >40 [Estimated BMI greater than 40]"
                ],
                "domain_id": [
                    "Observation",
                    "Observation",
                    "Observation",
                    "Observation",
                    "Observation"
                ],
                "all_resolutions": [
                    "bmi",
                    "body mass index (bmi)",
                    "bmi est",
                    "body mass index (bmi) [ratio]",
                    "estimated bmi >40"
                ],
                "all_score": [
                    0.9296666383743286,
                    0.860340416431427,
                    0.8320395946502686,
                    0.8205130696296692,
                    0.8036540150642395
                ]
            },
            {
                "begin": 110,
                "end": 135,
                "ner_chunk": "aspartate aminotransferase",
                "ner_label": "Test",
                "ner_confidence": "0.8905",
                "concept_code": "LP15426-7",
                "resolution": "aspartate aminotransferase",
                "score": 1.000000238418579,
                "all_codes": [
                    "LP15426-7",
                    "100739-2",
                    "LP307348-5",
                    "LP307326-1",
                    "100739-2"
                ],
                "concept_name_detailed": [
                    "Aspartate aminotransferase [Aspartate aminotransferase]",
                    "Aspartate amino transferase [Aspartate aminotransferase.macromolecular [Presence] in Serum or Plasma]",
                    "Aspartate aminotransferase/Alanine aminotransferase [Aspartate aminotransferase/Alanine aminotransferase]",
                    "Alanine aminotransferase/Aspartate aminotransferase [Alanine aminotransferase/Aspartate aminotransferase]",
                    "Aspartate transaminase [Aspartate aminotransferase.macromolecular [Presence] in Serum or Plasma]"
                ],
                "domain_id": [
                    "Observation",
                    "Observation",
                    "Observation",
                    "Observation",
                    "Observation"
                ],
                "all_resolutions": [
                    "aspartate aminotransferase",
                    "aspartate amino transferase",
                    "aspartate aminotransferase/alanine aminotransferase",
                    "alanine aminotransferase/aspartate aminotransferase",
                    "aspartate transaminase"
                ],
                "all_score": [
                    1.000000238418579,
                    0.917165219783783,
                    0.9107992053031921,
                    0.9060167670249939,
                    0.900547981262207
                ]
            },
            {
                "begin": 145,
                "end": 168,
                "ner_chunk": "alanine aminotransferase",
                "ner_label": "Test",
                "ner_confidence": "0.825",
                "concept_code": "LP15333-5",
                "resolution": "alanine aminotransferase",
                "score": 1.000000238418579,
                "all_codes": [
                    "LP15333-5",
                    "100738-4",
                    "LP307326-1",
                    "69383-8",
                    "59245-1"
                ],
                "concept_name_detailed": [
                    "Alanine aminotransferase [Alanine aminotransferase]",
                    "Alanine transaminase [Alanine aminotransferase.macromolecular [Presence] in Serum or Plasma]",
                    "Alanine aminotransferase/Aspartate aminotransferase [Alanine aminotransferase/Aspartate aminotransferase]",
                    "alanine-glyoxylate aminotransferase [AGXT gene targeted mutation analysis in Blood or Tissue by Molecular genetics method]",
                    "Alanine-glyoxylic aminotransferase [Alanine glyoxylate aminotransferase [Enzymatic activity/mass] in Tissue]"
                ],
                "domain_id": [
                    "Observation",
                    "Observation",
                    "Observation",
                    "Observation",
                    "Observation"
                ],
                "all_resolutions": [
                    "alanine aminotransferase",
                    "alanine transaminase",
                    "alanine aminotransferase/aspartate aminotransferase",
                    "alanine-glyoxylate aminotransferase",
                    "alanine-glyoxylic aminotransferase"
                ],
                "all_score": [
                    1.000000238418579,
                    0.9021456837654114,
                    0.897334635257721,
                    0.8878636360168457,
                    0.8853920102119446
                ]
            }
        ],
        [
            {
                "begin": 43,
                "end": 71,
                "ner_chunk": "the peripheral blood specimen",
                "ner_label": "Test",
                "ner_confidence": "0.69299996",
                "concept_code": "12963-5",
                "resolution": "blood - peripheral",
                "score": 0.8685218691825867,
                "all_codes": [
                    "12963-5",
                    "LP7072-4",
                    "LP207787-5",
                    "34618-9",
                    "LP250998-4"
                ],
                "concept_name_detailed": [
                    "Blood - peripheral [Urea nitrogen [Mass/volume] in Peripheral blood]",
                    "Blood peripheral [Blood peripheral]",
                    "Blood sampling performed [Blood sampling performed]",
                    "Hemoglobin [Presence] in Specimen [Hemoglobin [Presence] in Specimen]",
                    "Peripheral vessels [Peripheral vessels]"
                ],
                "domain_id": [
                    "Observation",
                    "Observation",
                    "Observation",
                    "Observation",
                    "Observation"
                ],
                "all_resolutions": [
                    "blood - peripheral",
                    "blood peripheral",
                    "blood sampling performed",
                    "hemoglobin [presence] in specimen",
                    "peripheral vessels"
                ],
                "all_score": [
                    0.8685218691825867,
                    0.8682698607444763,
                    0.8076968789100647,
                    0.7744244933128357,
                    0.7725335955619812
                ]
            },
            {
                "begin": 77,
                "end": 103,
                "ner_chunk": "a polymerase chain reaction",
                "ner_label": "Test",
                "ner_confidence": "0.73675",
                "concept_code": "100156-9",
                "resolution": "polymerase chain reaction",
                "score": 0.9560185074806213,
                "all_codes": [
                    "100156-9",
                    "100019-9",
                    "101291-3",
                    "LA26419-4",
                    "73656-1"
                ],
                "concept_name_detailed": [
                    "Polymerase chain reaction [SARS-CoV-2 (COVID-19) variant [Type] in Specimen by NAA with probe detection]",
                    "PCR [ALK gene mutations found [Identifier] in Blood or Tissue by Molecular genetics method Nominal]",
                    "EV-PCR [Rhinovirus+Enterovirus RNA [Presence] in Throat by NAA with non-probe detection]",
                    "qPCR (real-time PCR) [qPCR (real-time PCR)]",
                    "DNA polymerase [Varicella zoster virus ORF28 genotype [Identifier]]"
                ],
                "domain_id": [
                    "Observation",
                    "Observation",
                    "Observation",
                    "Meas Value",
                    "Observation"
                ],
                "all_resolutions": [
                    "polymerase chain reaction",
                    "pcr",
                    "ev-pcr",
                    "qpcr (real-time pcr)",
                    "dna polymerase"
                ],
                "all_score": [
                    0.9560185074806213,
                    0.858952522277832,
                    0.8178107142448425,
                    0.8075778484344482,
                    0.7939333915710449
                ]
            },
            {
                "begin": 106,
                "end": 121,
                "ner_chunk": "PCR)-based assay",
                "ner_label": "Test",
                "ner_confidence": "0.75715",
                "concept_code": "100019-9",
                "resolution": "pcr",
                "score": 0.8697161078453064,
                "all_codes": [
                    "100019-9",
                    "100156-9",
                    "LA26419-4",
                    "101291-3",
                    "100156-9"
                ],
                "concept_name_detailed": [
                    "PCR [ALK gene mutations found [Identifier] in Blood or Tissue by Molecular genetics method Nominal]",
                    "Polymerase chain reaction [SARS-CoV-2 (COVID-19) variant [Type] in Specimen by NAA with probe detection]",
                    "qPCR (real-time PCR) [qPCR (real-time PCR)]",
                    "EV-PCR [Rhinovirus+Enterovirus RNA [Presence] in Throat by NAA with non-probe detection]",
                    "Nucleic acid sequence based analysis [SARS-CoV-2 (COVID-19) variant [Type] in Specimen by NAA with probe detection]"
                ],
                "domain_id": [
                    "Observation",
                    "Observation",
                    "Meas Value",
                    "Observation",
                    "Observation"
                ],
                "all_resolutions": [
                    "pcr",
                    "polymerase chain reaction",
                    "qpcr (real-time pcr)",
                    "ev-pcr",
                    "nucleic acid sequence based analysis"
                ],
                "all_score": [
                    0.8697161078453064,
                    0.8195242881774902,
                    0.8192642331123352,
                    0.8135446310043335,
                    0.7963398694992065
                ]
            }
        ]
    ]
}