{
    "predictions": [
        {
            "document": "He was seen by the endocrinology service and she was discharged on 50 mg of eltrombopag oral at night, 5 mg amlodipine with meals, and metformin 1000 mg two times a day.",
            "ner_chunk": "50 mg of eltrombopag oral",
            "begin": 67,
            "end": 91,
            "ner_label": "DRUG",
            "ner_confidence": "0.72838",
            "rxcui_code": "825427",
            "rxcui_resolution": "eltrombopag 50 MG Oral Tablet",
            "rxcui_confidence": "0.2793"
        },
        {
            "document": "He was seen by the endocrinology service and she was discharged on 50 mg of eltrombopag oral at night, 5 mg amlodipine with meals, and metformin 1000 mg two times a day.",
            "ner_chunk": "5 mg amlodipine",
            "begin": 103,
            "end": 117,
            "ner_label": "DRUG",
            "ner_confidence": "0.5661333",
            "rxcui_code": "197361",
            "rxcui_resolution": "amlodipine 5 MG Oral Tablet",
            "rxcui_confidence": "0.3890"
        },
        {
            "document": "He was seen by the endocrinology service and she was discharged on 50 mg of eltrombopag oral at night, 5 mg amlodipine with meals, and metformin 1000 mg two times a day.",
            "ner_chunk": "metformin 1000 mg",
            "begin": 135,
            "end": 151,
            "ner_label": "DRUG",
            "ner_confidence": "0.6566333",
            "rxcui_code": "861004",
            "rxcui_resolution": "metformin hydrochloride 1000 MG Oral Tablet",
            "rxcui_confidence": "0.1105"
        }
    ]
}