{
    "predictions": [
        {
            "document": "TRIM50 has only been shown to act as a tumor suppressor in hepatocellular carcinoma and ovary cancer. HOXA10 exerts an oncogenic role in several tumors endometrial adenocarcinoma .",
            "ner_chunk": "tumor",
            "begin": 39,
            "end": 43,
            "ner_label": "Tumor_Finding",
            "ner_confidence": "0.9416",
            "icdo_code": "8000/1",
            "icdo_resolution": "tumor",
            "icdo_confidence": "0.9963"
        },
        {
            "document": "TRIM50 has only been shown to act as a tumor suppressor in hepatocellular carcinoma and ovary cancer. HOXA10 exerts an oncogenic role in several tumors endometrial adenocarcinoma .",
            "ner_chunk": "hepatocellular",
            "begin": 59,
            "end": 72,
            "ner_label": "Histological_Type",
            "ner_confidence": "0.9981",
            "icdo_code": "C22.0",
            "icdo_resolution": "liver",
            "icdo_confidence": "0.3523"
        },
        {
            "document": "TRIM50 has only been shown to act as a tumor suppressor in hepatocellular carcinoma and ovary cancer. HOXA10 exerts an oncogenic role in several tumors endometrial adenocarcinoma .",
            "ner_chunk": "carcinoma",
            "begin": 74,
            "end": 82,
            "ner_label": "Cancer_Dx",
            "ner_confidence": "0.9491",
            "icdo_code": "8010/3",
            "icdo_resolution": "carcinoma",
            "icdo_confidence": "0.9625"
        },
        {
            "document": "TRIM50 has only been shown to act as a tumor suppressor in hepatocellular carcinoma and ovary cancer. HOXA10 exerts an oncogenic role in several tumors endometrial adenocarcinoma .",
            "ner_chunk": "ovary cancer",
            "begin": 88,
            "end": 99,
            "ner_label": "Oncological",
            "ner_confidence": "0.84344995",
            "icdo_code": "8010/3-C56.9",
            "icdo_resolution": "carcinoma, of ovary",
            "icdo_confidence": "0.1218"
        },
        {
            "document": "TRIM50 has only been shown to act as a tumor suppressor in hepatocellular carcinoma and ovary cancer. HOXA10 exerts an oncogenic role in several tumors endometrial adenocarcinoma .",
            "ner_chunk": "tumors",
            "begin": 145,
            "end": 150,
            "ner_label": "Tumor_Finding",
            "ner_confidence": "0.8977",
            "icdo_code": "8000/1",
            "icdo_resolution": "tumor",
            "icdo_confidence": "0.8695"
        },
        {
            "document": "TRIM50 has only been shown to act as a tumor suppressor in hepatocellular carcinoma and ovary cancer. HOXA10 exerts an oncogenic role in several tumors endometrial adenocarcinoma .",
            "ner_chunk": "endometrial adenocarcinoma",
            "begin": 152,
            "end": 177,
            "ner_label": "Cancer_Dx",
            "ner_confidence": "0.92715",
            "icdo_code": "8380/3",
            "icdo_resolution": "endometrioid adenocarcinoma",
            "icdo_confidence": "0.2503"
        }
    ]
}