{
    "predictions": [
        [
            {
                "begin": 80,
                "end": 89,
                "ner_chunk": "chest pain",
                "ner_label": "Symptom",
                "ner_confidence": "0.7448",
                "concept_code": "29857009",
                "resolution": "chest pain",
                "score": 1.0,
                "all_codes": [
                    "29857009",
                    "426396005",
                    "274664007",
                    "279084009",
                    "2237002"
                ],
                "domain_class": [
                    "Clinical Finding",
                    "Clinical Finding",
                    "Clinical Finding",
                    "Clinical Finding",
                    "Clinical Finding"
                ],
                "all_resolutions": [
                    "chest pain",
                    "cardiac chest pain",
                    "chest pain on breathing",
                    "chest discomfort",
                    "pleuritic chest pain"
                ],
                "all_score": [
                    1.0,
                    0.9261186122894287,
                    0.8930981159210205,
                    0.889647364616394,
                    0.8866108655929565
                ]
            },
            {
                "begin": 108,
                "end": 115,
                "ner_chunk": "diabetic",
                "ner_label": "Diabetes",
                "ner_confidence": "0.9994",
                "concept_code": "280137006",
                "resolution": "diabetic foot",
                "score": 0.8424344062805176,
                "all_codes": [
                    "280137006",
                    "160670007",
                    "385804009",
                    "309350005",
                    "170747006"
                ],
                "domain_class": [
                    "Clinical Finding",
                    "Clinical Finding",
                    "Procedure",
                    "Social Context",
                    "Clinical Finding"
                ],
                "all_resolutions": [
                    "diabetic foot",
                    "diabetic diet",
                    "diabetic care",
                    "diabetologist",
                    "diabetic on insulin"
                ],
                "all_score": [
                    0.8424344062805176,
                    0.8274567127227783,
                    0.8165045976638794,
                    0.8098065257072449,
                    0.808023989200592
                ]
            },
            {
                "begin": 144,
                "end": 158,
                "ner_chunk": "coronary artery",
                "ner_label": "snomed_term",
                "ner_confidence": "0.68165",
                "concept_code": "181294004",
                "resolution": "coronary artery",
                "score": 0.9999997615814209,
                "all_codes": [
                    "181294004",
                    "181294004",
                    "41801008",
                    "119204004",
                    "364092001"
                ],
                "domain_class": [
                    "Body Structure",
                    "Body Structure",
                    "Body Structure",
                    "Body Structure",
                    "Observable Entity"
                ],
                "all_resolutions": [
                    "coronary artery",
                    "ca - coronary artery",
                    "coronary artery structure",
                    "coronary artery part",
                    "coronary artery feature"
                ],
                "all_score": [
                    0.9999997615814209,
                    0.8787338137626648,
                    0.8512691855430603,
                    0.8499417901039124,
                    0.8453324437141418
                ]
            },
            {
                "begin": 209,
                "end": 222,
                "ner_chunk": "his chest pain",
                "ner_label": "PROBLEM",
                "ner_confidence": "0.9519666",
                "concept_code": "29857009",
                "resolution": "chest pain",
                "score": 0.8550780415534973,
                "all_codes": [
                    "29857009",
                    "59139008",
                    "29857009",
                    "371030007",
                    "102591006"
                ],
                "domain_class": [
                    "Clinical Finding",
                    "Clinical Finding",
                    "Clinical Finding",
                    "Clinical Finding",
                    "Clinical Finding"
                ],
                "all_resolutions": [
                    "chest pain",
                    "crushing chest pain",
                    "chest pain, nos",
                    "squeezing chest pain",
                    "tenderness of chest"
                ],
                "all_score": [
                    0.8550780415534973,
                    0.8436146378517151,
                    0.8431805968284607,
                    0.8388456702232361,
                    0.83170086145401
                ]
            },
            {
                "begin": 263,
                "end": 283,
                "ner_chunk": "somewhat intermittent",
                "ner_label": "PROBLEM",
                "ner_confidence": "0.71835",
                "concept_code": "7087005",
                "resolution": "intermittent",
                "score": 0.8606393933296204,
                "all_codes": [
                    "7087005",
                    "224376001",
                    "713568000",
                    "271824009",
                    "386798001"
                ],
                "domain_class": [
                    "Qualifier Value",
                    "Clinical Finding",
                    "Clinical Finding",
                    "Clinical Finding",
                    "Clinical Finding"
                ],
                "all_resolutions": [
                    "intermittent",
                    "works irregularly",
                    "occasionally tired",
                    "respiration intermittent",
                    "tends to be unstable in affect"
                ],
                "all_score": [
                    0.8606393933296204,
                    0.778349757194519,
                    0.7751603126525879,
                    0.7734686732292175,
                    0.7726602554321289
                ]
            },
            {
                "begin": 379,
                "end": 388,
                "ner_chunk": "chest pain",
                "ner_label": "Symptom",
                "ner_confidence": "0.51765",
                "concept_code": "29857009",
                "resolution": "chest pain",
                "score": 1.0,
                "all_codes": [
                    "29857009",
                    "426396005",
                    "274664007",
                    "279084009",
                    "2237002"
                ],
                "domain_class": [
                    "Clinical Finding",
                    "Clinical Finding",
                    "Clinical Finding",
                    "Clinical Finding",
                    "Clinical Finding"
                ],
                "all_resolutions": [
                    "chest pain",
                    "cardiac chest pain",
                    "chest pain on breathing",
                    "chest discomfort",
                    "pleuritic chest pain"
                ],
                "all_score": [
                    1.0,
                    0.9261186122894287,
                    0.8930981159210205,
                    0.889647364616394,
                    0.8866108655929565
                ]
            }
        ],
        [
            {
                "begin": 79,
                "end": 107,
                "ner_chunk": "a respiratory tract infection",
                "ner_label": "PROBLEM",
                "ner_confidence": "0.87114996",
                "concept_code": "275498002",
                "resolution": "respiratory tract infection",
                "score": 0.8786616921424866,
                "all_codes": [
                    "275498002",
                    "707351006",
                    "707351006",
                    "878855001",
                    "312117008"
                ],
                "domain_class": [
                    "Clinical Finding",
                    "Clinical Finding",
                    "Clinical Finding",
                    "Procedure",
                    "Clinical Finding"
                ],
                "all_resolutions": [
                    "respiratory tract infection",
                    "institutionally acquired respiratory infection",
                    "respiratory infection, institutional",
                    "education about respiratory tract infection",
                    "bacterial respiratory infection"
                ],
                "all_score": [
                    0.8786616921424866,
                    0.8161045908927917,
                    0.8152043223381042,
                    0.8135877251625061,
                    0.8124688267707825
                ]
            },
            {
                "begin": 133,
                "end": 136,
                "ner_chunk": "T2DM",
                "ner_label": "Diabetes",
                "ner_confidence": "0.9779",
                "concept_code": "44054006",
                "resolution": "t2dm - diabetes mellitus type 2",
                "score": 0.8826607465744019,
                "all_codes": [
                    "44054006",
                    "44054006",
                    "44054006",
                    "444110003",
                    "721121000124104"
                ],
                "domain_class": [
                    "Clinical Finding",
                    "Clinical Finding",
                    "Clinical Finding",
                    "Clinical Finding",
                    "Clinical Finding"
                ],
                "all_resolutions": [
                    "t2dm - diabetes mellitus type 2",
                    "type 2 diabetes mellitus",
                    "diabetes mellitus type 2",
                    "type 2 diabetes mellitus well controlled",
                    "diabetes mellitus type 1 stage 2"
                ],
                "all_score": [
                    0.8826607465744019,
                    0.7684905529022217,
                    0.7645324468612671,
                    0.7581313252449036,
                    0.7573235034942627
                ]
            },
            {
                "begin": 150,
                "end": 152,
                "ner_chunk": "HTG",
                "ner_label": "Hyperlipidemia",
                "ner_confidence": "0.8938",
                "concept_code": "387407006",
                "resolution": "tg",
                "score": 0.8197697401046753,
                "all_codes": [
                    "387407006",
                    "415720002",
                    "278910002",
                    "8203003",
                    "1228854003"
                ],
                "domain_class": [
                    "Substance",
                    "Substance",
                    "Substance",
                    "Substance",
                    "No_Concept_Class"
                ],
                "all_resolutions": [
                    "tg",
                    "tbg",
                    "ahg",
                    "hmg",
                    "hg"
                ],
                "all_score": [
                    0.8197697401046753,
                    0.7953603863716125,
                    0.7846822142601013,
                    0.7800904512405396,
                    0.7798664569854736
                ]
            }
        ]
    ]
}