{
    "predictions": [
        {
            "document": "The patient was advised to take Omeprazole 20 mg daily before breakfast for acid reflux.",
            "ner_chunk": "Omeprazole 20 mg",
            "begin": 32,
            "end": 47,
            "ner_label": "DRUG",
            "rxnorm_code": "389172"
        },
        {
            "document": "The patient was advised to take Omeprazole 20 mg daily before breakfast for acid reflux.",
            "ner_chunk": "daily before breakfast",
            "begin": 49,
            "end": 70,
            "ner_label": "FREQUENCY",
            "rxnorm_code": "1166944"
        }
    ]
}