{
    "ner_predictions": [
        {
            "document": "Kate a cleaning assistant without health insurance or paid sick leave, has struggled with alcohol abuse since her teens, drinking beer daily for 30 years and smoking a pack of cigarettes daily. With a DUI in April and a recent court date, she leans on her Catholic faith for support, alongside managing depression and considering rehab.",
            "ner_chunk": "cleaning assistant",
            "begin": 7,
            "end": 24,
            "ner_label": "Employment",
            "ner_confidence": "0.8154"
        },
        {
            "document": "Kate a cleaning assistant without health insurance or paid sick leave, has struggled with alcohol abuse since her teens, drinking beer daily for 30 years and smoking a pack of cigarettes daily. With a DUI in April and a recent court date, she leans on her Catholic faith for support, alongside managing depression and considering rehab.",
            "ner_chunk": "health insurance",
            "begin": 34,
            "end": 49,
            "ner_label": "Insurance_Status",
            "ner_confidence": "0.4379"
        },
        {
            "document": "Kate a cleaning assistant without health insurance or paid sick leave, has struggled with alcohol abuse since her teens, drinking beer daily for 30 years and smoking a pack of cigarettes daily. With a DUI in April and a recent court date, she leans on her Catholic faith for support, alongside managing depression and considering rehab.",
            "ner_chunk": "alcohol",
            "begin": 90,
            "end": 96,
            "ner_label": "Alcohol",
            "ner_confidence": "0.9796"
        },
        {
            "document": "Kate a cleaning assistant without health insurance or paid sick leave, has struggled with alcohol abuse since her teens, drinking beer daily for 30 years and smoking a pack of cigarettes daily. With a DUI in April and a recent court date, she leans on her Catholic faith for support, alongside managing depression and considering rehab.",
            "ner_chunk": "drinking",
            "begin": 121,
            "end": 128,
            "ner_label": "Alcohol",
            "ner_confidence": "0.9493"
        },
        {
            "document": "Kate a cleaning assistant without health insurance or paid sick leave, has struggled with alcohol abuse since her teens, drinking beer daily for 30 years and smoking a pack of cigarettes daily. With a DUI in April and a recent court date, she leans on her Catholic faith for support, alongside managing depression and considering rehab.",
            "ner_chunk": "beer",
            "begin": 130,
            "end": 133,
            "ner_label": "Alcohol",
            "ner_confidence": "0.9728"
        },
        {
            "document": "Kate a cleaning assistant without health insurance or paid sick leave, has struggled with alcohol abuse since her teens, drinking beer daily for 30 years and smoking a pack of cigarettes daily. With a DUI in April and a recent court date, she leans on her Catholic faith for support, alongside managing depression and considering rehab.",
            "ner_chunk": "daily",
            "begin": 135,
            "end": 139,
            "ner_label": "Substance_Frequency",
            "ner_confidence": "0.9908"
        },
        {
            "document": "Kate a cleaning assistant without health insurance or paid sick leave, has struggled with alcohol abuse since her teens, drinking beer daily for 30 years and smoking a pack of cigarettes daily. With a DUI in April and a recent court date, she leans on her Catholic faith for support, alongside managing depression and considering rehab.",
            "ner_chunk": "30 years",
            "begin": 145,
            "end": 152,
            "ner_label": "Substance_Duration",
            "ner_confidence": "0.5964"
        },
        {
            "document": "Kate a cleaning assistant without health insurance or paid sick leave, has struggled with alcohol abuse since her teens, drinking beer daily for 30 years and smoking a pack of cigarettes daily. With a DUI in April and a recent court date, she leans on her Catholic faith for support, alongside managing depression and considering rehab.",
            "ner_chunk": "smoking",
            "begin": 158,
            "end": 164,
            "ner_label": "Smoking",
            "ner_confidence": "0.9919"
        },
        {
            "document": "Kate a cleaning assistant without health insurance or paid sick leave, has struggled with alcohol abuse since her teens, drinking beer daily for 30 years and smoking a pack of cigarettes daily. With a DUI in April and a recent court date, she leans on her Catholic faith for support, alongside managing depression and considering rehab.",
            "ner_chunk": "a pack",
            "begin": 166,
            "end": 171,
            "ner_label": "Substance_Quantity",
            "ner_confidence": "0.76115"
        },
        {
            "document": "Kate a cleaning assistant without health insurance or paid sick leave, has struggled with alcohol abuse since her teens, drinking beer daily for 30 years and smoking a pack of cigarettes daily. With a DUI in April and a recent court date, she leans on her Catholic faith for support, alongside managing depression and considering rehab.",
            "ner_chunk": "cigarettes",
            "begin": 176,
            "end": 185,
            "ner_label": "Smoking",
            "ner_confidence": "0.975"
        },
        {
            "document": "Kate a cleaning assistant without health insurance or paid sick leave, has struggled with alcohol abuse since her teens, drinking beer daily for 30 years and smoking a pack of cigarettes daily. With a DUI in April and a recent court date, she leans on her Catholic faith for support, alongside managing depression and considering rehab.",
            "ner_chunk": "daily",
            "begin": 187,
            "end": 191,
            "ner_label": "Substance_Frequency",
            "ner_confidence": "0.9786"
        },
        {
            "document": "Kate a cleaning assistant without health insurance or paid sick leave, has struggled with alcohol abuse since her teens, drinking beer daily for 30 years and smoking a pack of cigarettes daily. With a DUI in April and a recent court date, she leans on her Catholic faith for support, alongside managing depression and considering rehab.",
            "ner_chunk": "DUI",
            "begin": 201,
            "end": 203,
            "ner_label": "Legal_Issues",
            "ner_confidence": "0.9836"
        },
        {
            "document": "Kate a cleaning assistant without health insurance or paid sick leave, has struggled with alcohol abuse since her teens, drinking beer daily for 30 years and smoking a pack of cigarettes daily. With a DUI in April and a recent court date, she leans on her Catholic faith for support, alongside managing depression and considering rehab.",
            "ner_chunk": "leans on her Catholic faith",
            "begin": 243,
            "end": 269,
            "ner_label": "Symptom",
            "ner_confidence": "0.64966"
        },
        {
            "document": "Kate a cleaning assistant without health insurance or paid sick leave, has struggled with alcohol abuse since her teens, drinking beer daily for 30 years and smoking a pack of cigarettes daily. With a DUI in April and a recent court date, she leans on her Catholic faith for support, alongside managing depression and considering rehab.",
            "ner_chunk": "support",
            "begin": 275,
            "end": 281,
            "ner_label": "Social_Support",
            "ner_confidence": "0.7138"
        },
        {
            "document": "Kate a cleaning assistant without health insurance or paid sick leave, has struggled with alcohol abuse since her teens, drinking beer daily for 30 years and smoking a pack of cigarettes daily. With a DUI in April and a recent court date, she leans on her Catholic faith for support, alongside managing depression and considering rehab.",
            "ner_chunk": "depression",
            "begin": 303,
            "end": 312,
            "ner_label": "Mental_Health",
            "ner_confidence": "0.9794"
        },
        {
            "document": "Kate a cleaning assistant without health insurance or paid sick leave, has struggled with alcohol abuse since her teens, drinking beer daily for 30 years and smoking a pack of cigarettes daily. With a DUI in April and a recent court date, she leans on her Catholic faith for support, alongside managing depression and considering rehab.",
            "ner_chunk": "rehab",
            "begin": 330,
            "end": 334,
            "ner_label": "Access_To_Care",
            "ner_confidence": "0.9942"
        },
        {
            "document": "Jane works as a cleaning assistant and cannot access health insurance or paid sick leave. She has a son, a student at college. Pt with likely long-standing depression. She is aware she needs rehab. Pt reports having her catholic faith as a means of support as well.  She has a long history of etoh abuse, beginning in her teens. She reports she has been a daily drinker for 30 years, most recently drinking beer daily. She smokes a pack of cigarettes a day. She had DUI in April and was due to court this week.",
            "ner_chunk": "cleaning assistant",
            "begin": 16,
            "end": 33,
            "ner_label": "Employment",
            "ner_confidence": "0.77255"
        },
        {
            "document": "Jane works as a cleaning assistant and cannot access health insurance or paid sick leave. She has a son, a student at college. Pt with likely long-standing depression. She is aware she needs rehab. Pt reports having her catholic faith as a means of support as well.  She has a long history of etoh abuse, beginning in her teens. She reports she has been a daily drinker for 30 years, most recently drinking beer daily. She smokes a pack of cigarettes a day. She had DUI in April and was due to court this week.",
            "ner_chunk": "health insurance",
            "begin": 53,
            "end": 68,
            "ner_label": "Insurance_Status",
            "ner_confidence": "0.4697"
        },
        {
            "document": "Jane works as a cleaning assistant and cannot access health insurance or paid sick leave. She has a son, a student at college. Pt with likely long-standing depression. She is aware she needs rehab. Pt reports having her catholic faith as a means of support as well.  She has a long history of etoh abuse, beginning in her teens. She reports she has been a daily drinker for 30 years, most recently drinking beer daily. She smokes a pack of cigarettes a day. She had DUI in April and was due to court this week.",
            "ner_chunk": "sick",
            "begin": 78,
            "end": 81,
            "ner_label": "Symptom",
            "ner_confidence": "0.869"
        },
        {
            "document": "Jane works as a cleaning assistant and cannot access health insurance or paid sick leave. She has a son, a student at college. Pt with likely long-standing depression. She is aware she needs rehab. Pt reports having her catholic faith as a means of support as well.  She has a long history of etoh abuse, beginning in her teens. She reports she has been a daily drinker for 30 years, most recently drinking beer daily. She smokes a pack of cigarettes a day. She had DUI in April and was due to court this week.",
            "ner_chunk": "son",
            "begin": 100,
            "end": 102,
            "ner_label": "Family_Member",
            "ner_confidence": "0.9943"
        },
        {
            "document": "Jane works as a cleaning assistant and cannot access health insurance or paid sick leave. She has a son, a student at college. Pt with likely long-standing depression. She is aware she needs rehab. Pt reports having her catholic faith as a means of support as well.  She has a long history of etoh abuse, beginning in her teens. She reports she has been a daily drinker for 30 years, most recently drinking beer daily. She smokes a pack of cigarettes a day. She had DUI in April and was due to court this week.",
            "ner_chunk": "student",
            "begin": 107,
            "end": 113,
            "ner_label": "Education",
            "ner_confidence": "0.988"
        },
        {
            "document": "Jane works as a cleaning assistant and cannot access health insurance or paid sick leave. She has a son, a student at college. Pt with likely long-standing depression. She is aware she needs rehab. Pt reports having her catholic faith as a means of support as well.  She has a long history of etoh abuse, beginning in her teens. She reports she has been a daily drinker for 30 years, most recently drinking beer daily. She smokes a pack of cigarettes a day. She had DUI in April and was due to court this week.",
            "ner_chunk": "college",
            "begin": 118,
            "end": 124,
            "ner_label": "Education",
            "ner_confidence": "0.9823"
        },
        {
            "document": "Jane works as a cleaning assistant and cannot access health insurance or paid sick leave. She has a son, a student at college. Pt with likely long-standing depression. She is aware she needs rehab. Pt reports having her catholic faith as a means of support as well.  She has a long history of etoh abuse, beginning in her teens. She reports she has been a daily drinker for 30 years, most recently drinking beer daily. She smokes a pack of cigarettes a day. She had DUI in April and was due to court this week.",
            "ner_chunk": "depression",
            "begin": 156,
            "end": 165,
            "ner_label": "Mental_Health",
            "ner_confidence": "0.975"
        },
        {
            "document": "Jane works as a cleaning assistant and cannot access health insurance or paid sick leave. She has a son, a student at college. Pt with likely long-standing depression. She is aware she needs rehab. Pt reports having her catholic faith as a means of support as well.  She has a long history of etoh abuse, beginning in her teens. She reports she has been a daily drinker for 30 years, most recently drinking beer daily. She smokes a pack of cigarettes a day. She had DUI in April and was due to court this week.",
            "ner_chunk": "rehab",
            "begin": 191,
            "end": 195,
            "ner_label": "Access_To_Care",
            "ner_confidence": "0.9925"
        },
        {
            "document": "Jane works as a cleaning assistant and cannot access health insurance or paid sick leave. She has a son, a student at college. Pt with likely long-standing depression. She is aware she needs rehab. Pt reports having her catholic faith as a means of support as well.  She has a long history of etoh abuse, beginning in her teens. She reports she has been a daily drinker for 30 years, most recently drinking beer daily. She smokes a pack of cigarettes a day. She had DUI in April and was due to court this week.",
            "ner_chunk": "catholic faith",
            "begin": 220,
            "end": 233,
            "ner_label": "Spiritual_Beliefs",
            "ner_confidence": "0.96650004"
        },
        {
            "document": "Jane works as a cleaning assistant and cannot access health insurance or paid sick leave. She has a son, a student at college. Pt with likely long-standing depression. She is aware she needs rehab. Pt reports having her catholic faith as a means of support as well.  She has a long history of etoh abuse, beginning in her teens. She reports she has been a daily drinker for 30 years, most recently drinking beer daily. She smokes a pack of cigarettes a day. She had DUI in April and was due to court this week.",
            "ner_chunk": "support",
            "begin": 249,
            "end": 255,
            "ner_label": "Social_Support",
            "ner_confidence": "0.725"
        },
        {
            "document": "Jane works as a cleaning assistant and cannot access health insurance or paid sick leave. She has a son, a student at college. Pt with likely long-standing depression. She is aware she needs rehab. Pt reports having her catholic faith as a means of support as well.  She has a long history of etoh abuse, beginning in her teens. She reports she has been a daily drinker for 30 years, most recently drinking beer daily. She smokes a pack of cigarettes a day. She had DUI in April and was due to court this week.",
            "ner_chunk": "etoh",
            "begin": 293,
            "end": 296,
            "ner_label": "Alcohol",
            "ner_confidence": "0.7606"
        },
        {
            "document": "Jane works as a cleaning assistant and cannot access health insurance or paid sick leave. She has a son, a student at college. Pt with likely long-standing depression. She is aware she needs rehab. Pt reports having her catholic faith as a means of support as well.  She has a long history of etoh abuse, beginning in her teens. She reports she has been a daily drinker for 30 years, most recently drinking beer daily. She smokes a pack of cigarettes a day. She had DUI in April and was due to court this week.",
            "ner_chunk": "daily",
            "begin": 356,
            "end": 360,
            "ner_label": "Substance_Frequency",
            "ner_confidence": "0.9031"
        },
        {
            "document": "Jane works as a cleaning assistant and cannot access health insurance or paid sick leave. She has a son, a student at college. Pt with likely long-standing depression. She is aware she needs rehab. Pt reports having her catholic faith as a means of support as well.  She has a long history of etoh abuse, beginning in her teens. She reports she has been a daily drinker for 30 years, most recently drinking beer daily. She smokes a pack of cigarettes a day. She had DUI in April and was due to court this week.",
            "ner_chunk": "drinker",
            "begin": 362,
            "end": 368,
            "ner_label": "Alcohol",
            "ner_confidence": "0.9825"
        },
        {
            "document": "Jane works as a cleaning assistant and cannot access health insurance or paid sick leave. She has a son, a student at college. Pt with likely long-standing depression. She is aware she needs rehab. Pt reports having her catholic faith as a means of support as well.  She has a long history of etoh abuse, beginning in her teens. She reports she has been a daily drinker for 30 years, most recently drinking beer daily. She smokes a pack of cigarettes a day. She had DUI in April and was due to court this week.",
            "ner_chunk": "30 years",
            "begin": 374,
            "end": 381,
            "ner_label": "Substance_Duration",
            "ner_confidence": "0.6554"
        },
        {
            "document": "Jane works as a cleaning assistant and cannot access health insurance or paid sick leave. She has a son, a student at college. Pt with likely long-standing depression. She is aware she needs rehab. Pt reports having her catholic faith as a means of support as well.  She has a long history of etoh abuse, beginning in her teens. She reports she has been a daily drinker for 30 years, most recently drinking beer daily. She smokes a pack of cigarettes a day. She had DUI in April and was due to court this week.",
            "ner_chunk": "drinking",
            "begin": 398,
            "end": 405,
            "ner_label": "Alcohol",
            "ner_confidence": "0.986"
        },
        {
            "document": "Jane works as a cleaning assistant and cannot access health insurance or paid sick leave. She has a son, a student at college. Pt with likely long-standing depression. She is aware she needs rehab. Pt reports having her catholic faith as a means of support as well.  She has a long history of etoh abuse, beginning in her teens. She reports she has been a daily drinker for 30 years, most recently drinking beer daily. She smokes a pack of cigarettes a day. She had DUI in April and was due to court this week.",
            "ner_chunk": "beer",
            "begin": 407,
            "end": 410,
            "ner_label": "Alcohol",
            "ner_confidence": "0.9931"
        },
        {
            "document": "Jane works as a cleaning assistant and cannot access health insurance or paid sick leave. She has a son, a student at college. Pt with likely long-standing depression. She is aware she needs rehab. Pt reports having her catholic faith as a means of support as well.  She has a long history of etoh abuse, beginning in her teens. She reports she has been a daily drinker for 30 years, most recently drinking beer daily. She smokes a pack of cigarettes a day. She had DUI in April and was due to court this week.",
            "ner_chunk": "daily",
            "begin": 412,
            "end": 416,
            "ner_label": "Substance_Frequency",
            "ner_confidence": "0.9909"
        },
        {
            "document": "Jane works as a cleaning assistant and cannot access health insurance or paid sick leave. She has a son, a student at college. Pt with likely long-standing depression. She is aware she needs rehab. Pt reports having her catholic faith as a means of support as well.  She has a long history of etoh abuse, beginning in her teens. She reports she has been a daily drinker for 30 years, most recently drinking beer daily. She smokes a pack of cigarettes a day. She had DUI in April and was due to court this week.",
            "ner_chunk": "smokes",
            "begin": 423,
            "end": 428,
            "ner_label": "Smoking",
            "ner_confidence": "0.9961"
        },
        {
            "document": "Jane works as a cleaning assistant and cannot access health insurance or paid sick leave. She has a son, a student at college. Pt with likely long-standing depression. She is aware she needs rehab. Pt reports having her catholic faith as a means of support as well.  She has a long history of etoh abuse, beginning in her teens. She reports she has been a daily drinker for 30 years, most recently drinking beer daily. She smokes a pack of cigarettes a day. She had DUI in April and was due to court this week.",
            "ner_chunk": "a pack",
            "begin": 430,
            "end": 435,
            "ner_label": "Substance_Quantity",
            "ner_confidence": "0.81475"
        },
        {
            "document": "Jane works as a cleaning assistant and cannot access health insurance or paid sick leave. She has a son, a student at college. Pt with likely long-standing depression. She is aware she needs rehab. Pt reports having her catholic faith as a means of support as well.  She has a long history of etoh abuse, beginning in her teens. She reports she has been a daily drinker for 30 years, most recently drinking beer daily. She smokes a pack of cigarettes a day. She had DUI in April and was due to court this week.",
            "ner_chunk": "cigarettes",
            "begin": 440,
            "end": 449,
            "ner_label": "Smoking",
            "ner_confidence": "0.9941"
        },
        {
            "document": "Jane works as a cleaning assistant and cannot access health insurance or paid sick leave. She has a son, a student at college. Pt with likely long-standing depression. She is aware she needs rehab. Pt reports having her catholic faith as a means of support as well.  She has a long history of etoh abuse, beginning in her teens. She reports she has been a daily drinker for 30 years, most recently drinking beer daily. She smokes a pack of cigarettes a day. She had DUI in April and was due to court this week.",
            "ner_chunk": "a day",
            "begin": 451,
            "end": 455,
            "ner_label": "Substance_Frequency",
            "ner_confidence": "0.81764996"
        },
        {
            "document": "Jane works as a cleaning assistant and cannot access health insurance or paid sick leave. She has a son, a student at college. Pt with likely long-standing depression. She is aware she needs rehab. Pt reports having her catholic faith as a means of support as well.  She has a long history of etoh abuse, beginning in her teens. She reports she has been a daily drinker for 30 years, most recently drinking beer daily. She smokes a pack of cigarettes a day. She had DUI in April and was due to court this week.",
            "ner_chunk": "DUI",
            "begin": 466,
            "end": 468,
            "ner_label": "Legal_Issues",
            "ner_confidence": "0.9857"
        }
    ],
    "assertion_predictions": [
        {
            "document": "Kate a cleaning assistant without health insurance or paid sick leave, has struggled with alcohol abuse since her teens, drinking beer daily for 30 years and smoking a pack of cigarettes daily. With a DUI in April and a recent court date, she leans on her Catholic faith for support, alongside managing depression and considering rehab.",
            "ner_chunk": "health insurance",
            "begin": 34,
            "end": 49,
            "ner_label": "Insurance_Status",
            "assertion": "Absent",
            "assertion_confidence": "0.8286"
        },
        {
            "document": "Kate a cleaning assistant without health insurance or paid sick leave, has struggled with alcohol abuse since her teens, drinking beer daily for 30 years and smoking a pack of cigarettes daily. With a DUI in April and a recent court date, she leans on her Catholic faith for support, alongside managing depression and considering rehab.",
            "ner_chunk": "alcohol",
            "begin": 90,
            "end": 96,
            "ner_label": "Alcohol",
            "assertion": "Present",
            "assertion_confidence": "0.7364"
        },
        {
            "document": "Kate a cleaning assistant without health insurance or paid sick leave, has struggled with alcohol abuse since her teens, drinking beer daily for 30 years and smoking a pack of cigarettes daily. With a DUI in April and a recent court date, she leans on her Catholic faith for support, alongside managing depression and considering rehab.",
            "ner_chunk": "drinking",
            "begin": 121,
            "end": 128,
            "ner_label": "Alcohol",
            "assertion": "Present",
            "assertion_confidence": "0.9702"
        },
        {
            "document": "Kate a cleaning assistant without health insurance or paid sick leave, has struggled with alcohol abuse since her teens, drinking beer daily for 30 years and smoking a pack of cigarettes daily. With a DUI in April and a recent court date, she leans on her Catholic faith for support, alongside managing depression and considering rehab.",
            "ner_chunk": "beer",
            "begin": 130,
            "end": 133,
            "ner_label": "Alcohol",
            "assertion": "Present",
            "assertion_confidence": "0.9889"
        },
        {
            "document": "Kate a cleaning assistant without health insurance or paid sick leave, has struggled with alcohol abuse since her teens, drinking beer daily for 30 years and smoking a pack of cigarettes daily. With a DUI in April and a recent court date, she leans on her Catholic faith for support, alongside managing depression and considering rehab.",
            "ner_chunk": "smoking",
            "begin": 158,
            "end": 164,
            "ner_label": "Smoking",
            "assertion": "Present",
            "assertion_confidence": "0.9342"
        },
        {
            "document": "Kate a cleaning assistant without health insurance or paid sick leave, has struggled with alcohol abuse since her teens, drinking beer daily for 30 years and smoking a pack of cigarettes daily. With a DUI in April and a recent court date, she leans on her Catholic faith for support, alongside managing depression and considering rehab.",
            "ner_chunk": "cigarettes",
            "begin": 176,
            "end": 185,
            "ner_label": "Smoking",
            "assertion": "Present",
            "assertion_confidence": "0.9987"
        },
        {
            "document": "Kate a cleaning assistant without health insurance or paid sick leave, has struggled with alcohol abuse since her teens, drinking beer daily for 30 years and smoking a pack of cigarettes daily. With a DUI in April and a recent court date, she leans on her Catholic faith for support, alongside managing depression and considering rehab.",
            "ner_chunk": "DUI",
            "begin": 201,
            "end": 203,
            "ner_label": "Legal_Issues",
            "assertion": "Present",
            "assertion_confidence": "0.8055"
        },
        {
            "document": "Kate a cleaning assistant without health insurance or paid sick leave, has struggled with alcohol abuse since her teens, drinking beer daily for 30 years and smoking a pack of cigarettes daily. With a DUI in April and a recent court date, she leans on her Catholic faith for support, alongside managing depression and considering rehab.",
            "ner_chunk": "leans on her Catholic faith",
            "begin": 243,
            "end": 269,
            "ner_label": "Symptom",
            "assertion": "Present",
            "assertion_confidence": "0.9437"
        },
        {
            "document": "Kate a cleaning assistant without health insurance or paid sick leave, has struggled with alcohol abuse since her teens, drinking beer daily for 30 years and smoking a pack of cigarettes daily. With a DUI in April and a recent court date, she leans on her Catholic faith for support, alongside managing depression and considering rehab.",
            "ner_chunk": "support",
            "begin": 275,
            "end": 281,
            "ner_label": "Social_Support",
            "assertion": "Present",
            "assertion_confidence": "0.992"
        },
        {
            "document": "Kate a cleaning assistant without health insurance or paid sick leave, has struggled with alcohol abuse since her teens, drinking beer daily for 30 years and smoking a pack of cigarettes daily. With a DUI in April and a recent court date, she leans on her Catholic faith for support, alongside managing depression and considering rehab.",
            "ner_chunk": "depression",
            "begin": 303,
            "end": 312,
            "ner_label": "Mental_Health",
            "assertion": "Present",
            "assertion_confidence": "0.9916"
        },
        {
            "document": "Kate a cleaning assistant without health insurance or paid sick leave, has struggled with alcohol abuse since her teens, drinking beer daily for 30 years and smoking a pack of cigarettes daily. With a DUI in April and a recent court date, she leans on her Catholic faith for support, alongside managing depression and considering rehab.",
            "ner_chunk": "rehab",
            "begin": 330,
            "end": 334,
            "ner_label": "Access_To_Care",
            "assertion": "Present",
            "assertion_confidence": "0.9717"
        },
        {
            "document": "Jane works as a cleaning assistant and cannot access health insurance or paid sick leave. She has a son, a student at college. Pt with likely long-standing depression. She is aware she needs rehab. Pt reports having her catholic faith as a means of support as well.  She has a long history of etoh abuse, beginning in her teens. She reports she has been a daily drinker for 30 years, most recently drinking beer daily. She smokes a pack of cigarettes a day. She had DUI in April and was due to court this week.",
            "ner_chunk": "health insurance",
            "begin": 53,
            "end": 68,
            "ner_label": "Insurance_Status",
            "assertion": "Present",
            "assertion_confidence": "0.774"
        },
        {
            "document": "Jane works as a cleaning assistant and cannot access health insurance or paid sick leave. She has a son, a student at college. Pt with likely long-standing depression. She is aware she needs rehab. Pt reports having her catholic faith as a means of support as well.  She has a long history of etoh abuse, beginning in her teens. She reports she has been a daily drinker for 30 years, most recently drinking beer daily. She smokes a pack of cigarettes a day. She had DUI in April and was due to court this week.",
            "ner_chunk": "sick",
            "begin": 78,
            "end": 81,
            "ner_label": "Symptom",
            "assertion": "Present",
            "assertion_confidence": "0.7202"
        },
        {
            "document": "Jane works as a cleaning assistant and cannot access health insurance or paid sick leave. She has a son, a student at college. Pt with likely long-standing depression. She is aware she needs rehab. Pt reports having her catholic faith as a means of support as well.  She has a long history of etoh abuse, beginning in her teens. She reports she has been a daily drinker for 30 years, most recently drinking beer daily. She smokes a pack of cigarettes a day. She had DUI in April and was due to court this week.",
            "ner_chunk": "depression",
            "begin": 156,
            "end": 165,
            "ner_label": "Mental_Health",
            "assertion": "Present",
            "assertion_confidence": "0.9704"
        },
        {
            "document": "Jane works as a cleaning assistant and cannot access health insurance or paid sick leave. She has a son, a student at college. Pt with likely long-standing depression. She is aware she needs rehab. Pt reports having her catholic faith as a means of support as well.  She has a long history of etoh abuse, beginning in her teens. She reports she has been a daily drinker for 30 years, most recently drinking beer daily. She smokes a pack of cigarettes a day. She had DUI in April and was due to court this week.",
            "ner_chunk": "rehab",
            "begin": 191,
            "end": 195,
            "ner_label": "Access_To_Care",
            "assertion": "Present",
            "assertion_confidence": "0.9115"
        },
        {
            "document": "Jane works as a cleaning assistant and cannot access health insurance or paid sick leave. She has a son, a student at college. Pt with likely long-standing depression. She is aware she needs rehab. Pt reports having her catholic faith as a means of support as well.  She has a long history of etoh abuse, beginning in her teens. She reports she has been a daily drinker for 30 years, most recently drinking beer daily. She smokes a pack of cigarettes a day. She had DUI in April and was due to court this week.",
            "ner_chunk": "support",
            "begin": 249,
            "end": 255,
            "ner_label": "Social_Support",
            "assertion": "Present",
            "assertion_confidence": "0.9239"
        },
        {
            "document": "Jane works as a cleaning assistant and cannot access health insurance or paid sick leave. She has a son, a student at college. Pt with likely long-standing depression. She is aware she needs rehab. Pt reports having her catholic faith as a means of support as well.  She has a long history of etoh abuse, beginning in her teens. She reports she has been a daily drinker for 30 years, most recently drinking beer daily. She smokes a pack of cigarettes a day. She had DUI in April and was due to court this week.",
            "ner_chunk": "etoh",
            "begin": 293,
            "end": 296,
            "ner_label": "Alcohol",
            "assertion": "Past",
            "assertion_confidence": "0.499"
        },
        {
            "document": "Jane works as a cleaning assistant and cannot access health insurance or paid sick leave. She has a son, a student at college. Pt with likely long-standing depression. She is aware she needs rehab. Pt reports having her catholic faith as a means of support as well.  She has a long history of etoh abuse, beginning in her teens. She reports she has been a daily drinker for 30 years, most recently drinking beer daily. She smokes a pack of cigarettes a day. She had DUI in April and was due to court this week.",
            "ner_chunk": "drinker",
            "begin": 362,
            "end": 368,
            "ner_label": "Alcohol",
            "assertion": "Past",
            "assertion_confidence": "0.6421"
        },
        {
            "document": "Jane works as a cleaning assistant and cannot access health insurance or paid sick leave. She has a son, a student at college. Pt with likely long-standing depression. She is aware she needs rehab. Pt reports having her catholic faith as a means of support as well.  She has a long history of etoh abuse, beginning in her teens. She reports she has been a daily drinker for 30 years, most recently drinking beer daily. She smokes a pack of cigarettes a day. She had DUI in April and was due to court this week.",
            "ner_chunk": "drinking",
            "begin": 398,
            "end": 405,
            "ner_label": "Alcohol",
            "assertion": "Present",
            "assertion_confidence": "0.8592"
        },
        {
            "document": "Jane works as a cleaning assistant and cannot access health insurance or paid sick leave. She has a son, a student at college. Pt with likely long-standing depression. She is aware she needs rehab. Pt reports having her catholic faith as a means of support as well.  She has a long history of etoh abuse, beginning in her teens. She reports she has been a daily drinker for 30 years, most recently drinking beer daily. She smokes a pack of cigarettes a day. She had DUI in April and was due to court this week.",
            "ner_chunk": "beer",
            "begin": 407,
            "end": 410,
            "ner_label": "Alcohol",
            "assertion": "Present",
            "assertion_confidence": "0.929"
        },
        {
            "document": "Jane works as a cleaning assistant and cannot access health insurance or paid sick leave. She has a son, a student at college. Pt with likely long-standing depression. She is aware she needs rehab. Pt reports having her catholic faith as a means of support as well.  She has a long history of etoh abuse, beginning in her teens. She reports she has been a daily drinker for 30 years, most recently drinking beer daily. She smokes a pack of cigarettes a day. She had DUI in April and was due to court this week.",
            "ner_chunk": "smokes",
            "begin": 423,
            "end": 428,
            "ner_label": "Smoking",
            "assertion": "Present",
            "assertion_confidence": "0.9855"
        },
        {
            "document": "Jane works as a cleaning assistant and cannot access health insurance or paid sick leave. She has a son, a student at college. Pt with likely long-standing depression. She is aware she needs rehab. Pt reports having her catholic faith as a means of support as well.  She has a long history of etoh abuse, beginning in her teens. She reports she has been a daily drinker for 30 years, most recently drinking beer daily. She smokes a pack of cigarettes a day. She had DUI in April and was due to court this week.",
            "ner_chunk": "cigarettes",
            "begin": 440,
            "end": 449,
            "ner_label": "Smoking",
            "assertion": "Present",
            "assertion_confidence": "0.9982"
        },
        {
            "document": "Jane works as a cleaning assistant and cannot access health insurance or paid sick leave. She has a son, a student at college. Pt with likely long-standing depression. She is aware she needs rehab. Pt reports having her catholic faith as a means of support as well.  She has a long history of etoh abuse, beginning in her teens. She reports she has been a daily drinker for 30 years, most recently drinking beer daily. She smokes a pack of cigarettes a day. She had DUI in April and was due to court this week.",
            "ner_chunk": "DUI",
            "begin": 466,
            "end": 468,
            "ner_label": "Legal_Issues",
            "assertion": "Present",
            "assertion_confidence": "0.4479"
        }
    ],
    "relation_predictions": [
        {
            "document": "Kate a cleaning assistant without health insurance or paid sick leave, has struggled with alcohol abuse since her teens, drinking beer daily for 30 years and smoking a pack of cigarettes daily. With a DUI in April and a recent court date, she leans on her Catholic faith for support, alongside managing depression and considering rehab.",
            "ner_chunk1": "cleaning assistant",
            "ner_chunk1_begin": "7",
            "ner_chunk1_end": "24",
            "ner_label1": "Employment",
            "ner_chunk2": "health insurance",
            "ner_chunk2_begin": "34",
            "ner_chunk2_end": "49",
            "ner_label2": "Insurance_Status",
            "relations": "Employment-Insurance_Status",
            "relation_confidence": "1.0"
        },
        {
            "document": "Kate a cleaning assistant without health insurance or paid sick leave, has struggled with alcohol abuse since her teens, drinking beer daily for 30 years and smoking a pack of cigarettes daily. With a DUI in April and a recent court date, she leans on her Catholic faith for support, alongside managing depression and considering rehab.",
            "ner_chunk1": "daily",
            "ner_chunk1_begin": "135",
            "ner_chunk1_end": "139",
            "ner_label1": "Substance_Frequency",
            "ner_chunk2": "30 years",
            "ner_chunk2_begin": "145",
            "ner_chunk2_end": "152",
            "ner_label2": "Substance_Duration",
            "relations": "Substance_Frequency-Substance_Duration",
            "relation_confidence": "1.0"
        },
        {
            "document": "Kate a cleaning assistant without health insurance or paid sick leave, has struggled with alcohol abuse since her teens, drinking beer daily for 30 years and smoking a pack of cigarettes daily. With a DUI in April and a recent court date, she leans on her Catholic faith for support, alongside managing depression and considering rehab.",
            "ner_chunk1": "daily",
            "ner_chunk1_begin": "135",
            "ner_chunk1_end": "139",
            "ner_label1": "Substance_Frequency",
            "ner_chunk2": "a pack",
            "ner_chunk2_begin": "166",
            "ner_chunk2_end": "171",
            "ner_label2": "Substance_Quantity",
            "relations": "Substance_Frequency-Substance_Quantity",
            "relation_confidence": "1.0"
        },
        {
            "document": "Kate a cleaning assistant without health insurance or paid sick leave, has struggled with alcohol abuse since her teens, drinking beer daily for 30 years and smoking a pack of cigarettes daily. With a DUI in April and a recent court date, she leans on her Catholic faith for support, alongside managing depression and considering rehab.",
            "ner_chunk1": "30 years",
            "ner_chunk1_begin": "145",
            "ner_chunk1_end": "152",
            "ner_label1": "Substance_Duration",
            "ner_chunk2": "a pack",
            "ner_chunk2_begin": "166",
            "ner_chunk2_end": "171",
            "ner_label2": "Substance_Quantity",
            "relations": "Substance_Duration-Substance_Quantity",
            "relation_confidence": "1.0"
        },
        {
            "document": "Kate a cleaning assistant without health insurance or paid sick leave, has struggled with alcohol abuse since her teens, drinking beer daily for 30 years and smoking a pack of cigarettes daily. With a DUI in April and a recent court date, she leans on her Catholic faith for support, alongside managing depression and considering rehab.",
            "ner_chunk1": "30 years",
            "ner_chunk1_begin": "145",
            "ner_chunk1_end": "152",
            "ner_label1": "Substance_Duration",
            "ner_chunk2": "daily",
            "ner_chunk2_begin": "187",
            "ner_chunk2_end": "191",
            "ner_label2": "Substance_Frequency",
            "relations": "Substance_Duration-Substance_Frequency",
            "relation_confidence": "1.0"
        },
        {
            "document": "Kate a cleaning assistant without health insurance or paid sick leave, has struggled with alcohol abuse since her teens, drinking beer daily for 30 years and smoking a pack of cigarettes daily. With a DUI in April and a recent court date, she leans on her Catholic faith for support, alongside managing depression and considering rehab.",
            "ner_chunk1": "a pack",
            "ner_chunk1_begin": "166",
            "ner_chunk1_end": "171",
            "ner_label1": "Substance_Quantity",
            "ner_chunk2": "daily",
            "ner_chunk2_begin": "187",
            "ner_chunk2_end": "191",
            "ner_label2": "Substance_Frequency",
            "relations": "Substance_Quantity-Substance_Frequency",
            "relation_confidence": "1.0"
        },
        {
            "document": "Jane works as a cleaning assistant and cannot access health insurance or paid sick leave. She has a son, a student at college. Pt with likely long-standing depression. She is aware she needs rehab. Pt reports having her catholic faith as a means of support as well.  She has a long history of etoh abuse, beginning in her teens. She reports she has been a daily drinker for 30 years, most recently drinking beer daily. She smokes a pack of cigarettes a day. She had DUI in April and was due to court this week.",
            "ner_chunk1": "cleaning assistant",
            "ner_chunk1_begin": "16",
            "ner_chunk1_end": "33",
            "ner_label1": "Employment",
            "ner_chunk2": "health insurance",
            "ner_chunk2_begin": "53",
            "ner_chunk2_end": "68",
            "ner_label2": "Insurance_Status",
            "relations": "Employment-Insurance_Status",
            "relation_confidence": "1.0"
        },
        {
            "document": "Jane works as a cleaning assistant and cannot access health insurance or paid sick leave. She has a son, a student at college. Pt with likely long-standing depression. She is aware she needs rehab. Pt reports having her catholic faith as a means of support as well.  She has a long history of etoh abuse, beginning in her teens. She reports she has been a daily drinker for 30 years, most recently drinking beer daily. She smokes a pack of cigarettes a day. She had DUI in April and was due to court this week.",
            "ner_chunk1": "daily",
            "ner_chunk1_begin": "356",
            "ner_chunk1_end": "360",
            "ner_label1": "Substance_Frequency",
            "ner_chunk2": "30 years",
            "ner_chunk2_begin": "374",
            "ner_chunk2_end": "381",
            "ner_label2": "Substance_Duration",
            "relations": "Substance_Frequency-Substance_Duration",
            "relation_confidence": "1.0"
        },
        {
            "document": "Jane works as a cleaning assistant and cannot access health insurance or paid sick leave. She has a son, a student at college. Pt with likely long-standing depression. She is aware she needs rehab. Pt reports having her catholic faith as a means of support as well.  She has a long history of etoh abuse, beginning in her teens. She reports she has been a daily drinker for 30 years, most recently drinking beer daily. She smokes a pack of cigarettes a day. She had DUI in April and was due to court this week.",
            "ner_chunk1": "30 years",
            "ner_chunk1_begin": "374",
            "ner_chunk1_end": "381",
            "ner_label1": "Substance_Duration",
            "ner_chunk2": "daily",
            "ner_chunk2_begin": "412",
            "ner_chunk2_end": "416",
            "ner_label2": "Substance_Frequency",
            "relations": "Substance_Duration-Substance_Frequency",
            "relation_confidence": "1.0"
        },
        {
            "document": "Jane works as a cleaning assistant and cannot access health insurance or paid sick leave. She has a son, a student at college. Pt with likely long-standing depression. She is aware she needs rehab. Pt reports having her catholic faith as a means of support as well.  She has a long history of etoh abuse, beginning in her teens. She reports she has been a daily drinker for 30 years, most recently drinking beer daily. She smokes a pack of cigarettes a day. She had DUI in April and was due to court this week.",
            "ner_chunk1": "a pack",
            "ner_chunk1_begin": "430",
            "ner_chunk1_end": "435",
            "ner_label1": "Substance_Quantity",
            "ner_chunk2": "a day",
            "ner_chunk2_begin": "451",
            "ner_chunk2_end": "455",
            "ner_label2": "Substance_Frequency",
            "relations": "Substance_Quantity-Substance_Frequency",
            "relation_confidence": "1.0"
        }
    ]
}