{
    "ner_predictions": [
        {
            "document": "The Patient underwent a computed tomography (CT) scan of the abdomen and pelvis, which showed a complex ovarian mass. A Pap smear performed one month later was positive for atypical glandular cells suspicious for adenocarcinoma. The pathologic specimen showed extension of the tumor throughout the fallopian tubes, appendix, omentum, and 5 out of 5 enlarged lymph nodes. The final pathologic diagnosis of the tumor was stage IIIC papillary serous ovarian adenocarcinoma. Two months later, the patient was diagnosed with lung metastases.",
            "ner_chunk": "computed tomography",
            "begin": 24,
            "end": 42,
            "ner_label": "Imaging_Test",
            "ner_confidence": "0.9575"
        },
        {
            "document": "The Patient underwent a computed tomography (CT) scan of the abdomen and pelvis, which showed a complex ovarian mass. A Pap smear performed one month later was positive for atypical glandular cells suspicious for adenocarcinoma. The pathologic specimen showed extension of the tumor throughout the fallopian tubes, appendix, omentum, and 5 out of 5 enlarged lymph nodes. The final pathologic diagnosis of the tumor was stage IIIC papillary serous ovarian adenocarcinoma. Two months later, the patient was diagnosed with lung metastases.",
            "ner_chunk": "CT",
            "begin": 45,
            "end": 46,
            "ner_label": "Imaging_Test",
            "ner_confidence": "0.9565"
        },
        {
            "document": "The Patient underwent a computed tomography (CT) scan of the abdomen and pelvis, which showed a complex ovarian mass. A Pap smear performed one month later was positive for atypical glandular cells suspicious for adenocarcinoma. The pathologic specimen showed extension of the tumor throughout the fallopian tubes, appendix, omentum, and 5 out of 5 enlarged lymph nodes. The final pathologic diagnosis of the tumor was stage IIIC papillary serous ovarian adenocarcinoma. Two months later, the patient was diagnosed with lung metastases.",
            "ner_chunk": "abdomen",
            "begin": 61,
            "end": 67,
            "ner_label": "Site_Other_Body_Part",
            "ner_confidence": "0.9446"
        },
        {
            "document": "The Patient underwent a computed tomography (CT) scan of the abdomen and pelvis, which showed a complex ovarian mass. A Pap smear performed one month later was positive for atypical glandular cells suspicious for adenocarcinoma. The pathologic specimen showed extension of the tumor throughout the fallopian tubes, appendix, omentum, and 5 out of 5 enlarged lymph nodes. The final pathologic diagnosis of the tumor was stage IIIC papillary serous ovarian adenocarcinoma. Two months later, the patient was diagnosed with lung metastases.",
            "ner_chunk": "pelvis",
            "begin": 73,
            "end": 78,
            "ner_label": "Site_Other_Body_Part",
            "ner_confidence": "0.6514"
        },
        {
            "document": "The Patient underwent a computed tomography (CT) scan of the abdomen and pelvis, which showed a complex ovarian mass. A Pap smear performed one month later was positive for atypical glandular cells suspicious for adenocarcinoma. The pathologic specimen showed extension of the tumor throughout the fallopian tubes, appendix, omentum, and 5 out of 5 enlarged lymph nodes. The final pathologic diagnosis of the tumor was stage IIIC papillary serous ovarian adenocarcinoma. Two months later, the patient was diagnosed with lung metastases.",
            "ner_chunk": "ovarian",
            "begin": 104,
            "end": 110,
            "ner_label": "Site_Other_Body_Part",
            "ner_confidence": "0.7915"
        },
        {
            "document": "The Patient underwent a computed tomography (CT) scan of the abdomen and pelvis, which showed a complex ovarian mass. A Pap smear performed one month later was positive for atypical glandular cells suspicious for adenocarcinoma. The pathologic specimen showed extension of the tumor throughout the fallopian tubes, appendix, omentum, and 5 out of 5 enlarged lymph nodes. The final pathologic diagnosis of the tumor was stage IIIC papillary serous ovarian adenocarcinoma. Two months later, the patient was diagnosed with lung metastases.",
            "ner_chunk": "mass",
            "begin": 112,
            "end": 115,
            "ner_label": "Tumor_Finding",
            "ner_confidence": "0.9557"
        },
        {
            "document": "The Patient underwent a computed tomography (CT) scan of the abdomen and pelvis, which showed a complex ovarian mass. A Pap smear performed one month later was positive for atypical glandular cells suspicious for adenocarcinoma. The pathologic specimen showed extension of the tumor throughout the fallopian tubes, appendix, omentum, and 5 out of 5 enlarged lymph nodes. The final pathologic diagnosis of the tumor was stage IIIC papillary serous ovarian adenocarcinoma. Two months later, the patient was diagnosed with lung metastases.",
            "ner_chunk": "Pap smear",
            "begin": 120,
            "end": 128,
            "ner_label": "Pathology_Test",
            "ner_confidence": "0.96725"
        },
        {
            "document": "The Patient underwent a computed tomography (CT) scan of the abdomen and pelvis, which showed a complex ovarian mass. A Pap smear performed one month later was positive for atypical glandular cells suspicious for adenocarcinoma. The pathologic specimen showed extension of the tumor throughout the fallopian tubes, appendix, omentum, and 5 out of 5 enlarged lymph nodes. The final pathologic diagnosis of the tumor was stage IIIC papillary serous ovarian adenocarcinoma. Two months later, the patient was diagnosed with lung metastases.",
            "ner_chunk": "one month later",
            "begin": 140,
            "end": 154,
            "ner_label": "Relative_Date",
            "ner_confidence": "0.8786667"
        },
        {
            "document": "The Patient underwent a computed tomography (CT) scan of the abdomen and pelvis, which showed a complex ovarian mass. A Pap smear performed one month later was positive for atypical glandular cells suspicious for adenocarcinoma. The pathologic specimen showed extension of the tumor throughout the fallopian tubes, appendix, omentum, and 5 out of 5 enlarged lymph nodes. The final pathologic diagnosis of the tumor was stage IIIC papillary serous ovarian adenocarcinoma. Two months later, the patient was diagnosed with lung metastases.",
            "ner_chunk": "atypical glandular cells",
            "begin": 173,
            "end": 196,
            "ner_label": "Pathology_Result",
            "ner_confidence": "0.7270667"
        },
        {
            "document": "The Patient underwent a computed tomography (CT) scan of the abdomen and pelvis, which showed a complex ovarian mass. A Pap smear performed one month later was positive for atypical glandular cells suspicious for adenocarcinoma. The pathologic specimen showed extension of the tumor throughout the fallopian tubes, appendix, omentum, and 5 out of 5 enlarged lymph nodes. The final pathologic diagnosis of the tumor was stage IIIC papillary serous ovarian adenocarcinoma. Two months later, the patient was diagnosed with lung metastases.",
            "ner_chunk": "adenocarcinoma",
            "begin": 213,
            "end": 226,
            "ner_label": "Cancer_Dx",
            "ner_confidence": "0.9992"
        },
        {
            "document": "The Patient underwent a computed tomography (CT) scan of the abdomen and pelvis, which showed a complex ovarian mass. A Pap smear performed one month later was positive for atypical glandular cells suspicious for adenocarcinoma. The pathologic specimen showed extension of the tumor throughout the fallopian tubes, appendix, omentum, and 5 out of 5 enlarged lymph nodes. The final pathologic diagnosis of the tumor was stage IIIC papillary serous ovarian adenocarcinoma. Two months later, the patient was diagnosed with lung metastases.",
            "ner_chunk": "pathologic specimen",
            "begin": 233,
            "end": 251,
            "ner_label": "Pathology_Test",
            "ner_confidence": "0.76105"
        },
        {
            "document": "The Patient underwent a computed tomography (CT) scan of the abdomen and pelvis, which showed a complex ovarian mass. A Pap smear performed one month later was positive for atypical glandular cells suspicious for adenocarcinoma. The pathologic specimen showed extension of the tumor throughout the fallopian tubes, appendix, omentum, and 5 out of 5 enlarged lymph nodes. The final pathologic diagnosis of the tumor was stage IIIC papillary serous ovarian adenocarcinoma. Two months later, the patient was diagnosed with lung metastases.",
            "ner_chunk": "extension",
            "begin": 260,
            "end": 268,
            "ner_label": "Invasion",
            "ner_confidence": "0.9241"
        },
        {
            "document": "The Patient underwent a computed tomography (CT) scan of the abdomen and pelvis, which showed a complex ovarian mass. A Pap smear performed one month later was positive for atypical glandular cells suspicious for adenocarcinoma. The pathologic specimen showed extension of the tumor throughout the fallopian tubes, appendix, omentum, and 5 out of 5 enlarged lymph nodes. The final pathologic diagnosis of the tumor was stage IIIC papillary serous ovarian adenocarcinoma. Two months later, the patient was diagnosed with lung metastases.",
            "ner_chunk": "tumor",
            "begin": 277,
            "end": 281,
            "ner_label": "Tumor_Finding",
            "ner_confidence": "0.9077"
        },
        {
            "document": "The Patient underwent a computed tomography (CT) scan of the abdomen and pelvis, which showed a complex ovarian mass. A Pap smear performed one month later was positive for atypical glandular cells suspicious for adenocarcinoma. The pathologic specimen showed extension of the tumor throughout the fallopian tubes, appendix, omentum, and 5 out of 5 enlarged lymph nodes. The final pathologic diagnosis of the tumor was stage IIIC papillary serous ovarian adenocarcinoma. Two months later, the patient was diagnosed with lung metastases.",
            "ner_chunk": "fallopian tubes",
            "begin": 298,
            "end": 312,
            "ner_label": "Site_Other_Body_Part",
            "ner_confidence": "0.9492"
        },
        {
            "document": "The Patient underwent a computed tomography (CT) scan of the abdomen and pelvis, which showed a complex ovarian mass. A Pap smear performed one month later was positive for atypical glandular cells suspicious for adenocarcinoma. The pathologic specimen showed extension of the tumor throughout the fallopian tubes, appendix, omentum, and 5 out of 5 enlarged lymph nodes. The final pathologic diagnosis of the tumor was stage IIIC papillary serous ovarian adenocarcinoma. Two months later, the patient was diagnosed with lung metastases.",
            "ner_chunk": "appendix",
            "begin": 315,
            "end": 322,
            "ner_label": "Site_Other_Body_Part",
            "ner_confidence": "0.9971"
        },
        {
            "document": "The Patient underwent a computed tomography (CT) scan of the abdomen and pelvis, which showed a complex ovarian mass. A Pap smear performed one month later was positive for atypical glandular cells suspicious for adenocarcinoma. The pathologic specimen showed extension of the tumor throughout the fallopian tubes, appendix, omentum, and 5 out of 5 enlarged lymph nodes. The final pathologic diagnosis of the tumor was stage IIIC papillary serous ovarian adenocarcinoma. Two months later, the patient was diagnosed with lung metastases.",
            "ner_chunk": "omentum",
            "begin": 325,
            "end": 331,
            "ner_label": "Site_Other_Body_Part",
            "ner_confidence": "0.9937"
        },
        {
            "document": "The Patient underwent a computed tomography (CT) scan of the abdomen and pelvis, which showed a complex ovarian mass. A Pap smear performed one month later was positive for atypical glandular cells suspicious for adenocarcinoma. The pathologic specimen showed extension of the tumor throughout the fallopian tubes, appendix, omentum, and 5 out of 5 enlarged lymph nodes. The final pathologic diagnosis of the tumor was stage IIIC papillary serous ovarian adenocarcinoma. Two months later, the patient was diagnosed with lung metastases.",
            "ner_chunk": "enlarged",
            "begin": 349,
            "end": 356,
            "ner_label": "Lymph_Node_Modifier",
            "ner_confidence": "0.9882"
        },
        {
            "document": "The Patient underwent a computed tomography (CT) scan of the abdomen and pelvis, which showed a complex ovarian mass. A Pap smear performed one month later was positive for atypical glandular cells suspicious for adenocarcinoma. The pathologic specimen showed extension of the tumor throughout the fallopian tubes, appendix, omentum, and 5 out of 5 enlarged lymph nodes. The final pathologic diagnosis of the tumor was stage IIIC papillary serous ovarian adenocarcinoma. Two months later, the patient was diagnosed with lung metastases.",
            "ner_chunk": "lymph nodes",
            "begin": 358,
            "end": 368,
            "ner_label": "Site_Lymph_Node",
            "ner_confidence": "0.80105"
        },
        {
            "document": "The Patient underwent a computed tomography (CT) scan of the abdomen and pelvis, which showed a complex ovarian mass. A Pap smear performed one month later was positive for atypical glandular cells suspicious for adenocarcinoma. The pathologic specimen showed extension of the tumor throughout the fallopian tubes, appendix, omentum, and 5 out of 5 enlarged lymph nodes. The final pathologic diagnosis of the tumor was stage IIIC papillary serous ovarian adenocarcinoma. Two months later, the patient was diagnosed with lung metastases.",
            "ner_chunk": "tumor",
            "begin": 409,
            "end": 413,
            "ner_label": "Tumor_Finding",
            "ner_confidence": "0.9851"
        },
        {
            "document": "The Patient underwent a computed tomography (CT) scan of the abdomen and pelvis, which showed a complex ovarian mass. A Pap smear performed one month later was positive for atypical glandular cells suspicious for adenocarcinoma. The pathologic specimen showed extension of the tumor throughout the fallopian tubes, appendix, omentum, and 5 out of 5 enlarged lymph nodes. The final pathologic diagnosis of the tumor was stage IIIC papillary serous ovarian adenocarcinoma. Two months later, the patient was diagnosed with lung metastases.",
            "ner_chunk": "stage IIIC",
            "begin": 419,
            "end": 428,
            "ner_label": "Staging",
            "ner_confidence": "0.99035"
        },
        {
            "document": "The Patient underwent a computed tomography (CT) scan of the abdomen and pelvis, which showed a complex ovarian mass. A Pap smear performed one month later was positive for atypical glandular cells suspicious for adenocarcinoma. The pathologic specimen showed extension of the tumor throughout the fallopian tubes, appendix, omentum, and 5 out of 5 enlarged lymph nodes. The final pathologic diagnosis of the tumor was stage IIIC papillary serous ovarian adenocarcinoma. Two months later, the patient was diagnosed with lung metastases.",
            "ner_chunk": "papillary serous ovarian adenocarcinoma",
            "begin": 430,
            "end": 468,
            "ner_label": "Oncological",
            "ner_confidence": "0.60825"
        },
        {
            "document": "The Patient underwent a computed tomography (CT) scan of the abdomen and pelvis, which showed a complex ovarian mass. A Pap smear performed one month later was positive for atypical glandular cells suspicious for adenocarcinoma. The pathologic specimen showed extension of the tumor throughout the fallopian tubes, appendix, omentum, and 5 out of 5 enlarged lymph nodes. The final pathologic diagnosis of the tumor was stage IIIC papillary serous ovarian adenocarcinoma. Two months later, the patient was diagnosed with lung metastases.",
            "ner_chunk": "Two months later",
            "begin": 471,
            "end": 486,
            "ner_label": "Relative_Date",
            "ner_confidence": "0.9206333"
        },
        {
            "document": "The Patient underwent a computed tomography (CT) scan of the abdomen and pelvis, which showed a complex ovarian mass. A Pap smear performed one month later was positive for atypical glandular cells suspicious for adenocarcinoma. The pathologic specimen showed extension of the tumor throughout the fallopian tubes, appendix, omentum, and 5 out of 5 enlarged lymph nodes. The final pathologic diagnosis of the tumor was stage IIIC papillary serous ovarian adenocarcinoma. Two months later, the patient was diagnosed with lung metastases.",
            "ner_chunk": "lung metastases",
            "begin": 520,
            "end": 534,
            "ner_label": "Oncological",
            "ner_confidence": "0.96220005"
        }
    ],
    "assertion_predictions": [
        {
            "document": "The Patient underwent a computed tomography (CT) scan of the abdomen and pelvis, which showed a complex ovarian mass. A Pap smear performed one month later was positive for atypical glandular cells suspicious for adenocarcinoma. The pathologic specimen showed extension of the tumor throughout the fallopian tubes, appendix, omentum, and 5 out of 5 enlarged lymph nodes. The final pathologic diagnosis of the tumor was stage IIIC papillary serous ovarian adenocarcinoma. Two months later, the patient was diagnosed with lung metastases.",
            "ner_chunk": "computed tomography",
            "begin": 24,
            "end": 42,
            "ner_label": "Imaging_Test",
            "assertion": "Past",
            "assertion_confidence": "0.9998"
        },
        {
            "document": "The Patient underwent a computed tomography (CT) scan of the abdomen and pelvis, which showed a complex ovarian mass. A Pap smear performed one month later was positive for atypical glandular cells suspicious for adenocarcinoma. The pathologic specimen showed extension of the tumor throughout the fallopian tubes, appendix, omentum, and 5 out of 5 enlarged lymph nodes. The final pathologic diagnosis of the tumor was stage IIIC papillary serous ovarian adenocarcinoma. Two months later, the patient was diagnosed with lung metastases.",
            "ner_chunk": "CT",
            "begin": 45,
            "end": 46,
            "ner_label": "Imaging_Test",
            "assertion": "Past",
            "assertion_confidence": "0.9997"
        },
        {
            "document": "The Patient underwent a computed tomography (CT) scan of the abdomen and pelvis, which showed a complex ovarian mass. A Pap smear performed one month later was positive for atypical glandular cells suspicious for adenocarcinoma. The pathologic specimen showed extension of the tumor throughout the fallopian tubes, appendix, omentum, and 5 out of 5 enlarged lymph nodes. The final pathologic diagnosis of the tumor was stage IIIC papillary serous ovarian adenocarcinoma. Two months later, the patient was diagnosed with lung metastases.",
            "ner_chunk": "mass",
            "begin": 112,
            "end": 115,
            "ner_label": "Tumor_Finding",
            "assertion": "Present",
            "assertion_confidence": "0.9995"
        },
        {
            "document": "The Patient underwent a computed tomography (CT) scan of the abdomen and pelvis, which showed a complex ovarian mass. A Pap smear performed one month later was positive for atypical glandular cells suspicious for adenocarcinoma. The pathologic specimen showed extension of the tumor throughout the fallopian tubes, appendix, omentum, and 5 out of 5 enlarged lymph nodes. The final pathologic diagnosis of the tumor was stage IIIC papillary serous ovarian adenocarcinoma. Two months later, the patient was diagnosed with lung metastases.",
            "ner_chunk": "Pap smear",
            "begin": 120,
            "end": 128,
            "ner_label": "Pathology_Test",
            "assertion": "Past",
            "assertion_confidence": "0.9988"
        },
        {
            "document": "The Patient underwent a computed tomography (CT) scan of the abdomen and pelvis, which showed a complex ovarian mass. A Pap smear performed one month later was positive for atypical glandular cells suspicious for adenocarcinoma. The pathologic specimen showed extension of the tumor throughout the fallopian tubes, appendix, omentum, and 5 out of 5 enlarged lymph nodes. The final pathologic diagnosis of the tumor was stage IIIC papillary serous ovarian adenocarcinoma. Two months later, the patient was diagnosed with lung metastases.",
            "ner_chunk": "atypical glandular cells",
            "begin": 173,
            "end": 196,
            "ner_label": "Pathology_Result",
            "assertion": "Present",
            "assertion_confidence": "0.957"
        },
        {
            "document": "The Patient underwent a computed tomography (CT) scan of the abdomen and pelvis, which showed a complex ovarian mass. A Pap smear performed one month later was positive for atypical glandular cells suspicious for adenocarcinoma. The pathologic specimen showed extension of the tumor throughout the fallopian tubes, appendix, omentum, and 5 out of 5 enlarged lymph nodes. The final pathologic diagnosis of the tumor was stage IIIC papillary serous ovarian adenocarcinoma. Two months later, the patient was diagnosed with lung metastases.",
            "ner_chunk": "adenocarcinoma",
            "begin": 213,
            "end": 226,
            "ner_label": "Cancer_Dx",
            "assertion": "Possible",
            "assertion_confidence": "0.9251"
        },
        {
            "document": "The Patient underwent a computed tomography (CT) scan of the abdomen and pelvis, which showed a complex ovarian mass. A Pap smear performed one month later was positive for atypical glandular cells suspicious for adenocarcinoma. The pathologic specimen showed extension of the tumor throughout the fallopian tubes, appendix, omentum, and 5 out of 5 enlarged lymph nodes. The final pathologic diagnosis of the tumor was stage IIIC papillary serous ovarian adenocarcinoma. Two months later, the patient was diagnosed with lung metastases.",
            "ner_chunk": "pathologic specimen",
            "begin": 233,
            "end": 251,
            "ner_label": "Pathology_Test",
            "assertion": "Past",
            "assertion_confidence": "0.9993"
        },
        {
            "document": "The Patient underwent a computed tomography (CT) scan of the abdomen and pelvis, which showed a complex ovarian mass. A Pap smear performed one month later was positive for atypical glandular cells suspicious for adenocarcinoma. The pathologic specimen showed extension of the tumor throughout the fallopian tubes, appendix, omentum, and 5 out of 5 enlarged lymph nodes. The final pathologic diagnosis of the tumor was stage IIIC papillary serous ovarian adenocarcinoma. Two months later, the patient was diagnosed with lung metastases.",
            "ner_chunk": "extension",
            "begin": 260,
            "end": 268,
            "ner_label": "Invasion",
            "assertion": "Present",
            "assertion_confidence": "0.9978"
        },
        {
            "document": "The Patient underwent a computed tomography (CT) scan of the abdomen and pelvis, which showed a complex ovarian mass. A Pap smear performed one month later was positive for atypical glandular cells suspicious for adenocarcinoma. The pathologic specimen showed extension of the tumor throughout the fallopian tubes, appendix, omentum, and 5 out of 5 enlarged lymph nodes. The final pathologic diagnosis of the tumor was stage IIIC papillary serous ovarian adenocarcinoma. Two months later, the patient was diagnosed with lung metastases.",
            "ner_chunk": "tumor",
            "begin": 277,
            "end": 281,
            "ner_label": "Tumor_Finding",
            "assertion": "Present",
            "assertion_confidence": "0.9992"
        },
        {
            "document": "The Patient underwent a computed tomography (CT) scan of the abdomen and pelvis, which showed a complex ovarian mass. A Pap smear performed one month later was positive for atypical glandular cells suspicious for adenocarcinoma. The pathologic specimen showed extension of the tumor throughout the fallopian tubes, appendix, omentum, and 5 out of 5 enlarged lymph nodes. The final pathologic diagnosis of the tumor was stage IIIC papillary serous ovarian adenocarcinoma. Two months later, the patient was diagnosed with lung metastases.",
            "ner_chunk": "enlarged",
            "begin": 349,
            "end": 356,
            "ner_label": "Lymph_Node_Modifier",
            "assertion": "Present",
            "assertion_confidence": "0.9787"
        },
        {
            "document": "The Patient underwent a computed tomography (CT) scan of the abdomen and pelvis, which showed a complex ovarian mass. A Pap smear performed one month later was positive for atypical glandular cells suspicious for adenocarcinoma. The pathologic specimen showed extension of the tumor throughout the fallopian tubes, appendix, omentum, and 5 out of 5 enlarged lymph nodes. The final pathologic diagnosis of the tumor was stage IIIC papillary serous ovarian adenocarcinoma. Two months later, the patient was diagnosed with lung metastases.",
            "ner_chunk": "tumor",
            "begin": 409,
            "end": 413,
            "ner_label": "Tumor_Finding",
            "assertion": "Present",
            "assertion_confidence": "0.9994"
        },
        {
            "document": "The Patient underwent a computed tomography (CT) scan of the abdomen and pelvis, which showed a complex ovarian mass. A Pap smear performed one month later was positive for atypical glandular cells suspicious for adenocarcinoma. The pathologic specimen showed extension of the tumor throughout the fallopian tubes, appendix, omentum, and 5 out of 5 enlarged lymph nodes. The final pathologic diagnosis of the tumor was stage IIIC papillary serous ovarian adenocarcinoma. Two months later, the patient was diagnosed with lung metastases.",
            "ner_chunk": "papillary serous ovarian adenocarcinoma",
            "begin": 430,
            "end": 468,
            "ner_label": "Oncological",
            "assertion": "Present",
            "assertion_confidence": "0.9962"
        },
        {
            "document": "The Patient underwent a computed tomography (CT) scan of the abdomen and pelvis, which showed a complex ovarian mass. A Pap smear performed one month later was positive for atypical glandular cells suspicious for adenocarcinoma. The pathologic specimen showed extension of the tumor throughout the fallopian tubes, appendix, omentum, and 5 out of 5 enlarged lymph nodes. The final pathologic diagnosis of the tumor was stage IIIC papillary serous ovarian adenocarcinoma. Two months later, the patient was diagnosed with lung metastases.",
            "ner_chunk": "lung metastases",
            "begin": 520,
            "end": 534,
            "ner_label": "Oncological",
            "assertion": "Present",
            "assertion_confidence": "0.9975"
        }
    ],
    "relation_predictions": [
        {
            "document": "The Patient underwent a computed tomography (CT) scan of the abdomen and pelvis, which showed a complex ovarian mass. A Pap smear performed one month later was positive for atypical glandular cells suspicious for adenocarcinoma. The pathologic specimen showed extension of the tumor throughout the fallopian tubes, appendix, omentum, and 5 out of 5 enlarged lymph nodes. The final pathologic diagnosis of the tumor was stage IIIC papillary serous ovarian adenocarcinoma. Two months later, the patient was diagnosed with lung metastases.",
            "ner_chunk1": "abdomen",
            "ner_chunk1_begin": "61",
            "ner_chunk1_end": "67",
            "ner_label1": "Site_Other_Body_Part",
            "ner_chunk2": "mass",
            "ner_chunk2_begin": "112",
            "ner_chunk2_end": "115",
            "ner_label2": "Tumor_Finding",
            "relation": "O",
            "relation_confidence": "0.9439166"
        },
        {
            "document": "The Patient underwent a computed tomography (CT) scan of the abdomen and pelvis, which showed a complex ovarian mass. A Pap smear performed one month later was positive for atypical glandular cells suspicious for adenocarcinoma. The pathologic specimen showed extension of the tumor throughout the fallopian tubes, appendix, omentum, and 5 out of 5 enlarged lymph nodes. The final pathologic diagnosis of the tumor was stage IIIC papillary serous ovarian adenocarcinoma. Two months later, the patient was diagnosed with lung metastases.",
            "ner_chunk1": "pelvis",
            "ner_chunk1_begin": "73",
            "ner_chunk1_end": "78",
            "ner_label1": "Site_Other_Body_Part",
            "ner_chunk2": "mass",
            "ner_chunk2_begin": "112",
            "ner_chunk2_end": "115",
            "ner_label2": "Tumor_Finding",
            "relation": "O",
            "relation_confidence": "0.9611397"
        },
        {
            "document": "The Patient underwent a computed tomography (CT) scan of the abdomen and pelvis, which showed a complex ovarian mass. A Pap smear performed one month later was positive for atypical glandular cells suspicious for adenocarcinoma. The pathologic specimen showed extension of the tumor throughout the fallopian tubes, appendix, omentum, and 5 out of 5 enlarged lymph nodes. The final pathologic diagnosis of the tumor was stage IIIC papillary serous ovarian adenocarcinoma. Two months later, the patient was diagnosed with lung metastases.",
            "ner_chunk1": "ovarian",
            "ner_chunk1_begin": "104",
            "ner_chunk1_end": "110",
            "ner_label1": "Site_Other_Body_Part",
            "ner_chunk2": "mass",
            "ner_chunk2_begin": "112",
            "ner_chunk2_end": "115",
            "ner_label2": "Tumor_Finding",
            "relation": "is_location_of",
            "relation_confidence": "0.922661"
        },
        {
            "document": "The Patient underwent a computed tomography (CT) scan of the abdomen and pelvis, which showed a complex ovarian mass. A Pap smear performed one month later was positive for atypical glandular cells suspicious for adenocarcinoma. The pathologic specimen showed extension of the tumor throughout the fallopian tubes, appendix, omentum, and 5 out of 5 enlarged lymph nodes. The final pathologic diagnosis of the tumor was stage IIIC papillary serous ovarian adenocarcinoma. Two months later, the patient was diagnosed with lung metastases.",
            "ner_chunk1": "Pap smear",
            "ner_chunk1_begin": "120",
            "ner_chunk1_end": "128",
            "ner_label1": "Pathology_Test",
            "ner_chunk2": "adenocarcinoma",
            "ner_chunk2_begin": "213",
            "ner_chunk2_end": "226",
            "ner_label2": "Cancer_Dx",
            "relation": "is_finding_of",
            "relation_confidence": "0.52542114"
        },
        {
            "document": "The Patient underwent a computed tomography (CT) scan of the abdomen and pelvis, which showed a complex ovarian mass. A Pap smear performed one month later was positive for atypical glandular cells suspicious for adenocarcinoma. The pathologic specimen showed extension of the tumor throughout the fallopian tubes, appendix, omentum, and 5 out of 5 enlarged lymph nodes. The final pathologic diagnosis of the tumor was stage IIIC papillary serous ovarian adenocarcinoma. Two months later, the patient was diagnosed with lung metastases.",
            "ner_chunk1": "tumor",
            "ner_chunk1_begin": "277",
            "ner_chunk1_end": "281",
            "ner_label1": "Tumor_Finding",
            "ner_chunk2": "fallopian tubes",
            "ner_chunk2_begin": "298",
            "ner_chunk2_end": "312",
            "ner_label2": "Site_Other_Body_Part",
            "relation": "is_location_of",
            "relation_confidence": "0.9026299"
        },
        {
            "document": "The Patient underwent a computed tomography (CT) scan of the abdomen and pelvis, which showed a complex ovarian mass. A Pap smear performed one month later was positive for atypical glandular cells suspicious for adenocarcinoma. The pathologic specimen showed extension of the tumor throughout the fallopian tubes, appendix, omentum, and 5 out of 5 enlarged lymph nodes. The final pathologic diagnosis of the tumor was stage IIIC papillary serous ovarian adenocarcinoma. Two months later, the patient was diagnosed with lung metastases.",
            "ner_chunk1": "tumor",
            "ner_chunk1_begin": "277",
            "ner_chunk1_end": "281",
            "ner_label1": "Tumor_Finding",
            "ner_chunk2": "appendix",
            "ner_chunk2_begin": "315",
            "ner_chunk2_end": "322",
            "ner_label2": "Site_Other_Body_Part",
            "relation": "is_location_of",
            "relation_confidence": "0.6649267"
        },
        {
            "document": "The Patient underwent a computed tomography (CT) scan of the abdomen and pelvis, which showed a complex ovarian mass. A Pap smear performed one month later was positive for atypical glandular cells suspicious for adenocarcinoma. The pathologic specimen showed extension of the tumor throughout the fallopian tubes, appendix, omentum, and 5 out of 5 enlarged lymph nodes. The final pathologic diagnosis of the tumor was stage IIIC papillary serous ovarian adenocarcinoma. Two months later, the patient was diagnosed with lung metastases.",
            "ner_chunk1": "tumor",
            "ner_chunk1_begin": "277",
            "ner_chunk1_end": "281",
            "ner_label1": "Tumor_Finding",
            "ner_chunk2": "omentum",
            "ner_chunk2_begin": "325",
            "ner_chunk2_end": "331",
            "ner_label2": "Site_Other_Body_Part",
            "relation": "O",
            "relation_confidence": "0.80328876"
        }
    ]
}