{
    "ner_predictions": [
        {
            "document": "The patient admitted for gastrointestinal pathology, under working treatment. History of prior heart murmur with echocardiogram findings as above on March 1998. According to the latest echocardiogram, basically revealed normal left ventricular function with left atrial enlargement . Based on the above findings, we will treat her medically with ACE inhibitors and diuretics and see how she fares.",
            "ner_chunk": "admitted",
            "begin": 12,
            "end": 19,
            "ner_label": "Admission_Discharge",
            "confidence": "0.9993"
        },
        {
            "document": "The patient admitted for gastrointestinal pathology, under working treatment. History of prior heart murmur with echocardiogram findings as above on March 1998. According to the latest echocardiogram, basically revealed normal left ventricular function with left atrial enlargement . Based on the above findings, we will treat her medically with ACE inhibitors and diuretics and see how she fares.",
            "ner_chunk": "gastrointestinal pathology",
            "begin": 25,
            "end": 50,
            "ner_label": "Clinical_Dept",
            "confidence": "0.7198"
        },
        {
            "document": "The patient admitted for gastrointestinal pathology, under working treatment. History of prior heart murmur with echocardiogram findings as above on March 1998. According to the latest echocardiogram, basically revealed normal left ventricular function with left atrial enlargement . Based on the above findings, we will treat her medically with ACE inhibitors and diuretics and see how she fares.",
            "ner_chunk": "heart murmur",
            "begin": 95,
            "end": 106,
            "ner_label": "Heart_Disease",
            "confidence": "0.5289"
        },
        {
            "document": "The patient admitted for gastrointestinal pathology, under working treatment. History of prior heart murmur with echocardiogram findings as above on March 1998. According to the latest echocardiogram, basically revealed normal left ventricular function with left atrial enlargement . Based on the above findings, we will treat her medically with ACE inhibitors and diuretics and see how she fares.",
            "ner_chunk": "echocardiogram",
            "begin": 113,
            "end": 126,
            "ner_label": "Test",
            "confidence": "0.9935"
        },
        {
            "document": "The patient admitted for gastrointestinal pathology, under working treatment. History of prior heart murmur with echocardiogram findings as above on March 1998. According to the latest echocardiogram, basically revealed normal left ventricular function with left atrial enlargement . Based on the above findings, we will treat her medically with ACE inhibitors and diuretics and see how she fares.",
            "ner_chunk": "March 1998",
            "begin": 149,
            "end": 158,
            "ner_label": "Date",
            "confidence": "0.874"
        },
        {
            "document": "The patient admitted for gastrointestinal pathology, under working treatment. History of prior heart murmur with echocardiogram findings as above on March 1998. According to the latest echocardiogram, basically revealed normal left ventricular function with left atrial enlargement . Based on the above findings, we will treat her medically with ACE inhibitors and diuretics and see how she fares.",
            "ner_chunk": "echocardiogram",
            "begin": 185,
            "end": 198,
            "ner_label": "Test",
            "confidence": "0.9402"
        },
        {
            "document": "The patient admitted for gastrointestinal pathology, under working treatment. History of prior heart murmur with echocardiogram findings as above on March 1998. According to the latest echocardiogram, basically revealed normal left ventricular function with left atrial enlargement . Based on the above findings, we will treat her medically with ACE inhibitors and diuretics and see how she fares.",
            "ner_chunk": "normal",
            "begin": 220,
            "end": 225,
            "ner_label": "Test_Result",
            "confidence": "0.4029"
        },
        {
            "document": "The patient admitted for gastrointestinal pathology, under working treatment. History of prior heart murmur with echocardiogram findings as above on March 1998. According to the latest echocardiogram, basically revealed normal left ventricular function with left atrial enlargement . Based on the above findings, we will treat her medically with ACE inhibitors and diuretics and see how she fares.",
            "ner_chunk": "left ventricular function",
            "begin": 227,
            "end": 251,
            "ner_label": "Test",
            "confidence": "0.34836665"
        },
        {
            "document": "The patient admitted for gastrointestinal pathology, under working treatment. History of prior heart murmur with echocardiogram findings as above on March 1998. According to the latest echocardiogram, basically revealed normal left ventricular function with left atrial enlargement . Based on the above findings, we will treat her medically with ACE inhibitors and diuretics and see how she fares.",
            "ner_chunk": "left atrial enlargement",
            "begin": 258,
            "end": 280,
            "ner_label": "Heart_Disease",
            "confidence": "0.5319666"
        },
        {
            "document": "The patient admitted for gastrointestinal pathology, under working treatment. History of prior heart murmur with echocardiogram findings as above on March 1998. According to the latest echocardiogram, basically revealed normal left ventricular function with left atrial enlargement . Based on the above findings, we will treat her medically with ACE inhibitors and diuretics and see how she fares.",
            "ner_chunk": "her",
            "begin": 327,
            "end": 329,
            "ner_label": "Gender",
            "confidence": "0.9992"
        },
        {
            "document": "The patient admitted for gastrointestinal pathology, under working treatment. History of prior heart murmur with echocardiogram findings as above on March 1998. According to the latest echocardiogram, basically revealed normal left ventricular function with left atrial enlargement . Based on the above findings, we will treat her medically with ACE inhibitors and diuretics and see how she fares.",
            "ner_chunk": "ACE inhibitors",
            "begin": 346,
            "end": 359,
            "ner_label": "Drug_Ingredient",
            "confidence": "0.80990005"
        },
        {
            "document": "The patient admitted for gastrointestinal pathology, under working treatment. History of prior heart murmur with echocardiogram findings as above on March 1998. According to the latest echocardiogram, basically revealed normal left ventricular function with left atrial enlargement . Based on the above findings, we will treat her medically with ACE inhibitors and diuretics and see how she fares.",
            "ner_chunk": "diuretics",
            "begin": 365,
            "end": 373,
            "ner_label": "Drug_Ingredient",
            "confidence": "0.9993"
        },
        {
            "document": "The patient admitted for gastrointestinal pathology, under working treatment. History of prior heart murmur with echocardiogram findings as above on March 1998. According to the latest echocardiogram, basically revealed normal left ventricular function with left atrial enlargement . Based on the above findings, we will treat her medically with ACE inhibitors and diuretics and see how she fares.",
            "ner_chunk": "she",
            "begin": 387,
            "end": 389,
            "ner_label": "Gender",
            "confidence": "0.9983"
        }
    ],
    "assertion_predictions": [
        {
            "document": "The patient admitted for gastrointestinal pathology, under working treatment. History of prior heart murmur with echocardiogram findings as above on March 1998. According to the latest echocardiogram, basically revealed normal left ventricular function with left atrial enlargement . Based on the above findings, we will treat her medically with ACE inhibitors and diuretics and see how she fares.",
            "ner_chunk": "heart murmur",
            "begin": 95,
            "end": 106,
            "ner_label": "Heart_Disease",
            "ner_confidence": "0.5289",
            "assertion": "Past"
        },
        {
            "document": "The patient admitted for gastrointestinal pathology, under working treatment. History of prior heart murmur with echocardiogram findings as above on March 1998. According to the latest echocardiogram, basically revealed normal left ventricular function with left atrial enlargement . Based on the above findings, we will treat her medically with ACE inhibitors and diuretics and see how she fares.",
            "ner_chunk": "echocardiogram",
            "begin": 113,
            "end": 126,
            "ner_label": "Test",
            "ner_confidence": "0.9935",
            "assertion": "Past"
        },
        {
            "document": "The patient admitted for gastrointestinal pathology, under working treatment. History of prior heart murmur with echocardiogram findings as above on March 1998. According to the latest echocardiogram, basically revealed normal left ventricular function with left atrial enlargement . Based on the above findings, we will treat her medically with ACE inhibitors and diuretics and see how she fares.",
            "ner_chunk": "echocardiogram",
            "begin": 185,
            "end": 198,
            "ner_label": "Test",
            "ner_confidence": "0.9402",
            "assertion": "Present"
        },
        {
            "document": "The patient admitted for gastrointestinal pathology, under working treatment. History of prior heart murmur with echocardiogram findings as above on March 1998. According to the latest echocardiogram, basically revealed normal left ventricular function with left atrial enlargement . Based on the above findings, we will treat her medically with ACE inhibitors and diuretics and see how she fares.",
            "ner_chunk": "normal",
            "begin": 220,
            "end": 225,
            "ner_label": "Test_Result",
            "ner_confidence": "0.4029",
            "assertion": "Present"
        },
        {
            "document": "The patient admitted for gastrointestinal pathology, under working treatment. History of prior heart murmur with echocardiogram findings as above on March 1998. According to the latest echocardiogram, basically revealed normal left ventricular function with left atrial enlargement . Based on the above findings, we will treat her medically with ACE inhibitors and diuretics and see how she fares.",
            "ner_chunk": "left ventricular function",
            "begin": 227,
            "end": 251,
            "ner_label": "Test",
            "ner_confidence": "0.34836665",
            "assertion": "Present"
        },
        {
            "document": "The patient admitted for gastrointestinal pathology, under working treatment. History of prior heart murmur with echocardiogram findings as above on March 1998. According to the latest echocardiogram, basically revealed normal left ventricular function with left atrial enlargement . Based on the above findings, we will treat her medically with ACE inhibitors and diuretics and see how she fares.",
            "ner_chunk": "left atrial enlargement",
            "begin": 258,
            "end": 280,
            "ner_label": "Heart_Disease",
            "ner_confidence": "0.5319666",
            "assertion": "Present"
        },
        {
            "document": "The patient admitted for gastrointestinal pathology, under working treatment. History of prior heart murmur with echocardiogram findings as above on March 1998. According to the latest echocardiogram, basically revealed normal left ventricular function with left atrial enlargement . Based on the above findings, we will treat her medically with ACE inhibitors and diuretics and see how she fares.",
            "ner_chunk": "ACE inhibitors",
            "begin": 346,
            "end": 359,
            "ner_label": "Drug_Ingredient",
            "ner_confidence": "0.80990005",
            "assertion": "Planned"
        },
        {
            "document": "The patient admitted for gastrointestinal pathology, under working treatment. History of prior heart murmur with echocardiogram findings as above on March 1998. According to the latest echocardiogram, basically revealed normal left ventricular function with left atrial enlargement . Based on the above findings, we will treat her medically with ACE inhibitors and diuretics and see how she fares.",
            "ner_chunk": "diuretics",
            "begin": 365,
            "end": 373,
            "ner_label": "Drug_Ingredient",
            "ner_confidence": "0.9993",
            "assertion": "Planned"
        }
    ],
    "relation_predictions": [
        {
            "document": "The patient admitted for gastrointestinal pathology, under working treatment. History of prior heart murmur with echocardiogram findings as above on March 1998. According to the latest echocardiogram, basically revealed normal left ventricular function with left atrial enlargement . Based on the above findings, we will treat her medically with ACE inhibitors and diuretics and see how she fares.",
            "ner_chunk1": "heart murmur",
            "ner_chunk1_begin": "95",
            "ner_chunk1_end": "106",
            "ner_label1": "Heart_Disease",
            "ner_chunk1_confidence": "0.5289",
            "ner_chunk2": "echocardiogram",
            "ner_chunk2_begin": "113",
            "ner_chunk2_end": "126",
            "ner_label2": "Test",
            "ner_chunk2_confidence": "0.9935",
            "relation": "is_finding_of",
            "relation_begin": 95,
            "relation_end": 126,
            "relation_confidence": "1.0"
        },
        {
            "document": "The patient admitted for gastrointestinal pathology, under working treatment. History of prior heart murmur with echocardiogram findings as above on March 1998. According to the latest echocardiogram, basically revealed normal left ventricular function with left atrial enlargement . Based on the above findings, we will treat her medically with ACE inhibitors and diuretics and see how she fares.",
            "ner_chunk1": "heart murmur",
            "ner_chunk1_begin": "95",
            "ner_chunk1_end": "106",
            "ner_label1": "Heart_Disease",
            "ner_chunk1_confidence": "0.5289",
            "ner_chunk2": "March 1998",
            "ner_chunk2_begin": "149",
            "ner_chunk2_end": "158",
            "ner_label2": "Date",
            "ner_chunk2_confidence": "0.874",
            "relation": "is_date_of",
            "relation_begin": 95,
            "relation_end": 158,
            "relation_confidence": "1.0"
        },
        {
            "document": "The patient admitted for gastrointestinal pathology, under working treatment. History of prior heart murmur with echocardiogram findings as above on March 1998. According to the latest echocardiogram, basically revealed normal left ventricular function with left atrial enlargement . Based on the above findings, we will treat her medically with ACE inhibitors and diuretics and see how she fares.",
            "ner_chunk1": "echocardiogram",
            "ner_chunk1_begin": "113",
            "ner_chunk1_end": "126",
            "ner_label1": "Test",
            "ner_chunk1_confidence": "0.9935",
            "ner_chunk2": "March 1998",
            "ner_chunk2_begin": "149",
            "ner_chunk2_end": "158",
            "ner_label2": "Date",
            "ner_chunk2_confidence": "0.874",
            "relation": "is_date_of",
            "relation_begin": 113,
            "relation_end": 158,
            "relation_confidence": "1.0"
        },
        {
            "document": "The patient admitted for gastrointestinal pathology, under working treatment. History of prior heart murmur with echocardiogram findings as above on March 1998. According to the latest echocardiogram, basically revealed normal left ventricular function with left atrial enlargement . Based on the above findings, we will treat her medically with ACE inhibitors and diuretics and see how she fares.",
            "ner_chunk1": "echocardiogram",
            "ner_chunk1_begin": "185",
            "ner_chunk1_end": "198",
            "ner_label1": "Test",
            "ner_chunk1_confidence": "0.9402",
            "ner_chunk2": "normal",
            "ner_chunk2_begin": "220",
            "ner_chunk2_end": "225",
            "ner_label2": "Test_Result",
            "ner_chunk2_confidence": "0.4029",
            "relation": "O",
            "relation_begin": 185,
            "relation_end": 225,
            "relation_confidence": "0.9999862"
        },
        {
            "document": "The patient admitted for gastrointestinal pathology, under working treatment. History of prior heart murmur with echocardiogram findings as above on March 1998. According to the latest echocardiogram, basically revealed normal left ventricular function with left atrial enlargement . Based on the above findings, we will treat her medically with ACE inhibitors and diuretics and see how she fares.",
            "ner_chunk1": "echocardiogram",
            "ner_chunk1_begin": "185",
            "ner_chunk1_end": "198",
            "ner_label1": "Test",
            "ner_chunk1_confidence": "0.9402",
            "ner_chunk2": "left atrial enlargement",
            "ner_chunk2_begin": "258",
            "ner_chunk2_end": "280",
            "ner_label2": "Heart_Disease",
            "ner_chunk2_confidence": "0.5319666",
            "relation": "is_finding_of",
            "relation_begin": 185,
            "relation_end": 280,
            "relation_confidence": "1.0"
        },
        {
            "document": "The patient admitted for gastrointestinal pathology, under working treatment. History of prior heart murmur with echocardiogram findings as above on March 1998. According to the latest echocardiogram, basically revealed normal left ventricular function with left atrial enlargement . Based on the above findings, we will treat her medically with ACE inhibitors and diuretics and see how she fares.",
            "ner_chunk1": "normal",
            "ner_chunk1_begin": "220",
            "ner_chunk1_end": "225",
            "ner_label1": "Test_Result",
            "ner_chunk1_confidence": "0.4029",
            "ner_chunk2": "left ventricular function",
            "ner_chunk2_begin": "227",
            "ner_chunk2_end": "251",
            "ner_label2": "Test",
            "ner_chunk2_confidence": "0.34836665",
            "relation": "is_result_of",
            "relation_begin": 220,
            "relation_end": 251,
            "relation_confidence": "1.0"
        },
        {
            "document": "The patient admitted for gastrointestinal pathology, under working treatment. History of prior heart murmur with echocardiogram findings as above on March 1998. According to the latest echocardiogram, basically revealed normal left ventricular function with left atrial enlargement . Based on the above findings, we will treat her medically with ACE inhibitors and diuretics and see how she fares.",
            "ner_chunk1": "left ventricular function",
            "ner_chunk1_begin": "227",
            "ner_chunk1_end": "251",
            "ner_label1": "Test",
            "ner_chunk1_confidence": "0.34836665",
            "ner_chunk2": "left atrial enlargement",
            "ner_chunk2_begin": "258",
            "ner_chunk2_end": "280",
            "ner_label2": "Heart_Disease",
            "ner_chunk2_confidence": "0.5319666",
            "relation": "is_finding_of",
            "relation_begin": 227,
            "relation_end": 280,
            "relation_confidence": "0.99999976"
        }
    ]
}