{
    "predictions": [
        {
            "document": "Abdomen , soft , nontender . NIH stroke scale on presentation was 23 to 24 for , one for consciousness , two for month and year and two for eye / grip , 1to2 for gaze , two for face , eight for motor , one for limited ataxia , 1 to2 for sensory , three for best language . On the neurologic examination the patient was intermittently",
            "ner_chunk": "NIH stroke scale",
            "begin": 29,
            "end": 44,
            "ner_label": "NIHSS",
            "ner_confidence": "0.9729667"
        },
        {
            "document": "Abdomen , soft , nontender . NIH stroke scale on presentation was 23 to 24 for , one for consciousness , two for month and year and two for eye / grip , 1to2 for gaze , two for face , eight for motor , one for limited ataxia , 1 to2 for sensory , three for best language . On the neurologic examination the patient was intermittently",
            "ner_chunk": "23 to 24",
            "begin": 66,
            "end": 73,
            "ner_label": "Measurement",
            "ner_confidence": "0.86083335"
        },
        {
            "document": "Abdomen , soft , nontender . NIH stroke scale on presentation was 23 to 24 for , one for consciousness , two for month and year and two for eye / grip , 1to2 for gaze , two for face , eight for motor , one for limited ataxia , 1 to2 for sensory , three for best language . On the neurologic examination the patient was intermittently",
            "ner_chunk": "one",
            "begin": 81,
            "end": 83,
            "ner_label": "Measurement",
            "ner_confidence": "0.8693"
        },
        {
            "document": "Abdomen , soft , nontender . NIH stroke scale on presentation was 23 to 24 for , one for consciousness , two for month and year and two for eye / grip , 1to2 for gaze , two for face , eight for motor , one for limited ataxia , 1 to2 for sensory , three for best language . On the neurologic examination the patient was intermittently",
            "ner_chunk": "consciousness",
            "begin": 89,
            "end": 101,
            "ner_label": "1a_LOC",
            "ner_confidence": "0.6258"
        },
        {
            "document": "Abdomen , soft , nontender . NIH stroke scale on presentation was 23 to 24 for , one for consciousness , two for month and year and two for eye / grip , 1to2 for gaze , two for face , eight for motor , one for limited ataxia , 1 to2 for sensory , three for best language . On the neurologic examination the patient was intermittently",
            "ner_chunk": "two",
            "begin": 105,
            "end": 107,
            "ner_label": "Measurement",
            "ner_confidence": "0.9637"
        },
        {
            "document": "Abdomen , soft , nontender . NIH stroke scale on presentation was 23 to 24 for , one for consciousness , two for month and year and two for eye / grip , 1to2 for gaze , two for face , eight for motor , one for limited ataxia , 1 to2 for sensory , three for best language . On the neurologic examination the patient was intermittently",
            "ner_chunk": "month and year",
            "begin": 113,
            "end": 126,
            "ner_label": "1b_LOCQuestions",
            "ner_confidence": "0.8323667"
        },
        {
            "document": "Abdomen , soft , nontender . NIH stroke scale on presentation was 23 to 24 for , one for consciousness , two for month and year and two for eye / grip , 1to2 for gaze , two for face , eight for motor , one for limited ataxia , 1 to2 for sensory , three for best language . On the neurologic examination the patient was intermittently",
            "ner_chunk": "two",
            "begin": 132,
            "end": 134,
            "ner_label": "Measurement",
            "ner_confidence": "0.9711"
        },
        {
            "document": "Abdomen , soft , nontender . NIH stroke scale on presentation was 23 to 24 for , one for consciousness , two for month and year and two for eye / grip , 1to2 for gaze , two for face , eight for motor , one for limited ataxia , 1 to2 for sensory , three for best language . On the neurologic examination the patient was intermittently",
            "ner_chunk": "eye / grip",
            "begin": 140,
            "end": 149,
            "ner_label": "1c_LOCCommands",
            "ner_confidence": "0.9123667"
        },
        {
            "document": "Abdomen , soft , nontender . NIH stroke scale on presentation was 23 to 24 for , one for consciousness , two for month and year and two for eye / grip , 1to2 for gaze , two for face , eight for motor , one for limited ataxia , 1 to2 for sensory , three for best language . On the neurologic examination the patient was intermittently",
            "ner_chunk": "1to2",
            "begin": 153,
            "end": 156,
            "ner_label": "Measurement",
            "ner_confidence": "0.8095"
        },
        {
            "document": "Abdomen , soft , nontender . NIH stroke scale on presentation was 23 to 24 for , one for consciousness , two for month and year and two for eye / grip , 1to2 for gaze , two for face , eight for motor , one for limited ataxia , 1 to2 for sensory , three for best language . On the neurologic examination the patient was intermittently",
            "ner_chunk": "gaze",
            "begin": 162,
            "end": 165,
            "ner_label": "2_BestGaze",
            "ner_confidence": "0.9009"
        },
        {
            "document": "Abdomen , soft , nontender . NIH stroke scale on presentation was 23 to 24 for , one for consciousness , two for month and year and two for eye / grip , 1to2 for gaze , two for face , eight for motor , one for limited ataxia , 1 to2 for sensory , three for best language . On the neurologic examination the patient was intermittently",
            "ner_chunk": "two",
            "begin": 169,
            "end": 171,
            "ner_label": "Measurement",
            "ner_confidence": "0.979"
        },
        {
            "document": "Abdomen , soft , nontender . NIH stroke scale on presentation was 23 to 24 for , one for consciousness , two for month and year and two for eye / grip , 1to2 for gaze , two for face , eight for motor , one for limited ataxia , 1 to2 for sensory , three for best language . On the neurologic examination the patient was intermittently",
            "ner_chunk": "face",
            "begin": 177,
            "end": 180,
            "ner_label": "4_FacialPalsy",
            "ner_confidence": "0.8778"
        },
        {
            "document": "Abdomen , soft , nontender . NIH stroke scale on presentation was 23 to 24 for , one for consciousness , two for month and year and two for eye / grip , 1to2 for gaze , two for face , eight for motor , one for limited ataxia , 1 to2 for sensory , three for best language . On the neurologic examination the patient was intermittently",
            "ner_chunk": "eight",
            "begin": 184,
            "end": 188,
            "ner_label": "Measurement",
            "ner_confidence": "0.9287"
        },
        {
            "document": "Abdomen , soft , nontender . NIH stroke scale on presentation was 23 to 24 for , one for consciousness , two for month and year and two for eye / grip , 1to2 for gaze , two for face , eight for motor , one for limited ataxia , 1 to2 for sensory , three for best language . On the neurologic examination the patient was intermittently",
            "ner_chunk": "one",
            "begin": 202,
            "end": 204,
            "ner_label": "Measurement",
            "ner_confidence": "0.9445"
        },
        {
            "document": "Abdomen , soft , nontender . NIH stroke scale on presentation was 23 to 24 for , one for consciousness , two for month and year and two for eye / grip , 1to2 for gaze , two for face , eight for motor , one for limited ataxia , 1 to2 for sensory , three for best language . On the neurologic examination the patient was intermittently",
            "ner_chunk": "limited",
            "begin": 210,
            "end": 216,
            "ner_label": "7_LimbAtaxia",
            "ner_confidence": "0.9516"
        },
        {
            "document": "Abdomen , soft , nontender . NIH stroke scale on presentation was 23 to 24 for , one for consciousness , two for month and year and two for eye / grip , 1to2 for gaze , two for face , eight for motor , one for limited ataxia , 1 to2 for sensory , three for best language . On the neurologic examination the patient was intermittently",
            "ner_chunk": "ataxia",
            "begin": 218,
            "end": 223,
            "ner_label": "7_LimbAtaxia",
            "ner_confidence": "0.6029"
        },
        {
            "document": "Abdomen , soft , nontender . NIH stroke scale on presentation was 23 to 24 for , one for consciousness , two for month and year and two for eye / grip , 1to2 for gaze , two for face , eight for motor , one for limited ataxia , 1 to2 for sensory , three for best language . On the neurologic examination the patient was intermittently",
            "ner_chunk": "1 to2",
            "begin": 227,
            "end": 231,
            "ner_label": "Measurement",
            "ner_confidence": "0.7192"
        },
        {
            "document": "Abdomen , soft , nontender . NIH stroke scale on presentation was 23 to 24 for , one for consciousness , two for month and year and two for eye / grip , 1to2 for gaze , two for face , eight for motor , one for limited ataxia , 1 to2 for sensory , three for best language . On the neurologic examination the patient was intermittently",
            "ner_chunk": "sensory",
            "begin": 237,
            "end": 243,
            "ner_label": "8_Sensory",
            "ner_confidence": "0.9729"
        },
        {
            "document": "Abdomen , soft , nontender . NIH stroke scale on presentation was 23 to 24 for , one for consciousness , two for month and year and two for eye / grip , 1to2 for gaze , two for face , eight for motor , one for limited ataxia , 1 to2 for sensory , three for best language . On the neurologic examination the patient was intermittently",
            "ner_chunk": "three",
            "begin": 247,
            "end": 251,
            "ner_label": "Measurement",
            "ner_confidence": "0.812"
        },
        {
            "document": "Abdomen , soft , nontender . NIH stroke scale on presentation was 23 to 24 for , one for consciousness , two for month and year and two for eye / grip , 1to2 for gaze , two for face , eight for motor , one for limited ataxia , 1 to2 for sensory , three for best language . On the neurologic examination the patient was intermittently",
            "ner_chunk": "best language",
            "begin": 257,
            "end": 269,
            "ner_label": "9_BestLanguage",
            "ner_confidence": "0.6618"
        }
    ]
}