{
    "predictions": [
        {
            "document": "She was immediately given hydrogen peroxide 30 mg and amoxicillin twice daily for 10 days to treat the infection on her leg. She has a history of taking magnesium hydroxide.",
            "ner_chunk": "hydrogen peroxide",
            "begin": 26,
            "end": 42,
            "ner_label": "DRUG",
            "ner_confidence": "0.90765",
            "atc_code": "A01AB02",
            "atc_resolution": "hydrogen peroxide ",
            "atc_confidence": "0.9985"
        },
        {
            "document": "She was immediately given hydrogen peroxide 30 mg and amoxicillin twice daily for 10 days to treat the infection on her leg. She has a history of taking magnesium hydroxide.",
            "ner_chunk": "amoxicillin",
            "begin": 54,
            "end": 64,
            "ner_label": "DRUG",
            "ner_confidence": "0.9995",
            "atc_code": "J01CA04",
            "atc_resolution": "amoxicillin ",
            "atc_confidence": "0.9961"
        },
        {
            "document": "She was immediately given hydrogen peroxide 30 mg and amoxicillin twice daily for 10 days to treat the infection on her leg. She has a history of taking magnesium hydroxide.",
            "ner_chunk": "magnesium hydroxide",
            "begin": 153,
            "end": 171,
            "ner_label": "DRUG",
            "ner_confidence": "0.9382",
            "atc_code": "A02AA04",
            "atc_resolution": "magnesium hydroxide ",
            "atc_confidence": "0.9963"
        }
    ]
}