{
    "predictions": [
        {
            "text": "M8950",
            "icd10cm_code": "M8950",
            "begin": 0,
            "end": 4,
            "umls_code": "C4721411"
        },
        {
            "text": "R822",
            "icd10cm_code": "R822",
            "begin": 0,
            "end": 3,
            "umls_code": "C0159076"
        },
        {
            "text": "R0901",
            "icd10cm_code": "R0901",
            "begin": 0,
            "end": 4,
            "umls_code": "C0004044"
        }
    ]
}