{
    "predictions": [
        {
            "document": "TRIM50 has only been shown to act as a tumor suppressor in hepatocellular carcinoma and ovary cancer. HOXA10 exerts an oncogenic role in several tumors endometrial adenocarcinoma .",
            "ner_chunk": "tumor suppressor",
            "begin": 39,
            "end": 54,
            "ner_label": "Oncological",
            "ner_confidence": "0.75685",
            "icdo_code": "8001/1",
            "icdo_resolution": "tumor cells",
            "icdo_confidence": "0.3394"
        },
        {
            "document": "TRIM50 has only been shown to act as a tumor suppressor in hepatocellular carcinoma and ovary cancer. HOXA10 exerts an oncogenic role in several tumors endometrial adenocarcinoma .",
            "ner_chunk": "hepatocellular carcinoma",
            "begin": 59,
            "end": 82,
            "ner_label": "Oncological",
            "ner_confidence": "0.8806",
            "icdo_code": "8576/3",
            "icdo_resolution": "hepatoid carcinoma",
            "icdo_confidence": "1.0000"
        },
        {
            "document": "TRIM50 has only been shown to act as a tumor suppressor in hepatocellular carcinoma and ovary cancer. HOXA10 exerts an oncogenic role in several tumors endometrial adenocarcinoma .",
            "ner_chunk": "ovary cancer",
            "begin": 88,
            "end": 99,
            "ner_label": "Oncological",
            "ner_confidence": "0.8954",
            "icdo_code": "8010/3-C56.9",
            "icdo_resolution": "carcinoma, of ovary",
            "icdo_confidence": "0.3385"
        },
        {
            "document": "TRIM50 has only been shown to act as a tumor suppressor in hepatocellular carcinoma and ovary cancer. HOXA10 exerts an oncogenic role in several tumors endometrial adenocarcinoma .",
            "ner_chunk": "HOXA10",
            "begin": 102,
            "end": 107,
            "ner_label": "Oncological",
            "ner_confidence": "0.4475",
            "icdo_code": "C72.4",
            "icdo_resolution": "acoustic nerve",
            "icdo_confidence": "0.3350"
        },
        {
            "document": "TRIM50 has only been shown to act as a tumor suppressor in hepatocellular carcinoma and ovary cancer. HOXA10 exerts an oncogenic role in several tumors endometrial adenocarcinoma .",
            "ner_chunk": "several",
            "begin": 137,
            "end": 143,
            "ner_label": "Modifier",
            "ner_confidence": "0.4946",
            "icdo_code": "9982/3",
            "icdo_resolution": "rars",
            "icdo_confidence": "0.3400"
        },
        {
            "document": "TRIM50 has only been shown to act as a tumor suppressor in hepatocellular carcinoma and ovary cancer. HOXA10 exerts an oncogenic role in several tumors endometrial adenocarcinoma .",
            "ner_chunk": "tumors endometrial adenocarcinoma",
            "begin": 145,
            "end": 177,
            "ner_label": "Oncological",
            "ner_confidence": "0.8318",
            "icdo_code": "8384/3-C53.1",
            "icdo_resolution": "adenocarcinoma, endocervical type, of exocervix",
            "icdo_confidence": "0.3335"
        }
    ]
}