{
    "ner_predictions": [
        {
            "document": "The patient is a 30-year-old female with a long history of insulin dependent diabetes, type 2. She received a course of Bactrim for 14 days for UTI.  She was prescribed 5000 units of Fragmin  subcutaneously daily, and along with Lantus 40 units subcutaneously at bedtime.",
            "ner_chunk": "insulin",
            "begin": 59,
            "end": 65,
            "ner_label": "DRUG",
            "confidence": "0.9379"
        },
        {
            "document": "The patient is a 30-year-old female with a long history of insulin dependent diabetes, type 2. She received a course of Bactrim for 14 days for UTI.  She was prescribed 5000 units of Fragmin  subcutaneously daily, and along with Lantus 40 units subcutaneously at bedtime.",
            "ner_chunk": "Bactrim",
            "begin": 120,
            "end": 126,
            "ner_label": "DRUG",
            "confidence": "0.9994"
        },
        {
            "document": "The patient is a 30-year-old female with a long history of insulin dependent diabetes, type 2. She received a course of Bactrim for 14 days for UTI.  She was prescribed 5000 units of Fragmin  subcutaneously daily, and along with Lantus 40 units subcutaneously at bedtime.",
            "ner_chunk": "for 14 days",
            "begin": 128,
            "end": 138,
            "ner_label": "DURATION",
            "confidence": "0.79349995"
        },
        {
            "document": "The patient is a 30-year-old female with a long history of insulin dependent diabetes, type 2. She received a course of Bactrim for 14 days for UTI.  She was prescribed 5000 units of Fragmin  subcutaneously daily, and along with Lantus 40 units subcutaneously at bedtime.",
            "ner_chunk": "5000 units",
            "begin": 169,
            "end": 178,
            "ner_label": "DOSAGE",
            "confidence": "0.80009997"
        },
        {
            "document": "The patient is a 30-year-old female with a long history of insulin dependent diabetes, type 2. She received a course of Bactrim for 14 days for UTI.  She was prescribed 5000 units of Fragmin  subcutaneously daily, and along with Lantus 40 units subcutaneously at bedtime.",
            "ner_chunk": "Fragmin",
            "begin": 183,
            "end": 189,
            "ner_label": "DRUG",
            "confidence": "0.9996"
        },
        {
            "document": "The patient is a 30-year-old female with a long history of insulin dependent diabetes, type 2. She received a course of Bactrim for 14 days for UTI.  She was prescribed 5000 units of Fragmin  subcutaneously daily, and along with Lantus 40 units subcutaneously at bedtime.",
            "ner_chunk": "subcutaneously",
            "begin": 192,
            "end": 205,
            "ner_label": "ROUTE",
            "confidence": "0.9994"
        },
        {
            "document": "The patient is a 30-year-old female with a long history of insulin dependent diabetes, type 2. She received a course of Bactrim for 14 days for UTI.  She was prescribed 5000 units of Fragmin  subcutaneously daily, and along with Lantus 40 units subcutaneously at bedtime.",
            "ner_chunk": "daily",
            "begin": 207,
            "end": 211,
            "ner_label": "FREQUENCY",
            "confidence": "0.9991"
        },
        {
            "document": "The patient is a 30-year-old female with a long history of insulin dependent diabetes, type 2. She received a course of Bactrim for 14 days for UTI.  She was prescribed 5000 units of Fragmin  subcutaneously daily, and along with Lantus 40 units subcutaneously at bedtime.",
            "ner_chunk": "Lantus",
            "begin": 229,
            "end": 234,
            "ner_label": "DRUG",
            "confidence": "0.9986"
        },
        {
            "document": "The patient is a 30-year-old female with a long history of insulin dependent diabetes, type 2. She received a course of Bactrim for 14 days for UTI.  She was prescribed 5000 units of Fragmin  subcutaneously daily, and along with Lantus 40 units subcutaneously at bedtime.",
            "ner_chunk": "40 units",
            "begin": 236,
            "end": 243,
            "ner_label": "DOSAGE",
            "confidence": "0.8326"
        },
        {
            "document": "The patient is a 30-year-old female with a long history of insulin dependent diabetes, type 2. She received a course of Bactrim for 14 days for UTI.  She was prescribed 5000 units of Fragmin  subcutaneously daily, and along with Lantus 40 units subcutaneously at bedtime.",
            "ner_chunk": "subcutaneously",
            "begin": 245,
            "end": 258,
            "ner_label": "ROUTE",
            "confidence": "0.9969"
        },
        {
            "document": "The patient is a 30-year-old female with a long history of insulin dependent diabetes, type 2. She received a course of Bactrim for 14 days for UTI.  She was prescribed 5000 units of Fragmin  subcutaneously daily, and along with Lantus 40 units subcutaneously at bedtime.",
            "ner_chunk": "at bedtime",
            "begin": 260,
            "end": 269,
            "ner_label": "FREQUENCY",
            "confidence": "0.8706"
        },
        {
            "document": "The patient was prescribed 1 capsule of Advil 10 mg for 5 days and magnesium hydroxide 100mg/1ml suspension PO. He was seen by the endocrinology service and she was discharged on 40 units of insulin glargine at night, 12 units of insulin lispro with meals, and metformin 1000 mg two times a day.",
            "ner_chunk": "1",
            "begin": 27,
            "end": 27,
            "ner_label": "DOSAGE",
            "confidence": "0.9994"
        },
        {
            "document": "The patient was prescribed 1 capsule of Advil 10 mg for 5 days and magnesium hydroxide 100mg/1ml suspension PO. He was seen by the endocrinology service and she was discharged on 40 units of insulin glargine at night, 12 units of insulin lispro with meals, and metformin 1000 mg two times a day.",
            "ner_chunk": "capsule",
            "begin": 29,
            "end": 35,
            "ner_label": "FORM",
            "confidence": "0.9961"
        },
        {
            "document": "The patient was prescribed 1 capsule of Advil 10 mg for 5 days and magnesium hydroxide 100mg/1ml suspension PO. He was seen by the endocrinology service and she was discharged on 40 units of insulin glargine at night, 12 units of insulin lispro with meals, and metformin 1000 mg two times a day.",
            "ner_chunk": "Advil",
            "begin": 40,
            "end": 44,
            "ner_label": "DRUG",
            "confidence": "0.9982"
        },
        {
            "document": "The patient was prescribed 1 capsule of Advil 10 mg for 5 days and magnesium hydroxide 100mg/1ml suspension PO. He was seen by the endocrinology service and she was discharged on 40 units of insulin glargine at night, 12 units of insulin lispro with meals, and metformin 1000 mg two times a day.",
            "ner_chunk": "10 mg",
            "begin": 46,
            "end": 50,
            "ner_label": "STRENGTH",
            "confidence": "0.95175004"
        },
        {
            "document": "The patient was prescribed 1 capsule of Advil 10 mg for 5 days and magnesium hydroxide 100mg/1ml suspension PO. He was seen by the endocrinology service and she was discharged on 40 units of insulin glargine at night, 12 units of insulin lispro with meals, and metformin 1000 mg two times a day.",
            "ner_chunk": "for 5 days",
            "begin": 52,
            "end": 61,
            "ner_label": "DURATION",
            "confidence": "0.76189995"
        },
        {
            "document": "The patient was prescribed 1 capsule of Advil 10 mg for 5 days and magnesium hydroxide 100mg/1ml suspension PO. He was seen by the endocrinology service and she was discharged on 40 units of insulin glargine at night, 12 units of insulin lispro with meals, and metformin 1000 mg two times a day.",
            "ner_chunk": "magnesium hydroxide",
            "begin": 67,
            "end": 85,
            "ner_label": "DRUG",
            "confidence": "0.9819"
        },
        {
            "document": "The patient was prescribed 1 capsule of Advil 10 mg for 5 days and magnesium hydroxide 100mg/1ml suspension PO. He was seen by the endocrinology service and she was discharged on 40 units of insulin glargine at night, 12 units of insulin lispro with meals, and metformin 1000 mg two times a day.",
            "ner_chunk": "suspension",
            "begin": 97,
            "end": 106,
            "ner_label": "FORM",
            "confidence": "0.9984"
        },
        {
            "document": "The patient was prescribed 1 capsule of Advil 10 mg for 5 days and magnesium hydroxide 100mg/1ml suspension PO. He was seen by the endocrinology service and she was discharged on 40 units of insulin glargine at night, 12 units of insulin lispro with meals, and metformin 1000 mg two times a day.",
            "ner_chunk": "PO",
            "begin": 108,
            "end": 109,
            "ner_label": "ROUTE",
            "confidence": "0.9997"
        },
        {
            "document": "The patient was prescribed 1 capsule of Advil 10 mg for 5 days and magnesium hydroxide 100mg/1ml suspension PO. He was seen by the endocrinology service and she was discharged on 40 units of insulin glargine at night, 12 units of insulin lispro with meals, and metformin 1000 mg two times a day.",
            "ner_chunk": "40 units",
            "begin": 179,
            "end": 186,
            "ner_label": "DOSAGE",
            "confidence": "0.80795"
        },
        {
            "document": "The patient was prescribed 1 capsule of Advil 10 mg for 5 days and magnesium hydroxide 100mg/1ml suspension PO. He was seen by the endocrinology service and she was discharged on 40 units of insulin glargine at night, 12 units of insulin lispro with meals, and metformin 1000 mg two times a day.",
            "ner_chunk": "insulin glargine",
            "begin": 191,
            "end": 206,
            "ner_label": "DRUG",
            "confidence": "0.97574997"
        },
        {
            "document": "The patient was prescribed 1 capsule of Advil 10 mg for 5 days and magnesium hydroxide 100mg/1ml suspension PO. He was seen by the endocrinology service and she was discharged on 40 units of insulin glargine at night, 12 units of insulin lispro with meals, and metformin 1000 mg two times a day.",
            "ner_chunk": "at night",
            "begin": 208,
            "end": 215,
            "ner_label": "FREQUENCY",
            "confidence": "0.82850003"
        },
        {
            "document": "The patient was prescribed 1 capsule of Advil 10 mg for 5 days and magnesium hydroxide 100mg/1ml suspension PO. He was seen by the endocrinology service and she was discharged on 40 units of insulin glargine at night, 12 units of insulin lispro with meals, and metformin 1000 mg two times a day.",
            "ner_chunk": "12 units",
            "begin": 218,
            "end": 225,
            "ner_label": "DOSAGE",
            "confidence": "0.84134996"
        },
        {
            "document": "The patient was prescribed 1 capsule of Advil 10 mg for 5 days and magnesium hydroxide 100mg/1ml suspension PO. He was seen by the endocrinology service and she was discharged on 40 units of insulin glargine at night, 12 units of insulin lispro with meals, and metformin 1000 mg two times a day.",
            "ner_chunk": "insulin lispro",
            "begin": 230,
            "end": 243,
            "ner_label": "DRUG",
            "confidence": "0.83105004"
        },
        {
            "document": "The patient was prescribed 1 capsule of Advil 10 mg for 5 days and magnesium hydroxide 100mg/1ml suspension PO. He was seen by the endocrinology service and she was discharged on 40 units of insulin glargine at night, 12 units of insulin lispro with meals, and metformin 1000 mg two times a day.",
            "ner_chunk": "with meals",
            "begin": 245,
            "end": 254,
            "ner_label": "FREQUENCY",
            "confidence": "0.92195"
        },
        {
            "document": "The patient was prescribed 1 capsule of Advil 10 mg for 5 days and magnesium hydroxide 100mg/1ml suspension PO. He was seen by the endocrinology service and she was discharged on 40 units of insulin glargine at night, 12 units of insulin lispro with meals, and metformin 1000 mg two times a day.",
            "ner_chunk": "metformin",
            "begin": 261,
            "end": 269,
            "ner_label": "DRUG",
            "confidence": "0.9876"
        },
        {
            "document": "The patient was prescribed 1 capsule of Advil 10 mg for 5 days and magnesium hydroxide 100mg/1ml suspension PO. He was seen by the endocrinology service and she was discharged on 40 units of insulin glargine at night, 12 units of insulin lispro with meals, and metformin 1000 mg two times a day.",
            "ner_chunk": "1000 mg",
            "begin": 271,
            "end": 277,
            "ner_label": "STRENGTH",
            "confidence": "0.84965"
        },
        {
            "document": "The patient was prescribed 1 capsule of Advil 10 mg for 5 days and magnesium hydroxide 100mg/1ml suspension PO. He was seen by the endocrinology service and she was discharged on 40 units of insulin glargine at night, 12 units of insulin lispro with meals, and metformin 1000 mg two times a day.",
            "ner_chunk": "two times a day",
            "begin": 279,
            "end": 293,
            "ner_label": "FREQUENCY",
            "confidence": "0.6622"
        }
    ],
    "assertion_predictions": [
        {
            "document": "The patient is a 30-year-old female with a long history of insulin dependent diabetes, type 2. She received a course of Bactrim for 14 days for UTI.  She was prescribed 5000 units of Fragmin  subcutaneously daily, and along with Lantus 40 units subcutaneously at bedtime.",
            "ner_chunk": "insulin",
            "begin": 59,
            "end": 65,
            "ner_label": "DRUG",
            "assertion": "Family",
            "confidence": "0.9379"
        },
        {
            "document": "The patient is a 30-year-old female with a long history of insulin dependent diabetes, type 2. She received a course of Bactrim for 14 days for UTI.  She was prescribed 5000 units of Fragmin  subcutaneously daily, and along with Lantus 40 units subcutaneously at bedtime.",
            "ner_chunk": "Bactrim",
            "begin": 120,
            "end": 126,
            "ner_label": "DRUG",
            "assertion": "Past",
            "confidence": "0.9994"
        },
        {
            "document": "The patient is a 30-year-old female with a long history of insulin dependent diabetes, type 2. She received a course of Bactrim for 14 days for UTI.  She was prescribed 5000 units of Fragmin  subcutaneously daily, and along with Lantus 40 units subcutaneously at bedtime.",
            "ner_chunk": "Fragmin",
            "begin": 183,
            "end": 189,
            "ner_label": "DRUG",
            "assertion": "Planned",
            "confidence": "0.9996"
        },
        {
            "document": "The patient is a 30-year-old female with a long history of insulin dependent diabetes, type 2. She received a course of Bactrim for 14 days for UTI.  She was prescribed 5000 units of Fragmin  subcutaneously daily, and along with Lantus 40 units subcutaneously at bedtime.",
            "ner_chunk": "Lantus",
            "begin": 229,
            "end": 234,
            "ner_label": "DRUG",
            "assertion": "Past",
            "confidence": "0.9986"
        },
        {
            "document": "The patient was prescribed 1 capsule of Advil 10 mg for 5 days and magnesium hydroxide 100mg/1ml suspension PO. He was seen by the endocrinology service and she was discharged on 40 units of insulin glargine at night, 12 units of insulin lispro with meals, and metformin 1000 mg two times a day.",
            "ner_chunk": "Advil",
            "begin": 40,
            "end": 44,
            "ner_label": "DRUG",
            "assertion": "Planned",
            "confidence": "0.9982"
        },
        {
            "document": "The patient was prescribed 1 capsule of Advil 10 mg for 5 days and magnesium hydroxide 100mg/1ml suspension PO. He was seen by the endocrinology service and she was discharged on 40 units of insulin glargine at night, 12 units of insulin lispro with meals, and metformin 1000 mg two times a day.",
            "ner_chunk": "magnesium hydroxide",
            "begin": 67,
            "end": 85,
            "ner_label": "DRUG",
            "assertion": "Planned",
            "confidence": "0.9819"
        },
        {
            "document": "The patient was prescribed 1 capsule of Advil 10 mg for 5 days and magnesium hydroxide 100mg/1ml suspension PO. He was seen by the endocrinology service and she was discharged on 40 units of insulin glargine at night, 12 units of insulin lispro with meals, and metformin 1000 mg two times a day.",
            "ner_chunk": "insulin glargine",
            "begin": 191,
            "end": 206,
            "ner_label": "DRUG",
            "assertion": "Past",
            "confidence": "0.97574997"
        },
        {
            "document": "The patient was prescribed 1 capsule of Advil 10 mg for 5 days and magnesium hydroxide 100mg/1ml suspension PO. He was seen by the endocrinology service and she was discharged on 40 units of insulin glargine at night, 12 units of insulin lispro with meals, and metformin 1000 mg two times a day.",
            "ner_chunk": "insulin lispro",
            "begin": 230,
            "end": 243,
            "ner_label": "DRUG",
            "assertion": "Planned",
            "confidence": "0.83105004"
        },
        {
            "document": "The patient was prescribed 1 capsule of Advil 10 mg for 5 days and magnesium hydroxide 100mg/1ml suspension PO. He was seen by the endocrinology service and she was discharged on 40 units of insulin glargine at night, 12 units of insulin lispro with meals, and metformin 1000 mg two times a day.",
            "ner_chunk": "metformin",
            "begin": 261,
            "end": 269,
            "ner_label": "DRUG",
            "assertion": "Planned",
            "confidence": "0.9876"
        }
    ],
    "relation_predictions": [
        {
            "document": "The patient is a 30-year-old female with a long history of insulin dependent diabetes, type 2. She received a course of Bactrim for 14 days for UTI.  She was prescribed 5000 units of Fragmin  subcutaneously daily, and along with Lantus 40 units subcutaneously at bedtime.",
            "relation": "DRUG-DURATION",
            "relation_begin": 120,
            "relation_end": 138,
            "ner_chunk1": "Bactrim",
            "ner_chunk1_begin": "120",
            "ner_chunk1_end": "126",
            "ner_label1": "DRUG",
            "ner_chunk2": "for 14 days",
            "ner_chunk2_begin": "128",
            "ner_chunk2_end": "138",
            "ner_label2": "DURATION",
            "confidence": "1.0"
        },
        {
            "document": "The patient is a 30-year-old female with a long history of insulin dependent diabetes, type 2. She received a course of Bactrim for 14 days for UTI.  She was prescribed 5000 units of Fragmin  subcutaneously daily, and along with Lantus 40 units subcutaneously at bedtime.",
            "relation": "DOSAGE-DRUG",
            "relation_begin": 169,
            "relation_end": 189,
            "ner_chunk1": "5000 units",
            "ner_chunk1_begin": "169",
            "ner_chunk1_end": "178",
            "ner_label1": "DOSAGE",
            "ner_chunk2": "Fragmin",
            "ner_chunk2_begin": "183",
            "ner_chunk2_end": "189",
            "ner_label2": "DRUG",
            "confidence": "1.0"
        },
        {
            "document": "The patient is a 30-year-old female with a long history of insulin dependent diabetes, type 2. She received a course of Bactrim for 14 days for UTI.  She was prescribed 5000 units of Fragmin  subcutaneously daily, and along with Lantus 40 units subcutaneously at bedtime.",
            "relation": "DRUG-ROUTE",
            "relation_begin": 183,
            "relation_end": 205,
            "ner_chunk1": "Fragmin",
            "ner_chunk1_begin": "183",
            "ner_chunk1_end": "189",
            "ner_label1": "DRUG",
            "ner_chunk2": "subcutaneously",
            "ner_chunk2_begin": "192",
            "ner_chunk2_end": "205",
            "ner_label2": "ROUTE",
            "confidence": "1.0"
        },
        {
            "document": "The patient is a 30-year-old female with a long history of insulin dependent diabetes, type 2. She received a course of Bactrim for 14 days for UTI.  She was prescribed 5000 units of Fragmin  subcutaneously daily, and along with Lantus 40 units subcutaneously at bedtime.",
            "relation": "DRUG-FREQUENCY",
            "relation_begin": 183,
            "relation_end": 211,
            "ner_chunk1": "Fragmin",
            "ner_chunk1_begin": "183",
            "ner_chunk1_end": "189",
            "ner_label1": "DRUG",
            "ner_chunk2": "daily",
            "ner_chunk2_begin": "207",
            "ner_chunk2_end": "211",
            "ner_label2": "FREQUENCY",
            "confidence": "1.0"
        },
        {
            "document": "The patient is a 30-year-old female with a long history of insulin dependent diabetes, type 2. She received a course of Bactrim for 14 days for UTI.  She was prescribed 5000 units of Fragmin  subcutaneously daily, and along with Lantus 40 units subcutaneously at bedtime.",
            "relation": "DRUG-DOSAGE",
            "relation_begin": 229,
            "relation_end": 243,
            "ner_chunk1": "Lantus",
            "ner_chunk1_begin": "229",
            "ner_chunk1_end": "234",
            "ner_label1": "DRUG",
            "ner_chunk2": "40 units",
            "ner_chunk2_begin": "236",
            "ner_chunk2_end": "243",
            "ner_label2": "DOSAGE",
            "confidence": "1.0"
        },
        {
            "document": "The patient is a 30-year-old female with a long history of insulin dependent diabetes, type 2. She received a course of Bactrim for 14 days for UTI.  She was prescribed 5000 units of Fragmin  subcutaneously daily, and along with Lantus 40 units subcutaneously at bedtime.",
            "relation": "DRUG-ROUTE",
            "relation_begin": 229,
            "relation_end": 258,
            "ner_chunk1": "Lantus",
            "ner_chunk1_begin": "229",
            "ner_chunk1_end": "234",
            "ner_label1": "DRUG",
            "ner_chunk2": "subcutaneously",
            "ner_chunk2_begin": "245",
            "ner_chunk2_end": "258",
            "ner_label2": "ROUTE",
            "confidence": "1.0"
        },
        {
            "document": "The patient is a 30-year-old female with a long history of insulin dependent diabetes, type 2. She received a course of Bactrim for 14 days for UTI.  She was prescribed 5000 units of Fragmin  subcutaneously daily, and along with Lantus 40 units subcutaneously at bedtime.",
            "relation": "DRUG-FREQUENCY",
            "relation_begin": 229,
            "relation_end": 269,
            "ner_chunk1": "Lantus",
            "ner_chunk1_begin": "229",
            "ner_chunk1_end": "234",
            "ner_label1": "DRUG",
            "ner_chunk2": "at bedtime",
            "ner_chunk2_begin": "260",
            "ner_chunk2_end": "269",
            "ner_label2": "FREQUENCY",
            "confidence": "1.0"
        },
        {
            "document": "The patient was prescribed 1 capsule of Advil 10 mg for 5 days and magnesium hydroxide 100mg/1ml suspension PO. He was seen by the endocrinology service and she was discharged on 40 units of insulin glargine at night, 12 units of insulin lispro with meals, and metformin 1000 mg two times a day.",
            "relation": "DOSAGE-DRUG",
            "relation_begin": 27,
            "relation_end": 44,
            "ner_chunk1": "1",
            "ner_chunk1_begin": "27",
            "ner_chunk1_end": "27",
            "ner_label1": "DOSAGE",
            "ner_chunk2": "Advil",
            "ner_chunk2_begin": "40",
            "ner_chunk2_end": "44",
            "ner_label2": "DRUG",
            "confidence": "1.0"
        },
        {
            "document": "The patient was prescribed 1 capsule of Advil 10 mg for 5 days and magnesium hydroxide 100mg/1ml suspension PO. He was seen by the endocrinology service and she was discharged on 40 units of insulin glargine at night, 12 units of insulin lispro with meals, and metformin 1000 mg two times a day.",
            "relation": "DOSAGE-DRUG",
            "relation_begin": 27,
            "relation_end": 85,
            "ner_chunk1": "1",
            "ner_chunk1_begin": "27",
            "ner_chunk1_end": "27",
            "ner_label1": "DOSAGE",
            "ner_chunk2": "magnesium hydroxide",
            "ner_chunk2_begin": "67",
            "ner_chunk2_end": "85",
            "ner_label2": "DRUG",
            "confidence": "1.0"
        },
        {
            "document": "The patient was prescribed 1 capsule of Advil 10 mg for 5 days and magnesium hydroxide 100mg/1ml suspension PO. He was seen by the endocrinology service and she was discharged on 40 units of insulin glargine at night, 12 units of insulin lispro with meals, and metformin 1000 mg two times a day.",
            "relation": "FORM-DRUG",
            "relation_begin": 29,
            "relation_end": 44,
            "ner_chunk1": "capsule",
            "ner_chunk1_begin": "29",
            "ner_chunk1_end": "35",
            "ner_label1": "FORM",
            "ner_chunk2": "Advil",
            "ner_chunk2_begin": "40",
            "ner_chunk2_end": "44",
            "ner_label2": "DRUG",
            "confidence": "1.0"
        },
        {
            "document": "The patient was prescribed 1 capsule of Advil 10 mg for 5 days and magnesium hydroxide 100mg/1ml suspension PO. He was seen by the endocrinology service and she was discharged on 40 units of insulin glargine at night, 12 units of insulin lispro with meals, and metformin 1000 mg two times a day.",
            "relation": "FORM-DRUG",
            "relation_begin": 29,
            "relation_end": 85,
            "ner_chunk1": "capsule",
            "ner_chunk1_begin": "29",
            "ner_chunk1_end": "35",
            "ner_label1": "FORM",
            "ner_chunk2": "magnesium hydroxide",
            "ner_chunk2_begin": "67",
            "ner_chunk2_end": "85",
            "ner_label2": "DRUG",
            "confidence": "1.0"
        },
        {
            "document": "The patient was prescribed 1 capsule of Advil 10 mg for 5 days and magnesium hydroxide 100mg/1ml suspension PO. He was seen by the endocrinology service and she was discharged on 40 units of insulin glargine at night, 12 units of insulin lispro with meals, and metformin 1000 mg two times a day.",
            "relation": "DRUG-STRENGTH",
            "relation_begin": 40,
            "relation_end": 50,
            "ner_chunk1": "Advil",
            "ner_chunk1_begin": "40",
            "ner_chunk1_end": "44",
            "ner_label1": "DRUG",
            "ner_chunk2": "10 mg",
            "ner_chunk2_begin": "46",
            "ner_chunk2_end": "50",
            "ner_label2": "STRENGTH",
            "confidence": "1.0"
        },
        {
            "document": "The patient was prescribed 1 capsule of Advil 10 mg for 5 days and magnesium hydroxide 100mg/1ml suspension PO. He was seen by the endocrinology service and she was discharged on 40 units of insulin glargine at night, 12 units of insulin lispro with meals, and metformin 1000 mg two times a day.",
            "relation": "DRUG-DURATION",
            "relation_begin": 40,
            "relation_end": 61,
            "ner_chunk1": "Advil",
            "ner_chunk1_begin": "40",
            "ner_chunk1_end": "44",
            "ner_label1": "DRUG",
            "ner_chunk2": "for 5 days",
            "ner_chunk2_begin": "52",
            "ner_chunk2_end": "61",
            "ner_label2": "DURATION",
            "confidence": "1.0"
        },
        {
            "document": "The patient was prescribed 1 capsule of Advil 10 mg for 5 days and magnesium hydroxide 100mg/1ml suspension PO. He was seen by the endocrinology service and she was discharged on 40 units of insulin glargine at night, 12 units of insulin lispro with meals, and metformin 1000 mg two times a day.",
            "relation": "DRUG-FORM",
            "relation_begin": 40,
            "relation_end": 106,
            "ner_chunk1": "Advil",
            "ner_chunk1_begin": "40",
            "ner_chunk1_end": "44",
            "ner_label1": "DRUG",
            "ner_chunk2": "suspension",
            "ner_chunk2_begin": "97",
            "ner_chunk2_end": "106",
            "ner_label2": "FORM",
            "confidence": "1.0"
        },
        {
            "document": "The patient was prescribed 1 capsule of Advil 10 mg for 5 days and magnesium hydroxide 100mg/1ml suspension PO. He was seen by the endocrinology service and she was discharged on 40 units of insulin glargine at night, 12 units of insulin lispro with meals, and metformin 1000 mg two times a day.",
            "relation": "DRUG-ROUTE",
            "relation_begin": 40,
            "relation_end": 109,
            "ner_chunk1": "Advil",
            "ner_chunk1_begin": "40",
            "ner_chunk1_end": "44",
            "ner_label1": "DRUG",
            "ner_chunk2": "PO",
            "ner_chunk2_begin": "108",
            "ner_chunk2_end": "109",
            "ner_label2": "ROUTE",
            "confidence": "1.0"
        },
        {
            "document": "The patient was prescribed 1 capsule of Advil 10 mg for 5 days and magnesium hydroxide 100mg/1ml suspension PO. He was seen by the endocrinology service and she was discharged on 40 units of insulin glargine at night, 12 units of insulin lispro with meals, and metformin 1000 mg two times a day.",
            "relation": "STRENGTH-DRUG",
            "relation_begin": 46,
            "relation_end": 85,
            "ner_chunk1": "10 mg",
            "ner_chunk1_begin": "46",
            "ner_chunk1_end": "50",
            "ner_label1": "STRENGTH",
            "ner_chunk2": "magnesium hydroxide",
            "ner_chunk2_begin": "67",
            "ner_chunk2_end": "85",
            "ner_label2": "DRUG",
            "confidence": "1.0"
        },
        {
            "document": "The patient was prescribed 1 capsule of Advil 10 mg for 5 days and magnesium hydroxide 100mg/1ml suspension PO. He was seen by the endocrinology service and she was discharged on 40 units of insulin glargine at night, 12 units of insulin lispro with meals, and metformin 1000 mg two times a day.",
            "relation": "DURATION-DRUG",
            "relation_begin": 52,
            "relation_end": 85,
            "ner_chunk1": "for 5 days",
            "ner_chunk1_begin": "52",
            "ner_chunk1_end": "61",
            "ner_label1": "DURATION",
            "ner_chunk2": "magnesium hydroxide",
            "ner_chunk2_begin": "67",
            "ner_chunk2_end": "85",
            "ner_label2": "DRUG",
            "confidence": "1.0"
        },
        {
            "document": "The patient was prescribed 1 capsule of Advil 10 mg for 5 days and magnesium hydroxide 100mg/1ml suspension PO. He was seen by the endocrinology service and she was discharged on 40 units of insulin glargine at night, 12 units of insulin lispro with meals, and metformin 1000 mg two times a day.",
            "relation": "DRUG-FORM",
            "relation_begin": 67,
            "relation_end": 106,
            "ner_chunk1": "magnesium hydroxide",
            "ner_chunk1_begin": "67",
            "ner_chunk1_end": "85",
            "ner_label1": "DRUG",
            "ner_chunk2": "suspension",
            "ner_chunk2_begin": "97",
            "ner_chunk2_end": "106",
            "ner_label2": "FORM",
            "confidence": "1.0"
        },
        {
            "document": "The patient was prescribed 1 capsule of Advil 10 mg for 5 days and magnesium hydroxide 100mg/1ml suspension PO. He was seen by the endocrinology service and she was discharged on 40 units of insulin glargine at night, 12 units of insulin lispro with meals, and metformin 1000 mg two times a day.",
            "relation": "DRUG-ROUTE",
            "relation_begin": 67,
            "relation_end": 109,
            "ner_chunk1": "magnesium hydroxide",
            "ner_chunk1_begin": "67",
            "ner_chunk1_end": "85",
            "ner_label1": "DRUG",
            "ner_chunk2": "PO",
            "ner_chunk2_begin": "108",
            "ner_chunk2_end": "109",
            "ner_label2": "ROUTE",
            "confidence": "1.0"
        },
        {
            "document": "The patient was prescribed 1 capsule of Advil 10 mg for 5 days and magnesium hydroxide 100mg/1ml suspension PO. He was seen by the endocrinology service and she was discharged on 40 units of insulin glargine at night, 12 units of insulin lispro with meals, and metformin 1000 mg two times a day.",
            "relation": "DOSAGE-DRUG",
            "relation_begin": 179,
            "relation_end": 206,
            "ner_chunk1": "40 units",
            "ner_chunk1_begin": "179",
            "ner_chunk1_end": "186",
            "ner_label1": "DOSAGE",
            "ner_chunk2": "insulin glargine",
            "ner_chunk2_begin": "191",
            "ner_chunk2_end": "206",
            "ner_label2": "DRUG",
            "confidence": "1.0"
        },
        {
            "document": "The patient was prescribed 1 capsule of Advil 10 mg for 5 days and magnesium hydroxide 100mg/1ml suspension PO. He was seen by the endocrinology service and she was discharged on 40 units of insulin glargine at night, 12 units of insulin lispro with meals, and metformin 1000 mg two times a day.",
            "relation": "DOSAGE-DRUG",
            "relation_begin": 179,
            "relation_end": 243,
            "ner_chunk1": "40 units",
            "ner_chunk1_begin": "179",
            "ner_chunk1_end": "186",
            "ner_label1": "DOSAGE",
            "ner_chunk2": "insulin lispro",
            "ner_chunk2_begin": "230",
            "ner_chunk2_end": "243",
            "ner_label2": "DRUG",
            "confidence": "1.0"
        },
        {
            "document": "The patient was prescribed 1 capsule of Advil 10 mg for 5 days and magnesium hydroxide 100mg/1ml suspension PO. He was seen by the endocrinology service and she was discharged on 40 units of insulin glargine at night, 12 units of insulin lispro with meals, and metformin 1000 mg two times a day.",
            "relation": "DRUG-FREQUENCY",
            "relation_begin": 191,
            "relation_end": 215,
            "ner_chunk1": "insulin glargine",
            "ner_chunk1_begin": "191",
            "ner_chunk1_end": "206",
            "ner_label1": "DRUG",
            "ner_chunk2": "at night",
            "ner_chunk2_begin": "208",
            "ner_chunk2_end": "215",
            "ner_label2": "FREQUENCY",
            "confidence": "1.0"
        },
        {
            "document": "The patient was prescribed 1 capsule of Advil 10 mg for 5 days and magnesium hydroxide 100mg/1ml suspension PO. He was seen by the endocrinology service and she was discharged on 40 units of insulin glargine at night, 12 units of insulin lispro with meals, and metformin 1000 mg two times a day.",
            "relation": "DRUG-DOSAGE",
            "relation_begin": 191,
            "relation_end": 225,
            "ner_chunk1": "insulin glargine",
            "ner_chunk1_begin": "191",
            "ner_chunk1_end": "206",
            "ner_label1": "DRUG",
            "ner_chunk2": "12 units",
            "ner_chunk2_begin": "218",
            "ner_chunk2_end": "225",
            "ner_label2": "DOSAGE",
            "confidence": "1.0"
        },
        {
            "document": "The patient was prescribed 1 capsule of Advil 10 mg for 5 days and magnesium hydroxide 100mg/1ml suspension PO. He was seen by the endocrinology service and she was discharged on 40 units of insulin glargine at night, 12 units of insulin lispro with meals, and metformin 1000 mg two times a day.",
            "relation": "DRUG-FREQUENCY",
            "relation_begin": 191,
            "relation_end": 254,
            "ner_chunk1": "insulin glargine",
            "ner_chunk1_begin": "191",
            "ner_chunk1_end": "206",
            "ner_label1": "DRUG",
            "ner_chunk2": "with meals",
            "ner_chunk2_begin": "245",
            "ner_chunk2_end": "254",
            "ner_label2": "FREQUENCY",
            "confidence": "1.0"
        },
        {
            "document": "The patient was prescribed 1 capsule of Advil 10 mg for 5 days and magnesium hydroxide 100mg/1ml suspension PO. He was seen by the endocrinology service and she was discharged on 40 units of insulin glargine at night, 12 units of insulin lispro with meals, and metformin 1000 mg two times a day.",
            "relation": "FREQUENCY-DRUG",
            "relation_begin": 208,
            "relation_end": 243,
            "ner_chunk1": "at night",
            "ner_chunk1_begin": "208",
            "ner_chunk1_end": "215",
            "ner_label1": "FREQUENCY",
            "ner_chunk2": "insulin lispro",
            "ner_chunk2_begin": "230",
            "ner_chunk2_end": "243",
            "ner_label2": "DRUG",
            "confidence": "1.0"
        },
        {
            "document": "The patient was prescribed 1 capsule of Advil 10 mg for 5 days and magnesium hydroxide 100mg/1ml suspension PO. He was seen by the endocrinology service and she was discharged on 40 units of insulin glargine at night, 12 units of insulin lispro with meals, and metformin 1000 mg two times a day.",
            "relation": "DOSAGE-DRUG",
            "relation_begin": 218,
            "relation_end": 243,
            "ner_chunk1": "12 units",
            "ner_chunk1_begin": "218",
            "ner_chunk1_end": "225",
            "ner_label1": "DOSAGE",
            "ner_chunk2": "insulin lispro",
            "ner_chunk2_begin": "230",
            "ner_chunk2_end": "243",
            "ner_label2": "DRUG",
            "confidence": "1.0"
        },
        {
            "document": "The patient was prescribed 1 capsule of Advil 10 mg for 5 days and magnesium hydroxide 100mg/1ml suspension PO. He was seen by the endocrinology service and she was discharged on 40 units of insulin glargine at night, 12 units of insulin lispro with meals, and metformin 1000 mg two times a day.",
            "relation": "DRUG-FREQUENCY",
            "relation_begin": 230,
            "relation_end": 254,
            "ner_chunk1": "insulin lispro",
            "ner_chunk1_begin": "230",
            "ner_chunk1_end": "243",
            "ner_label1": "DRUG",
            "ner_chunk2": "with meals",
            "ner_chunk2_begin": "245",
            "ner_chunk2_end": "254",
            "ner_label2": "FREQUENCY",
            "confidence": "1.0"
        },
        {
            "document": "The patient was prescribed 1 capsule of Advil 10 mg for 5 days and magnesium hydroxide 100mg/1ml suspension PO. He was seen by the endocrinology service and she was discharged on 40 units of insulin glargine at night, 12 units of insulin lispro with meals, and metformin 1000 mg two times a day.",
            "relation": "DRUG-STRENGTH",
            "relation_begin": 261,
            "relation_end": 277,
            "ner_chunk1": "metformin",
            "ner_chunk1_begin": "261",
            "ner_chunk1_end": "269",
            "ner_label1": "DRUG",
            "ner_chunk2": "1000 mg",
            "ner_chunk2_begin": "271",
            "ner_chunk2_end": "277",
            "ner_label2": "STRENGTH",
            "confidence": "1.0"
        },
        {
            "document": "The patient was prescribed 1 capsule of Advil 10 mg for 5 days and magnesium hydroxide 100mg/1ml suspension PO. He was seen by the endocrinology service and she was discharged on 40 units of insulin glargine at night, 12 units of insulin lispro with meals, and metformin 1000 mg two times a day.",
            "relation": "DRUG-FREQUENCY",
            "relation_begin": 261,
            "relation_end": 293,
            "ner_chunk1": "metformin",
            "ner_chunk1_begin": "261",
            "ner_chunk1_end": "269",
            "ner_label1": "DRUG",
            "ner_chunk2": "two times a day",
            "ner_chunk2_begin": "279",
            "ner_chunk2_end": "293",
            "ner_label2": "FREQUENCY",
            "confidence": "1.0"
        }
    ]
}