{
    "predictions": [
        [
            {
                "begin": 52,
                "end": 58,
                "ner_chunk": "tobacco",
                "ner_label": "Smoking",
                "ner_confidence": "0.9935",
                "concept_code": "57264008",
                "resolution": "tobacco",
                "score": 1.000000238418579,
                "all_codes": [
                    "57264008",
                    "66562002",
                    "102407002",
                    "84498003",
                    "26663004"
                ],
                "domain_class": [
                    "Organism",
                    "Substance",
                    "Substance",
                    "Substance",
                    "Substance"
                ],
                "all_resolutions": [
                    "tobacco",
                    "cigarette smoking tobacco",
                    "tobacco smoke",
                    "pipe smoking tobacco",
                    "cigar smoking tobacco"
                ],
                "all_score": [
                    1.000000238418579,
                    0.9128879904747009,
                    0.9106560945510864,
                    0.8789343237876892,
                    0.8733211159706116
                ]
            },
            {
                "begin": 65,
                "end": 76,
                "ner_chunk": "hypertension",
                "ner_label": "Hypertension",
                "ner_confidence": "0.9999",
                "concept_code": "38341003",
                "resolution": "hypertension",
                "score": 0.9999998807907104,
                "all_codes": [
                    "38341003",
                    "75367002",
                    "73578008",
                    "28119000",
                    "38341003"
                ],
                "domain_class": [
                    "Clinical Finding",
                    "Observable Entity",
                    "Morph Abnormality",
                    "Clinical Finding",
                    "Clinical Finding"
                ],
                "all_resolutions": [
                    "hypertension",
                    "blood pressure",
                    "hyperdistension",
                    "renal hypertension",
                    "high blood pressure"
                ],
                "all_score": [
                    0.9999998807907104,
                    0.9066827297210693,
                    0.8890687823295593,
                    0.8857569694519043,
                    0.8678926825523376
                ]
            },
            {
                "begin": 79,
                "end": 105,
                "ner_chunk": "chronic renal insufficiency",
                "ner_label": "Kidney_Disease",
                "ner_confidence": "0.91976666",
                "concept_code": "723190009",
                "resolution": "chronic renal insufficiency",
                "score": 1.000000238418579,
                "all_codes": [
                    "723190009",
                    "425369003",
                    "42399005",
                    "90688005",
                    "42399005"
                ],
                "domain_class": [
                    "Clinical Finding",
                    "Clinical Finding",
                    "Clinical Finding",
                    "Clinical Finding",
                    "Clinical Finding"
                ],
                "all_resolutions": [
                    "chronic renal insufficiency",
                    "chronic progressive renal insufficiency",
                    "renal insufficiency",
                    "chronic renal failure",
                    "renal insufficiency syndrome"
                ],
                "all_score": [
                    1.000000238418579,
                    0.9239168167114258,
                    0.9123026728630066,
                    0.8822140693664551,
                    0.8708065748214722
                ]
            },
            {
                "begin": 108,
                "end": 144,
                "ner_chunk": "chronic obstructive pulmonary disease",
                "ner_label": "Disease_Syndrome_Disorder",
                "ner_confidence": "0.5127",
                "concept_code": "13645005",
                "resolution": "chronic obstructive pulmonary disease",
                "score": 1.0000001192092896,
                "all_codes": [
                    "13645005",
                    "13645005",
                    "13645005",
                    "13645005",
                    "13645005"
                ],
                "domain_class": [
                    "Clinical Finding",
                    "Clinical Finding",
                    "Clinical Finding",
                    "Clinical Finding",
                    "Clinical Finding"
                ],
                "all_resolutions": [
                    "chronic obstructive pulmonary disease",
                    "chronic obstructive lung disease",
                    "copd - chronic obstructive pulmonary disease",
                    "chronic obstructive airway disease",
                    "copd"
                ],
                "all_score": [
                    1.0000001192092896,
                    0.953446626663208,
                    0.9277710914611816,
                    0.8972681760787964,
                    0.8662362694740295
                ]
            },
            {
                "begin": 147,
                "end": 155,
                "ner_chunk": "gastritis",
                "ner_label": "Disease_Syndrome_Disorder",
                "ner_confidence": "0.9959",
                "concept_code": "4556007",
                "resolution": "gastritis",
                "score": 1.000000238418579,
                "all_codes": [
                    "4556007",
                    "723096000",
                    "25458004",
                    "1824008",
                    "57433008"
                ],
                "domain_class": [
                    "Clinical Finding",
                    "Clinical Finding",
                    "Clinical Finding",
                    "Clinical Finding",
                    "Clinical Finding"
                ],
                "all_resolutions": [
                    "gastritis",
                    "bacterial gastritis",
                    "acute gastritis",
                    "allergic gastritis",
                    "reflux gastritis"
                ],
                "all_score": [
                    1.000000238418579,
                    0.904236912727356,
                    0.8971583247184753,
                    0.8965718746185303,
                    0.8924410343170166
                ]
            },
            {
                "begin": 162,
                "end": 186,
                "ner_chunk": "transient ischemic attack",
                "ner_label": "Cerebrovascular_Disease",
                "ner_confidence": "0.5781",
                "concept_code": "266257000",
                "resolution": "transient ischemic attack",
                "score": 0.9999999403953552,
                "all_codes": [
                    "266257000",
                    "266257000",
                    "57357009",
                    "266257000",
                    "266257000"
                ],
                "domain_class": [
                    "Clinical Finding",
                    "Clinical Finding",
                    "Clinical Finding",
                    "Clinical Finding",
                    "Clinical Finding"
                ],
                "all_resolutions": [
                    "transient ischemic attack",
                    "transient ischaemic attack",
                    "transient ischemia",
                    "tia - transient ischemic attack",
                    "transient cerebral ischemia"
                ],
                "all_score": [
                    0.9999999403953552,
                    0.9563196897506714,
                    0.952727198600769,
                    0.9329274296760559,
                    0.928642988204956
                ]
            },
            {
                "begin": 230,
                "end": 241,
                "ner_chunk": "ST elevation",
                "ner_label": "snomed_term",
                "ner_confidence": "0.64225",
                "concept_code": "164931005",
                "resolution": "st elevation",
                "score": 1.0000004768371582,
                "all_codes": [
                    "164931005",
                    "76388001",
                    "255456001",
                    "103720008",
                    "705008001"
                ],
                "domain_class": [
                    "Observable Entity",
                    "Clinical Finding",
                    "Qualifier Value",
                    "Procedure",
                    "Clinical Finding"
                ],
                "all_resolutions": [
                    "st elevation",
                    "st segment elevation",
                    "elevation",
                    "elevation, nos",
                    "anterior st segment elevation"
                ],
                "all_score": [
                    1.0000004768371582,
                    0.8871583938598633,
                    0.8315354585647583,
                    0.8132315874099731,
                    0.8127869963645935
                ]
            },
            {
                "begin": 302,
                "end": 324,
                "ner_chunk": "cardiac catheterization",
                "ner_label": "Procedure",
                "ner_confidence": "0.7781",
                "concept_code": "41976001",
                "resolution": "cardiac catheterization",
                "score": 1.0000001192092896,
                "all_codes": [
                    "41976001",
                    "41976001",
                    "41976001",
                    "45211000",
                    "41976001"
                ],
                "domain_class": [
                    "Procedure",
                    "Procedure",
                    "Procedure",
                    "Procedure",
                    "Procedure"
                ],
                "all_resolutions": [
                    "cardiac catheterization",
                    "cardiac catheterization procedure",
                    "cardiac catheterisation",
                    "catheterization",
                    "cardiac catheterisation procedure"
                ],
                "all_score": [
                    1.0000001192092896,
                    0.9511892199516296,
                    0.9394111037254333,
                    0.9253654479980469,
                    0.9106451272964478
                ]
            },
            {
                "begin": 337,
                "end": 374,
                "ner_chunk": "the left main coronary artery stenosis",
                "ner_label": "PROBLEM",
                "ner_confidence": "0.84225005",
                "concept_code": "371804009",
                "resolution": "left main coronary artery disease",
                "score": 0.9168858528137207,
                "all_codes": [
                    "371804009",
                    "876857001",
                    "1255569006",
                    "1255569006",
                    "1255569006"
                ],
                "domain_class": [
                    "Clinical Finding",
                    "Clinical Finding",
                    "No_Concept_Class",
                    "No_Concept_Class",
                    "Clinical Finding"
                ],
                "all_resolutions": [
                    "left main coronary artery disease",
                    "stenosis of left coronary artery main stem",
                    "ostial left main coronary artery stenosis",
                    "stenosis of ostial left main coronary artery",
                    "stenosis of ostium of left main coronary artery"
                ],
                "all_score": [
                    0.9168858528137207,
                    0.9104209542274475,
                    0.8989307284355164,
                    0.8936089873313904,
                    0.8833144903182983
                ]
            },
            {
                "begin": 402,
                "end": 412,
                "ner_chunk": "hypotension",
                "ner_label": "VS_Finding",
                "ner_confidence": "0.9877",
                "concept_code": "45007003",
                "resolution": "hypotension",
                "score": 1.0000001192092896,
                "all_codes": [
                    "45007003",
                    "45007003",
                    "28651003",
                    "77545000",
                    "45007003"
                ],
                "domain_class": [
                    "Clinical Finding",
                    "Clinical Finding",
                    "Clinical Finding",
                    "Clinical Finding",
                    "Clinical Finding"
                ],
                "all_resolutions": [
                    "hypotension",
                    "arterial hypotension",
                    "postural hypotension",
                    "chronic hypotension",
                    "hypotension, nos"
                ],
                "all_score": [
                    1.0000001192092896,
                    0.9052620530128479,
                    0.8899021744728088,
                    0.8686476349830627,
                    0.8572293519973755
                ]
            },
            {
                "begin": 418,
                "end": 428,
                "ner_chunk": "bradycardia",
                "ner_label": "VS_Finding",
                "ner_confidence": "0.9955",
                "concept_code": "48867003",
                "resolution": "bradycardia",
                "score": 1.000000238418579,
                "all_codes": [
                    "48867003",
                    "49710005",
                    "421869004",
                    "29894000",
                    "426627000"
                ],
                "domain_class": [
                    "Clinical Finding",
                    "Clinical Finding",
                    "Clinical Finding",
                    "Clinical Finding",
                    "Clinical Finding"
                ],
                "all_resolutions": [
                    "bradycardia",
                    "sinus bradycardia",
                    "bradyarrhythmia",
                    "vagal bradycardia",
                    "ecg: bradycardia"
                ],
                "all_score": [
                    1.000000238418579,
                    0.9310864806175232,
                    0.9199969172477722,
                    0.9140902161598206,
                    0.9087131023406982
                ]
            },
            {
                "begin": 443,
                "end": 450,
                "ner_chunk": "atropine",
                "ner_label": "Drug_Ingredient",
                "ner_confidence": "0.9979",
                "concept_code": "73949004",
                "resolution": "atropine",
                "score": 1.000000238418579,
                "all_codes": [
                    "73949004",
                    "73949004",
                    "349945006",
                    "74237004",
                    "294076004"
                ],
                "domain_class": [
                    "Pharma/Biol Product",
                    "Pharma/Biol Product",
                    "Clinical Drug Form",
                    "Substance",
                    "Clinical Finding"
                ],
                "all_resolutions": [
                    "atropine",
                    "atropine product",
                    "oral form atropine",
                    "atropine sulfate",
                    "atropine allergy"
                ],
                "all_score": [
                    1.000000238418579,
                    0.9025111198425293,
                    0.8434849977493286,
                    0.8409863114356995,
                    0.83796626329422
                ]
            },
            {
                "begin": 453,
                "end": 461,
                "ner_chunk": "IV fluids",
                "ner_label": "TREATMENT",
                "ner_confidence": "0.98885",
                "concept_code": "118431008",
                "resolution": "iv fluid",
                "score": 0.9797192811965942,
                "all_codes": [
                    "118431008",
                    "118431008",
                    "281800008",
                    "118431008",
                    "262278000"
                ],
                "domain_class": [
                    "Substance",
                    "Substance",
                    "Procedure",
                    "Substance",
                    "Qualifier Value"
                ],
                "all_resolutions": [
                    "iv fluid",
                    "intravenous fluid",
                    "iv - intravenous fluid replacement",
                    "fluid for intravenous administration",
                    "iv fluid warming"
                ],
                "all_score": [
                    0.9797192811965942,
                    0.9000782370567322,
                    0.8945227265357971,
                    0.8855814933776855,
                    0.8775972723960876
                ]
            },
            {
                "begin": 468,
                "end": 475,
                "ner_chunk": "dopamine",
                "ner_label": "Drug_Ingredient",
                "ner_confidence": "0.9924",
                "concept_code": "59187003",
                "resolution": "dopamine",
                "score": 0.9999996423721313,
                "all_codes": [
                    "59187003",
                    "59187003",
                    "412383006",
                    "32779004",
                    "37484001"
                ],
                "domain_class": [
                    "Pharma/Biol Product",
                    "Pharma/Biol Product",
                    "Substance",
                    "Procedure",
                    "Substance"
                ],
                "all_resolutions": [
                    "dopamine",
                    "dopamine product",
                    "dopamine agent",
                    "dopamine measurement",
                    "dopamine receptor"
                ],
                "all_score": [
                    0.9999996423721313,
                    0.871300220489502,
                    0.8619929552078247,
                    0.8551105260848999,
                    0.8442040681838989
                ]
            }
        ]
    ]
}