{
    "predictions": [
        {
            "document": "The patient was prescribed Amlodopine Vallarta 10-320mg, Eviplera. The other patient is given Lescol 40 MG and Everolimus 1.5 mg tablet.",
            "ner_chunk": "Amlodopine Vallarta 10-320mg",
            "begin": 27,
            "end": 54,
            "ner_label": "DRUG",
            "ner_confidence": "0.8083666",
            "ade": "Gynaecomastia",
            "rxnorm_code": "722131",
            "action": "NONE",
            "treatment": "NONE",
            "umls_code": "C1949334",
            "snomed_ct_code": "425838008",
            "product_ndc": "00093-7693",
            "package_ndc": "00093-7693-56"
        },
        {
            "document": "The patient was prescribed Amlodopine Vallarta 10-320mg, Eviplera. The other patient is given Lescol 40 MG and Everolimus 1.5 mg tablet.",
            "ner_chunk": "Eviplera",
            "begin": 57,
            "end": 64,
            "ner_label": "DRUG",
            "ner_confidence": null,
            "ade": "Anxiety",
            "rxnorm_code": "217010",
            "action": "Inhibitory Bone Resorption",
            "treatment": "Osteoporosis",
            "umls_code": "C0720318",
            "snomed_ct_code": "NONE",
            "product_ndc": "NONE",
            "package_ndc": "NONE"
        },
        {
            "document": "The patient was prescribed Amlodopine Vallarta 10-320mg, Eviplera. The other patient is given Lescol 40 MG and Everolimus 1.5 mg tablet.",
            "ner_chunk": "Lescol 40 MG",
            "begin": 94,
            "end": 105,
            "ner_label": "DRUG",
            "ner_confidence": "0.60043335",
            "ade": "NONE",
            "rxnorm_code": "103919",
            "action": "Hypocholesterolemic",
            "treatment": "Heterozygous Familial Hypercholesterolemia",
            "umls_code": "C0353573",
            "snomed_ct_code": "NONE",
            "product_ndc": "00078-0234",
            "package_ndc": "00078-0234-05"
        },
        {
            "document": "The patient was prescribed Amlodopine Vallarta 10-320mg, Eviplera. The other patient is given Lescol 40 MG and Everolimus 1.5 mg tablet.",
            "ner_chunk": "Everolimus 1.5 mg tablet",
            "begin": 111,
            "end": 134,
            "ner_label": "DRUG",
            "ner_confidence": "0.719375",
            "ade": "Acute myocardial infarction",
            "rxnorm_code": "2056895",
            "action": "NONE",
            "treatment": "NONE",
            "umls_code": "C4723581",
            "snomed_ct_code": "NONE",
            "product_ndc": "00054-0604",
            "package_ndc": "00054-0604-21"
        }
    ]
}