{
    "predictions": [
        {
            "document": "I'm a 28-year-old male recently diagnosed with high cholesterol. I've been prescribed statins, but I've heard a lot about their side effects and I'm worried. I'm experiencing muscle aches and I'm not sure if it's due to the medication. Has anyone else experienced this? Any advice would be appreciated.",
            "ner_chunk": "28-year-old",
            "begin": 6,
            "end": 16,
            "ner_label": "Age",
            "ner_confidence": "0.9852"
        },
        {
            "document": "I'm a 28-year-old male recently diagnosed with high cholesterol. I've been prescribed statins, but I've heard a lot about their side effects and I'm worried. I'm experiencing muscle aches and I'm not sure if it's due to the medication. Has anyone else experienced this? Any advice would be appreciated.",
            "ner_chunk": "male",
            "begin": 18,
            "end": 21,
            "ner_label": "Gender",
            "ner_confidence": "0.999"
        },
        {
            "document": "I'm a 28-year-old male recently diagnosed with high cholesterol. I've been prescribed statins, but I've heard a lot about their side effects and I'm worried. I'm experiencing muscle aches and I'm not sure if it's due to the medication. Has anyone else experienced this? Any advice would be appreciated.",
            "ner_chunk": "recently",
            "begin": 23,
            "end": 30,
            "ner_label": "DateTime",
            "ner_confidence": "0.9892"
        },
        {
            "document": "I'm a 28-year-old male recently diagnosed with high cholesterol. I've been prescribed statins, but I've heard a lot about their side effects and I'm worried. I'm experiencing muscle aches and I'm not sure if it's due to the medication. Has anyone else experienced this? Any advice would be appreciated.",
            "ner_chunk": "high",
            "begin": 47,
            "end": 50,
            "ner_label": "TestResult",
            "ner_confidence": "0.6992"
        },
        {
            "document": "I'm a 28-year-old male recently diagnosed with high cholesterol. I've been prescribed statins, but I've heard a lot about their side effects and I'm worried. I'm experiencing muscle aches and I'm not sure if it's due to the medication. Has anyone else experienced this? Any advice would be appreciated.",
            "ner_chunk": "cholesterol",
            "begin": 52,
            "end": 62,
            "ner_label": "Test",
            "ner_confidence": "0.9851"
        },
        {
            "document": "I'm a 28-year-old male recently diagnosed with high cholesterol. I've been prescribed statins, but I've heard a lot about their side effects and I'm worried. I'm experiencing muscle aches and I'm not sure if it's due to the medication. Has anyone else experienced this? Any advice would be appreciated.",
            "ner_chunk": "statins",
            "begin": 86,
            "end": 92,
            "ner_label": "Drug",
            "ner_confidence": "0.9963"
        },
        {
            "document": "I'm a 28-year-old male recently diagnosed with high cholesterol. I've been prescribed statins, but I've heard a lot about their side effects and I'm worried. I'm experiencing muscle aches and I'm not sure if it's due to the medication. Has anyone else experienced this? Any advice would be appreciated.",
            "ner_chunk": "muscle",
            "begin": 175,
            "end": 180,
            "ner_label": "BodyPart",
            "ner_confidence": "0.9715"
        },
        {
            "document": "I'm a 28-year-old male recently diagnosed with high cholesterol. I've been prescribed statins, but I've heard a lot about their side effects and I'm worried. I'm experiencing muscle aches and I'm not sure if it's due to the medication. Has anyone else experienced this? Any advice would be appreciated.",
            "ner_chunk": "aches",
            "begin": 182,
            "end": 186,
            "ner_label": "Symptom",
            "ner_confidence": "0.984"
        }
    ]
}