{
    "predictions": [
        [
            {
                "begin": 306,
                "end": 312,
                "ner_chunk": "Aspirin",
                "ner_label": "PROCEDURE",
                "ner_confidence": "0.9998",
                "concept_code": "M1055",
                "resolution": "aspirin or another antiplatelet therapy used",
                "score": 0.8027017712593079,
                "all_codes": [
                    "M1055",
                    "G8895",
                    "G9793",
                    "G6038",
                    "G9435"
                ],
                "domain_id": [
                    "Observation",
                    "Observation",
                    "Observation",
                    "Measurement",
                    "Observation"
                ],
                "all_resolutions": [
                    "aspirin or another antiplatelet therapy used",
                    "oral aspirin or other antithrombotic therapy prescribed",
                    "patient is currently on a daily aspirin or other antiplatelet",
                    "salicylate",
                    "aspirin prescribed at discharge"
                ],
                "all_score": [
                    0.8027017712593079,
                    0.7563661336898804,
                    0.7363203763961792,
                    0.7343697547912598,
                    0.7295854091644287
                ]
            },
            {
                "begin": 334,
                "end": 342,
                "ner_chunk": "Humulin N",
                "ner_label": "PROCEDURE",
                "ner_confidence": "0.98345",
                "concept_code": "J8499",
                "resolution": "prescription drug, oral, non chemotherapeutic, nos",
                "score": 0.6201732158660889,
                "all_codes": [
                    "J8499",
                    "J8999",
                    "S5552",
                    "J9179",
                    "J9042"
                ],
                "domain_id": [
                    "Drug",
                    "Drug",
                    "Drug",
                    "Drug",
                    "Drug"
                ],
                "all_resolutions": [
                    "prescription drug, oral, non chemotherapeutic, nos",
                    "prescription drug, oral, chemotherapeutic, nos",
                    "insulin, intermediate acting (nph or lente); 5 units",
                    "injection, eribulin mesylate, 0.1 mg",
                    "injection, brentuximab vedotin, 1 mg"
                ],
                "all_score": [
                    0.6201732158660889,
                    0.6164397597312927,
                    0.6162759065628052,
                    0.6145607233047485,
                    0.6015212535858154
                ]
            },
            {
                "begin": 345,
                "end": 351,
                "ner_chunk": "insulin",
                "ner_label": "PROCEDURE",
                "ner_confidence": "0.9881",
                "concept_code": "S5550",
                "resolution": "insulin, rapid onset, 5 units",
                "score": 0.764725387096405,
                "all_codes": [
                    "S5550",
                    "S5553",
                    "S5552",
                    "S5551",
                    "J1815"
                ],
                "domain_id": [
                    "Drug",
                    "Drug",
                    "Drug",
                    "Drug",
                    "Drug"
                ],
                "all_resolutions": [
                    "insulin, rapid onset, 5 units",
                    "insulin, long acting; 5 units",
                    "insulin, intermediate acting (nph or lente); 5 units",
                    "insulin, most rapid onset (lispro or aspart); 5 units",
                    "injection, insulin, per 5 units"
                ],
                "all_score": [
                    0.764725387096405,
                    0.7642071843147278,
                    0.7423866391181946,
                    0.7392821907997131,
                    0.7340479493141174
                ]
            },
            {
                "begin": 370,
                "end": 388,
                "ner_chunk": "Hydrochlorothiazide",
                "ner_label": "PROCEDURE",
                "ner_confidence": "0.9999",
                "concept_code": "J1205",
                "resolution": "injection, chlorothiazide sodium, per 500 mg",
                "score": 0.7651885747909546,
                "all_codes": [
                    "J1205",
                    "J0390",
                    "G9503",
                    "S0108",
                    "J0735"
                ],
                "domain_id": [
                    "Drug",
                    "Drug",
                    "Observation",
                    "Drug",
                    "Drug"
                ],
                "all_resolutions": [
                    "injection, chlorothiazide sodium, per 500 mg",
                    "injection, chloroquine hydrochloride, up to 250 mg",
                    "patient taking tamsulosin hydrochloride",
                    "mercaptopurine, oral, 50 mg",
                    "injection, clonidine hydrochloride, 1 mg"
                ],
                "all_score": [
                    0.7651885747909546,
                    0.6702229380607605,
                    0.6682660579681396,
                    0.6531009674072266,
                    0.6454421877861023
                ]
            },
            {
                "begin": 402,
                "end": 414,
                "ner_chunk": "Nitroglycerin",
                "ner_label": "PROCEDURE",
                "ner_confidence": "0.9999",
                "concept_code": "J8499",
                "resolution": "prescription drug, oral, non chemotherapeutic, nos",
                "score": 0.6775685548782349,
                "all_codes": [
                    "J8499",
                    "J8999",
                    "G6055",
                    "S0090",
                    "S0155"
                ],
                "domain_id": [
                    "Drug",
                    "Drug",
                    "Measurement",
                    "Drug",
                    "Drug"
                ],
                "all_resolutions": [
                    "prescription drug, oral, non chemotherapeutic, nos",
                    "prescription drug, oral, chemotherapeutic, nos",
                    "nicotine",
                    "sildenafil citrate, 25 mg",
                    "sterile dilutant for epoprostenol, 50 ml"
                ],
                "all_score": [
                    0.6775685548782349,
                    0.65322345495224,
                    0.647355318069458,
                    0.6437383890151978,
                    0.6436240673065186
                ]
            }
        ],
        [
            {
                "begin": 76,
                "end": 86,
                "ner_chunk": "amoxicillin",
                "ner_label": "PROCEDURE",
                "ner_confidence": "0.997",
                "concept_code": "G9315",
                "resolution": "documentation amoxicillin, with or without clavulanate, prescribed as a first line antibiotic at the time of diagnosis",
                "score": 0.7181192636489868,
                "all_codes": [
                    "G9315",
                    "G9313",
                    "J0290",
                    "G9314",
                    "G8711"
                ],
                "domain_id": [
                    "Observation",
                    "Observation",
                    "Drug",
                    "Observation",
                    "Observation"
                ],
                "all_resolutions": [
                    "documentation amoxicillin, with or without clavulanate, prescribed as a first line antibiotic at the time of diagnosis",
                    "amoxicillin, with or without clavulanate, not prescribed as first line antibiotic at the time of diagnosis for documented reason",
                    "injection, ampicillin sodium, 500 mg",
                    "amoxicillin, with or without clavulanate, not prescribed as first line antibiotic at the time of diagnosis, reason not given",
                    "prescribed or dispensed antibiotic"
                ],
                "all_score": [
                    0.7181192636489868,
                    0.7145591974258423,
                    0.7046382427215576,
                    0.6988637447357178,
                    0.6849462985992432
                ]
            },
            {
                "begin": 135,
                "end": 143,
                "ner_chunk": "metformin",
                "ner_label": "PROCEDURE",
                "ner_confidence": "0.9998",
                "concept_code": "G6053",
                "resolution": "methadone",
                "score": 0.7130447626113892,
                "all_codes": [
                    "G6053",
                    "G6054",
                    "S0109",
                    "J7527",
                    "J8610"
                ],
                "domain_id": [
                    "Measurement",
                    "Measurement",
                    "Drug",
                    "Drug",
                    "Drug"
                ],
                "all_resolutions": [
                    "methadone",
                    "methsuximide",
                    "methadone, oral, 5 mg",
                    "everolimus, oral, 0.25 mg",
                    "methotrexate; oral, 2.5 mg"
                ],
                "all_score": [
                    0.7130447626113892,
                    0.6653262972831726,
                    0.6618200540542603,
                    0.658454418182373,
                    0.6545082926750183
                ]
            },
            {
                "begin": 147,
                "end": 155,
                "ner_chunk": "glipizide",
                "ner_label": "PROCEDURE",
                "ner_confidence": "0.9999",
                "concept_code": "C9293",
                "resolution": "injection, glucarpidase, 10 units",
                "score": 0.6749603748321533,
                "all_codes": [
                    "C9293",
                    "J1610",
                    "J0221",
                    "J2507",
                    "J1595"
                ],
                "domain_id": [
                    "Drug",
                    "Drug",
                    "Drug",
                    "Drug",
                    "Drug"
                ],
                "all_resolutions": [
                    "injection, glucarpidase, 10 units",
                    "injection, glucagon hydrochloride, per 1 mg",
                    "injection, alglucosidase alfa, (lumizyme), 10 mg",
                    "injection, pegloticase, 1 mg",
                    "injection, glatiramer acetate, 20 mg"
                ],
                "all_score": [
                    0.6749603748321533,
                    0.6741762161254883,
                    0.66866534948349,
                    0.6611853837966919,
                    0.6579197645187378
                ]
            },
            {
                "begin": 163,
                "end": 175,
                "ner_chunk": "dapagliflozin",
                "ner_label": "PROCEDURE",
                "ner_confidence": "1.0",
                "concept_code": "Q5108",
                "resolution": "injection, pegfilgrastim-jmdb, biosimilar, (fulphila), 0.5 mg",
                "score": 0.651500940322876,
                "all_codes": [
                    "Q5108",
                    "Q5101",
                    "J2505",
                    "J7513",
                    "Q5111"
                ],
                "domain_id": [
                    "Drug",
                    "Drug",
                    "Drug",
                    "Drug",
                    "Drug"
                ],
                "all_resolutions": [
                    "injection, pegfilgrastim-jmdb, biosimilar, (fulphila), 0.5 mg",
                    "injection, filgrastim-sndz, biosimilar, (zarxio), 1 microgram",
                    "injection, pegfilgrastim, 6 mg",
                    "daclizumab, parenteral, 25 mg",
                    "injection, pegfilgrastim-cbqv, biosimilar, (udenyca), 0.5 mg"
                ],
                "all_score": [
                    0.651500940322876,
                    0.6475228667259216,
                    0.6457095146179199,
                    0.6447568535804749,
                    0.6370607018470764
                ]
            },
            {
                "begin": 190,
                "end": 201,
                "ner_chunk": "atorvastatin",
                "ner_label": "PROCEDURE",
                "ner_confidence": "0.9999",
                "concept_code": "G9796",
                "resolution": "patient is currently on a statin therapy",
                "score": 0.7012911438941956,
                "all_codes": [
                    "G9796",
                    "G8816",
                    "G9441",
                    "G8585",
                    "G9664"
                ],
                "domain_id": [
                    "Observation",
                    "Observation",
                    "Observation",
                    "Observation",
                    "Observation"
                ],
                "all_resolutions": [
                    "patient is currently on a statin therapy",
                    "statin medication prescribed at discharge",
                    "statin prescribed at discharge",
                    "anti-lipid treatment at discharge",
                    "patients who are currently statin therapy users or received an order (prescription) for statin therapy"
                ],
                "all_score": [
                    0.7012911438941956,
                    0.680654764175415,
                    0.6746479272842407,
                    0.6706570386886597,
                    0.6580422520637512
                ]
            },
            {
                "begin": 207,
                "end": 217,
                "ner_chunk": "gemfibrozil",
                "ner_label": "PROCEDURE",
                "ner_confidence": "1.0",
                "concept_code": "Q5108",
                "resolution": "injection, pegfilgrastim-jmdb, biosimilar, (fulphila), 0.5 mg",
                "score": 0.6472257971763611,
                "all_codes": [
                    "Q5108",
                    "Q5101",
                    "J9300",
                    "J9199",
                    "J9203"
                ],
                "domain_id": [
                    "Drug",
                    "Drug",
                    "Drug",
                    "Drug",
                    "Drug"
                ],
                "all_resolutions": [
                    "injection, pegfilgrastim-jmdb, biosimilar, (fulphila), 0.5 mg",
                    "injection, filgrastim-sndz, biosimilar, (zarxio), 1 microgram",
                    "injection, gemtuzumab ozogamicin, 5 mg",
                    "injection, gemcitabine hydrochloride (infugem), 200 mg",
                    "injection, gemtuzumab ozogamicin, 0.1 mg"
                ],
                "all_score": [
                    0.6472257971763611,
                    0.6404169797897339,
                    0.6255658268928528,
                    0.6249465942382812,
                    0.6237384080886841
                ]
            },
            {
                "begin": 245,
                "end": 257,
                "ner_chunk": "dapagliflozin",
                "ner_label": "PROCEDURE",
                "ner_confidence": "0.9999",
                "concept_code": "Q5108",
                "resolution": "injection, pegfilgrastim-jmdb, biosimilar, (fulphila), 0.5 mg",
                "score": 0.651500940322876,
                "all_codes": [
                    "Q5108",
                    "Q5101",
                    "J2505",
                    "J7513",
                    "Q5111"
                ],
                "domain_id": [
                    "Drug",
                    "Drug",
                    "Drug",
                    "Drug",
                    "Drug"
                ],
                "all_resolutions": [
                    "injection, pegfilgrastim-jmdb, biosimilar, (fulphila), 0.5 mg",
                    "injection, filgrastim-sndz, biosimilar, (zarxio), 1 microgram",
                    "injection, pegfilgrastim, 6 mg",
                    "daclizumab, parenteral, 25 mg",
                    "injection, pegfilgrastim-cbqv, biosimilar, (udenyca), 0.5 mg"
                ],
                "all_score": [
                    0.651500940322876,
                    0.6475228667259216,
                    0.6457095146179199,
                    0.6447568535804749,
                    0.6370607018470764
                ]
            },
            {
                "begin": 391,
                "end": 406,
                "ner_chunk": "insulin glargine",
                "ner_label": "PROCEDURE",
                "ner_confidence": "0.98969996",
                "concept_code": "S5550",
                "resolution": "insulin, rapid onset, 5 units",
                "score": 0.7315368056297302,
                "all_codes": [
                    "S5550",
                    "S5553",
                    "S5552",
                    "S5551",
                    "C9293"
                ],
                "domain_id": [
                    "Drug",
                    "Drug",
                    "Drug",
                    "Drug",
                    "Drug"
                ],
                "all_resolutions": [
                    "insulin, rapid onset, 5 units",
                    "insulin, long acting; 5 units",
                    "insulin, intermediate acting (nph or lente); 5 units",
                    "insulin, most rapid onset (lispro or aspart); 5 units",
                    "injection, glucarpidase, 10 units"
                ],
                "all_score": [
                    0.7315368056297302,
                    0.7223013639450073,
                    0.7203099131584167,
                    0.699993371963501,
                    0.693087637424469
                ]
            },
            {
                "begin": 431,
                "end": 444,
                "ner_chunk": "insulin lispro",
                "ner_label": "PROCEDURE",
                "ner_confidence": "0.97045004",
                "concept_code": "S5551",
                "resolution": "insulin, most rapid onset (lispro or aspart); 5 units",
                "score": 0.8311569690704346,
                "all_codes": [
                    "S5551",
                    "S5550",
                    "S5553",
                    "S5552",
                    "S5565"
                ],
                "domain_id": [
                    "Drug",
                    "Drug",
                    "Drug",
                    "Drug",
                    "Device"
                ],
                "all_resolutions": [
                    "insulin, most rapid onset (lispro or aspart); 5 units",
                    "insulin, rapid onset, 5 units",
                    "insulin, long acting; 5 units",
                    "insulin, intermediate acting (nph or lente); 5 units",
                    "insulin cartridge for use in insulin delivery device other than pump; 150 units"
                ],
                "all_score": [
                    0.8311569690704346,
                    0.7303498983383179,
                    0.7266725897789001,
                    0.7155628800392151,
                    0.7118715047836304
                ]
            },
            {
                "begin": 463,
                "end": 471,
                "ner_chunk": "metformin",
                "ner_label": "PROCEDURE",
                "ner_confidence": "0.9992",
                "concept_code": "G6053",
                "resolution": "methadone",
                "score": 0.7130447626113892,
                "all_codes": [
                    "G6053",
                    "G6054",
                    "S0109",
                    "J7527",
                    "J8610"
                ],
                "domain_id": [
                    "Measurement",
                    "Measurement",
                    "Drug",
                    "Drug",
                    "Drug"
                ],
                "all_resolutions": [
                    "methadone",
                    "methsuximide",
                    "methadone, oral, 5 mg",
                    "everolimus, oral, 0.25 mg",
                    "methotrexate; oral, 2.5 mg"
                ],
                "all_score": [
                    0.7130447626113892,
                    0.6653262972831726,
                    0.6618200540542603,
                    0.658454418182373,
                    0.6545082926750183
                ]
            }
        ]
    ]
}