{
    "predictions": [
        {
            "document": "Racecadotril is an antisecretory medication and it has better tolerability than loperamide. Diarrhea is the condition of having loose, liquid or watery bowel movements each day. Signs of dehydration often begin with loss of the normal stretchiness of the skin.  This can progress to loss of skin color, a fast heart rate as it becomes more severe.  While it has been speculated that rabies virus, Lyssavirus and Ephemerovirus could be transmitted through aerosols, studies have concluded that this is only feasible in limited conditions.",
            "ner_chunk": "Racecadotril",
            "begin": 0,
            "end": 11,
            "ner_label": "Medicine",
            "ner_confidence": "0.9468"
        },
        {
            "document": "Racecadotril is an antisecretory medication and it has better tolerability than loperamide. Diarrhea is the condition of having loose, liquid or watery bowel movements each day. Signs of dehydration often begin with loss of the normal stretchiness of the skin.  This can progress to loss of skin color, a fast heart rate as it becomes more severe.  While it has been speculated that rabies virus, Lyssavirus and Ephemerovirus could be transmitted through aerosols, studies have concluded that this is only feasible in limited conditions.",
            "ner_chunk": "loperamide",
            "begin": 80,
            "end": 89,
            "ner_label": "Medicine",
            "ner_confidence": "0.9986"
        },
        {
            "document": "Racecadotril is an antisecretory medication and it has better tolerability than loperamide. Diarrhea is the condition of having loose, liquid or watery bowel movements each day. Signs of dehydration often begin with loss of the normal stretchiness of the skin.  This can progress to loss of skin color, a fast heart rate as it becomes more severe.  While it has been speculated that rabies virus, Lyssavirus and Ephemerovirus could be transmitted through aerosols, studies have concluded that this is only feasible in limited conditions.",
            "ner_chunk": "Diarrhea",
            "begin": 92,
            "end": 99,
            "ner_label": "MedicalCondition",
            "ner_confidence": "0.9848"
        },
        {
            "document": "Racecadotril is an antisecretory medication and it has better tolerability than loperamide. Diarrhea is the condition of having loose, liquid or watery bowel movements each day. Signs of dehydration often begin with loss of the normal stretchiness of the skin.  This can progress to loss of skin color, a fast heart rate as it becomes more severe.  While it has been speculated that rabies virus, Lyssavirus and Ephemerovirus could be transmitted through aerosols, studies have concluded that this is only feasible in limited conditions.",
            "ner_chunk": "dehydration",
            "begin": 187,
            "end": 197,
            "ner_label": "MedicalCondition",
            "ner_confidence": "0.6305"
        },
        {
            "document": "Racecadotril is an antisecretory medication and it has better tolerability than loperamide. Diarrhea is the condition of having loose, liquid or watery bowel movements each day. Signs of dehydration often begin with loss of the normal stretchiness of the skin.  This can progress to loss of skin color, a fast heart rate as it becomes more severe.  While it has been speculated that rabies virus, Lyssavirus and Ephemerovirus could be transmitted through aerosols, studies have concluded that this is only feasible in limited conditions.",
            "ner_chunk": "skin color",
            "begin": 291,
            "end": 300,
            "ner_label": "MedicalCondition",
            "ner_confidence": "0.6586"
        },
        {
            "document": "Racecadotril is an antisecretory medication and it has better tolerability than loperamide. Diarrhea is the condition of having loose, liquid or watery bowel movements each day. Signs of dehydration often begin with loss of the normal stretchiness of the skin.  This can progress to loss of skin color, a fast heart rate as it becomes more severe.  While it has been speculated that rabies virus, Lyssavirus and Ephemerovirus could be transmitted through aerosols, studies have concluded that this is only feasible in limited conditions.",
            "ner_chunk": "fast heart rate",
            "begin": 305,
            "end": 319,
            "ner_label": "MedicalCondition",
            "ner_confidence": "0.7572334"
        },
        {
            "document": "Racecadotril is an antisecretory medication and it has better tolerability than loperamide. Diarrhea is the condition of having loose, liquid or watery bowel movements each day. Signs of dehydration often begin with loss of the normal stretchiness of the skin.  This can progress to loss of skin color, a fast heart rate as it becomes more severe.  While it has been speculated that rabies virus, Lyssavirus and Ephemerovirus could be transmitted through aerosols, studies have concluded that this is only feasible in limited conditions.",
            "ner_chunk": "rabies virus",
            "begin": 383,
            "end": 394,
            "ner_label": "Pathogen",
            "ner_confidence": "0.95685"
        },
        {
            "document": "Racecadotril is an antisecretory medication and it has better tolerability than loperamide. Diarrhea is the condition of having loose, liquid or watery bowel movements each day. Signs of dehydration often begin with loss of the normal stretchiness of the skin.  This can progress to loss of skin color, a fast heart rate as it becomes more severe.  While it has been speculated that rabies virus, Lyssavirus and Ephemerovirus could be transmitted through aerosols, studies have concluded that this is only feasible in limited conditions.",
            "ner_chunk": "Lyssavirus",
            "begin": 397,
            "end": 406,
            "ner_label": "Pathogen",
            "ner_confidence": "0.9694"
        },
        {
            "document": "Racecadotril is an antisecretory medication and it has better tolerability than loperamide. Diarrhea is the condition of having loose, liquid or watery bowel movements each day. Signs of dehydration often begin with loss of the normal stretchiness of the skin.  This can progress to loss of skin color, a fast heart rate as it becomes more severe.  While it has been speculated that rabies virus, Lyssavirus and Ephemerovirus could be transmitted through aerosols, studies have concluded that this is only feasible in limited conditions.",
            "ner_chunk": "Ephemerovirus",
            "begin": 412,
            "end": 424,
            "ner_label": "Pathogen",
            "ner_confidence": "0.6919"
        }
    ]
}