{
    "predictions": [
        [
            {
                "begin": 45,
                "end": 91,
                "ner_chunk": "she was discharged on 50 mg of eltrombopag oral",
                "ner_label": "DRUG",
                "ner_confidence": "0.6516222",
                "concept_code": "825426",
                "resolution": "eltrombopag 50 mg",
                "score": 0.8084468841552734,
                "concept_class_id": [
                    "Clinical Drug Comp",
                    "Branded Drug Comp",
                    "Branded Drug",
                    "Clinical Drug",
                    "Clinical Drug"
                ],
                "all_codes": [
                    "825426",
                    "825428",
                    "825429",
                    "825427",
                    "825427"
                ],
                "concept_name_detailed": [
                    "eltrombopag 50 MG[eltrombopag 50 MG]",
                    "eltrombopag 50 MG [Promacta][eltrombopag 50 MG [Promacta]]",
                    "eltrombopag 50 MG Oral Tablet [Promacta][eltrombopag 50 MG Oral Tablet [Promacta]]",
                    "eltrombopag 50 MG Oral Tablet[eltrombopag 50 MG Oral Tablet]",
                    "eltrombopag (as eltrombopag olamine) 50 MG Oral Tablet [eltrombopag 50 MG Oral Tablet]"
                ],
                "all_resolutions": [
                    "eltrombopag 50 mg",
                    "eltrombopag 50 mg [promacta]",
                    "eltrombopag 50 mg oral tablet [promacta]",
                    "eltrombopag 50 mg oral tablet",
                    "eltrombopag (as eltrombopag olamine) 50 mg oral tablet"
                ],
                "all_score": [
                    0.8084468841552734,
                    0.8038963675498962,
                    0.7828861474990845,
                    0.7770534157752991,
                    0.765609622001648
                ]
            },
            {
                "begin": 103,
                "end": 117,
                "ner_chunk": "5 mg amlodipine",
                "ner_label": "DRUG",
                "ner_confidence": "0.5661333",
                "concept_code": "329528",
                "resolution": "amlodipine 5 mg",
                "score": 0.9878053665161133,
                "concept_class_id": [
                    "Clinical Drug Comp",
                    "Clinical Drug Comp",
                    "Clinical Drug Comp",
                    "Branded Drug Comp",
                    "Clinical Drug"
                ],
                "all_codes": [
                    "329528",
                    "329527",
                    "2377370",
                    "572722",
                    "197361"
                ],
                "concept_name_detailed": [
                    "amlodipine 5 MG[amlodipine 5 MG]",
                    "amlodipine 2.5 MG[amlodipine 2.5 MG]",
                    "levamlodipine 5 MG[levamlodipine 5 MG]",
                    "amlodipine 5 MG [Norvasc][amlodipine 5 MG [Norvasc]]",
                    "amlodipine 5 MG Oral Tablet[amlodipine 5 MG Oral Tablet]"
                ],
                "all_resolutions": [
                    "amlodipine 5 mg",
                    "amlodipine 2.5 mg",
                    "levamlodipine 5 mg",
                    "amlodipine 5 mg [norvasc]",
                    "amlodipine 5 mg oral tablet"
                ],
                "all_score": [
                    0.9878053665161133,
                    0.9416172504425049,
                    0.9309700727462769,
                    0.9125789403915405,
                    0.9114688634872437
                ]
            },
            {
                "begin": 135,
                "end": 151,
                "ner_chunk": "metformin 1000 mg",
                "ner_label": "DRUG",
                "ner_confidence": "0.6566333",
                "concept_code": "316255",
                "resolution": "metformin 1000 mg",
                "score": 1.0,
                "concept_class_id": [
                    "Clinical Drug Comp",
                    "Clinical Drug Comp",
                    "Clinical Drug Comp",
                    "Clinical Drug Comp",
                    "Branded Drug Comp"
                ],
                "all_codes": [
                    "316255",
                    "316255",
                    "860995",
                    "330861",
                    "860997"
                ],
                "concept_name_detailed": [
                    "metformin 1000 MG[metformin 1000 MG]",
                    "metformin 1000 MG",
                    "metformin hydrochloride 1000 MG[metformin hydrochloride 1000 MG]",
                    "metformin 250 MG[metformin 250 MG]",
                    "metformin hydrochloride 1000 MG [Fortamet][metformin hydrochloride 1000 MG [Fortamet]]"
                ],
                "all_resolutions": [
                    "metformin 1000 mg",
                    "metformin hcl 1000 mg",
                    "metformin hydrochloride 1000 mg",
                    "metformin 250 mg",
                    "metformin hydrochloride 1000 mg [fortamet]"
                ],
                "all_score": [
                    1.0,
                    0.9527718424797058,
                    0.9353886842727661,
                    0.9127198457717896,
                    0.9050541520118713
                ]
            }
        ]
    ]
}