{
    "ner_predictions": [
        {
            "document": "Procedure: FOOT 3 OR MORE VIEWS, Clinical History: 49 yo b m w cc of bilateral foot pain. please eval thanks. Report: See Impression. Impression: BILATERAL FEET: No traumatic, arthritic, or developmental abnormality  is discernible.",
            "ner_chunk": "bilateral foot",
            "begin": 69,
            "end": 82,
            "ner_label": "BodyPart",
            "confidence": "0.615"
        },
        {
            "document": "Procedure: FOOT 3 OR MORE VIEWS, Clinical History: 49 yo b m w cc of bilateral foot pain. please eval thanks. Report: See Impression. Impression: BILATERAL FEET: No traumatic, arthritic, or developmental abnormality  is discernible.",
            "ner_chunk": "pain",
            "begin": 84,
            "end": 87,
            "ner_label": "Symptom",
            "confidence": "0.7286"
        },
        {
            "document": "Procedure: FOOT 3 OR MORE VIEWS, Clinical History: 49 yo b m w cc of bilateral foot pain. please eval thanks. Report: See Impression. Impression: BILATERAL FEET: No traumatic, arthritic, or developmental abnormality  is discernible.",
            "ner_chunk": "traumatic",
            "begin": 165,
            "end": 173,
            "ner_label": "Disease_Syndrome_Disorder",
            "confidence": "0.7773"
        },
        {
            "document": "Procedure: FOOT 3 OR MORE VIEWS, Clinical History: 49 yo b m w cc of bilateral foot pain. please eval thanks. Report: See Impression. Impression: BILATERAL FEET: No traumatic, arthritic, or developmental abnormality  is discernible.",
            "ner_chunk": "arthritic",
            "begin": 176,
            "end": 184,
            "ner_label": "Disease_Syndrome_Disorder",
            "confidence": "0.6663"
        },
        {
            "document": "Procedure: FOOT 3 OR MORE VIEWS, Clinical History: 49 yo b m w cc of bilateral foot pain. please eval thanks. Report: See Impression. Impression: BILATERAL FEET: No traumatic, arthritic, or developmental abnormality  is discernible.",
            "ner_chunk": "developmental abnormality",
            "begin": 190,
            "end": 214,
            "ner_label": "ImagingFindings",
            "confidence": "0.4231"
        },
        {
            "document": "Bilateral breast ultrasound was subsequently performed, which demonstrated an ovoid mass measuring approximately 0.5 x 0.5 x 0.4 cm in diameter located within the anteromedial aspect of the left shoulder. This mass demonstrates isoechoic echotexture to the adjacent muscle, with no evidence of internal color flow. This may represent benign fibrous tissue or a lipoma.",
            "ner_chunk": "Bilateral breast",
            "begin": 0,
            "end": 15,
            "ner_label": "BodyPart",
            "confidence": "0.945"
        },
        {
            "document": "Bilateral breast ultrasound was subsequently performed, which demonstrated an ovoid mass measuring approximately 0.5 x 0.5 x 0.4 cm in diameter located within the anteromedial aspect of the left shoulder. This mass demonstrates isoechoic echotexture to the adjacent muscle, with no evidence of internal color flow. This may represent benign fibrous tissue or a lipoma.",
            "ner_chunk": "ultrasound",
            "begin": 17,
            "end": 26,
            "ner_label": "Imaging_Test",
            "confidence": "0.6734"
        },
        {
            "document": "Bilateral breast ultrasound was subsequently performed, which demonstrated an ovoid mass measuring approximately 0.5 x 0.5 x 0.4 cm in diameter located within the anteromedial aspect of the left shoulder. This mass demonstrates isoechoic echotexture to the adjacent muscle, with no evidence of internal color flow. This may represent benign fibrous tissue or a lipoma.",
            "ner_chunk": "ovoid mass",
            "begin": 78,
            "end": 87,
            "ner_label": "ImagingFindings",
            "confidence": "0.6095"
        },
        {
            "document": "Bilateral breast ultrasound was subsequently performed, which demonstrated an ovoid mass measuring approximately 0.5 x 0.5 x 0.4 cm in diameter located within the anteromedial aspect of the left shoulder. This mass demonstrates isoechoic echotexture to the adjacent muscle, with no evidence of internal color flow. This may represent benign fibrous tissue or a lipoma.",
            "ner_chunk": "0.5 x 0.5 x 0.4",
            "begin": 113,
            "end": 127,
            "ner_label": "Measurements",
            "confidence": "0.9815801"
        },
        {
            "document": "Bilateral breast ultrasound was subsequently performed, which demonstrated an ovoid mass measuring approximately 0.5 x 0.5 x 0.4 cm in diameter located within the anteromedial aspect of the left shoulder. This mass demonstrates isoechoic echotexture to the adjacent muscle, with no evidence of internal color flow. This may represent benign fibrous tissue or a lipoma.",
            "ner_chunk": "cm",
            "begin": 129,
            "end": 130,
            "ner_label": "Units",
            "confidence": "0.9696"
        },
        {
            "document": "Bilateral breast ultrasound was subsequently performed, which demonstrated an ovoid mass measuring approximately 0.5 x 0.5 x 0.4 cm in diameter located within the anteromedial aspect of the left shoulder. This mass demonstrates isoechoic echotexture to the adjacent muscle, with no evidence of internal color flow. This may represent benign fibrous tissue or a lipoma.",
            "ner_chunk": "anteromedial aspect of the left shoulder",
            "begin": 163,
            "end": 202,
            "ner_label": "BodyPart",
            "confidence": "0.75051665"
        },
        {
            "document": "Bilateral breast ultrasound was subsequently performed, which demonstrated an ovoid mass measuring approximately 0.5 x 0.5 x 0.4 cm in diameter located within the anteromedial aspect of the left shoulder. This mass demonstrates isoechoic echotexture to the adjacent muscle, with no evidence of internal color flow. This may represent benign fibrous tissue or a lipoma.",
            "ner_chunk": "mass",
            "begin": 210,
            "end": 213,
            "ner_label": "ImagingFindings",
            "confidence": "0.9711"
        },
        {
            "document": "Bilateral breast ultrasound was subsequently performed, which demonstrated an ovoid mass measuring approximately 0.5 x 0.5 x 0.4 cm in diameter located within the anteromedial aspect of the left shoulder. This mass demonstrates isoechoic echotexture to the adjacent muscle, with no evidence of internal color flow. This may represent benign fibrous tissue or a lipoma.",
            "ner_chunk": "isoechoic echotexture",
            "begin": 228,
            "end": 248,
            "ner_label": "ImagingFindings",
            "confidence": "0.80104995"
        },
        {
            "document": "Bilateral breast ultrasound was subsequently performed, which demonstrated an ovoid mass measuring approximately 0.5 x 0.5 x 0.4 cm in diameter located within the anteromedial aspect of the left shoulder. This mass demonstrates isoechoic echotexture to the adjacent muscle, with no evidence of internal color flow. This may represent benign fibrous tissue or a lipoma.",
            "ner_chunk": "muscle",
            "begin": 266,
            "end": 271,
            "ner_label": "BodyPart",
            "confidence": "0.7963"
        },
        {
            "document": "Bilateral breast ultrasound was subsequently performed, which demonstrated an ovoid mass measuring approximately 0.5 x 0.5 x 0.4 cm in diameter located within the anteromedial aspect of the left shoulder. This mass demonstrates isoechoic echotexture to the adjacent muscle, with no evidence of internal color flow. This may represent benign fibrous tissue or a lipoma.",
            "ner_chunk": "internal color flow",
            "begin": 294,
            "end": 312,
            "ner_label": "ImagingFindings",
            "confidence": "0.47723332"
        },
        {
            "document": "Bilateral breast ultrasound was subsequently performed, which demonstrated an ovoid mass measuring approximately 0.5 x 0.5 x 0.4 cm in diameter located within the anteromedial aspect of the left shoulder. This mass demonstrates isoechoic echotexture to the adjacent muscle, with no evidence of internal color flow. This may represent benign fibrous tissue or a lipoma.",
            "ner_chunk": "benign fibrous tissue",
            "begin": 334,
            "end": 354,
            "ner_label": "ImagingFindings",
            "confidence": "0.5240666"
        },
        {
            "document": "Bilateral breast ultrasound was subsequently performed, which demonstrated an ovoid mass measuring approximately 0.5 x 0.5 x 0.4 cm in diameter located within the anteromedial aspect of the left shoulder. This mass demonstrates isoechoic echotexture to the adjacent muscle, with no evidence of internal color flow. This may represent benign fibrous tissue or a lipoma.",
            "ner_chunk": "lipoma",
            "begin": 361,
            "end": 366,
            "ner_label": "Disease_Syndrome_Disorder",
            "confidence": "0.6081"
        }
    ],
    "assertion_predictions": [
        {
            "document": "Procedure: FOOT 3 OR MORE VIEWS, Clinical History: 49 yo b m w cc of bilateral foot pain. please eval thanks. Report: See Impression. Impression: BILATERAL FEET: No traumatic, arthritic, or developmental abnormality  is discernible.",
            "ner_chunk": "traumatic",
            "begin": 165,
            "end": 173,
            "ner_label": "Disease_Syndrome_Disorder",
            "confidence": "0.7773",
            "assertion": "Negative"
        },
        {
            "document": "Procedure: FOOT 3 OR MORE VIEWS, Clinical History: 49 yo b m w cc of bilateral foot pain. please eval thanks. Report: See Impression. Impression: BILATERAL FEET: No traumatic, arthritic, or developmental abnormality  is discernible.",
            "ner_chunk": "arthritic",
            "begin": 176,
            "end": 184,
            "ner_label": "Disease_Syndrome_Disorder",
            "confidence": "0.6663",
            "assertion": "Negative"
        },
        {
            "document": "Procedure: FOOT 3 OR MORE VIEWS, Clinical History: 49 yo b m w cc of bilateral foot pain. please eval thanks. Report: See Impression. Impression: BILATERAL FEET: No traumatic, arthritic, or developmental abnormality  is discernible.",
            "ner_chunk": "developmental abnormality",
            "begin": 190,
            "end": 214,
            "ner_label": "ImagingFindings",
            "confidence": "0.4231",
            "assertion": "Negative"
        },
        {
            "document": "Bilateral breast ultrasound was subsequently performed, which demonstrated an ovoid mass measuring approximately 0.5 x 0.5 x 0.4 cm in diameter located within the anteromedial aspect of the left shoulder. This mass demonstrates isoechoic echotexture to the adjacent muscle, with no evidence of internal color flow. This may represent benign fibrous tissue or a lipoma.",
            "ner_chunk": "ovoid mass",
            "begin": 78,
            "end": 87,
            "ner_label": "ImagingFindings",
            "confidence": "0.6095",
            "assertion": "Confirmed"
        },
        {
            "document": "Bilateral breast ultrasound was subsequently performed, which demonstrated an ovoid mass measuring approximately 0.5 x 0.5 x 0.4 cm in diameter located within the anteromedial aspect of the left shoulder. This mass demonstrates isoechoic echotexture to the adjacent muscle, with no evidence of internal color flow. This may represent benign fibrous tissue or a lipoma.",
            "ner_chunk": "mass",
            "begin": 210,
            "end": 213,
            "ner_label": "ImagingFindings",
            "confidence": "0.9711",
            "assertion": "Confirmed"
        },
        {
            "document": "Bilateral breast ultrasound was subsequently performed, which demonstrated an ovoid mass measuring approximately 0.5 x 0.5 x 0.4 cm in diameter located within the anteromedial aspect of the left shoulder. This mass demonstrates isoechoic echotexture to the adjacent muscle, with no evidence of internal color flow. This may represent benign fibrous tissue or a lipoma.",
            "ner_chunk": "isoechoic echotexture",
            "begin": 228,
            "end": 248,
            "ner_label": "ImagingFindings",
            "confidence": "0.80104995",
            "assertion": "Confirmed"
        },
        {
            "document": "Bilateral breast ultrasound was subsequently performed, which demonstrated an ovoid mass measuring approximately 0.5 x 0.5 x 0.4 cm in diameter located within the anteromedial aspect of the left shoulder. This mass demonstrates isoechoic echotexture to the adjacent muscle, with no evidence of internal color flow. This may represent benign fibrous tissue or a lipoma.",
            "ner_chunk": "internal color flow",
            "begin": 294,
            "end": 312,
            "ner_label": "ImagingFindings",
            "confidence": "0.47723332",
            "assertion": "Negative"
        },
        {
            "document": "Bilateral breast ultrasound was subsequently performed, which demonstrated an ovoid mass measuring approximately 0.5 x 0.5 x 0.4 cm in diameter located within the anteromedial aspect of the left shoulder. This mass demonstrates isoechoic echotexture to the adjacent muscle, with no evidence of internal color flow. This may represent benign fibrous tissue or a lipoma.",
            "ner_chunk": "benign fibrous tissue",
            "begin": 334,
            "end": 354,
            "ner_label": "ImagingFindings",
            "confidence": "0.5240666",
            "assertion": "Suspected"
        },
        {
            "document": "Bilateral breast ultrasound was subsequently performed, which demonstrated an ovoid mass measuring approximately 0.5 x 0.5 x 0.4 cm in diameter located within the anteromedial aspect of the left shoulder. This mass demonstrates isoechoic echotexture to the adjacent muscle, with no evidence of internal color flow. This may represent benign fibrous tissue or a lipoma.",
            "ner_chunk": "lipoma",
            "begin": 361,
            "end": 366,
            "ner_label": "Disease_Syndrome_Disorder",
            "confidence": "0.6081",
            "assertion": "Suspected"
        }
    ],
    "relation_predictions": [
        {
            "document": "Bilateral breast ultrasound was subsequently performed, which demonstrated an ovoid mass measuring approximately 0.5 x 0.5 x 0.4 cm in diameter located within the anteromedial aspect of the left shoulder. This mass demonstrates isoechoic echotexture to the adjacent muscle, with no evidence of internal color flow. This may represent benign fibrous tissue or a lipoma.",
            "relation": "is_related",
            "ner_chunk1": "Bilateral breast",
            "ner_chunk1_begin": "0",
            "ner_chunk1_end": "15",
            "ner_label1": "BodyPart",
            "ner_chunk2": "ultrasound",
            "ner_chunk2_begin": "17",
            "ner_chunk2_end": "26",
            "ner_label2": "Imaging_Test",
            "confidence": "1.0"
        },
        {
            "document": "Bilateral breast ultrasound was subsequently performed, which demonstrated an ovoid mass measuring approximately 0.5 x 0.5 x 0.4 cm in diameter located within the anteromedial aspect of the left shoulder. This mass demonstrates isoechoic echotexture to the adjacent muscle, with no evidence of internal color flow. This may represent benign fibrous tissue or a lipoma.",
            "relation": "is_related",
            "ner_chunk1": "Bilateral breast",
            "ner_chunk1_begin": "0",
            "ner_chunk1_end": "15",
            "ner_label1": "BodyPart",
            "ner_chunk2": "ovoid mass",
            "ner_chunk2_begin": "78",
            "ner_chunk2_end": "87",
            "ner_label2": "ImagingFindings",
            "confidence": "0.99999714"
        },
        {
            "document": "Bilateral breast ultrasound was subsequently performed, which demonstrated an ovoid mass measuring approximately 0.5 x 0.5 x 0.4 cm in diameter located within the anteromedial aspect of the left shoulder. This mass demonstrates isoechoic echotexture to the adjacent muscle, with no evidence of internal color flow. This may represent benign fibrous tissue or a lipoma.",
            "relation": "is_related",
            "ner_chunk1": "ultrasound",
            "ner_chunk1_begin": "17",
            "ner_chunk1_end": "26",
            "ner_label1": "Imaging_Test",
            "ner_chunk2": "ovoid mass",
            "ner_chunk2_begin": "78",
            "ner_chunk2_end": "87",
            "ner_label2": "ImagingFindings",
            "confidence": "0.99956936"
        },
        {
            "document": "Bilateral breast ultrasound was subsequently performed, which demonstrated an ovoid mass measuring approximately 0.5 x 0.5 x 0.4 cm in diameter located within the anteromedial aspect of the left shoulder. This mass demonstrates isoechoic echotexture to the adjacent muscle, with no evidence of internal color flow. This may represent benign fibrous tissue or a lipoma.",
            "relation": "is_related",
            "ner_chunk1": "ovoid mass",
            "ner_chunk1_begin": "78",
            "ner_chunk1_end": "87",
            "ner_label1": "ImagingFindings",
            "ner_chunk2": "0.5 x 0.5 x 0.4 cm",
            "ner_chunk2_begin": "113",
            "ner_chunk2_end": "130",
            "ner_label2": "Measurements",
            "confidence": "1.0"
        },
        {
            "document": "Bilateral breast ultrasound was subsequently performed, which demonstrated an ovoid mass measuring approximately 0.5 x 0.5 x 0.4 cm in diameter located within the anteromedial aspect of the left shoulder. This mass demonstrates isoechoic echotexture to the adjacent muscle, with no evidence of internal color flow. This may represent benign fibrous tissue or a lipoma.",
            "relation": "is_related",
            "ner_chunk1": "mass",
            "ner_chunk1_begin": "210",
            "ner_chunk1_end": "213",
            "ner_label1": "ImagingFindings",
            "ner_chunk2": "adjacent muscle",
            "ner_chunk2_begin": "257",
            "ner_chunk2_end": "271",
            "ner_label2": "BodyPart",
            "confidence": "0.9976392"
        },
        {
            "document": "Bilateral breast ultrasound was subsequently performed, which demonstrated an ovoid mass measuring approximately 0.5 x 0.5 x 0.4 cm in diameter located within the anteromedial aspect of the left shoulder. This mass demonstrates isoechoic echotexture to the adjacent muscle, with no evidence of internal color flow. This may represent benign fibrous tissue or a lipoma.",
            "relation": "is_related",
            "ner_chunk1": "isoechoic echotexture",
            "ner_chunk1_begin": "228",
            "ner_chunk1_end": "248",
            "ner_label1": "ImagingFindings",
            "ner_chunk2": "adjacent muscle",
            "ner_chunk2_begin": "257",
            "ner_chunk2_end": "271",
            "ner_label2": "BodyPart",
            "confidence": "0.9999993"
        }
    ]
}