{
    "predictions": [
        {
            "document": "Mary received a mechanical prosthetic heart valve in June 2020, and the results were successful. Diabetes screening test performed, revealing abnormal result. She uses infusion pump for diabetes and a CPAP machine for sleep apnea. In 2021, She received a breast prosthesis implant.",
            "ner_chunk": "a mechanical prosthetic heart valve",
            "begin": 14,
            "end": 48,
            "ner_label": "PROCEDURE",
            "ner_confidence": "0.83616",
            "hcpcs_code": "G0043",
            "hcpcs_resolution": "Patients with mechanical prosthetic heart valve",
            "hcpcs_confidence": "0.9922"
        },
        {
            "document": "Mary received a mechanical prosthetic heart valve in June 2020, and the results were successful. Diabetes screening test performed, revealing abnormal result. She uses infusion pump for diabetes and a CPAP machine for sleep apnea. In 2021, She received a breast prosthesis implant.",
            "ner_chunk": "infusion pump",
            "begin": 168,
            "end": 180,
            "ner_label": "PROCEDURE",
            "ner_confidence": "0.95785",
            "hcpcs_code": "C1772",
            "hcpcs_resolution": "Infusion pump, programmable (implantable)",
            "hcpcs_confidence": "0.3277"
        },
        {
            "document": "Mary received a mechanical prosthetic heart valve in June 2020, and the results were successful. Diabetes screening test performed, revealing abnormal result. She uses infusion pump for diabetes and a CPAP machine for sleep apnea. In 2021, She received a breast prosthesis implant.",
            "ner_chunk": "a CPAP machine",
            "begin": 199,
            "end": 212,
            "ner_label": "PROCEDURE",
            "ner_confidence": "0.955",
            "hcpcs_code": "E0601",
            "hcpcs_resolution": "Continuous positive airway pressure (cpap) device",
            "hcpcs_confidence": "0.3145"
        },
        {
            "document": "Mary received a mechanical prosthetic heart valve in June 2020, and the results were successful. Diabetes screening test performed, revealing abnormal result. She uses infusion pump for diabetes and a CPAP machine for sleep apnea. In 2021, She received a breast prosthesis implant.",
            "ner_chunk": "a breast prosthesis implant",
            "begin": 253,
            "end": 279,
            "ner_label": "PROCEDURE",
            "ner_confidence": "0.902725",
            "hcpcs_code": "C1789",
            "hcpcs_resolution": "Prosthesis, breast (implantable)",
            "hcpcs_confidence": "0.6677"
        }
    ]
}