{
    "predictions": [
        {
            "document": "A 65-year-old woman had a history of debulking surgery, bilateral oophorectomy with omentectomy, total anterior hysterectomy with radical pelvic lymph nodes dissection due to ovarian carcinoma (mucinous-type carcinoma, stage Ic) 1 year ago. Patient's medical compliance was poor and failed to complete her chemotherapy (cyclophosphamide 750 mg/m2, carboplatin 300 mg/m2). Recently, she noted a palpable right breast mass, 15 cm in size which nearly occupied the whole right breast in 2 months. Core needle biopsy revealed metaplastic carcinoma. Neoadjuvant chemotherapy with the regimens of Taxotere (75 mg/m2), Epirubicin (75 mg/m2), and Cyclophosphamide (500 mg/m2) was given for 6 cycles with poor response, followed by a modified radical mastectomy (MRM) with dissection of axillary lymph nodes and skin grafting. Postoperatively, radiotherapy was done with 5000 cGy in 25 fractions. The histopathologic examination revealed a metaplastic carcinoma with squamous differentiation associated with adenomyoepithelioma. Immunohistochemistry study showed that the tumor cells are positive for epithelial markers-cytokeratin (AE1/AE3) stain, and myoepithelial markers, including cytokeratin 5/6 (CK 5/6), p63, and S100 stains. Expressions of hormone receptors, including ER, PR, and Her-2/Neu, were all negative. The dissected axillary lymph nodes showed metastastic carcinoma with negative hormone receptors in 3 nodes. The patient was staged as pT3N1aM0, with histologic tumor grade III.",
            "ner_chunk": [
                "woman",
                "debulking surgery",
                "bilateral oophorectomy",
                "omentectomy",
                "total anterior hysterectomy",
                "radical pelvic lymph nodes dissection",
                "ovarian carcinoma",
                "mucinous-type",
                "carcinoma",
                "stage Ic",
                "1 year ago",
                "her",
                "chemotherapy",
                "cyclophosphamide",
                "750 mg/m2",
                "carboplatin",
                "300 mg/m2",
                "she",
                "right",
                "breast",
                "mass",
                "15 cm",
                "right",
                "breast",
                "in 2 months",
                "Core needle biopsy",
                "metaplastic",
                "carcinoma",
                "Neoadjuvant chemotherapy",
                "Taxotere",
                "75 mg/m2",
                "Epirubicin",
                "75 mg/m2",
                "Cyclophosphamide",
                "500 mg/m2",
                "6 cycles",
                "poor response",
                "modified radical mastectomy",
                "MRM",
                "dissection of axillary lymph nodes",
                "skin grafting",
                "radiotherapy",
                "5000 cGy",
                "25 fractions",
                "histopathologic examination",
                "metaplastic",
                "carcinoma",
                "squamous differentiation",
                "adenomyoepithelioma",
                "Immunohistochemistry study",
                "tumor cells",
                "positive",
                "epithelial markers-cytokeratin",
                "AE1/AE3",
                "myoepithelial markers",
                "cytokeratin 5/6",
                "CK 5/6",
                "p63",
                "S100",
                "hormone receptors",
                "ER",
                "PR",
                "Her-2/Neu",
                "negative",
                "axillary lymph nodes",
                "metastastic",
                "carcinoma",
                "negative",
                "hormone receptors",
                "nodes",
                "pT3N1aM0",
                "tumor",
                "grade III"
            ],
            "begin": [
                14,
                37,
                56,
                84,
                97,
                130,
                175,
                194,
                208,
                219,
                229,
                302,
                306,
                320,
                337,
                348,
                360,
                382,
                403,
                409,
                416,
                422,
                468,
                474,
                481,
                494,
                522,
                534,
                545,
                591,
                601,
                612,
                624,
                639,
                657,
                682,
                696,
                725,
                754,
                764,
                803,
                835,
                862,
                874,
                892,
                931,
                943,
                958,
                999,
                1020,
                1063,
                1079,
                1092,
                1124,
                1144,
                1177,
                1194,
                1203,
                1212,
                1240,
                1269,
                1273,
                1281,
                1301,
                1325,
                1353,
                1365,
                1380,
                1389,
                1412,
                1445,
                1471,
                1477
            ],
            "end": [
                18,
                53,
                77,
                94,
                123,
                166,
                191,
                206,
                216,
                226,
                238,
                304,
                317,
                335,
                345,
                358,
                368,
                384,
                407,
                414,
                419,
                426,
                472,
                479,
                491,
                511,
                532,
                542,
                568,
                598,
                608,
                621,
                631,
                654,
                665,
                689,
                708,
                751,
                756,
                797,
                815,
                846,
                869,
                885,
                918,
                941,
                951,
                981,
                1017,
                1045,
                1073,
                1086,
                1121,
                1130,
                1164,
                1191,
                1199,
                1205,
                1215,
                1256,
                1270,
                1274,
                1289,
                1308,
                1344,
                1363,
                1373,
                1387,
                1405,
                1416,
                1452,
                1475,
                1485
            ],
            "ner_label": [
                "Gender",
                "Cancer_Surgery",
                "Cancer_Surgery",
                "Cancer_Surgery",
                "Cancer_Surgery",
                "Cancer_Surgery",
                "Cancer_Dx",
                "Histological_Type",
                "Cancer_Dx",
                "Staging",
                "Relative_Date",
                "Gender",
                "Chemotherapy",
                "Chemotherapy",
                "Dosage",
                "Chemotherapy",
                "Dosage",
                "Gender",
                "Direction",
                "Site_Breast",
                "Tumor_Finding",
                "Tumor_Size",
                "Direction",
                "Site_Breast",
                "Relative_Date",
                "Pathology_Test",
                "Histological_Type",
                "Cancer_Dx",
                "Chemotherapy",
                "Chemotherapy",
                "Dosage",
                "Chemotherapy",
                "Dosage",
                "Chemotherapy",
                "Dosage",
                "Cycle_Count",
                "Response_To_Treatment",
                "Cancer_Surgery",
                "Cancer_Surgery",
                "Cancer_Surgery",
                "Cancer_Surgery",
                "Radiotherapy",
                "Radiation_Dose",
                "Cycle_Count",
                "Pathology_Test",
                "Histological_Type",
                "Cancer_Dx",
                "Histological_Type",
                "Cancer_Dx",
                "Pathology_Test",
                "Pathology_Result",
                "Biomarker_Result",
                "Biomarker",
                "Biomarker",
                "Biomarker",
                "Biomarker",
                "Biomarker",
                "Biomarker",
                "Biomarker",
                "Biomarker",
                "Biomarker",
                "Biomarker",
                "Oncogene",
                "Biomarker_Result",
                "Site_Lymph_Node",
                "Metastasis",
                "Cancer_Dx",
                "Biomarker_Result",
                "Biomarker",
                "Site_Lymph_Node",
                "Staging",
                "Tumor_Finding",
                "Grade"
            ],
            "confidence": [
                "0.9999",
                "0.78655",
                "0.84155",
                "0.9882",
                "0.9342666",
                "0.79432",
                "0.9244",
                "0.8043",
                "0.9672",
                "0.9956",
                "0.83093333",
                "0.9898",
                "0.9999",
                "0.9997",
                "0.9678",
                "1.0",
                "0.9621",
                "1.0",
                "0.9843",
                "0.9931",
                "0.9915",
                "0.9894",
                "0.9842",
                "0.9778",
                "0.5806",
                "0.7783666",
                "0.9922",
                "0.9754",
                "0.9803",
                "1.0",
                "0.94920003",
                "1.0",
                "0.92104995",
                "0.9999",
                "0.95715",
                "0.4621",
                "0.90965",
                "0.9703",
                "0.7739",
                "0.7959",
                "0.62705004",
                "0.9995",
                "0.98765004",
                "0.56655",
                "0.98074996",
                "0.9993",
                "0.9904",
                "0.83650005",
                "0.8072",
                "0.93990004",
                "0.96484995",
                "0.9703",
                "0.69495",
                "0.9511",
                "0.98485",
                "0.9742",
                "0.97925",
                "0.9722",
                "0.9908",
                "0.8639",
                "0.9985",
                "0.997",
                "0.7581",
                "0.9567",
                "0.7352333",
                "0.9983",
                "0.9965",
                "0.9763",
                "0.6891",
                "0.8078",
                "1.0",
                "0.4747",
                "0.77615"
            ]
        },
        {
            "document": "She underwent a computed tomography (CT) scan of the abdomen and pelvis, which showed a complex ovarian mass. A Pap smear performed one month later was positive for atypical glandular cells suspicious for adenocarcinoma. The pathologic specimen showed extension of the tumor throughout the fallopian tubes, appendix, omentum, and 5 out of 5 enlarged lymph nodes. The final pathologic diagnosis of the tumor was stage IIIC papillary serous ovarian adenocarcinoma. Two months later, the patient was diagnosed with lung metastases.",
            "ner_chunk": [
                "She",
                "computed tomography",
                "CT",
                "abdomen",
                "pelvis",
                "ovarian",
                "mass",
                "Pap smear",
                "one month later",
                "atypical glandular cells",
                "adenocarcinoma",
                "pathologic specimen",
                "extension",
                "tumor",
                "fallopian tubes",
                "appendix",
                "omentum",
                "lymph nodes",
                "tumor",
                "stage IIIC",
                "papillary",
                "serous",
                "ovarian adenocarcinoma",
                "Two months later",
                "lung",
                "metastases"
            ],
            "begin": [
                0,
                16,
                37,
                53,
                65,
                96,
                104,
                112,
                132,
                165,
                205,
                225,
                252,
                269,
                290,
                307,
                317,
                350,
                401,
                411,
                422,
                432,
                439,
                463,
                512,
                517
            ],
            "end": [
                2,
                34,
                38,
                59,
                70,
                102,
                107,
                120,
                146,
                188,
                218,
                243,
                260,
                273,
                304,
                314,
                323,
                360,
                405,
                420,
                430,
                437,
                460,
                478,
                515,
                526
            ],
            "ner_label": [
                "Gender",
                "Imaging_Test",
                "Imaging_Test",
                "Site_Other_Body_Part",
                "Site_Other_Body_Part",
                "Site_Other_Body_Part",
                "Tumor_Finding",
                "Pathology_Test",
                "Relative_Date",
                "Pathology_Result",
                "Cancer_Dx",
                "Pathology_Test",
                "Invasion",
                "Tumor_Finding",
                "Site_Other_Body_Part",
                "Site_Other_Body_Part",
                "Site_Other_Body_Part",
                "Site_Lymph_Node",
                "Tumor_Finding",
                "Staging",
                "Histological_Type",
                "Histological_Type",
                "Cancer_Dx",
                "Relative_Date",
                "Site_Lung",
                "Metastasis"
            ],
            "confidence": [
                "1.0",
                "0.93485",
                "0.9724",
                "0.9363",
                "0.5375",
                "0.7866",
                "0.9573",
                "0.96725",
                "0.8786667",
                "0.7270667",
                "0.9992",
                "0.76105",
                "0.9241",
                "0.9077",
                "0.9492",
                "0.9971",
                "0.9937",
                "0.80105",
                "0.9851",
                "0.99035",
                "0.9979",
                "0.9923",
                "0.95235",
                "0.9206333",
                "0.9974",
                "0.9999"
            ]
        }
    ]
}