{
    "predictions": [
        {
            "document": "DATABASE: Bilateral lower lobe pneumonia, greater on the right.  on 2 L of oxygen,  7.48,  79, and  35. BLOOD STUDIES:  is 43,  59,300 with a left shift, and  394,000.  is 130,  3.8,  97,  24,  14,  0.8,  147, and  9.4.",
            "ner_chunk": "BLOOD STUDIES",
            "begin": 104,
            "end": 116,
            "ner_label": "Test",
            "ner_confidence": "0.88545",
            "loinc_code": "66240-3",
            "loinc_resolution": "Blood draw [Blood draw]",
            "loinc_confidence": "0.2861"
        },
        {
            "document": "Final diagnosis:  : DNA was extracted from the peripheral blood specimen and a polymerase chain reaction (PCR)-based assay performed that is designed to detect the presence of two separate mutations in the FLT3 gene: (1) within a susceptible region that includes coding sequence for the intracellular juxtamembrane domain and (2)   Negative. Neither expansion of the region susceptible to nor changes consistent with mutation of the codon for ASP835 were identified.",
            "ner_chunk": "polymerase chain reaction",
            "begin": 79,
            "end": 103,
            "ner_label": "Test",
            "ner_confidence": "0.6669",
            "loinc_code": "48021-0",
            "loinc_resolution": "Reverse primer [Reverse primer]",
            "loinc_confidence": "0.0756"
        },
        {
            "document": "Final diagnosis:  : DNA was extracted from the peripheral blood specimen and a polymerase chain reaction (PCR)-based assay performed that is designed to detect the presence of two separate mutations in the FLT3 gene: (1) within a susceptible region that includes coding sequence for the intracellular juxtamembrane domain and (2)   Negative. Neither expansion of the region susceptible to nor changes consistent with mutation of the codon for ASP835 were identified.",
            "ner_chunk": "assay",
            "begin": 117,
            "end": 121,
            "ner_label": "Test",
            "ner_confidence": "0.6447",
            "loinc_code": "LA32511-0",
            "loinc_resolution": "ASSR [ASSR]",
            "loinc_confidence": "0.1105"
        }
    ]
}