{
    "ner_predictions": [
        {
            "document": "Patient with severe fever and sore throat.\nHe shows no stomach pain. He maintained on an epidural and PCA for pain control.\nAfter CT, lung tumor located at the right lower lobe. Father with Alzheimer.",
            "ner_chunk": "severe fever",
            "begin": 13,
            "end": 24,
            "ner_label": "PROBLEM",
            "ner_confidence": "0.902"
        },
        {
            "document": "Patient with severe fever and sore throat.\nHe shows no stomach pain. He maintained on an epidural and PCA for pain control.\nAfter CT, lung tumor located at the right lower lobe. Father with Alzheimer.",
            "ner_chunk": "sore throat",
            "begin": 30,
            "end": 40,
            "ner_label": "PROBLEM",
            "ner_confidence": "0.69635"
        },
        {
            "document": "Patient with severe fever and sore throat.\nHe shows no stomach pain. He maintained on an epidural and PCA for pain control.\nAfter CT, lung tumor located at the right lower lobe. Father with Alzheimer.",
            "ner_chunk": "stomach pain",
            "begin": 55,
            "end": 66,
            "ner_label": "PROBLEM",
            "ner_confidence": "0.82834995"
        },
        {
            "document": "Patient with severe fever and sore throat.\nHe shows no stomach pain. He maintained on an epidural and PCA for pain control.\nAfter CT, lung tumor located at the right lower lobe. Father with Alzheimer.",
            "ner_chunk": "an epidural",
            "begin": 86,
            "end": 96,
            "ner_label": "TREATMENT",
            "ner_confidence": "0.96599996"
        },
        {
            "document": "Patient with severe fever and sore throat.\nHe shows no stomach pain. He maintained on an epidural and PCA for pain control.\nAfter CT, lung tumor located at the right lower lobe. Father with Alzheimer.",
            "ner_chunk": "PCA",
            "begin": 102,
            "end": 104,
            "ner_label": "TREATMENT",
            "ner_confidence": "0.8087"
        },
        {
            "document": "Patient with severe fever and sore throat.\nHe shows no stomach pain. He maintained on an epidural and PCA for pain control.\nAfter CT, lung tumor located at the right lower lobe. Father with Alzheimer.",
            "ner_chunk": "pain",
            "begin": 110,
            "end": 113,
            "ner_label": "PROBLEM",
            "ner_confidence": "0.9875"
        },
        {
            "document": "Patient with severe fever and sore throat.\nHe shows no stomach pain. He maintained on an epidural and PCA for pain control.\nAfter CT, lung tumor located at the right lower lobe. Father with Alzheimer.",
            "ner_chunk": "CT",
            "begin": 130,
            "end": 131,
            "ner_label": "PROBLEM",
            "ner_confidence": "0.9934"
        },
        {
            "document": "Patient with severe fever and sore throat.\nHe shows no stomach pain. He maintained on an epidural and PCA for pain control.\nAfter CT, lung tumor located at the right lower lobe. Father with Alzheimer.",
            "ner_chunk": "lung tumor",
            "begin": 134,
            "end": 143,
            "ner_label": "PROBLEM",
            "ner_confidence": "0.87944996"
        },
        {
            "document": "Patient with severe fever and sore throat.\nHe shows no stomach pain. He maintained on an epidural and PCA for pain control.\nAfter CT, lung tumor located at the right lower lobe. Father with Alzheimer.",
            "ner_chunk": "Alzheimer",
            "begin": 190,
            "end": 198,
            "ner_label": "PROBLEM",
            "ner_confidence": "0.9796"
        }
    ],
    "assertion_predictions": [
        {
            "document": "Patient with severe fever and sore throat.\nHe shows no stomach pain. He maintained on an epidural and PCA for pain control.\nAfter CT, lung tumor located at the right lower lobe. Father with Alzheimer.",
            "ner_chunk": "severe fever",
            "begin": 13,
            "end": 24,
            "ner_label": "PROBLEM",
            "assertion": "Present"
        },
        {
            "document": "Patient with severe fever and sore throat.\nHe shows no stomach pain. He maintained on an epidural and PCA for pain control.\nAfter CT, lung tumor located at the right lower lobe. Father with Alzheimer.",
            "ner_chunk": "sore throat",
            "begin": 30,
            "end": 40,
            "ner_label": "PROBLEM",
            "assertion": "Present"
        },
        {
            "document": "Patient with severe fever and sore throat.\nHe shows no stomach pain. He maintained on an epidural and PCA for pain control.\nAfter CT, lung tumor located at the right lower lobe. Father with Alzheimer.",
            "ner_chunk": "stomach pain",
            "begin": 55,
            "end": 66,
            "ner_label": "PROBLEM",
            "assertion": "Absent"
        },
        {
            "document": "Patient with severe fever and sore throat.\nHe shows no stomach pain. He maintained on an epidural and PCA for pain control.\nAfter CT, lung tumor located at the right lower lobe. Father with Alzheimer.",
            "ner_chunk": "an epidural",
            "begin": 86,
            "end": 96,
            "ner_label": "TREATMENT",
            "assertion": "Past"
        },
        {
            "document": "Patient with severe fever and sore throat.\nHe shows no stomach pain. He maintained on an epidural and PCA for pain control.\nAfter CT, lung tumor located at the right lower lobe. Father with Alzheimer.",
            "ner_chunk": "PCA",
            "begin": 102,
            "end": 104,
            "ner_label": "TREATMENT",
            "assertion": "Past"
        },
        {
            "document": "Patient with severe fever and sore throat.\nHe shows no stomach pain. He maintained on an epidural and PCA for pain control.\nAfter CT, lung tumor located at the right lower lobe. Father with Alzheimer.",
            "ner_chunk": "pain",
            "begin": 110,
            "end": 113,
            "ner_label": "PROBLEM",
            "assertion": "Hypothetical"
        },
        {
            "document": "Patient with severe fever and sore throat.\nHe shows no stomach pain. He maintained on an epidural and PCA for pain control.\nAfter CT, lung tumor located at the right lower lobe. Father with Alzheimer.",
            "ner_chunk": "CT",
            "begin": 130,
            "end": 131,
            "ner_label": "PROBLEM",
            "assertion": "Past"
        },
        {
            "document": "Patient with severe fever and sore throat.\nHe shows no stomach pain. He maintained on an epidural and PCA for pain control.\nAfter CT, lung tumor located at the right lower lobe. Father with Alzheimer.",
            "ner_chunk": "lung tumor",
            "begin": 134,
            "end": 143,
            "ner_label": "PROBLEM",
            "assertion": "Present"
        },
        {
            "document": "Patient with severe fever and sore throat.\nHe shows no stomach pain. He maintained on an epidural and PCA for pain control.\nAfter CT, lung tumor located at the right lower lobe. Father with Alzheimer.",
            "ner_chunk": "Alzheimer",
            "begin": 190,
            "end": 198,
            "ner_label": "PROBLEM",
            "assertion": "Family"
        }
    ],
    "relation_predictions": [
        {
            "document": "Patient with severe fever and sore throat.\nHe shows no stomach pain. He maintained on an epidural and PCA for pain control.\nAfter CT, lung tumor located at the right lower lobe. Father with Alzheimer.",
            "ner_chunk1": "severe fever",
            "ner_chunk1_begin": "13",
            "ner_chunk1_end": "24",
            "ner_label1": "PROBLEM",
            "ner_chunk2": "sore throat",
            "ner_chunk2_begin": "30",
            "ner_chunk2_end": "40",
            "ner_label2": "PROBLEM",
            "relation": "PIP",
            "relation_confidence": "0.99999845"
        },
        {
            "document": "Patient with severe fever and sore throat.\nHe shows no stomach pain. He maintained on an epidural and PCA for pain control.\nAfter CT, lung tumor located at the right lower lobe. Father with Alzheimer.",
            "ner_chunk1": "an epidural",
            "ner_chunk1_begin": "86",
            "ner_chunk1_end": "96",
            "ner_label1": "TREATMENT",
            "ner_chunk2": "PCA",
            "ner_chunk2_begin": "102",
            "ner_chunk2_end": "104",
            "ner_label2": "TREATMENT",
            "relation": "O",
            "relation_confidence": "0.9999999"
        },
        {
            "document": "Patient with severe fever and sore throat.\nHe shows no stomach pain. He maintained on an epidural and PCA for pain control.\nAfter CT, lung tumor located at the right lower lobe. Father with Alzheimer.",
            "ner_chunk1": "PCA",
            "ner_chunk1_begin": "102",
            "ner_chunk1_end": "104",
            "ner_label1": "TREATMENT",
            "ner_chunk2": "pain",
            "ner_chunk2_begin": "110",
            "ner_chunk2_end": "113",
            "ner_label2": "PROBLEM",
            "relation": "TrAP",
            "relation_confidence": "0.9989556"
        },
        {
            "document": "Patient with severe fever and sore throat.\nHe shows no stomach pain. He maintained on an epidural and PCA for pain control.\nAfter CT, lung tumor located at the right lower lobe. Father with Alzheimer.",
            "ner_chunk1": "CT",
            "ner_chunk1_begin": "130",
            "ner_chunk1_end": "131",
            "ner_label1": "PROBLEM",
            "ner_chunk2": "lung tumor",
            "ner_chunk2_begin": "134",
            "ner_chunk2_end": "143",
            "ner_label2": "PROBLEM",
            "relation": "PIP",
            "relation_confidence": "0.999998"
        }
    ]
}