{
    "predictions": [
        [
            {
                "ner_chunk": "folic acid 1 mg",
                "begin": 13,
                "end": 27,
                "ner_label": "DRUG",
                "ner_confidence": "0.67852503",
                "code": "310410",
                "resolution": "folic acid 1 MG Oral Tablet",
                "all_k_codes": "310410:::846934:::245557:::253083:::1601112:::242698:::476628:::1423423:::1539820:::309594:::199364:::310313:::309593:::747193:::2168763:::1718589:::808611:::309595:::1537458:::198640:::197658:::847004:::198641:::351121:::542045",
                "all_k_resolutions": "folic acid 1 MG Oral Tablet:::mecobalamin 1 MG Oral Capsule:::vitamin B12 1 MG Oral Capsule:::folic acid 0.8 MG / vitamin B12 1 MG Oral Tablet:::mecobalamin 1 MG Oral Lozenge:::vitamin B12 1 MG Oral Lozenge:::folic acid 1 MG / vitamin B12 0.5 MG Oral Tablet:::vitamin B12 1 MG/ML Oral Solution:::mecobalamin 1 MG Sublingual Tablet:::vitamin B12 1 MG/ML Injectable Solution:::vitamin B12 0.1 MG Oral Lozenge:::ferrous fumarate 324 MG / folic acid 1 MG Oral Tablet:::vitamin B12 1 MG Oral Tablet:::topotecan 1 MG Oral Capsule:::tesamorelin 1 MG Injection:::trabectedin 1 MG Injection:::folic acid 0.4 MG / vitamin B12 1 MG Sublingual Tablet:::vitamin B12 0.1 MG Oral Tablet:::vitamin K2 0.1 MG Oral Capsule:::folic acid 0.4 MG Oral Tablet:::estradiol 1 MG Oral Tablet:::vitamin K 0.1 MG Oral Capsule:::folic acid 0.8 MG Oral Tablet:::minocycline 1 MG Oral Powder:::folic acid 1 MG / vitamin B12 0.5 MG Oral Tablet [Foltrate]",
                "all_k_distances": "5.7442:::9.2313:::9.5890:::9.8275:::10.0312:::10.0557:::10.0979:::10.1475:::10.2895:::10.3375:::10.3431:::10.3516:::10.3565:::10.3957:::10.4176:::10.4224:::10.4279:::10.4507:::10.4579:::10.5116:::10.5552:::10.6201:::10.6259:::10.7205:::10.7346"
            },
            {
                "ner_chunk": "levothyroxine 0.1 mg",
                "begin": 37,
                "end": 56,
                "ner_label": "DRUG",
                "ner_confidence": "0.8457667",
                "code": "1115267",
                "resolution": "levothyroxine sodium 0.1 MG Injection",
                "all_k_codes": "1115267:::966404:::892246:::2056480:::966412:::966178:::966177:::2056492:::966283:::966233:::966219:::1115269:::2056482:::892251:::966415:::966250:::1923050:::966406:::2056494:::966220:::903305:::966221:::2056462:::966434:::2056508",
                "all_k_resolutions": "levothyroxine sodium 0.1 MG Injection:::levothyroxine sodium 0.1 MG Oral Capsule:::levothyroxine sodium 0.1 MG Oral Tablet:::levothyroxine sodium 0.1 MG/ML Oral Solution:::levothyroxine sodium 0.013 MG Oral Capsule:::levothyroxine sodium 0.1 MG Oral Tablet [Levo-T]:::levothyroxine sodium 0.1 MG Oral Tablet [Euthyrox]:::levothyroxine sodium 0.013 MG/ML Oral Solution:::levothyroxine sodium 0.1 MG Oral Tablet [Levoxyl]:::levothyroxine sodium 0.1 MG Oral Tablet [Unithroid]:::levothyroxine sodium 0.5 MG Injection:::levothyroxine sodium 0.2 MG Injection:::levothyroxine sodium 0.1 MG/ML Oral Solution [Tirosint]:::levothyroxine sodium 0.2 MG Oral Tablet:::levothyroxine sodium 0.1 MG Oral Capsule [Tirosint]:::levothyroxine sodium 0.1 MG Oral Tablet [Synthroid]:::levothyroxine sodium 0.2 MG Oral Capsule:::levothyroxine sodium 0.025 MG Oral Capsule:::levothyroxine sodium 0.013 MG/ML Oral Solution [Tirosint]:::levothyroxine sodium 0.025 MG Oral Tablet:::levothyroxine sodium 0.1 MG / liothyronine sodium 0.025 MG Oral Tablet:::levothyroxine sodium 0.05 MG Oral Tablet:::levothyroxine sodium 0.025 MG/ML Oral Solution:::levothyroxine sodium 0.013 MG Oral Capsule [Tirosint]:::levothyroxine sodium 0.2 MG/ML Oral Solution",
                "all_k_distances": "4.4075:::5.2968:::5.9096:::6.1731:::6.4272:::6.8615:::6.8961:::6.9876:::7.1843:::7.2156:::7.4194:::7.6960:::7.7001:::7.8607:::7.8886:::7.9190:::7.9832:::8.0875:::8.0901:::8.0907:::8.1956:::8.4002:::8.4002:::8.4422:::8.4554"
            },
            {
                "ner_chunk": "aspirin 81 mg",
                "begin": 62,
                "end": 74,
                "ner_label": "DRUG",
                "ner_confidence": "0.72886664",
                "code": "243670",
                "resolution": "aspirin 81 MG Oral Tablet",
                "all_k_codes": "243670:::318272:::825180:::308416:::211832:::794229:::1600991:::1189781:::1293665:::749795:::198475:::1052678:::1722689:::212033:::211874:::830530:::1537811:::260847:::211881:::200094:::309362:::1811631:::1537813:::308411:::1868018",
                "all_k_resolutions": "aspirin 81 MG Oral Tablet:::aspirin 81 MG Chewable Tablet:::aspirin 81 MG Chewable Tablet [Bayer Aspirin]:::aspirin 81 MG Delayed Release Oral Tablet:::aspirin 81 MG Chewable Tablet [St. Joseph Aspirin]:::aspirin 81 MG Delayed Release Oral Tablet [Bayer Aspirin]:::aspirin 81 MG Delayed Release Oral Tablet [Aspi-Cor]:::aspirin 81 MG Delayed Release Oral Tablet [Ecotrin]:::aspirin 81 MG Delayed Release Oral Tablet [Aspir-Low]:::aspirin 81 MG Delayed Release Oral Tablet [St. Joseph Aspirin]:::aspirin 650 MG Oral Tablet:::aspirin 81 MG Delayed Release Oral Tablet [Miniprin]:::aspirin 81 MG / calcium carbonate 777 MG Oral Tablet:::aspirin 325 MG Oral Tablet:::aspirin 325 MG Oral Tablet [Bayer Aspirin]:::aspirin 325 MG Oral Tablet [Ascriptin]:::thyroid (USP) 81.25 MG Oral Tablet:::aspirin 325 MG Oral Tablet [Bufferin]:::aspirin 325 MG Oral Tablet [Norwich Aspirin]:::irbesartan 75 MG Oral Tablet:::clopidogrel 75 MG Oral Tablet:::aspirin 81 MG / omeprazole 40 MG Delayed Release Oral Tablet:::thyroid (USP) 81.25 MG Oral Tablet [Nature-Throid]:::aspirin 650 MG Delayed Release Oral Tablet:::pirfenidone 801 MG Oral Tablet",
                "all_k_distances": "5.4893:::6.9901:::7.8179:::8.9043:::9.2353:::9.7630:::10.1986:::10.3105:::10.5885:::10.7033:::10.7931:::10.8463:::10.8997:::11.1216:::11.3189:::11.5512:::11.7277:::11.9489:::12.2012:::12.3519:::12.4348:::12.4479:::12.4872:::12.6174:::12.6256"
            }
        ],
        [
            {
                "ner_chunk": "Omeprazole 20 mg",
                "begin": 32,
                "end": 47,
                "ner_label": "DRUG",
                "ner_confidence": "0.69296664",
                "code": "486499",
                "resolution": "esomeprazole 20 MG Injection",
                "all_k_codes": "486499:::2383946:::692576:::2383951:::310604:::359822:::198051:::198371:::1364492:::849490:::861576:::1492740:::2003656:::1798999:::404419:::309077:::310429:::861064:::314286:::198108:::313209:::402014:::606726:::282755:::310273",
                "all_k_resolutions": "esomeprazole 20 MG Injection:::remimazolam 20 MG Injection:::esomeprazole 20 MG Granules for Oral Suspension:::remimazolam 20 MG Injection [Byfavo]:::guaifenesin 20 MG/ML Oral Solution:::nitazoxanide 20 MG/ML Oral Suspension:::omeprazole 20 MG Delayed Release Oral Capsule:::torsemide 20 MG Oral Tablet:::lomitapide 20 MG Oral Capsule:::ubiquinol 20 MG/ML Oral Suspension:::esomeprazole 20 MG Granules for Oral Suspension [Nexium]:::apremilast 20 MG Oral Tablet:::omeprazole 20 MG Disintegrating Oral Tablet:::nitisinone 20 MG Oral Capsule:::nitazoxanide 20 MG/ML Oral Suspension [Alinia]:::cefpodoxime 20 MG/ML Oral Suspension:::furosemide 20 MG Oral Tablet:::sertraline 20 MG/ML Oral Solution:::ziprasidone 20 MG Oral Capsule:::piroxicam 20 MG Oral Capsule:::temozolomide 20 MG Oral Capsule:::omeprazole 20 MG Delayed Release Oral Tablet:::esomeprazole 20 MG Delayed Release Oral Capsule:::telmisartan 20 MG Oral Tablet:::famotidine 20 MG Oral Tablet",
                "all_k_distances": "4.9903:::6.0834:::6.8979:::6.9281:::7.1126:::7.2742:::7.4081:::7.4391:::7.4920:::7.5637:::7.5672:::7.5835:::7.5877:::7.6181:::7.6373:::7.6537:::7.6697:::7.6973:::7.7172:::7.7291:::7.7403:::7.7719:::7.7767:::7.7876:::7.8318"
            }
        ]
    ]
}
