[
    {
        "ner_predictions": [
            {
                "ner_chunk": "nose",
                "begin": 3,
                "end": 6,
                "ner_label": "BodyPart",
                "ner_confidence": "0.5773"
            },
            {
                "ner_chunk": "dry",
                "begin": 11,
                "end": 13,
                "ner_label": "Symptom",
                "ner_confidence": "0.9457"
            },
            {
                "ner_chunk": "nose",
                "begin": 41,
                "end": 44,
                "ner_label": "BodyPart",
                "ner_confidence": "0.866"
            },
            {
                "ner_chunk": "dry",
                "begin": 53,
                "end": 55,
                "ner_label": "Symptom",
                "ner_confidence": "0.9596"
            },
            {
                "ner_chunk": "hard mucus",
                "begin": 80,
                "end": 89,
                "ner_label": "Symptom",
                "ner_confidence": "0.30905002"
            },
            {
                "ner_chunk": "nose",
                "begin": 121,
                "end": 124,
                "ner_label": "BodyPart",
                "ner_confidence": "0.9249"
            }
        ],
        "assertion_predictions": [
            {
                "ner_chunk": "dry",
                "begin": 11,
                "end": 13,
                "ner_label": "Symptom",
                "assertion": "Present_Or_Past",
                "assertion_confidence": "0.8839"
            },
            {
                "ner_chunk": "dry",
                "begin": 53,
                "end": 55,
                "ner_label": "Symptom",
                "assertion": "Hypothetical_Or_Absent",
                "assertion_confidence": "0.9674"
            },
            {
                "ner_chunk": "hard mucus",
                "begin": 80,
                "end": 89,
                "ner_label": "Symptom",
                "assertion": "Present_Or_Past",
                "assertion_confidence": "0.9959"
            }
        ],
        "relation_predictions": [
            {
                "ner_chunk1": "nose",
                "ner_chunk1_begin": "3",
                "ner_chunk1_end": "6",
                "ner_label1": "BodyPart",
                "ner_chunk2": "dry",
                "ner_chunk2_begin": "11",
                "ner_chunk2_end": "13",
                "ner_label2": "Symptom",
                "relations": "BodyPart-Symptom",
                "relation_confidence": "1.0"
            },
            {
                "ner_chunk1": "nose",
                "ner_chunk1_begin": "3",
                "ner_chunk1_end": "6",
                "ner_label1": "BodyPart",
                "ner_chunk2": "dry",
                "ner_chunk2_begin": "53",
                "ner_chunk2_end": "55",
                "ner_label2": "Symptom",
                "relations": "BodyPart-Symptom",
                "relation_confidence": "1.0"
            },
            {
                "ner_chunk1": "dry",
                "ner_chunk1_begin": "11",
                "ner_chunk1_end": "13",
                "ner_label1": "Symptom",
                "ner_chunk2": "nose",
                "ner_chunk2_begin": "41",
                "ner_chunk2_end": "44",
                "ner_label2": "BodyPart",
                "relations": "Symptom-BodyPart",
                "relation_confidence": "1.0"
            },
            {
                "ner_chunk1": "nose",
                "ner_chunk1_begin": "41",
                "ner_chunk1_end": "44",
                "ner_label1": "BodyPart",
                "ner_chunk2": "dry",
                "ner_chunk2_begin": "53",
                "ner_chunk2_end": "55",
                "ner_label2": "Symptom",
                "relations": "BodyPart-Symptom",
                "relation_confidence": "1.0"
            }
        ]
    },
    {
        "ner_predictions": [
            {
                "ner_chunk": "Morning",
                "begin": 0,
                "end": 6,
                "ner_label": "DateTime",
                "ner_confidence": "0.5064"
            },
            {
                "ner_chunk": "Mucus",
                "begin": 27,
                "end": 31,
                "ner_label": "Symptom",
                "ner_confidence": "0.5332"
            },
            {
                "ner_chunk": "upExcessive coughing",
                "begin": 39,
                "end": 58,
                "ner_label": "Symptom",
                "ner_confidence": "0.3181"
            },
            {
                "ner_chunk": "10 minutes",
                "begin": 60,
                "end": 69,
                "ner_label": "Duration",
                "ner_confidence": "0.83449996"
            },
            {
                "ner_chunk": "sinus headache",
                "begin": 92,
                "end": 105,
                "ner_label": "Symptom",
                "ner_confidence": "0.4645"
            },
            {
                "ner_chunk": "morningSore throat",
                "begin": 113,
                "end": 130,
                "ner_label": "Symptom",
                "ner_confidence": "0.63600004"
            },
            {
                "ner_chunk": "morningBloated stomachExtremely tight",
                "begin": 138,
                "end": 174,
                "ner_label": "Symptom",
                "ner_confidence": "0.7718666"
            },
            {
                "ner_chunk": "chest",
                "begin": 176,
                "end": 180,
                "ner_label": "BodyPart",
                "ner_confidence": "0.9165"
            },
            {
                "ner_chunk": "inhaler",
                "begin": 190,
                "end": 196,
                "ner_label": "Form",
                "ner_confidence": "0.9856"
            },
            {
                "ner_chunk": "asthma)Mid-day",
                "begin": 206,
                "end": 219,
                "ner_label": "Modifier",
                "ner_confidence": "0.6145"
            },
            {
                "ner_chunk": "Symptoms:Fuzzy headache",
                "begin": 221,
                "end": 243,
                "ner_label": "Symptom",
                "ner_confidence": "0.40295"
            },
            {
                "ner_chunk": "fatigue",
                "begin": 271,
                "end": 277,
                "ner_label": "Symptom",
                "ner_confidence": "0.4721"
            },
            {
                "ner_chunk": "3pm",
                "begin": 286,
                "end": 288,
                "ner_label": "DateTime",
                "ner_confidence": "0.3481"
            },
            {
                "ner_chunk": "every dayEnd-of-day",
                "begin": 290,
                "end": 308,
                "ner_label": "Frequency",
                "ner_confidence": "0.45964998"
            },
            {
                "ner_chunk": "unbearable",
                "begin": 344,
                "end": 353,
                "ner_label": "Symptom",
                "ner_confidence": "0.6028"
            }
        ],
        "assertion_predictions": [
            {
                "ner_chunk": "Mucus",
                "begin": 27,
                "end": 31,
                "ner_label": "Symptom",
                "assertion": "Present_Or_Past",
                "assertion_confidence": "0.6619"
            },
            {
                "ner_chunk": "upExcessive coughing",
                "begin": 39,
                "end": 58,
                "ner_label": "Symptom",
                "assertion": "Present_Or_Past",
                "assertion_confidence": "0.7727"
            },
            {
                "ner_chunk": "sinus headache",
                "begin": 92,
                "end": 105,
                "ner_label": "Symptom",
                "assertion": "Present_Or_Past",
                "assertion_confidence": "0.9907"
            },
            {
                "ner_chunk": "morningSore throat",
                "begin": 113,
                "end": 130,
                "ner_label": "Symptom",
                "assertion": "Present_Or_Past",
                "assertion_confidence": "0.9892"
            },
            {
                "ner_chunk": "morningBloated stomachExtremely tight",
                "begin": 138,
                "end": 174,
                "ner_label": "Symptom",
                "assertion": "Present_Or_Past",
                "assertion_confidence": "0.9973"
            },
            {
                "ner_chunk": "Symptoms:Fuzzy headache",
                "begin": 221,
                "end": 243,
                "ner_label": "Symptom",
                "assertion": "Present_Or_Past",
                "assertion_confidence": "0.9322"
            },
            {
                "ner_chunk": "fatigue",
                "begin": 271,
                "end": 277,
                "ner_label": "Symptom",
                "assertion": "Present_Or_Past",
                "assertion_confidence": "0.8398"
            },
            {
                "ner_chunk": "unbearable",
                "begin": 344,
                "end": 353,
                "ner_label": "Symptom",
                "assertion": "Hypothetical_Or_Absent",
                "assertion_confidence": "0.7927"
            }
        ],
        "relation_predictions": [
            {
                "ner_chunk1": "sinus headache",
                "ner_chunk1_begin": "92",
                "ner_chunk1_end": "105",
                "ner_label1": "Symptom",
                "ner_chunk2": "chest",
                "ner_chunk2_begin": "176",
                "ner_chunk2_end": "180",
                "ner_label2": "BodyPart",
                "relations": "Symptom-BodyPart",
                "relation_confidence": "1.0"
            },
            {
                "ner_chunk1": "morningSore throat",
                "ner_chunk1_begin": "113",
                "ner_chunk1_end": "130",
                "ner_label1": "Symptom",
                "ner_chunk2": "chest",
                "ner_chunk2_begin": "176",
                "ner_chunk2_end": "180",
                "ner_label2": "BodyPart",
                "relations": "Symptom-BodyPart",
                "relation_confidence": "1.0"
            },
            {
                "ner_chunk1": "morningBloated stomachExtremely tight",
                "ner_chunk1_begin": "138",
                "ner_chunk1_end": "174",
                "ner_label1": "Symptom",
                "ner_chunk2": "chest",
                "ner_chunk2_begin": "176",
                "ner_chunk2_end": "180",
                "ner_label2": "BodyPart",
                "relations": "Symptom-BodyPart",
                "relation_confidence": "1.0"
            },
            {
                "ner_chunk1": "chest",
                "ner_chunk1_begin": "176",
                "ner_chunk1_end": "180",
                "ner_label1": "BodyPart",
                "ner_chunk2": "Symptoms:Fuzzy headache",
                "ner_chunk2_begin": "221",
                "ner_chunk2_end": "243",
                "ner_label2": "Symptom",
                "relations": "BodyPart-Symptom",
                "relation_confidence": "1.0"
            },
            {
                "ner_chunk1": "asthma)Mid-day",
                "ner_chunk1_begin": "206",
                "ner_chunk1_end": "219",
                "ner_label1": "Modifier",
                "ner_chunk2": "Symptoms:Fuzzy headache",
                "ner_chunk2_begin": "221",
                "ner_chunk2_end": "243",
                "ner_label2": "Symptom",
                "relations": "Modifier-Symptom",
                "relation_confidence": "1.0"
            },
            {
                "ner_chunk1": "asthma)Mid-day",
                "ner_chunk1_begin": "206",
                "ner_chunk1_end": "219",
                "ner_label1": "Modifier",
                "ner_chunk2": "fatigue",
                "ner_chunk2_begin": "271",
                "ner_chunk2_end": "277",
                "ner_label2": "Symptom",
                "relations": "Modifier-Symptom",
                "relation_confidence": "1.0"
            },
            {
                "ner_chunk1": "asthma)Mid-day",
                "ner_chunk1_begin": "206",
                "ner_chunk1_end": "219",
                "ner_label1": "Modifier",
                "ner_chunk2": "unbearable",
                "ner_chunk2_begin": "344",
                "ner_chunk2_end": "353",
                "ner_label2": "Symptom",
                "relations": "Modifier-Symptom",
                "relation_confidence": "1.0"
            }
        ]
    }
]