{
    "ner_predictions": [
        {
            "document": "Been taking Lipitor for 15 years , have experienced severe fatigue a lot!!! . Doctor moved me to voltaren 2 months ago , so far , have only experienced cramps.",
            "ner_chunk": "Lipitor",
            "begin": 12,
            "end": 18,
            "ner_label": "DRUG",
            "ner_confidence": "0.9927"
        },
        {
            "document": "Been taking Lipitor for 15 years , have experienced severe fatigue a lot!!! . Doctor moved me to voltaren 2 months ago , so far , have only experienced cramps.",
            "ner_chunk": "severe fatigue",
            "begin": 52,
            "end": 65,
            "ner_label": "ADE",
            "ner_confidence": "0.48995"
        },
        {
            "document": "Been taking Lipitor for 15 years , have experienced severe fatigue a lot!!! . Doctor moved me to voltaren 2 months ago , so far , have only experienced cramps.",
            "ner_chunk": "voltaren",
            "begin": 97,
            "end": 104,
            "ner_label": "DRUG",
            "ner_confidence": null
        },
        {
            "document": "Been taking Lipitor for 15 years , have experienced severe fatigue a lot!!! . Doctor moved me to voltaren 2 months ago , so far , have only experienced cramps.",
            "ner_chunk": "cramps",
            "begin": 152,
            "end": 157,
            "ner_label": "ADE",
            "ner_confidence": "0.7472"
        }
    ],
    "assertion_predictions": [
        {
            "document": "Been taking Lipitor for 15 years , have experienced severe fatigue a lot!!! . Doctor moved me to voltaren 2 months ago , so far , have only experienced cramps.",
            "ner_chunk": "Lipitor",
            "begin": 12,
            "end": 18,
            "ner_label": "DRUG",
            "assertion": "Past"
        },
        {
            "document": "Been taking Lipitor for 15 years , have experienced severe fatigue a lot!!! . Doctor moved me to voltaren 2 months ago , so far , have only experienced cramps.",
            "ner_chunk": "severe fatigue",
            "begin": 52,
            "end": 65,
            "ner_label": "ADE",
            "assertion": "Past"
        },
        {
            "document": "Been taking Lipitor for 15 years , have experienced severe fatigue a lot!!! . Doctor moved me to voltaren 2 months ago , so far , have only experienced cramps.",
            "ner_chunk": "cramps",
            "begin": 152,
            "end": 157,
            "ner_label": "ADE",
            "assertion": "Past"
        }
    ],
    "relation_predictions": [
        {
            "document": "Been taking Lipitor for 15 years , have experienced severe fatigue a lot!!! . Doctor moved me to voltaren 2 months ago , so far , have only experienced cramps.",
            "ner_chunk1": "Lipitor",
            "ner_chunk1_begin": "12",
            "ner_chunk1_end": "18",
            "ner_label1": "DRUG",
            "ner_chunk2": "severe fatigue",
            "ner_chunk2_begin": "52",
            "ner_chunk2_end": "65",
            "ner_label2": "ADE",
            "relation": "1",
            "relation_confidence": "1.0"
        }
    ],
    "classification_predictions": [
        {
            "document": "Been taking Lipitor for 15 years , have experienced severe fatigue a lot!!! . Doctor moved me to voltaren 2 months ago , so far , have only experienced cramps.",
            "sentence": "Been taking Lipitor for 15 years , have experienced severe fatigue a lot!!! .",
            "begin": 0,
            "end": 76,
            "class": "ADE",
            "class_confidence": "0.9999447"
        },
        {
            "document": "Been taking Lipitor for 15 years , have experienced severe fatigue a lot!!! . Doctor moved me to voltaren 2 months ago , so far , have only experienced cramps.",
            "sentence": "Doctor moved me to voltaren 2 months ago , so far , have only experienced cramps.",
            "begin": 78,
            "end": 158,
            "class": "ADE",
            "class_confidence": "0.9983479"
        }
    ]
}