{
    "predictions": [
        [
            {
                "begin": 39,
                "end": 50,
                "ner_chunk": "Hypertension",
                "ner_label": "PROBLEM",
                "ner_confidence": "0.9841",
                "concept_code": "0",
                "resolution": "hypertension",
                "score": 0.9999997615814209,
                "all_codes": [
                    "0",
                    "0",
                    "0",
                    "0",
                    "0"
                ],
                "concept_name_detailed": [
                    "hypertension [essential (primary) hypertension]",
                    "renal hypertension [chronic kidney disease, unspecified]",
                    "high blood pressure [neonatal hypertension]",
                    "systolic hypertension [neonatal hypertension]",
                    "diastolic hypertension [neonatal hypertension]"
                ],
                "all_resolutions": [
                    "hypertension",
                    "renal hypertension",
                    "high blood pressure",
                    "systolic hypertension",
                    "diastolic hypertension"
                ],
                "all_score": [
                    0.9999997615814209,
                    0.8857569694519043,
                    0.8678925037384033,
                    0.8500458002090454,
                    0.8453720808029175
                ]
            },
            {
                "begin": 56,
                "end": 69,
                "ner_chunk": "Hyperlipidemia",
                "ner_label": "PROBLEM",
                "ner_confidence": "0.9989",
                "concept_code": "0",
                "resolution": "hyperlipidemia",
                "score": 0.9999998211860657,
                "all_codes": [
                    "0",
                    "0",
                    "0",
                    "0",
                    "0"
                ],
                "concept_name_detailed": [
                    "hyperlipidemia [hyperlipidemia, unspecified]",
                    "hyperlipidaemia [hyperlipidemia, unspecified]",
                    "hyperlipidemia (disorder) [hyperlipidemia, unspecified]",
                    "hyperlipoproteinaemia [hyperchylomicronemia]",
                    "hyperlipoproteinemia [pure hyperglyceridemia]"
                ],
                "all_resolutions": [
                    "hyperlipidemia",
                    "hyperlipidaemia",
                    "hyperlipidemia (disorder)",
                    "hyperlipoproteinaemia",
                    "hyperlipoproteinemia"
                ],
                "all_score": [
                    0.9999998211860657,
                    0.968390166759491,
                    0.9501307606697083,
                    0.9239193201065063,
                    0.9077457189559937
                ]
            },
            {
                "begin": 141,
                "end": 167,
                "ner_chunk": "elevated cholesterol levels",
                "ner_label": "PROBLEM",
                "ner_confidence": "0.89603335",
                "concept_code": "0",
                "resolution": "cholesterol level",
                "score": 0.8638345003128052,
                "all_codes": [
                    "0",
                    "0",
                    "0",
                    "0",
                    "0"
                ],
                "concept_name_detailed": [
                    "cholesterol level [other specified abnormal findings of blood chemistry]",
                    "high cholesterol [pure hypercholesterolemia, unspecified]",
                    "elevated cholesterol/high density lipoprotein ratio [other abnormal findings in specimens from other organs, systems and tissues]",
                    "serum cholesterol raised [abnormal levels of other serum enzymes]",
                    "serum cholesterol borderline high [abnormal levels of other serum enzymes]"
                ],
                "all_resolutions": [
                    "cholesterol level",
                    "high cholesterol",
                    "elevated cholesterol/high density lipoprotein ratio",
                    "serum cholesterol raised",
                    "serum cholesterol borderline high"
                ],
                "all_score": [
                    0.8638345003128052,
                    0.854857861995697,
                    0.8448539972305298,
                    0.8397883176803589,
                    0.8323005437850952
                ]
            },
            {
                "begin": 194,
                "end": 214,
                "ner_chunk": "occasional chest pain",
                "ner_label": "PROBLEM",
                "ner_confidence": "0.95759994",
                "concept_code": "0",
                "resolution": "localized chest pain",
                "score": 0.8293677568435669,
                "all_codes": [
                    "0",
                    "0",
                    "0",
                    "0",
                    "0"
                ],
                "concept_name_detailed": [
                    "localized chest pain [pain, unspecified]",
                    "noncardiac chest pain [other chest pain]",
                    "chest pain at rest [other chest pain]",
                    "chest pain, unspecified [chest pain, unspecified]",
                    "squeezing chest pain [chest pain, unspecified]"
                ],
                "all_resolutions": [
                    "localized chest pain",
                    "noncardiac chest pain",
                    "chest pain at rest",
                    "chest pain, unspecified",
                    "squeezing chest pain"
                ],
                "all_score": [
                    0.8293677568435669,
                    0.8272527456283569,
                    0.8247550129890442,
                    0.8176379203796387,
                    0.8141460418701172
                ]
            }
        ],
        [
            {
                "begin": 57,
                "end": 80,
                "ner_chunk": "Congestive Heart Failure",
                "ner_label": "PROBLEM",
                "ner_confidence": "0.9709",
                "concept_code": "0",
                "resolution": "congestive cardiac failure",
                "score": 0.9794394969940186,
                "all_codes": [
                    "0",
                    "0",
                    "85",
                    "85",
                    "0"
                ],
                "concept_name_detailed": [
                    "congestive cardiac failure [neonatal cardiac failure]",
                    "congestive heart failure (disorder) [neonatal cardiac failure]",
                    "chf - congestive heart failure [heart failure, unspecified]",
                    "acute congestive heart failure [left ventricular failure, unspecified]",
                    "chronic congestive heart failure [right heart failure]"
                ],
                "all_resolutions": [
                    "congestive cardiac failure",
                    "congestive heart failure (disorder)",
                    "chf - congestive heart failure",
                    "acute congestive heart failure",
                    "chronic congestive heart failure"
                ],
                "all_score": [
                    0.9794394969940186,
                    0.9403666257858276,
                    0.9068804979324341,
                    0.9050819873809814,
                    0.8952462077140808
                ]
            },
            {
                "begin": 86,
                "end": 104,
                "ner_chunk": "Atrial Fibrillation",
                "ner_label": "PROBLEM",
                "ner_confidence": "0.99665",
                "concept_code": "0",
                "resolution": "atrial fibrillation",
                "score": 0.9999999403953552,
                "all_codes": [
                    "0",
                    "0",
                    "0",
                    "0",
                    "0"
                ],
                "concept_name_detailed": [
                    "atrial fibrillation [unspecified atrial fibrillation and atrial flutter]",
                    "chronic atrial fibrillation [chronic atrial fibrillation]",
                    "atrial fibrillation (disorder) [unspecified atrial fibrillation and atrial flutter]",
                    "af - atrial fibrillation [unspecified atrial fibrillation and atrial flutter]",
                    "electrocardiographic atrial fibrillation [abnormal electrocardiogram [ecg] [ekg]]"
                ],
                "all_resolutions": [
                    "atrial fibrillation",
                    "chronic atrial fibrillation",
                    "atrial fibrillation (disorder)",
                    "af - atrial fibrillation",
                    "electrocardiographic atrial fibrillation"
                ],
                "all_score": [
                    0.9999999403953552,
                    0.9103989601135254,
                    0.899463951587677,
                    0.8872871994972229,
                    0.8852158188819885
                ]
            }
        ]
    ]
}