[
    {
        "ner_predictions": [
            {
                "ner_chunk": "21-day-old",
                "begin": 17,
                "end": 26,
                "ner_label": "Age",
                "ner_confidence": "0.997"
            },
            {
                "ner_chunk": "Caucasian",
                "begin": 28,
                "end": 36,
                "ner_label": "Race_Ethnicity",
                "ner_confidence": "0.9995"
            },
            {
                "ner_chunk": "male",
                "begin": 38,
                "end": 41,
                "ner_label": "Gender",
                "ner_confidence": "0.9998"
            },
            {
                "ner_chunk": "2 days",
                "begin": 52,
                "end": 57,
                "ner_label": "Duration",
                "ner_confidence": "0.805"
            },
            {
                "ner_chunk": "congestion",
                "begin": 62,
                "end": 71,
                "ner_label": "Symptom",
                "ner_confidence": "0.9049"
            },
            {
                "ner_chunk": "mom",
                "begin": 75,
                "end": 77,
                "ner_label": "Gender",
                "ner_confidence": "0.9907"
            },
            {
                "ner_chunk": "suctioning yellow discharge",
                "begin": 88,
                "end": 114,
                "ner_label": "Symptom",
                "ner_confidence": "0.26813334"
            },
            {
                "ner_chunk": "nares",
                "begin": 135,
                "end": 139,
                "ner_label": "External_body_part_or_region",
                "ner_confidence": "0.7284"
            },
            {
                "ner_chunk": "she",
                "begin": 147,
                "end": 149,
                "ner_label": "Gender",
                "ner_confidence": "0.9978"
            },
            {
                "ner_chunk": "mild",
                "begin": 168,
                "end": 171,
                "ner_label": "Modifier",
                "ner_confidence": "0.7517"
            },
            {
                "ner_chunk": "problems with his breathing while feeding",
                "begin": 173,
                "end": 213,
                "ner_label": "Symptom",
                "ner_confidence": "0.6645834"
            },
            {
                "ner_chunk": "perioral cyanosis",
                "begin": 237,
                "end": 253,
                "ner_label": "Symptom",
                "ner_confidence": "0.6869"
            },
            {
                "ner_chunk": "retractions",
                "begin": 258,
                "end": 268,
                "ner_label": "Symptom",
                "ner_confidence": "0.9912"
            },
            {
                "ner_chunk": "Influenza vaccine",
                "begin": 325,
                "end": 341,
                "ner_label": "Vaccine_Name",
                "ner_confidence": "0.83299994"
            },
            {
                "ner_chunk": "One day ago",
                "begin": 344,
                "end": 354,
                "ner_label": "RelativeDate",
                "ner_confidence": "0.8667"
            },
            {
                "ner_chunk": "mom",
                "begin": 357,
                "end": 359,
                "ner_label": "Gender",
                "ner_confidence": "0.9991"
            },
            {
                "ner_chunk": "tactile temperature",
                "begin": 376,
                "end": 394,
                "ner_label": "Symptom",
                "ner_confidence": "0.3339"
            },
            {
                "ner_chunk": "Tylenol",
                "begin": 417,
                "end": 423,
                "ner_label": "Drug_BrandName",
                "ner_confidence": "0.9988"
            },
            {
                "ner_chunk": "Baby",
                "begin": 426,
                "end": 429,
                "ner_label": "Age",
                "ner_confidence": "0.9634"
            },
            {
                "ner_chunk": "decreased p.o",
                "begin": 449,
                "end": 461,
                "ner_label": "Symptom",
                "ner_confidence": "0.75925004"
            },
            {
                "ner_chunk": "His",
                "begin": 472,
                "end": 474,
                "ner_label": "Gender",
                "ner_confidence": "0.9998"
            },
            {
                "ner_chunk": "20 minutes",
                "begin": 511,
                "end": 520,
                "ner_label": "Duration",
                "ner_confidence": "0.48575"
            },
            {
                "ner_chunk": "5 to 10 minutes",
                "begin": 531,
                "end": 545,
                "ner_label": "Duration",
                "ner_confidence": "0.52657497"
            },
            {
                "ner_chunk": "his",
                "begin": 560,
                "end": 562,
                "ner_label": "Gender",
                "ner_confidence": "0.988"
            },
            {
                "ner_chunk": "respiratory congestion",
                "begin": 564,
                "end": 585,
                "ner_label": "Symptom",
                "ner_confidence": "0.61679995"
            },
            {
                "ner_chunk": "He",
                "begin": 588,
                "end": 589,
                "ner_label": "Gender",
                "ner_confidence": "0.9992"
            },
            {
                "ner_chunk": "tired",
                "begin": 622,
                "end": 626,
                "ner_label": "Symptom",
                "ner_confidence": "0.8745"
            },
            {
                "ner_chunk": "fussy",
                "begin": 641,
                "end": 645,
                "ner_label": "Symptom",
                "ner_confidence": "0.8509"
            },
            {
                "ner_chunk": "over the past 2 days",
                "begin": 647,
                "end": 666,
                "ner_label": "RelativeDate",
                "ner_confidence": "0.60494"
            },
            {
                "ner_chunk": "albuterol",
                "begin": 709,
                "end": 717,
                "ner_label": "Drug_Ingredient",
                "ner_confidence": "0.9876"
            },
            {
                "ner_chunk": "ER",
                "begin": 743,
                "end": 744,
                "ner_label": "Clinical_Dept",
                "ner_confidence": "0.9974"
            },
            {
                "ner_chunk": "His",
                "begin": 747,
                "end": 749,
                "ner_label": "Gender",
                "ner_confidence": "0.9996"
            },
            {
                "ner_chunk": "urine output has also decreased",
                "begin": 751,
                "end": 781,
                "ner_label": "Symptom",
                "ner_confidence": "0.39878002"
            },
            {
                "ner_chunk": "he",
                "begin": 793,
                "end": 794,
                "ner_label": "Gender",
                "ner_confidence": "0.997"
            },
            {
                "ner_chunk": "per 24 hours",
                "begin": 832,
                "end": 843,
                "ner_label": "Frequency",
                "ner_confidence": "0.46233335"
            },
            {
                "ner_chunk": "he",
                "begin": 850,
                "end": 851,
                "ner_label": "Gender",
                "ner_confidence": "0.9983"
            },
            {
                "ner_chunk": "per 24 hours",
                "begin": 879,
                "end": 890,
                "ner_label": "Frequency",
                "ner_confidence": "0.5621667"
            },
            {
                "ner_chunk": "Mom",
                "begin": 893,
                "end": 895,
                "ner_label": "Gender",
                "ner_confidence": "0.9997"
            },
            {
                "ner_chunk": "diarrhea",
                "begin": 908,
                "end": 915,
                "ner_label": "Symptom",
                "ner_confidence": "0.9956"
            },
            {
                "ner_chunk": "His",
                "begin": 918,
                "end": 920,
                "ner_label": "Gender",
                "ner_confidence": "0.9997"
            },
            {
                "ner_chunk": "bowel",
                "begin": 922,
                "end": 926,
                "ner_label": "Internal_organ_or_component",
                "ner_confidence": "0.9218"
            }
        ],
        "assertion_predictions": [
            {
                "ner_chunk": "congestion",
                "begin": 62,
                "end": 71,
                "ner_label": "Symptom",
                "assertion": "Past",
                "assertion_confidence": "0.9171"
            },
            {
                "ner_chunk": "suctioning yellow discharge",
                "begin": 88,
                "end": 114,
                "ner_label": "Symptom",
                "assertion": "Past",
                "assertion_confidence": "1.0"
            },
            {
                "ner_chunk": "problems with his breathing while feeding",
                "begin": 173,
                "end": 213,
                "ner_label": "Symptom",
                "assertion": "Family",
                "assertion_confidence": "0.9289"
            },
            {
                "ner_chunk": "perioral cyanosis",
                "begin": 237,
                "end": 253,
                "ner_label": "Symptom",
                "assertion": "Absent",
                "assertion_confidence": "0.987"
            },
            {
                "ner_chunk": "retractions",
                "begin": 258,
                "end": 268,
                "ner_label": "Symptom",
                "assertion": "Family",
                "assertion_confidence": "1.0"
            },
            {
                "ner_chunk": "Influenza vaccine",
                "begin": 325,
                "end": 341,
                "ner_label": "Vaccine_Name",
                "assertion": "Past",
                "assertion_confidence": "1.0"
            },
            {
                "ner_chunk": "tactile temperature",
                "begin": 376,
                "end": 394,
                "ner_label": "Symptom",
                "assertion": "Past",
                "assertion_confidence": "0.8752"
            },
            {
                "ner_chunk": "Tylenol",
                "begin": 417,
                "end": 423,
                "ner_label": "Drug_BrandName",
                "assertion": "Past",
                "assertion_confidence": "1.0"
            },
            {
                "ner_chunk": "decreased p.o",
                "begin": 449,
                "end": 461,
                "ner_label": "Symptom",
                "assertion": "Past",
                "assertion_confidence": "1.0"
            },
            {
                "ner_chunk": "respiratory congestion",
                "begin": 564,
                "end": 585,
                "ner_label": "Symptom",
                "assertion": "Hypothetical",
                "assertion_confidence": "0.9288"
            },
            {
                "ner_chunk": "tired",
                "begin": 622,
                "end": 626,
                "ner_label": "Symptom",
                "assertion": "Past",
                "assertion_confidence": "0.9975"
            },
            {
                "ner_chunk": "fussy",
                "begin": 641,
                "end": 645,
                "ner_label": "Symptom",
                "assertion": "Past",
                "assertion_confidence": "1.0"
            },
            {
                "ner_chunk": "albuterol",
                "begin": 709,
                "end": 717,
                "ner_label": "Drug_Ingredient",
                "assertion": "Past",
                "assertion_confidence": "0.9999"
            },
            {
                "ner_chunk": "urine output has also decreased",
                "begin": 751,
                "end": 781,
                "ner_label": "Symptom",
                "assertion": "Present",
                "assertion_confidence": "1.0"
            },
            {
                "ner_chunk": "diarrhea",
                "begin": 908,
                "end": 915,
                "ner_label": "Symptom",
                "assertion": "Absent",
                "assertion_confidence": "1.0"
            }
        ],
        "relation_predictions": [
            {
                "ner_chunk1": "One day ago",
                "ner_chunk1_begin": "344",
                "ner_chunk1_end": "354",
                "ner_label1": "RelativeDate",
                "ner_chunk2": "tactile temperature",
                "ner_chunk2_begin": "376",
                "ner_chunk2_end": "394",
                "ner_label2": "Symptom",
                "relation": "is_date_of",
                "relation_confidence": "1.0"
            },
            {
                "ner_chunk1": "One day ago",
                "ner_chunk1_begin": "344",
                "ner_chunk1_end": "354",
                "ner_label1": "RelativeDate",
                "ner_chunk2": "Tylenol",
                "ner_chunk2_begin": "417",
                "ner_chunk2_end": "423",
                "ner_label2": "Drug_BrandName",
                "relation": "is_date_of",
                "relation_confidence": "0.99803644"
            },
            {
                "ner_chunk1": "tired",
                "ner_chunk1_begin": "622",
                "ner_chunk1_end": "626",
                "ner_label1": "Symptom",
                "ner_chunk2": "over the past 2 days",
                "ner_chunk2_begin": "647",
                "ner_chunk2_end": "666",
                "ner_label2": "RelativeDate",
                "relation": "O",
                "relation_confidence": "1.0"
            },
            {
                "ner_chunk1": "fussy",
                "ner_chunk1_begin": "641",
                "ner_chunk1_end": "645",
                "ner_label1": "Symptom",
                "ner_chunk2": "over the past 2 days",
                "ner_chunk2_begin": "647",
                "ner_chunk2_end": "666",
                "ner_label2": "RelativeDate",
                "relation": "is_date_of",
                "relation_confidence": "1.0"
            }
        ]
    },
    {
        "ner_predictions": [
            {
                "ner_chunk": "40-year-old",
                "begin": 17,
                "end": 27,
                "ner_label": "Age",
                "ner_confidence": "0.999"
            },
            {
                "ner_chunk": "white",
                "begin": 29,
                "end": 33,
                "ner_label": "Race_Ethnicity",
                "ner_confidence": "0.9983"
            },
            {
                "ner_chunk": "male",
                "begin": 35,
                "end": 38,
                "ner_label": "Gender",
                "ner_confidence": "0.9993"
            },
            {
                "ner_chunk": "chest pain",
                "begin": 80,
                "end": 89,
                "ner_label": "Symptom",
                "ner_confidence": "0.7448"
            },
            {
                "ner_chunk": "diabetic",
                "begin": 108,
                "end": 115,
                "ner_label": "Diabetes",
                "ner_confidence": "0.9994"
            },
            {
                "ner_chunk": "coronary artery disease",
                "begin": 144,
                "end": 166,
                "ner_label": "Heart_Disease",
                "ner_confidence": "0.8225333"
            },
            {
                "ner_chunk": "today",
                "begin": 190,
                "end": 194,
                "ner_label": "RelativeDate",
                "ner_confidence": "0.9998"
            },
            {
                "ner_chunk": "his",
                "begin": 209,
                "end": 211,
                "ner_label": "Gender",
                "ner_confidence": "0.9964"
            },
            {
                "ner_chunk": "chest pain",
                "begin": 213,
                "end": 222,
                "ner_label": "Symptom",
                "ner_confidence": "0.85109997"
            },
            {
                "ner_chunk": "yesterday",
                "begin": 232,
                "end": 240,
                "ner_label": "RelativeDate",
                "ner_confidence": "0.9906"
            },
            {
                "ner_chunk": "evening",
                "begin": 242,
                "end": 248,
                "ner_label": "RelativeTime",
                "ner_confidence": "0.9455"
            },
            {
                "ner_chunk": "intermittent",
                "begin": 272,
                "end": 283,
                "ner_label": "Modifier",
                "ner_confidence": "0.9319"
            },
            {
                "ner_chunk": "He",
                "begin": 286,
                "end": 287,
                "ner_label": "Gender",
                "ner_confidence": "1.0"
            },
            {
                "ner_chunk": "Aspirin",
                "begin": 306,
                "end": 312,
                "ner_label": "Drug_Ingredient",
                "ner_confidence": "0.9596"
            },
            {
                "ner_chunk": "81 milligrams",
                "begin": 314,
                "end": 326,
                "ner_label": "Strength",
                "ner_confidence": "0.94785"
            },
            {
                "ner_chunk": "QDay",
                "begin": 328,
                "end": 331,
                "ner_label": "Frequency",
                "ner_confidence": "0.9478"
            },
            {
                "ner_chunk": "insulin",
                "begin": 334,
                "end": 340,
                "ner_label": "Drug_Ingredient",
                "ner_confidence": "0.98"
            },
            {
                "ner_chunk": "50 units",
                "begin": 342,
                "end": 349,
                "ner_label": "Dosage",
                "ner_confidence": "0.9184"
            },
            {
                "ner_chunk": "in a.m",
                "begin": 351,
                "end": 356,
                "ner_label": "Frequency",
                "ner_confidence": "0.7834"
            },
            {
                "ner_chunk": "HCTZ",
                "begin": 359,
                "end": 362,
                "ner_label": "Drug_Ingredient",
                "ner_confidence": "0.8965"
            },
            {
                "ner_chunk": "50 mg",
                "begin": 364,
                "end": 368,
                "ner_label": "Strength",
                "ner_confidence": "0.98215"
            },
            {
                "ner_chunk": "QDay",
                "begin": 370,
                "end": 373,
                "ner_label": "Frequency",
                "ner_confidence": "0.9275"
            },
            {
                "ner_chunk": "Nitroglycerin",
                "begin": 376,
                "end": 388,
                "ner_label": "Drug_Ingredient",
                "ner_confidence": "0.9943"
            },
            {
                "ner_chunk": "1/150",
                "begin": 390,
                "end": 394,
                "ner_label": "Strength",
                "ner_confidence": "0.9946"
            },
            {
                "ner_chunk": "sublingually",
                "begin": 396,
                "end": 407,
                "ner_label": "Route",
                "ner_confidence": "0.92"
            },
            {
                "ner_chunk": "PRN",
                "begin": 409,
                "end": 411,
                "ner_label": "Frequency",
                "ner_confidence": "0.9574"
            },
            {
                "ner_chunk": "chest pain",
                "begin": 413,
                "end": 422,
                "ner_label": "Symptom",
                "ner_confidence": "0.61670005"
            }
        ],
        "assertion_predictions": [
            {
                "ner_chunk": "chest pain",
                "begin": 80,
                "end": 89,
                "ner_label": "Symptom",
                "assertion": "Past",
                "assertion_confidence": "0.9939"
            },
            {
                "ner_chunk": "diabetic",
                "begin": 108,
                "end": 115,
                "ner_label": "Diabetes",
                "assertion": "Present",
                "assertion_confidence": "1.0"
            },
            {
                "ner_chunk": "coronary artery disease",
                "begin": 144,
                "end": 166,
                "ner_label": "Heart_Disease",
                "assertion": "Present",
                "assertion_confidence": "1.0"
            },
            {
                "ner_chunk": "chest pain",
                "begin": 213,
                "end": 222,
                "ner_label": "Symptom",
                "assertion": "Past",
                "assertion_confidence": "1.0"
            },
            {
                "ner_chunk": "Aspirin",
                "begin": 306,
                "end": 312,
                "ner_label": "Drug_Ingredient",
                "assertion": "Hypothetical",
                "assertion_confidence": "1.0"
            },
            {
                "ner_chunk": "insulin",
                "begin": 334,
                "end": 340,
                "ner_label": "Drug_Ingredient",
                "assertion": "Hypothetical",
                "assertion_confidence": "0.9997"
            },
            {
                "ner_chunk": "HCTZ",
                "begin": 359,
                "end": 362,
                "ner_label": "Drug_Ingredient",
                "assertion": "Possible",
                "assertion_confidence": "0.9962"
            },
            {
                "ner_chunk": "Nitroglycerin",
                "begin": 376,
                "end": 388,
                "ner_label": "Drug_Ingredient",
                "assertion": "Past",
                "assertion_confidence": "0.8139"
            },
            {
                "ner_chunk": "chest pain",
                "begin": 413,
                "end": 422,
                "ner_label": "Symptom",
                "assertion": "Hypothetical",
                "assertion_confidence": "0.8091"
            }
        ],
        "relation_predictions": [
            {
                "ner_chunk1": "today",
                "ner_chunk1_begin": "190",
                "ner_chunk1_end": "194",
                "ner_label1": "RelativeDate",
                "ner_chunk2": "chest pain",
                "ner_chunk2_begin": "213",
                "ner_chunk2_end": "222",
                "ner_label2": "Symptom",
                "relation": "is_date_of",
                "relation_confidence": "1.0"
            },
            {
                "ner_chunk1": "chest pain",
                "ner_chunk1_begin": "213",
                "ner_chunk1_end": "222",
                "ner_label1": "Symptom",
                "ner_chunk2": "yesterday",
                "ner_chunk2_begin": "232",
                "ner_chunk2_end": "240",
                "ner_label2": "RelativeDate",
                "relation": "is_date_of",
                "relation_confidence": "1.0"
            },
            {
                "ner_chunk1": "Aspirin",
                "ner_chunk1_begin": "306",
                "ner_chunk1_end": "312",
                "ner_label1": "Drug_Ingredient",
                "ner_chunk2": "81 milligrams",
                "ner_chunk2_begin": "314",
                "ner_chunk2_end": "326",
                "ner_label2": "Strength",
                "relation": "Drug_Ingredient-Strength",
                "relation_confidence": "1.0"
            },
            {
                "ner_chunk1": "Aspirin",
                "ner_chunk1_begin": "306",
                "ner_chunk1_end": "312",
                "ner_label1": "Drug_Ingredient",
                "ner_chunk2": "QDay",
                "ner_chunk2_begin": "328",
                "ner_chunk2_end": "331",
                "ner_label2": "Frequency",
                "relation": "Drug_Ingredient-Frequency",
                "relation_confidence": "1.0"
            },
            {
                "ner_chunk1": "Aspirin",
                "ner_chunk1_begin": "306",
                "ner_chunk1_end": "312",
                "ner_label1": "Drug_Ingredient",
                "ner_chunk2": "50 units",
                "ner_chunk2_begin": "342",
                "ner_chunk2_end": "349",
                "ner_label2": "Dosage",
                "relation": "Drug_Ingredient-Dosage",
                "relation_confidence": "1.0"
            },
            {
                "ner_chunk1": "81 milligrams",
                "ner_chunk1_begin": "314",
                "ner_chunk1_end": "326",
                "ner_label1": "Strength",
                "ner_chunk2": "insulin",
                "ner_chunk2_begin": "334",
                "ner_chunk2_end": "340",
                "ner_label2": "Drug_Ingredient",
                "relation": "Strength-Drug_Ingredient",
                "relation_confidence": "1.0"
            },
            {
                "ner_chunk1": "QDay",
                "ner_chunk1_begin": "328",
                "ner_chunk1_end": "331",
                "ner_label1": "Frequency",
                "ner_chunk2": "insulin",
                "ner_chunk2_begin": "334",
                "ner_chunk2_end": "340",
                "ner_label2": "Drug_Ingredient",
                "relation": "Frequency-Drug_Ingredient",
                "relation_confidence": "1.0"
            },
            {
                "ner_chunk1": "insulin",
                "ner_chunk1_begin": "334",
                "ner_chunk1_end": "340",
                "ner_label1": "Drug_Ingredient",
                "ner_chunk2": "50 units",
                "ner_chunk2_begin": "342",
                "ner_chunk2_end": "349",
                "ner_label2": "Dosage",
                "relation": "Drug_Ingredient-Dosage",
                "relation_confidence": "1.0"
            },
            {
                "ner_chunk1": "insulin",
                "ner_chunk1_begin": "334",
                "ner_chunk1_end": "340",
                "ner_label1": "Drug_Ingredient",
                "ner_chunk2": "in a.m",
                "ner_chunk2_begin": "351",
                "ner_chunk2_end": "356",
                "ner_label2": "Frequency",
                "relation": "Drug_Ingredient-Frequency",
                "relation_confidence": "1.0"
            },
            {
                "ner_chunk1": "HCTZ",
                "ner_chunk1_begin": "359",
                "ner_chunk1_end": "362",
                "ner_label1": "Drug_Ingredient",
                "ner_chunk2": "50 mg",
                "ner_chunk2_begin": "364",
                "ner_chunk2_end": "368",
                "ner_label2": "Strength",
                "relation": "Drug_Ingredient-Strength",
                "relation_confidence": "1.0"
            },
            {
                "ner_chunk1": "HCTZ",
                "ner_chunk1_begin": "359",
                "ner_chunk1_end": "362",
                "ner_label1": "Drug_Ingredient",
                "ner_chunk2": "QDay",
                "ner_chunk2_begin": "370",
                "ner_chunk2_end": "373",
                "ner_label2": "Frequency",
                "relation": "Drug_Ingredient-Frequency",
                "relation_confidence": "1.0"
            },
            {
                "ner_chunk1": "Nitroglycerin",
                "ner_chunk1_begin": "376",
                "ner_chunk1_end": "388",
                "ner_label1": "Drug_Ingredient",
                "ner_chunk2": "1/150",
                "ner_chunk2_begin": "390",
                "ner_chunk2_end": "394",
                "ner_label2": "Strength",
                "relation": "Drug_Ingredient-Strength",
                "relation_confidence": "1.0"
            },
            {
                "ner_chunk1": "Nitroglycerin",
                "ner_chunk1_begin": "376",
                "ner_chunk1_end": "388",
                "ner_label1": "Drug_Ingredient",
                "ner_chunk2": "sublingually",
                "ner_chunk2_begin": "396",
                "ner_chunk2_end": "407",
                "ner_label2": "Route",
                "relation": "Drug_Ingredient-Route",
                "relation_confidence": "1.0"
            },
            {
                "ner_chunk1": "Nitroglycerin",
                "ner_chunk1_begin": "376",
                "ner_chunk1_end": "388",
                "ner_label1": "Drug_Ingredient",
                "ner_chunk2": "PRN",
                "ner_chunk2_begin": "409",
                "ner_chunk2_end": "411",
                "ner_label2": "Frequency",
                "relation": "Drug_Ingredient-Frequency",
                "relation_confidence": "1.0"
            }
        ]
    }
]