{
    "predictions": [
        {
            "text": "733187009",
            "snomed_code": "733187009",
            "begin": 0,
            "end": 8,
            "umls_code": "C4546029"
        },
        {
            "text": "449433008",
            "snomed_code": "449433008",
            "begin": 0,
            "end": 8,
            "umls_code": "C3164619"
        },
        {
            "text": "51264003",
            "snomed_code": "51264003",
            "begin": 0,
            "end": 7,
            "umls_code": "C0271267"
        }
    ]
}