[
    {
        "ner_predictions": [
            {
                "ner_chunk": "nose",
                "begin": 3,
                "end": 6,
                "ner_label": "BodyPart",
                "ner_confidence": "0.9717"
            },
            {
                "ner_chunk": "dry",
                "begin": 11,
                "end": 13,
                "ner_label": "Symptom",
                "ner_confidence": "0.9457"
            },
            {
                "ner_chunk": "nose",
                "begin": 41,
                "end": 44,
                "ner_label": "BodyPart",
                "ner_confidence": "0.9659"
            },
            {
                "ner_chunk": "dry",
                "begin": 53,
                "end": 55,
                "ner_label": "Symptom",
                "ner_confidence": "0.9596"
            },
            {
                "ner_chunk": "hard",
                "begin": 80,
                "end": 83,
                "ner_label": "Modifier",
                "ner_confidence": "0.7837"
            },
            {
                "ner_chunk": "mucus",
                "begin": 85,
                "end": 89,
                "ner_label": "Symptom",
                "ner_confidence": "0.9452"
            },
            {
                "ner_chunk": "nose",
                "begin": 121,
                "end": 124,
                "ner_label": "BodyPart",
                "ner_confidence": "0.9109"
            }
        ],
        "assertion_predictions": [
            {
                "ner_chunk": "dry",
                "begin": 11,
                "end": 13,
                "ner_label": "Symptom",
                "assertion": "Present_Or_Past",
                "assertion_confidence": "0.8839"
            },
            {
                "ner_chunk": "dry",
                "begin": 53,
                "end": 55,
                "ner_label": "Symptom",
                "assertion": "Hypothetical_Or_Absent",
                "assertion_confidence": "0.9674"
            },
            {
                "ner_chunk": "mucus",
                "begin": 85,
                "end": 89,
                "ner_label": "Symptom",
                "assertion": "Present_Or_Past",
                "assertion_confidence": "0.3897"
            }
        ],
        "relation_predictions": [
            {
                "ner_chunk1": "nose",
                "ner_chunk1_begin": "3",
                "ner_chunk1_end": "6",
                "ner_label1": "BodyPart",
                "ner_chunk2": "dry",
                "ner_chunk2_begin": "11",
                "ner_chunk2_end": "13",
                "ner_label2": "Symptom",
                "relations": "BodyPart-Symptom",
                "relation_confidence": "1.0"
            },
            {
                "ner_chunk1": "nose",
                "ner_chunk1_begin": "3",
                "ner_chunk1_end": "6",
                "ner_label1": "BodyPart",
                "ner_chunk2": "dry",
                "ner_chunk2_begin": "53",
                "ner_chunk2_end": "55",
                "ner_label2": "Symptom",
                "relations": "BodyPart-Symptom",
                "relation_confidence": "1.0"
            },
            {
                "ner_chunk1": "nose",
                "ner_chunk1_begin": "3",
                "ner_chunk1_end": "6",
                "ner_label1": "BodyPart",
                "ner_chunk2": "mucus",
                "ner_chunk2_begin": "85",
                "ner_chunk2_end": "89",
                "ner_label2": "Symptom",
                "relations": "BodyPart-Symptom",
                "relation_confidence": "1.0"
            },
            {
                "ner_chunk1": "dry",
                "ner_chunk1_begin": "11",
                "ner_chunk1_end": "13",
                "ner_label1": "Symptom",
                "ner_chunk2": "nose",
                "ner_chunk2_begin": "41",
                "ner_chunk2_end": "44",
                "ner_label2": "BodyPart",
                "relations": "Symptom-BodyPart",
                "relation_confidence": "1.0"
            },
            {
                "ner_chunk1": "nose",
                "ner_chunk1_begin": "41",
                "ner_chunk1_end": "44",
                "ner_label1": "BodyPart",
                "ner_chunk2": "dry",
                "ner_chunk2_begin": "53",
                "ner_chunk2_end": "55",
                "ner_label2": "Symptom",
                "relations": "BodyPart-Symptom",
                "relation_confidence": "1.0"
            },
            {
                "ner_chunk1": "nose",
                "ner_chunk1_begin": "41",
                "ner_chunk1_end": "44",
                "ner_label1": "BodyPart",
                "ner_chunk2": "mucus",
                "ner_chunk2_begin": "85",
                "ner_chunk2_end": "89",
                "ner_label2": "Symptom",
                "relations": "BodyPart-Symptom",
                "relation_confidence": "1.0"
            }
        ]
    },
    {
        "ner_predictions": [
            {
                "ner_chunk": "Mucus",
                "begin": 27,
                "end": 31,
                "ner_label": "Symptom",
                "ner_confidence": "0.5332"
            },
            {
                "ner_chunk": "coughing",
                "begin": 51,
                "end": 58,
                "ner_label": "Symptom",
                "ner_confidence": "0.9616"
            },
            {
                "ner_chunk": "10 minutes",
                "begin": 60,
                "end": 69,
                "ner_label": "Duration",
                "ner_confidence": "0.5387"
            },
            {
                "ner_chunk": "sinus",
                "begin": 92,
                "end": 96,
                "ner_label": "BodyPart",
                "ner_confidence": "0.3795"
            },
            {
                "ner_chunk": "headache",
                "begin": 98,
                "end": 105,
                "ner_label": "Symptom",
                "ner_confidence": "0.9866"
            },
            {
                "ner_chunk": "throat",
                "begin": 125,
                "end": 130,
                "ner_label": "BodyPart",
                "ner_confidence": "0.8705"
            },
            {
                "ner_chunk": "tight",
                "begin": 170,
                "end": 174,
                "ner_label": "Symptom",
                "ner_confidence": "0.6329"
            },
            {
                "ner_chunk": "chest",
                "begin": 176,
                "end": 180,
                "ner_label": "BodyPart",
                "ner_confidence": "0.8434"
            },
            {
                "ner_chunk": "inhaler",
                "begin": 190,
                "end": 196,
                "ner_label": "Form",
                "ner_confidence": "0.9983"
            },
            {
                "ner_chunk": "headache",
                "begin": 236,
                "end": 243,
                "ner_label": "Symptom",
                "ner_confidence": "0.836"
            },
            {
                "ner_chunk": "fatigue",
                "begin": 271,
                "end": 277,
                "ner_label": "Symptom",
                "ner_confidence": "0.9257"
            },
            {
                "ner_chunk": "3pm",
                "begin": 286,
                "end": 288,
                "ner_label": "DateTime",
                "ner_confidence": "0.3481"
            },
            {
                "ner_chunk": "unbearable",
                "begin": 344,
                "end": 353,
                "ner_label": "Modifier",
                "ner_confidence": "0.9785"
            }
        ],
        "assertion_predictions": [
            {
                "ner_chunk": "Mucus",
                "begin": 27,
                "end": 31,
                "ner_label": "Symptom",
                "assertion": "Present_Or_Past",
                "assertion_confidence": "0.6619"
            },
            {
                "ner_chunk": "coughing",
                "begin": 51,
                "end": 58,
                "ner_label": "Symptom",
                "assertion": "Present_Or_Past",
                "assertion_confidence": "0.871"
            },
            {
                "ner_chunk": "headache",
                "begin": 98,
                "end": 105,
                "ner_label": "Symptom",
                "assertion": "Present_Or_Past",
                "assertion_confidence": "0.9607"
            },
            {
                "ner_chunk": "tight",
                "begin": 170,
                "end": 174,
                "ner_label": "Symptom",
                "assertion": "Present_Or_Past",
                "assertion_confidence": "0.9428"
            },
            {
                "ner_chunk": "headache",
                "begin": 236,
                "end": 243,
                "ner_label": "Symptom",
                "assertion": "Present_Or_Past",
                "assertion_confidence": "0.8626"
            },
            {
                "ner_chunk": "fatigue",
                "begin": 271,
                "end": 277,
                "ner_label": "Symptom",
                "assertion": "Present_Or_Past",
                "assertion_confidence": "0.8398"
            }
        ],
        "relation_predictions": [
            {
                "ner_chunk1": "coughing",
                "ner_chunk1_begin": "51",
                "ner_chunk1_end": "58",
                "ner_label1": "Symptom",
                "ner_chunk2": "sinus",
                "ner_chunk2_begin": "92",
                "ner_chunk2_end": "96",
                "ner_label2": "BodyPart",
                "relations": "Symptom-BodyPart",
                "relation_confidence": "1.0"
            },
            {
                "ner_chunk1": "coughing",
                "ner_chunk1_begin": "51",
                "ner_chunk1_end": "58",
                "ner_label1": "Symptom",
                "ner_chunk2": "throat",
                "ner_chunk2_begin": "125",
                "ner_chunk2_end": "130",
                "ner_label2": "BodyPart",
                "relations": "Symptom-BodyPart",
                "relation_confidence": "1.0"
            },
            {
                "ner_chunk1": "sinus",
                "ner_chunk1_begin": "92",
                "ner_chunk1_end": "96",
                "ner_label1": "BodyPart",
                "ner_chunk2": "headache",
                "ner_chunk2_begin": "98",
                "ner_chunk2_end": "105",
                "ner_label2": "Symptom",
                "relations": "BodyPart-Symptom",
                "relation_confidence": "1.0"
            },
            {
                "ner_chunk1": "headache",
                "ner_chunk1_begin": "98",
                "ner_chunk1_end": "105",
                "ner_label1": "Symptom",
                "ner_chunk2": "throat",
                "ner_chunk2_begin": "125",
                "ner_chunk2_end": "130",
                "ner_label2": "BodyPart",
                "relations": "Symptom-BodyPart",
                "relation_confidence": "1.0"
            },
            {
                "ner_chunk1": "headache",
                "ner_chunk1_begin": "98",
                "ner_chunk1_end": "105",
                "ner_label1": "Symptom",
                "ner_chunk2": "chest",
                "ner_chunk2_begin": "176",
                "ner_chunk2_end": "180",
                "ner_label2": "BodyPart",
                "relations": "Symptom-BodyPart",
                "relation_confidence": "1.0"
            },
            {
                "ner_chunk1": "throat",
                "ner_chunk1_begin": "125",
                "ner_chunk1_end": "130",
                "ner_label1": "BodyPart",
                "ner_chunk2": "tight",
                "ner_chunk2_begin": "170",
                "ner_chunk2_end": "174",
                "ner_label2": "Symptom",
                "relations": "BodyPart-Symptom",
                "relation_confidence": "1.0"
            },
            {
                "ner_chunk1": "tight",
                "ner_chunk1_begin": "170",
                "ner_chunk1_end": "174",
                "ner_label1": "Symptom",
                "ner_chunk2": "chest",
                "ner_chunk2_begin": "176",
                "ner_chunk2_end": "180",
                "ner_label2": "BodyPart",
                "relations": "Symptom-BodyPart",
                "relation_confidence": "1.0"
            },
            {
                "ner_chunk1": "headache",
                "ner_chunk1_begin": "236",
                "ner_chunk1_end": "243",
                "ner_label1": "Symptom",
                "ner_chunk2": "3pm",
                "ner_chunk2_begin": "286",
                "ner_chunk2_end": "288",
                "ner_label2": "DateTime",
                "relations": "Symptom-DateTime",
                "relation_confidence": "1.0"
            },
            {
                "ner_chunk1": "fatigue",
                "ner_chunk1_begin": "271",
                "ner_chunk1_end": "277",
                "ner_label1": "Symptom",
                "ner_chunk2": "3pm",
                "ner_chunk2_begin": "286",
                "ner_chunk2_end": "288",
                "ner_label2": "DateTime",
                "relations": "Symptom-DateTime",
                "relation_confidence": "1.0"
            }
        ]
    }
]