{
    "predictions": [
        {
            "text": "49808004 231494001 38341003",
            "snomed_code": "49808004",
            "begin": 0,
            "end": 7,
            "umls_code": "C0001792"
        },
        {
            "text": "49808004 231494001 38341003",
            "snomed_code": "231494001",
            "begin": 9,
            "end": 17,
            "umls_code": "C0151772"
        },
        {
            "text": "49808004 231494001 38341003",
            "snomed_code": "38341003",
            "begin": 19,
            "end": 26,
            "umls_code": "C0020538"
        }
    ]
}