{
    "predictions": [
        {
            "document": "HPI: A 69-year-old white female with a history of depression, anxiety, admitted to the ABCD Hospital on February 6, 2007, for shortness of breath. The patient was consulted by Psychiatry for anxiety. I know this patient from a previous consult. During this recent admission, she was given Ativan 0.25 mg on a p.r.n. basis with relief after one to two hours. The patient was seen by Abc, MD, and Def, Ph.D. PAST MEDICAL HISTORY: The patient has a history of hypertension, hypothyroidism, cholelithiasis, Port-A-Cath placement, and hydronephrosis",
            "ner_chunk": "depression",
            "begin": 50,
            "end": 59,
            "ner_label": "PROBLEM",
            "ner_confidence": "0.9926",
            "umls_code": "C1999266",
            "umls_confidence": "0.9926"
        },
        {
            "document": "HPI: A 69-year-old white female with a history of depression, anxiety, admitted to the ABCD Hospital on February 6, 2007, for shortness of breath. The patient was consulted by Psychiatry for anxiety. I know this patient from a previous consult. During this recent admission, she was given Ativan 0.25 mg on a p.r.n. basis with relief after one to two hours. The patient was seen by Abc, MD, and Def, Ph.D. PAST MEDICAL HISTORY: The patient has a history of hypertension, hypothyroidism, cholelithiasis, Port-A-Cath placement, and hydronephrosis",
            "ner_chunk": "anxiety",
            "begin": 62,
            "end": 68,
            "ner_label": "PROBLEM",
            "ner_confidence": "0.9973",
            "umls_code": "C1963064",
            "umls_confidence": "0.9973"
        },
        {
            "document": "HPI: A 69-year-old white female with a history of depression, anxiety, admitted to the ABCD Hospital on February 6, 2007, for shortness of breath. The patient was consulted by Psychiatry for anxiety. I know this patient from a previous consult. During this recent admission, she was given Ativan 0.25 mg on a p.r.n. basis with relief after one to two hours. The patient was seen by Abc, MD, and Def, Ph.D. PAST MEDICAL HISTORY: The patient has a history of hypertension, hypothyroidism, cholelithiasis, Port-A-Cath placement, and hydronephrosis",
            "ner_chunk": "shortness of breath",
            "begin": 126,
            "end": 144,
            "ner_label": "PROBLEM",
            "ner_confidence": "0.8321667",
            "umls_code": "C0748646",
            "umls_confidence": "0.2357"
        },
        {
            "document": "HPI: A 69-year-old white female with a history of depression, anxiety, admitted to the ABCD Hospital on February 6, 2007, for shortness of breath. The patient was consulted by Psychiatry for anxiety. I know this patient from a previous consult. During this recent admission, she was given Ativan 0.25 mg on a p.r.n. basis with relief after one to two hours. The patient was seen by Abc, MD, and Def, Ph.D. PAST MEDICAL HISTORY: The patient has a history of hypertension, hypothyroidism, cholelithiasis, Port-A-Cath placement, and hydronephrosis",
            "ner_chunk": "anxiety",
            "begin": 191,
            "end": 197,
            "ner_label": "PROBLEM",
            "ner_confidence": "0.9963",
            "umls_code": "C1963064",
            "umls_confidence": "0.9963"
        },
        {
            "document": "HPI: A 69-year-old white female with a history of depression, anxiety, admitted to the ABCD Hospital on February 6, 2007, for shortness of breath. The patient was consulted by Psychiatry for anxiety. I know this patient from a previous consult. During this recent admission, she was given Ativan 0.25 mg on a p.r.n. basis with relief after one to two hours. The patient was seen by Abc, MD, and Def, Ph.D. PAST MEDICAL HISTORY: The patient has a history of hypertension, hypothyroidism, cholelithiasis, Port-A-Cath placement, and hydronephrosis",
            "ner_chunk": "Ativan",
            "begin": 289,
            "end": 294,
            "ner_label": "TREATMENT",
            "ner_confidence": "0.9994",
            "umls_code": "C0278128",
            "umls_confidence": "0.0837"
        },
        {
            "document": "HPI: A 69-year-old white female with a history of depression, anxiety, admitted to the ABCD Hospital on February 6, 2007, for shortness of breath. The patient was consulted by Psychiatry for anxiety. I know this patient from a previous consult. During this recent admission, she was given Ativan 0.25 mg on a p.r.n. basis with relief after one to two hours. The patient was seen by Abc, MD, and Def, Ph.D. PAST MEDICAL HISTORY: The patient has a history of hypertension, hypothyroidism, cholelithiasis, Port-A-Cath placement, and hydronephrosis",
            "ner_chunk": "hypertension",
            "begin": 457,
            "end": 468,
            "ner_label": "PROBLEM",
            "ner_confidence": "0.9973",
            "umls_code": "C0455405",
            "umls_confidence": "0.9973"
        },
        {
            "document": "HPI: A 69-year-old white female with a history of depression, anxiety, admitted to the ABCD Hospital on February 6, 2007, for shortness of breath. The patient was consulted by Psychiatry for anxiety. I know this patient from a previous consult. During this recent admission, she was given Ativan 0.25 mg on a p.r.n. basis with relief after one to two hours. The patient was seen by Abc, MD, and Def, Ph.D. PAST MEDICAL HISTORY: The patient has a history of hypertension, hypothyroidism, cholelithiasis, Port-A-Cath placement, and hydronephrosis",
            "ner_chunk": "hypothyroidism",
            "begin": 471,
            "end": 484,
            "ner_label": "PROBLEM",
            "ner_confidence": "0.9996",
            "umls_code": "C4553310",
            "umls_confidence": "0.9996"
        },
        {
            "document": "HPI: A 69-year-old white female with a history of depression, anxiety, admitted to the ABCD Hospital on February 6, 2007, for shortness of breath. The patient was consulted by Psychiatry for anxiety. I know this patient from a previous consult. During this recent admission, she was given Ativan 0.25 mg on a p.r.n. basis with relief after one to two hours. The patient was seen by Abc, MD, and Def, Ph.D. PAST MEDICAL HISTORY: The patient has a history of hypertension, hypothyroidism, cholelithiasis, Port-A-Cath placement, and hydronephrosis",
            "ner_chunk": "cholelithiasis",
            "begin": 487,
            "end": 500,
            "ner_label": "PROBLEM",
            "ner_confidence": "0.9995",
            "umls_code": "C4228051",
            "umls_confidence": "0.2464"
        },
        {
            "document": "HPI: A 69-year-old white female with a history of depression, anxiety, admitted to the ABCD Hospital on February 6, 2007, for shortness of breath. The patient was consulted by Psychiatry for anxiety. I know this patient from a previous consult. During this recent admission, she was given Ativan 0.25 mg on a p.r.n. basis with relief after one to two hours. The patient was seen by Abc, MD, and Def, Ph.D. PAST MEDICAL HISTORY: The patient has a history of hypertension, hypothyroidism, cholelithiasis, Port-A-Cath placement, and hydronephrosis",
            "ner_chunk": "Port-A-Cath placement",
            "begin": 503,
            "end": 523,
            "ner_label": "TREATMENT",
            "ner_confidence": "0.93799996",
            "umls_code": "C3665823",
            "umls_confidence": "0.1489"
        },
        {
            "document": "HPI: A 69-year-old white female with a history of depression, anxiety, admitted to the ABCD Hospital on February 6, 2007, for shortness of breath. The patient was consulted by Psychiatry for anxiety. I know this patient from a previous consult. During this recent admission, she was given Ativan 0.25 mg on a p.r.n. basis with relief after one to two hours. The patient was seen by Abc, MD, and Def, Ph.D. PAST MEDICAL HISTORY: The patient has a history of hypertension, hypothyroidism, cholelithiasis, Port-A-Cath placement, and hydronephrosis",
            "ner_chunk": "hydronephrosis",
            "begin": 530,
            "end": 543,
            "ner_label": "PROBLEM",
            "ner_confidence": "0.9965",
            "umls_code": "C4697725",
            "umls_confidence": "0.4060"
        },
        {
            "document": "The patient is a 28-year-old, who is status post gastric bypass surgery nearly one year ago. He has lost about 200 pounds and was otherwise doing well until yesterday evening around 7:00-8:00 when he developed nausea and right upper quadrant pain, which apparently wrapped around toward his right side and back. He feels like he was on it but has not done so. He has overall malaise and a low-grade temperature of 100.3. His last normal bowel movement was yesterday. He denies any outright chills. PAST MEDICAL HISTORY: Significant for hypertension and morbid obesity, now resolved.",
            "ner_chunk": "gastric bypass surgery",
            "begin": 49,
            "end": 70,
            "ner_label": "TREATMENT",
            "ner_confidence": "0.7018666",
            "umls_code": "C0548816",
            "umls_confidence": "0.3427"
        },
        {
            "document": "The patient is a 28-year-old, who is status post gastric bypass surgery nearly one year ago. He has lost about 200 pounds and was otherwise doing well until yesterday evening around 7:00-8:00 when he developed nausea and right upper quadrant pain, which apparently wrapped around toward his right side and back. He feels like he was on it but has not done so. He has overall malaise and a low-grade temperature of 100.3. His last normal bowel movement was yesterday. He denies any outright chills. PAST MEDICAL HISTORY: Significant for hypertension and morbid obesity, now resolved.",
            "ner_chunk": "nausea",
            "begin": 210,
            "end": 215,
            "ner_label": "PROBLEM",
            "ner_confidence": "0.9988",
            "umls_code": "C1963179",
            "umls_confidence": "0.9988"
        },
        {
            "document": "The patient is a 28-year-old, who is status post gastric bypass surgery nearly one year ago. He has lost about 200 pounds and was otherwise doing well until yesterday evening around 7:00-8:00 when he developed nausea and right upper quadrant pain, which apparently wrapped around toward his right side and back. He feels like he was on it but has not done so. He has overall malaise and a low-grade temperature of 100.3. His last normal bowel movement was yesterday. He denies any outright chills. PAST MEDICAL HISTORY: Significant for hypertension and morbid obesity, now resolved.",
            "ner_chunk": "right upper quadrant pain",
            "begin": 221,
            "end": 245,
            "ner_label": "PROBLEM",
            "ner_confidence": "0.952125",
            "umls_code": "C4718731",
            "umls_confidence": "0.2301"
        },
        {
            "document": "The patient is a 28-year-old, who is status post gastric bypass surgery nearly one year ago. He has lost about 200 pounds and was otherwise doing well until yesterday evening around 7:00-8:00 when he developed nausea and right upper quadrant pain, which apparently wrapped around toward his right side and back. He feels like he was on it but has not done so. He has overall malaise and a low-grade temperature of 100.3. His last normal bowel movement was yesterday. He denies any outright chills. PAST MEDICAL HISTORY: Significant for hypertension and morbid obesity, now resolved.",
            "ner_chunk": "overall malaise",
            "begin": 367,
            "end": 381,
            "ner_label": "PROBLEM",
            "ner_confidence": "0.9534",
            "umls_code": "C4552989",
            "umls_confidence": "0.2206"
        },
        {
            "document": "The patient is a 28-year-old, who is status post gastric bypass surgery nearly one year ago. He has lost about 200 pounds and was otherwise doing well until yesterday evening around 7:00-8:00 when he developed nausea and right upper quadrant pain, which apparently wrapped around toward his right side and back. He feels like he was on it but has not done so. He has overall malaise and a low-grade temperature of 100.3. His last normal bowel movement was yesterday. He denies any outright chills. PAST MEDICAL HISTORY: Significant for hypertension and morbid obesity, now resolved.",
            "ner_chunk": "a low-grade temperature",
            "begin": 387,
            "end": 409,
            "ner_label": "PROBLEM",
            "ner_confidence": "0.7988",
            "umls_code": "C0020672",
            "umls_confidence": "0.1877"
        },
        {
            "document": "The patient is a 28-year-old, who is status post gastric bypass surgery nearly one year ago. He has lost about 200 pounds and was otherwise doing well until yesterday evening around 7:00-8:00 when he developed nausea and right upper quadrant pain, which apparently wrapped around toward his right side and back. He feels like he was on it but has not done so. He has overall malaise and a low-grade temperature of 100.3. His last normal bowel movement was yesterday. He denies any outright chills. PAST MEDICAL HISTORY: Significant for hypertension and morbid obesity, now resolved.",
            "ner_chunk": "chills",
            "begin": 490,
            "end": 495,
            "ner_label": "PROBLEM",
            "ner_confidence": "0.7512",
            "umls_code": "C4553185",
            "umls_confidence": "0.7512"
        },
        {
            "document": "The patient is a 28-year-old, who is status post gastric bypass surgery nearly one year ago. He has lost about 200 pounds and was otherwise doing well until yesterday evening around 7:00-8:00 when he developed nausea and right upper quadrant pain, which apparently wrapped around toward his right side and back. He feels like he was on it but has not done so. He has overall malaise and a low-grade temperature of 100.3. His last normal bowel movement was yesterday. He denies any outright chills. PAST MEDICAL HISTORY: Significant for hypertension and morbid obesity, now resolved.",
            "ner_chunk": "hypertension",
            "begin": 536,
            "end": 547,
            "ner_label": "PROBLEM",
            "ner_confidence": "0.9937",
            "umls_code": "C0455405",
            "umls_confidence": "0.9937"
        },
        {
            "document": "The patient is a 28-year-old, who is status post gastric bypass surgery nearly one year ago. He has lost about 200 pounds and was otherwise doing well until yesterday evening around 7:00-8:00 when he developed nausea and right upper quadrant pain, which apparently wrapped around toward his right side and back. He feels like he was on it but has not done so. He has overall malaise and a low-grade temperature of 100.3. His last normal bowel movement was yesterday. He denies any outright chills. PAST MEDICAL HISTORY: Significant for hypertension and morbid obesity, now resolved.",
            "ner_chunk": "morbid obesity",
            "begin": 553,
            "end": 566,
            "ner_label": "PROBLEM",
            "ner_confidence": "0.99255",
            "umls_code": "C2945676",
            "umls_confidence": "0.1367"
        }
    ]
}