{
    "predictions": [
        {
            "document": "BS soft , nontender ext : no edema NIH Stroke scale 15 .   1a LOC , Neurologic examination : Mental status : Awake and mildly lethargic , cooperative with most of exam , flat affect . Oriented to person . Mildly inattentive with exam . In the ED he was found to have L arm and leg weakness . He had a NIH stroke scale of 15 . He received tPA at 0155 which placed him.",
            "ner_chunk": "NIH Stroke scale",
            "begin": 35,
            "end": 50,
            "ner_label": "NIHSS",
            "ner_confidence": "0.9928667"
        },
        {
            "document": "BS soft , nontender ext : no edema NIH Stroke scale 15 .   1a LOC , Neurologic examination : Mental status : Awake and mildly lethargic , cooperative with most of exam , flat affect . Oriented to person . Mildly inattentive with exam . In the ED he was found to have L arm and leg weakness . He had a NIH stroke scale of 15 . He received tPA at 0155 which placed him.",
            "ner_chunk": "15",
            "begin": 52,
            "end": 53,
            "ner_label": "Measurement",
            "ner_confidence": "0.9969"
        },
        {
            "document": "BS soft , nontender ext : no edema NIH Stroke scale 15 .   1a LOC , Neurologic examination : Mental status : Awake and mildly lethargic , cooperative with most of exam , flat affect . Oriented to person . Mildly inattentive with exam . In the ED he was found to have L arm and leg weakness . He had a NIH stroke scale of 15 . He received tPA at 0155 which placed him.",
            "ner_chunk": "1a LOC",
            "begin": 59,
            "end": 64,
            "ner_label": "1a_LOC",
            "ner_confidence": "0.99705"
        },
        {
            "document": "BS soft , nontender ext : no edema NIH Stroke scale 15 .   1a LOC , Neurologic examination : Mental status : Awake and mildly lethargic , cooperative with most of exam , flat affect . Oriented to person . Mildly inattentive with exam . In the ED he was found to have L arm and leg weakness . He had a NIH stroke scale of 15 . He received tPA at 0155 which placed him.",
            "ner_chunk": "NIH stroke scale",
            "begin": 301,
            "end": 316,
            "ner_label": "NIHSS",
            "ner_confidence": "0.9732"
        },
        {
            "document": "BS soft , nontender ext : no edema NIH Stroke scale 15 .   1a LOC , Neurologic examination : Mental status : Awake and mildly lethargic , cooperative with most of exam , flat affect . Oriented to person . Mildly inattentive with exam . In the ED he was found to have L arm and leg weakness . He had a NIH stroke scale of 15 . He received tPA at 0155 which placed him.",
            "ner_chunk": "15",
            "begin": 321,
            "end": 322,
            "ner_label": "Measurement",
            "ner_confidence": "0.9877"
        },
        {
            "document": "There , her initial NIHSS score was 4 , as recorded by the ED physicians . This included 2 for weakness in her left leg and 2 for what they felt was subtle ataxia in her left arm and leg .",
            "ner_chunk": "NIHSS score",
            "begin": 20,
            "end": 30,
            "ner_label": "NIHSS",
            "ner_confidence": "0.7844"
        },
        {
            "document": "There , her initial NIHSS score was 4 , as recorded by the ED physicians . This included 2 for weakness in her left leg and 2 for what they felt was subtle ataxia in her left arm and leg .",
            "ner_chunk": "4",
            "begin": 36,
            "end": 36,
            "ner_label": "Measurement",
            "ner_confidence": "0.9997"
        },
        {
            "document": "There , her initial NIHSS score was 4 , as recorded by the ED physicians . This included 2 for weakness in her left leg and 2 for what they felt was subtle ataxia in her left arm and leg .",
            "ner_chunk": "2",
            "begin": 89,
            "end": 89,
            "ner_label": "Measurement",
            "ner_confidence": "0.9942"
        },
        {
            "document": "There , her initial NIHSS score was 4 , as recorded by the ED physicians . This included 2 for weakness in her left leg and 2 for what they felt was subtle ataxia in her left arm and leg .",
            "ner_chunk": "left leg",
            "begin": 111,
            "end": 118,
            "ner_label": "6a_LeftLeg",
            "ner_confidence": "0.6089"
        },
        {
            "document": "There , her initial NIHSS score was 4 , as recorded by the ED physicians . This included 2 for weakness in her left leg and 2 for what they felt was subtle ataxia in her left arm and leg .",
            "ner_chunk": "2",
            "begin": 124,
            "end": 124,
            "ner_label": "Measurement",
            "ner_confidence": "0.9998"
        },
        {
            "document": "There , her initial NIHSS score was 4 , as recorded by the ED physicians . This included 2 for weakness in her left leg and 2 for what they felt was subtle ataxia in her left arm and leg .",
            "ner_chunk": "ataxia in her left arm and leg",
            "begin": 156,
            "end": 185,
            "ner_label": "7_LimbAtaxia",
            "ner_confidence": "0.9308715"
        }
    ]
}