{
    "predictions": [
        [
            {
                "begin": 26,
                "end": 48,
                "ner_chunk": "hydrogen peroxide 30 mg",
                "ner_label": "DRUG",
                "ner_confidence": "0.661975",
                "concept_code": "A01AB02",
                "resolution": "hydrogen peroxide ",
                "score": 0.8141188025474548,
                "concept_class_id": [
                    "ATC 5th",
                    "ATC 5th",
                    "ATC 5th",
                    "ATC 5th",
                    "ATC 5th"
                ],
                "all_codes": [
                    "A01AB02",
                    "D11AX25",
                    "D11AX25",
                    "A01AB02",
                    "A02AA03"
                ],
                "all_resolutions": [
                    "hydrogen peroxide ",
                    "hydrogen peroxide / lactate ",
                    "hydrogen peroxide / menthol ",
                    "hydrogen peroxide oral solution",
                    "magnesium peroxide"
                ],
                "all_score": [
                    0.8141188025474548,
                    0.806573748588562,
                    0.805327296257019,
                    0.803802490234375,
                    0.795920193195343
                ]
            },
            {
                "begin": 54,
                "end": 64,
                "ner_chunk": "amoxicillin",
                "ner_label": "DRUG",
                "ner_confidence": "0.9962",
                "concept_code": "J01CA04",
                "resolution": "amoxicillin ",
                "score": 1.000000238418579,
                "concept_class_id": [
                    "ATC 5th",
                    "ATC 5th",
                    "ATC 5th",
                    "ATC 5th",
                    "ATC 5th"
                ],
                "all_codes": [
                    "J01CA04",
                    "J01CA04",
                    "J01CA04",
                    "J01CA04",
                    "J01CA04"
                ],
                "all_resolutions": [
                    "amoxicillin ",
                    "amoxicillin; systemic",
                    "amoxicillin / clonixin ",
                    "amoxicillin / floxacillin ",
                    "ambroxol / amoxicillin "
                ],
                "all_score": [
                    1.000000238418579,
                    0.8760582804679871,
                    0.8621703386306763,
                    0.855049192905426,
                    0.8429436683654785
                ]
            },
            {
                "begin": 153,
                "end": 171,
                "ner_chunk": "magnesium hydroxide",
                "ner_label": "DRUG",
                "ner_confidence": "0.90405",
                "concept_code": "A02AA04",
                "resolution": "magnesium hydroxide ",
                "score": 0.9999998807907104,
                "concept_class_id": [
                    "ATC 5th",
                    "ATC 5th",
                    "ATC 5th",
                    "ATC 5th",
                    "ATC 5th"
                ],
                "all_codes": [
                    "A02AA04",
                    "A02AA04",
                    "D10AX30",
                    "A02AA02",
                    "A02AA04"
                ],
                "all_resolutions": [
                    "magnesium hydroxide ",
                    "aluminum hydroxide / magnesium hydroxide ",
                    "aluminum oxide / magnesium hydroxide ",
                    "aluminum hydroxide / magnesium oxide ",
                    "magnesium hydroxide / mineral oil "
                ],
                "all_score": [
                    0.9999998807907104,
                    0.876952588558197,
                    0.8733229637145996,
                    0.8709627389907837,
                    0.8609710335731506
                ]
            }
        ]
    ]
}