{
    "predictions": [
        {
            "document": "An 86-year-old female with persistent abdominal pain, nausea and projectile vomiting, during evaluation in the emergency room, was found to have a high amylase, as well as lipase count and she is being admitted for management of unspecified gastrointestinal hemorrhage.",
            "ner_chunk": "persistent abdominal pain",
            "begin": 27,
            "end": 51,
            "ner_label": "PROBLEM",
            "ner_confidence": "0.9549",
            "icd10_code": "R1084",
            "icd10_confidence": "0.2475"
        },
        {
            "document": "An 86-year-old female with persistent abdominal pain, nausea and projectile vomiting, during evaluation in the emergency room, was found to have a high amylase, as well as lipase count and she is being admitted for management of unspecified gastrointestinal hemorrhage.",
            "ner_chunk": "nausea",
            "begin": 54,
            "end": 59,
            "ner_label": "PROBLEM",
            "ner_confidence": "0.9995",
            "icd10_code": "R11.0",
            "icd10_confidence": "0.9995"
        },
        {
            "document": "An 86-year-old female with persistent abdominal pain, nausea and projectile vomiting, during evaluation in the emergency room, was found to have a high amylase, as well as lipase count and she is being admitted for management of unspecified gastrointestinal hemorrhage.",
            "ner_chunk": "projectile vomiting",
            "begin": 65,
            "end": 83,
            "ner_label": "PROBLEM",
            "ner_confidence": "0.99434996",
            "icd10_code": "R11.12",
            "icd10_confidence": "0.99434996"
        },
        {
            "document": "An 86-year-old female with persistent abdominal pain, nausea and projectile vomiting, during evaluation in the emergency room, was found to have a high amylase, as well as lipase count and she is being admitted for management of unspecified gastrointestinal hemorrhage.",
            "ner_chunk": "evaluation",
            "begin": 93,
            "end": 102,
            "ner_label": "TEST",
            "ner_confidence": "0.7622",
            "icd10_code": "Z7689",
            "icd10_confidence": "0.1286"
        },
        {
            "document": "An 86-year-old female with persistent abdominal pain, nausea and projectile vomiting, during evaluation in the emergency room, was found to have a high amylase, as well as lipase count and she is being admitted for management of unspecified gastrointestinal hemorrhage.",
            "ner_chunk": "a high amylase",
            "begin": 145,
            "end": 158,
            "ner_label": "PROBLEM",
            "ner_confidence": "0.90860003",
            "icd10_code": "R748",
            "icd10_confidence": "0.3911"
        },
        {
            "document": "An 86-year-old female with persistent abdominal pain, nausea and projectile vomiting, during evaluation in the emergency room, was found to have a high amylase, as well as lipase count and she is being admitted for management of unspecified gastrointestinal hemorrhage.",
            "ner_chunk": "lipase count",
            "begin": 172,
            "end": 183,
            "ner_label": "TEST",
            "ner_confidence": "0.88765",
            "icd10_code": "R898",
            "icd10_confidence": "0.2165"
        },
        {
            "document": "An 86-year-old female with persistent abdominal pain, nausea and projectile vomiting, during evaluation in the emergency room, was found to have a high amylase, as well as lipase count and she is being admitted for management of unspecified gastrointestinal hemorrhage.",
            "ner_chunk": "management",
            "begin": 215,
            "end": 224,
            "ner_label": "TREATMENT",
            "ner_confidence": "0.9986",
            "icd10_code": "H527",
            "icd10_confidence": "0.1157"
        },
        {
            "document": "An 86-year-old female with persistent abdominal pain, nausea and projectile vomiting, during evaluation in the emergency room, was found to have a high amylase, as well as lipase count and she is being admitted for management of unspecified gastrointestinal hemorrhage.",
            "ner_chunk": "unspecified gastrointestinal hemorrhage",
            "begin": 229,
            "end": 267,
            "ner_label": "PROBLEM",
            "ner_confidence": "0.89243335",
            "icd10_code": "K922",
            "icd10_confidence": "0.9027"
        },
        {
            "document": "Complaints of unspecified upper abdominal pain and swelling in a 32-year-old woman led to the evaluation of possible disease of intestine. She had a history of mixed irritable bowel syndrome and congenital lactase deficiency. Several diagnostic tests were performed. Blood tests showed abnormal results of blood chemistry and colonoscopy was performed.",
            "ner_chunk": "unspecified upper abdominal pain",
            "begin": 14,
            "end": 45,
            "ner_label": "PROBLEM",
            "ner_confidence": "0.805175",
            "icd10_code": "R109",
            "icd10_confidence": "0.7166"
        },
        {
            "document": "Complaints of unspecified upper abdominal pain and swelling in a 32-year-old woman led to the evaluation of possible disease of intestine. She had a history of mixed irritable bowel syndrome and congenital lactase deficiency. Several diagnostic tests were performed. Blood tests showed abnormal results of blood chemistry and colonoscopy was performed.",
            "ner_chunk": "swelling",
            "begin": 51,
            "end": 58,
            "ner_label": "PROBLEM",
            "ner_confidence": "0.9994",
            "icd10_code": "R609",
            "icd10_confidence": "0.9867"
        },
        {
            "document": "Complaints of unspecified upper abdominal pain and swelling in a 32-year-old woman led to the evaluation of possible disease of intestine. She had a history of mixed irritable bowel syndrome and congenital lactase deficiency. Several diagnostic tests were performed. Blood tests showed abnormal results of blood chemistry and colonoscopy was performed.",
            "ner_chunk": "the evaluation",
            "begin": 90,
            "end": 103,
            "ner_label": "TEST",
            "ner_confidence": "0.83545",
            "icd10_code": "R4189",
            "icd10_confidence": "0.1486"
        },
        {
            "document": "Complaints of unspecified upper abdominal pain and swelling in a 32-year-old woman led to the evaluation of possible disease of intestine. She had a history of mixed irritable bowel syndrome and congenital lactase deficiency. Several diagnostic tests were performed. Blood tests showed abnormal results of blood chemistry and colonoscopy was performed.",
            "ner_chunk": "disease of intestine",
            "begin": 117,
            "end": 136,
            "ner_label": "PROBLEM",
            "ner_confidence": "0.84213334",
            "icd10_code": "K63.9",
            "icd10_confidence": "0.84213334"
        },
        {
            "document": "Complaints of unspecified upper abdominal pain and swelling in a 32-year-old woman led to the evaluation of possible disease of intestine. She had a history of mixed irritable bowel syndrome and congenital lactase deficiency. Several diagnostic tests were performed. Blood tests showed abnormal results of blood chemistry and colonoscopy was performed.",
            "ner_chunk": "mixed irritable bowel syndrome",
            "begin": 160,
            "end": 189,
            "ner_label": "PROBLEM",
            "ner_confidence": "0.95814997",
            "icd10_code": "K58.2",
            "icd10_confidence": "0.95814997"
        },
        {
            "document": "Complaints of unspecified upper abdominal pain and swelling in a 32-year-old woman led to the evaluation of possible disease of intestine. She had a history of mixed irritable bowel syndrome and congenital lactase deficiency. Several diagnostic tests were performed. Blood tests showed abnormal results of blood chemistry and colonoscopy was performed.",
            "ner_chunk": "congenital lactase deficiency",
            "begin": 195,
            "end": 223,
            "ner_label": "PROBLEM",
            "ner_confidence": "0.9917",
            "icd10_code": "E73.0",
            "icd10_confidence": "0.9917"
        },
        {
            "document": "Complaints of unspecified upper abdominal pain and swelling in a 32-year-old woman led to the evaluation of possible disease of intestine. She had a history of mixed irritable bowel syndrome and congenital lactase deficiency. Several diagnostic tests were performed. Blood tests showed abnormal results of blood chemistry and colonoscopy was performed.",
            "ner_chunk": "Several diagnostic tests",
            "begin": 226,
            "end": 249,
            "ner_label": "TEST",
            "ner_confidence": "0.7106333",
            "icd10_code": "R69",
            "icd10_confidence": "0.1089"
        },
        {
            "document": "Complaints of unspecified upper abdominal pain and swelling in a 32-year-old woman led to the evaluation of possible disease of intestine. She had a history of mixed irritable bowel syndrome and congenital lactase deficiency. Several diagnostic tests were performed. Blood tests showed abnormal results of blood chemistry and colonoscopy was performed.",
            "ner_chunk": "Blood tests",
            "begin": 267,
            "end": 277,
            "ner_label": "TEST",
            "ner_confidence": "0.93785",
            "icd10_code": "Z7689",
            "icd10_confidence": "0.7578"
        },
        {
            "document": "Complaints of unspecified upper abdominal pain and swelling in a 32-year-old woman led to the evaluation of possible disease of intestine. She had a history of mixed irritable bowel syndrome and congenital lactase deficiency. Several diagnostic tests were performed. Blood tests showed abnormal results of blood chemistry and colonoscopy was performed.",
            "ner_chunk": "abnormal results of blood chemistry",
            "begin": 286,
            "end": 320,
            "ner_label": "PROBLEM",
            "ner_confidence": "0.8009399",
            "icd10_code": "R799",
            "icd10_confidence": "0.4222"
        },
        {
            "document": "Complaints of unspecified upper abdominal pain and swelling in a 32-year-old woman led to the evaluation of possible disease of intestine. She had a history of mixed irritable bowel syndrome and congenital lactase deficiency. Several diagnostic tests were performed. Blood tests showed abnormal results of blood chemistry and colonoscopy was performed.",
            "ner_chunk": "colonoscopy",
            "begin": 326,
            "end": 336,
            "ner_label": "TEST",
            "ner_confidence": "0.9871",
            "icd10_code": "Z7689",
            "icd10_confidence": "0.2909"
        }
    ]
}