[
    {
        "ner_predictions": [
            {
                "ner_chunk": "She",
                "begin": 0,
                "end": 2,
                "ner_label": "Gender",
                "ner_confidence": "1.0"
            },
            {
                "ner_chunk": "computed tomography",
                "begin": 16,
                "end": 34,
                "ner_label": "Imaging_Test",
                "ner_confidence": "0.93485"
            },
            {
                "ner_chunk": "CT",
                "begin": 37,
                "end": 38,
                "ner_label": "Imaging_Test",
                "ner_confidence": "0.9724"
            },
            {
                "ner_chunk": "abdomen",
                "begin": 53,
                "end": 59,
                "ner_label": "Site_Other_Body_Part",
                "ner_confidence": "0.9363"
            },
            {
                "ner_chunk": "pelvis",
                "begin": 65,
                "end": 70,
                "ner_label": "Site_Other_Body_Part",
                "ner_confidence": "0.5375"
            },
            {
                "ner_chunk": "ovarian",
                "begin": 96,
                "end": 102,
                "ner_label": "Site_Other_Body_Part",
                "ner_confidence": "0.7866"
            },
            {
                "ner_chunk": "mass",
                "begin": 104,
                "end": 107,
                "ner_label": "Tumor_Finding",
                "ner_confidence": "0.9573"
            },
            {
                "ner_chunk": "Pap smear",
                "begin": 112,
                "end": 120,
                "ner_label": "Pathology_Test",
                "ner_confidence": "0.96725"
            },
            {
                "ner_chunk": "one month later",
                "begin": 132,
                "end": 146,
                "ner_label": "Relative_Date",
                "ner_confidence": "0.8786667"
            },
            {
                "ner_chunk": "atypical glandular cells",
                "begin": 165,
                "end": 188,
                "ner_label": "Pathology_Result",
                "ner_confidence": "0.7270667"
            },
            {
                "ner_chunk": "adenocarcinoma",
                "begin": 205,
                "end": 218,
                "ner_label": "Cancer_Dx",
                "ner_confidence": "0.9992"
            },
            {
                "ner_chunk": "pathologic specimen",
                "begin": 225,
                "end": 243,
                "ner_label": "Pathology_Test",
                "ner_confidence": "0.76105"
            },
            {
                "ner_chunk": "extension",
                "begin": 252,
                "end": 260,
                "ner_label": "Invasion",
                "ner_confidence": "0.9241"
            },
            {
                "ner_chunk": "tumor",
                "begin": 269,
                "end": 273,
                "ner_label": "Tumor_Finding",
                "ner_confidence": "0.9077"
            },
            {
                "ner_chunk": "fallopian tubes",
                "begin": 290,
                "end": 304,
                "ner_label": "Site_Other_Body_Part",
                "ner_confidence": "0.9492"
            },
            {
                "ner_chunk": "appendix",
                "begin": 307,
                "end": 314,
                "ner_label": "Site_Other_Body_Part",
                "ner_confidence": "0.9971"
            },
            {
                "ner_chunk": "omentum",
                "begin": 317,
                "end": 323,
                "ner_label": "Site_Other_Body_Part",
                "ner_confidence": "0.9937"
            },
            {
                "ner_chunk": "lymph nodes",
                "begin": 350,
                "end": 360,
                "ner_label": "Site_Lymph_Node",
                "ner_confidence": "0.80105"
            },
            {
                "ner_chunk": "tumor",
                "begin": 401,
                "end": 405,
                "ner_label": "Tumor_Finding",
                "ner_confidence": "0.9851"
            },
            {
                "ner_chunk": "stage IIIC",
                "begin": 411,
                "end": 420,
                "ner_label": "Staging",
                "ner_confidence": "0.99035"
            },
            {
                "ner_chunk": "papillary",
                "begin": 422,
                "end": 430,
                "ner_label": "Histological_Type",
                "ner_confidence": "0.9979"
            },
            {
                "ner_chunk": "serous ovarian adenocarcinoma",
                "begin": 432,
                "end": 460,
                "ner_label": "Carcinoma_Type",
                "ner_confidence": "0.77426666"
            },
            {
                "ner_chunk": "Two months later",
                "begin": 463,
                "end": 478,
                "ner_label": "Relative_Date",
                "ner_confidence": "0.9206333"
            },
            {
                "ner_chunk": "lung",
                "begin": 512,
                "end": 515,
                "ner_label": "Site_Lung",
                "ner_confidence": "0.9974"
            },
            {
                "ner_chunk": "metastases",
                "begin": 517,
                "end": 526,
                "ner_label": "Metastasis",
                "ner_confidence": "0.9999"
            }
        ],
        "assertion_predictions": [
            {
                "ner_chunk": "mass",
                "begin": 104,
                "end": 107,
                "ner_label": "Tumor_Finding",
                "assertion": "Present",
                "assertion_confidence": "0.999"
            },
            {
                "ner_chunk": "atypical glandular cells",
                "begin": 165,
                "end": 188,
                "ner_label": "Pathology_Result",
                "assertion": "Present",
                "assertion_confidence": "0.9888"
            },
            {
                "ner_chunk": "adenocarcinoma",
                "begin": 205,
                "end": 218,
                "ner_label": "Carcinoma_Type",
                "assertion": "Possible",
                "assertion_confidence": "0.945"
            },
            {
                "ner_chunk": "tumor",
                "begin": 269,
                "end": 273,
                "ner_label": "Tumor_Finding",
                "assertion": "Present",
                "assertion_confidence": "0.9968"
            },
            {
                "ner_chunk": "tumor",
                "begin": 401,
                "end": 405,
                "ner_label": "Tumor_Finding",
                "assertion": "Present",
                "assertion_confidence": "0.9998"
            },
            {
                "ner_chunk": "papillary",
                "begin": 422,
                "end": 430,
                "ner_label": "Histological_Type",
                "assertion": "Present",
                "assertion_confidence": "0.9999"
            },
            {
                "ner_chunk": "serous ovarian adenocarcinoma",
                "begin": 432,
                "end": 460,
                "ner_label": "Carcinoma_Type",
                "assertion": "Present",
                "assertion_confidence": "0.9999"
            },
            {
                "ner_chunk": "metastases",
                "begin": 517,
                "end": 526,
                "ner_label": "Metastasis",
                "assertion": "Present",
                "assertion_confidence": "1.0"
            }
        ],
        "relation_predictions": [
            {
                "ner_chunk1": "abdomen",
                "ner_chunk1_begin": "53",
                "ner_chunk1_end": "59",
                "ner_label1": "Site_Other_Body_Part",
                "ner_chunk2": "mass",
                "ner_chunk2_begin": "104",
                "ner_chunk2_end": "107",
                "ner_label2": "Tumor_Finding",
                "relation": "O",
                "relation_confidence": "0.9437938"
            },
            {
                "ner_chunk1": "pelvis",
                "ner_chunk1_begin": "65",
                "ner_chunk1_end": "70",
                "ner_label1": "Site_Other_Body_Part",
                "ner_chunk2": "mass",
                "ner_chunk2_begin": "104",
                "ner_chunk2_end": "107",
                "ner_label2": "Tumor_Finding",
                "relation": "O",
                "relation_confidence": "0.9618621"
            },
            {
                "ner_chunk1": "ovarian",
                "ner_chunk1_begin": "96",
                "ner_chunk1_end": "102",
                "ner_label1": "Site_Other_Body_Part",
                "ner_chunk2": "mass",
                "ner_chunk2_begin": "104",
                "ner_chunk2_end": "107",
                "ner_label2": "Tumor_Finding",
                "relation": "is_location_of",
                "relation_confidence": "0.921906"
            },
            {
                "ner_chunk1": "Pap smear",
                "ner_chunk1_begin": "112",
                "ner_chunk1_end": "120",
                "ner_label1": "Pathology_Test",
                "ner_chunk2": "atypical glandular cells",
                "ner_chunk2_begin": "165",
                "ner_chunk2_end": "188",
                "ner_label2": "Pathology_Result",
                "relation": "is_finding_of",
                "relation_confidence": "0.6371816"
            },
            {
                "ner_chunk1": "Pap smear",
                "ner_chunk1_begin": "112",
                "ner_chunk1_end": "120",
                "ner_label1": "Pathology_Test",
                "ner_chunk2": "adenocarcinoma",
                "ner_chunk2_begin": "205",
                "ner_chunk2_end": "218",
                "ner_label2": "Cancer_Dx",
                "relation": "is_finding_of",
                "relation_confidence": "0.52542114"
            },
            {
                "ner_chunk1": "extension",
                "ner_chunk1_begin": "252",
                "ner_chunk1_end": "260",
                "ner_label1": "Invasion",
                "ner_chunk2": "fallopian tubes",
                "ner_chunk2_begin": "290",
                "ner_chunk2_end": "304",
                "ner_label2": "Site_Other_Body_Part",
                "relation": "is_location_of",
                "relation_confidence": "0.8339403"
            },
            {
                "ner_chunk1": "extension",
                "ner_chunk1_begin": "252",
                "ner_chunk1_end": "260",
                "ner_label1": "Invasion",
                "ner_chunk2": "appendix",
                "ner_chunk2_begin": "307",
                "ner_chunk2_end": "314",
                "ner_label2": "Site_Other_Body_Part",
                "relation": "is_location_of",
                "relation_confidence": "0.63462126"
            },
            {
                "ner_chunk1": "extension",
                "ner_chunk1_begin": "252",
                "ner_chunk1_end": "260",
                "ner_label1": "Invasion",
                "ner_chunk2": "omentum",
                "ner_chunk2_begin": "317",
                "ner_chunk2_end": "323",
                "ner_label2": "Site_Other_Body_Part",
                "relation": "O",
                "relation_confidence": "0.76050395"
            },
            {
                "ner_chunk1": "tumor",
                "ner_chunk1_begin": "269",
                "ner_chunk1_end": "273",
                "ner_label1": "Tumor_Finding",
                "ner_chunk2": "fallopian tubes",
                "ner_chunk2_begin": "290",
                "ner_chunk2_end": "304",
                "ner_label2": "Site_Other_Body_Part",
                "relation": "is_location_of",
                "relation_confidence": "0.9026299"
            },
            {
                "ner_chunk1": "tumor",
                "ner_chunk1_begin": "269",
                "ner_chunk1_end": "273",
                "ner_label1": "Tumor_Finding",
                "ner_chunk2": "appendix",
                "ner_chunk2_begin": "307",
                "ner_chunk2_end": "314",
                "ner_label2": "Site_Other_Body_Part",
                "relation": "is_location_of",
                "relation_confidence": "0.6649267"
            },
            {
                "ner_chunk1": "tumor",
                "ner_chunk1_begin": "269",
                "ner_chunk1_end": "273",
                "ner_label1": "Tumor_Finding",
                "ner_chunk2": "omentum",
                "ner_chunk2_begin": "317",
                "ner_chunk2_end": "323",
                "ner_label2": "Site_Other_Body_Part",
                "relation": "O",
                "relation_confidence": "0.80328876"
            }
        ]
    },
    {
        "ner_predictions": [
            {
                "ner_chunk": "Chest computed tomography",
                "begin": 0,
                "end": 24,
                "ner_label": "Imaging_Test",
                "ner_confidence": "0.94563335"
            },
            {
                "ner_chunk": "CT",
                "begin": 27,
                "end": 28,
                "ner_label": "Imaging_Test",
                "ner_confidence": "0.9701"
            },
            {
                "ner_chunk": "pulmonary",
                "begin": 38,
                "end": 46,
                "ner_label": "Site_Lung",
                "ner_confidence": "0.9976"
            },
            {
                "ner_chunk": "lesions",
                "begin": 48,
                "end": 54,
                "ner_label": "Tumor_Finding",
                "ner_confidence": "0.9101"
            },
            {
                "ner_chunk": "posterior",
                "begin": 59,
                "end": 67,
                "ner_label": "Direction",
                "ner_confidence": "0.9531"
            },
            {
                "ner_chunk": "right",
                "begin": 80,
                "end": 84,
                "ner_label": "Direction",
                "ner_confidence": "0.9989"
            },
            {
                "ner_chunk": "upper lobe",
                "begin": 86,
                "end": 95,
                "ner_label": "Site_Lung",
                "ner_confidence": "0.78859997"
            },
            {
                "ner_chunk": "peripheral lung cancer",
                "begin": 102,
                "end": 123,
                "ner_label": "Cancer_Dx",
                "ner_confidence": "0.60636663"
            },
            {
                "ner_chunk": "pulmonary",
                "begin": 139,
                "end": 147,
                "ner_label": "Site_Lung",
                "ner_confidence": "0.9929"
            },
            {
                "ner_chunk": "metastases",
                "begin": 149,
                "end": 158,
                "ner_label": "Metastasis",
                "ner_confidence": "0.9999"
            },
            {
                "ner_chunk": "metastases",
                "begin": 170,
                "end": 179,
                "ner_label": "Metastasis",
                "ner_confidence": "0.9993"
            },
            {
                "ner_chunk": "thoracic vertebrae",
                "begin": 188,
                "end": 205,
                "ner_label": "Site_Bone",
                "ner_confidence": "0.9645"
            },
            {
                "ner_chunk": "sternum",
                "begin": 208,
                "end": 214,
                "ner_label": "Site_Bone",
                "ner_confidence": "0.9935"
            },
            {
                "ner_chunk": "ribs",
                "begin": 221,
                "end": 224,
                "ner_label": "Site_Bone",
                "ner_confidence": "0.999"
            },
            {
                "ner_chunk": "CT images",
                "begin": 274,
                "end": 282,
                "ner_label": "Imaging_Test",
                "ner_confidence": "0.90505004"
            }
        ],
        "assertion_predictions": [
            {
                "ner_chunk": "lesions",
                "begin": 48,
                "end": 54,
                "ner_label": "Tumor_Finding",
                "assertion": "Present",
                "assertion_confidence": "0.9971"
            },
            {
                "ner_chunk": "peripheral lung cancer",
                "begin": 102,
                "end": 123,
                "ner_label": "Cancer_Dx",
                "assertion": "Present",
                "assertion_confidence": "0.6839"
            },
            {
                "ner_chunk": "metastases",
                "begin": 149,
                "end": 158,
                "ner_label": "Metastasis",
                "assertion": "Present",
                "assertion_confidence": "0.9992"
            },
            {
                "ner_chunk": "metastases",
                "begin": 170,
                "end": 179,
                "ner_label": "Metastasis",
                "assertion": "Present",
                "assertion_confidence": "0.9904"
            }
        ],
        "relation_predictions": [
            {
                "ner_chunk1": "Chest computed tomography",
                "ner_chunk1_begin": "0",
                "ner_chunk1_end": "24",
                "ner_label1": "Imaging_Test",
                "ner_chunk2": "peripheral lung cancer",
                "ner_chunk2_begin": "102",
                "ner_chunk2_end": "123",
                "ner_label2": "Cancer_Dx",
                "relation": "O",
                "relation_confidence": "0.94332063"
            },
            {
                "ner_chunk1": "CT",
                "ner_chunk1_begin": "27",
                "ner_chunk1_end": "28",
                "ner_label1": "Imaging_Test",
                "ner_chunk2": "peripheral lung cancer",
                "ner_chunk2_begin": "102",
                "ner_chunk2_end": "123",
                "ner_label2": "Cancer_Dx",
                "relation": "O",
                "relation_confidence": "0.96549326"
            },
            {
                "ner_chunk1": "pulmonary",
                "ner_chunk1_begin": "38",
                "ner_chunk1_end": "46",
                "ner_label1": "Site_Lung",
                "ner_chunk2": "lesions",
                "ner_chunk2_begin": "48",
                "ner_chunk2_end": "54",
                "ner_label2": "Tumor_Finding",
                "relation": "is_location_of",
                "relation_confidence": "0.93497586"
            },
            {
                "ner_chunk1": "lesions",
                "ner_chunk1_begin": "48",
                "ner_chunk1_end": "54",
                "ner_label1": "Tumor_Finding",
                "ner_chunk2": "upper lobe",
                "ner_chunk2_begin": "86",
                "ner_chunk2_end": "95",
                "ner_label2": "Site_Lung",
                "relation": "is_location_of",
                "relation_confidence": "0.9341804"
            },
            {
                "ner_chunk1": "lesions",
                "ner_chunk1_begin": "48",
                "ner_chunk1_end": "54",
                "ner_label1": "Tumor_Finding",
                "ner_chunk2": "pulmonary",
                "ner_chunk2_begin": "139",
                "ner_chunk2_end": "147",
                "ner_label2": "Site_Lung",
                "relation": "O",
                "relation_confidence": "0.98256713"
            }
        ]
    }
]