[
    {
        "ner_predictions": [
            {
                "ner_chunk": "2 days",
                "begin": 52,
                "end": 57,
                "ner_label": "DURATION",
                "ner_confidence": "0.97905004"
            },
            {
                "ner_chunk": "congestion",
                "begin": 62,
                "end": 71,
                "ner_label": "PROBLEM",
                "ner_confidence": "0.9915"
            },
            {
                "ner_chunk": "suctioning yellow discharge",
                "begin": 88,
                "end": 114,
                "ner_label": "PROBLEM",
                "ner_confidence": "0.5022667"
            },
            {
                "ner_chunk": "some mild problems with his breathing",
                "begin": 163,
                "end": 199,
                "ner_label": "PROBLEM",
                "ner_confidence": "0.6756833"
            },
            {
                "ner_chunk": "feeding",
                "begin": 207,
                "end": 213,
                "ner_label": "OCCURRENCE",
                "ner_confidence": "0.4077"
            },
            {
                "ner_chunk": "any perioral cyanosis",
                "begin": 233,
                "end": 253,
                "ner_label": "PROBLEM",
                "ner_confidence": "0.7358"
            },
            {
                "ner_chunk": "retractions",
                "begin": 258,
                "end": 268,
                "ner_label": "PROBLEM",
                "ner_confidence": "0.9899"
            },
            {
                "ner_chunk": "One day ago",
                "begin": 272,
                "end": 282,
                "ner_label": "DATE",
                "ner_confidence": "0.80270004"
            },
            {
                "ner_chunk": "a tactile temperature",
                "begin": 302,
                "end": 322,
                "ner_label": "PROBLEM",
                "ner_confidence": "0.7050667"
            },
            {
                "ner_chunk": "the patient Tylenol",
                "begin": 333,
                "end": 351,
                "ner_label": "TREATMENT",
                "ner_confidence": "0.48606667"
            },
            {
                "ner_chunk": "some decreased",
                "begin": 372,
                "end": 385,
                "ner_label": "PROBLEM",
                "ner_confidence": "0.60855"
            },
            {
                "ner_chunk": "intake",
                "begin": 392,
                "end": 397,
                "ner_label": "PROBLEM",
                "ner_confidence": "0.9607"
            },
            {
                "ner_chunk": "His normal breast-feeding",
                "begin": 400,
                "end": 424,
                "ner_label": "OCCURRENCE",
                "ner_confidence": "0.5941667"
            },
            {
                "ner_chunk": "20 minutes",
                "begin": 439,
                "end": 448,
                "ner_label": "DURATION",
                "ner_confidence": "0.9408"
            },
            {
                "ner_chunk": "q.2h.",
                "begin": 450,
                "end": 454,
                "ner_label": "FREQUENCY",
                "ner_confidence": "0.934"
            },
            {
                "ner_chunk": "5 to 10 minutes",
                "begin": 459,
                "end": 473,
                "ner_label": "DURATION",
                "ner_confidence": "0.602875"
            },
            {
                "ner_chunk": "his respiratory congestion",
                "begin": 488,
                "end": 513,
                "ner_label": "PROBLEM",
                "ner_confidence": "0.7455"
            },
            {
                "ner_chunk": "sleeps well",
                "begin": 519,
                "end": 529,
                "ner_label": "OCCURRENCE",
                "ner_confidence": "0.60695"
            },
            {
                "ner_chunk": "more tired",
                "begin": 545,
                "end": 554,
                "ner_label": "PROBLEM",
                "ner_confidence": "0.6257"
            },
            {
                "ner_chunk": "fussy",
                "begin": 569,
                "end": 573,
                "ner_label": "OCCURRENCE",
                "ner_confidence": "0.7786"
            },
            {
                "ner_chunk": "2 days",
                "begin": 589,
                "end": 594,
                "ner_label": "DURATION",
                "ner_confidence": "0.6928"
            },
            {
                "ner_chunk": "improvement",
                "begin": 620,
                "end": 630,
                "ner_label": "OCCURRENCE",
                "ner_confidence": "0.7601"
            },
            {
                "ner_chunk": "albuterol treatments",
                "begin": 637,
                "end": 656,
                "ner_label": "TREATMENT",
                "ner_confidence": "0.97595"
            },
            {
                "ner_chunk": "the ER",
                "begin": 667,
                "end": 672,
                "ner_label": "CLINICAL_DEPT",
                "ner_confidence": "0.7963"
            },
            {
                "ner_chunk": "His urine output",
                "begin": 675,
                "end": 690,
                "ner_label": "TEST",
                "ner_confidence": "0.71680003"
            },
            {
                "ner_chunk": "decreased",
                "begin": 701,
                "end": 709,
                "ner_label": "OCCURRENCE",
                "ner_confidence": "0.5951"
            },
            {
                "ner_chunk": "dirty diapers",
                "begin": 746,
                "end": 758,
                "ner_label": "OCCURRENCE",
                "ner_confidence": "0.39319998"
            },
            {
                "ner_chunk": "24 hours",
                "begin": 764,
                "end": 771,
                "ner_label": "DURATION",
                "ner_confidence": "0.79975"
            },
            {
                "ner_chunk": "4 wet diapers",
                "begin": 793,
                "end": 805,
                "ner_label": "TREATMENT",
                "ner_confidence": "0.3771"
            },
            {
                "ner_chunk": "24 hours",
                "begin": 811,
                "end": 818,
                "ner_label": "DURATION",
                "ner_confidence": "0.6816"
            },
            {
                "ner_chunk": "denies",
                "begin": 825,
                "end": 830,
                "ner_label": "EVIDENTIAL",
                "ner_confidence": "0.9802"
            },
            {
                "ner_chunk": "any diarrhea",
                "begin": 832,
                "end": 843,
                "ner_label": "PROBLEM",
                "ner_confidence": "0.72565"
            },
            {
                "ner_chunk": "yellow colored and soft in nature",
                "begin": 870,
                "end": 902,
                "ner_label": "PROBLEM",
                "ner_confidence": "0.78091663"
            }
        ],
        "assertion_predictions": [
            {
                "ner_chunk": "2 days",
                "begin": 52,
                "end": 57,
                "ner_label": "DURATION",
                "assertion": "present",
                "assertion_confidence": "0.9993"
            },
            {
                "ner_chunk": "congestion",
                "begin": 62,
                "end": 71,
                "ner_label": "PROBLEM",
                "assertion": "present",
                "assertion_confidence": "0.9917"
            },
            {
                "ner_chunk": "suctioning yellow discharge",
                "begin": 88,
                "end": 114,
                "ner_label": "PROBLEM",
                "assertion": "present",
                "assertion_confidence": "0.9998"
            },
            {
                "ner_chunk": "some mild problems with his breathing",
                "begin": 163,
                "end": 199,
                "ner_label": "PROBLEM",
                "assertion": "present",
                "assertion_confidence": "0.9985"
            },
            {
                "ner_chunk": "feeding",
                "begin": 207,
                "end": 213,
                "ner_label": "OCCURRENCE",
                "assertion": "present",
                "assertion_confidence": "0.6945"
            },
            {
                "ner_chunk": "any perioral cyanosis",
                "begin": 233,
                "end": 253,
                "ner_label": "PROBLEM",
                "assertion": "absent",
                "assertion_confidence": "1.0"
            },
            {
                "ner_chunk": "retractions",
                "begin": 258,
                "end": 268,
                "ner_label": "PROBLEM",
                "assertion": "absent",
                "assertion_confidence": "0.9999"
            },
            {
                "ner_chunk": "One day ago",
                "begin": 272,
                "end": 282,
                "ner_label": "DATE",
                "assertion": "present",
                "assertion_confidence": "0.9989"
            },
            {
                "ner_chunk": "a tactile temperature",
                "begin": 302,
                "end": 322,
                "ner_label": "PROBLEM",
                "assertion": "present",
                "assertion_confidence": "0.9998"
            },
            {
                "ner_chunk": "the patient Tylenol",
                "begin": 333,
                "end": 351,
                "ner_label": "TREATMENT",
                "assertion": "present",
                "assertion_confidence": "0.9956"
            },
            {
                "ner_chunk": "some decreased",
                "begin": 372,
                "end": 385,
                "ner_label": "PROBLEM",
                "assertion": "present",
                "assertion_confidence": "0.9999"
            },
            {
                "ner_chunk": "intake",
                "begin": 392,
                "end": 397,
                "ner_label": "PROBLEM",
                "assertion": "present",
                "assertion_confidence": "0.9998"
            },
            {
                "ner_chunk": "His normal breast-feeding",
                "begin": 400,
                "end": 424,
                "ner_label": "OCCURRENCE",
                "assertion": "present",
                "assertion_confidence": "0.9988"
            },
            {
                "ner_chunk": "20 minutes",
                "begin": 439,
                "end": 448,
                "ner_label": "DURATION",
                "assertion": "present",
                "assertion_confidence": "0.8723"
            },
            {
                "ner_chunk": "q.2h.",
                "begin": 450,
                "end": 454,
                "ner_label": "FREQUENCY",
                "assertion": "present",
                "assertion_confidence": "0.9975"
            },
            {
                "ner_chunk": "5 to 10 minutes",
                "begin": 459,
                "end": 473,
                "ner_label": "DURATION",
                "assertion": "present",
                "assertion_confidence": "0.7358"
            },
            {
                "ner_chunk": "his respiratory congestion",
                "begin": 488,
                "end": 513,
                "ner_label": "PROBLEM",
                "assertion": "present",
                "assertion_confidence": "0.9912"
            },
            {
                "ner_chunk": "sleeps well",
                "begin": 519,
                "end": 529,
                "ner_label": "OCCURRENCE",
                "assertion": "present",
                "assertion_confidence": "0.9926"
            },
            {
                "ner_chunk": "more tired",
                "begin": 545,
                "end": 554,
                "ner_label": "PROBLEM",
                "assertion": "present",
                "assertion_confidence": "1.0"
            },
            {
                "ner_chunk": "fussy",
                "begin": 569,
                "end": 573,
                "ner_label": "OCCURRENCE",
                "assertion": "present",
                "assertion_confidence": "0.9998"
            },
            {
                "ner_chunk": "2 days",
                "begin": 589,
                "end": 594,
                "ner_label": "DURATION",
                "assertion": "present",
                "assertion_confidence": "0.9936"
            },
            {
                "ner_chunk": "improvement",
                "begin": 620,
                "end": 630,
                "ner_label": "OCCURRENCE",
                "assertion": "absent",
                "assertion_confidence": "0.7216"
            },
            {
                "ner_chunk": "albuterol treatments",
                "begin": 637,
                "end": 656,
                "ner_label": "TREATMENT",
                "assertion": "present",
                "assertion_confidence": "0.9978"
            },
            {
                "ner_chunk": "the ER",
                "begin": 667,
                "end": 672,
                "ner_label": "CLINICAL_DEPT",
                "assertion": "present",
                "assertion_confidence": "0.9999"
            },
            {
                "ner_chunk": "His urine output",
                "begin": 675,
                "end": 690,
                "ner_label": "TEST",
                "assertion": "present",
                "assertion_confidence": "1.0"
            },
            {
                "ner_chunk": "decreased",
                "begin": 701,
                "end": 709,
                "ner_label": "OCCURRENCE",
                "assertion": "present",
                "assertion_confidence": "1.0"
            },
            {
                "ner_chunk": "dirty diapers",
                "begin": 746,
                "end": 758,
                "ner_label": "OCCURRENCE",
                "assertion": "present",
                "assertion_confidence": "0.9908"
            },
            {
                "ner_chunk": "24 hours",
                "begin": 764,
                "end": 771,
                "ner_label": "DURATION",
                "assertion": "present",
                "assertion_confidence": "0.9312"
            },
            {
                "ner_chunk": "4 wet diapers",
                "begin": 793,
                "end": 805,
                "ner_label": "TREATMENT",
                "assertion": "present",
                "assertion_confidence": "0.994"
            },
            {
                "ner_chunk": "24 hours",
                "begin": 811,
                "end": 818,
                "ner_label": "DURATION",
                "assertion": "hypothetical",
                "assertion_confidence": "0.7336"
            },
            {
                "ner_chunk": "denies",
                "begin": 825,
                "end": 830,
                "ner_label": "EVIDENTIAL",
                "assertion": "absent",
                "assertion_confidence": "0.8928"
            },
            {
                "ner_chunk": "any diarrhea",
                "begin": 832,
                "end": 843,
                "ner_label": "PROBLEM",
                "assertion": "absent",
                "assertion_confidence": "0.9829"
            },
            {
                "ner_chunk": "yellow colored and soft in nature",
                "begin": 870,
                "end": 902,
                "ner_label": "PROBLEM",
                "assertion": "present",
                "assertion_confidence": "0.9996"
            }
        ],
        "relation_predictions": [
            {
                "ner_chunk1": "2 days",
                "ner_chunk1_begin": "52",
                "ner_chunk1_end": "57",
                "ner_label1": "DURATION",
                "ner_chunk2": "congestion",
                "ner_chunk2_begin": "62",
                "ner_chunk2_end": "71",
                "ner_label2": "PROBLEM",
                "relations": "OVERLAP",
                "relation_confidence": "1.0"
            },
            {
                "ner_chunk1": "2 days",
                "ner_chunk1_begin": "52",
                "ner_chunk1_end": "57",
                "ner_label1": "DURATION",
                "ner_chunk2": "suctioning yellow discharge",
                "ner_chunk2_begin": "88",
                "ner_chunk2_end": "114",
                "ner_label2": "PROBLEM",
                "relations": "AFTER",
                "relation_confidence": "0.98134047"
            },
            {
                "ner_chunk1": "2 days",
                "ner_chunk1_begin": "52",
                "ner_chunk1_end": "57",
                "ner_label1": "DURATION",
                "ner_chunk2": "some mild problems with his breathing",
                "ner_chunk2_begin": "163",
                "ner_chunk2_end": "199",
                "ner_label2": "PROBLEM",
                "relations": "OVERLAP",
                "relation_confidence": "0.9952701"
            },
            {
                "ner_chunk1": "2 days",
                "ner_chunk1_begin": "52",
                "ner_chunk1_end": "57",
                "ner_label1": "DURATION",
                "ner_chunk2": "feeding",
                "ner_chunk2_begin": "207",
                "ner_chunk2_end": "213",
                "ner_label2": "OCCURRENCE",
                "relations": "AFTER",
                "relation_confidence": "0.89393985"
            },
            {
                "ner_chunk1": "2 days",
                "ner_chunk1_begin": "52",
                "ner_chunk1_end": "57",
                "ner_label1": "DURATION",
                "ner_chunk2": "any perioral cyanosis",
                "ner_chunk2_begin": "233",
                "ner_chunk2_end": "253",
                "ner_label2": "PROBLEM",
                "relations": "OVERLAP",
                "relation_confidence": "0.9753921"
            },
            {
                "ner_chunk1": "2 days",
                "ner_chunk1_begin": "52",
                "ner_chunk1_end": "57",
                "ner_label1": "DURATION",
                "ner_chunk2": "retractions",
                "ner_chunk2_begin": "258",
                "ner_chunk2_end": "268",
                "ner_label2": "PROBLEM",
                "relations": "OVERLAP",
                "relation_confidence": "0.996166"
            },
            {
                "ner_chunk1": "congestion",
                "ner_chunk1_begin": "62",
                "ner_chunk1_end": "71",
                "ner_label1": "PROBLEM",
                "ner_chunk2": "suctioning yellow discharge",
                "ner_chunk2_begin": "88",
                "ner_chunk2_end": "114",
                "ner_label2": "PROBLEM",
                "relations": "BEFORE",
                "relation_confidence": "0.5852296"
            },
            {
                "ner_chunk1": "congestion",
                "ner_chunk1_begin": "62",
                "ner_chunk1_end": "71",
                "ner_label1": "PROBLEM",
                "ner_chunk2": "some mild problems with his breathing",
                "ner_chunk2_begin": "163",
                "ner_chunk2_end": "199",
                "ner_label2": "PROBLEM",
                "relations": "OVERLAP",
                "relation_confidence": "0.979396"
            },
            {
                "ner_chunk1": "congestion",
                "ner_chunk1_begin": "62",
                "ner_chunk1_end": "71",
                "ner_label1": "PROBLEM",
                "ner_chunk2": "feeding",
                "ner_chunk2_begin": "207",
                "ner_chunk2_end": "213",
                "ner_label2": "OCCURRENCE",
                "relations": "AFTER",
                "relation_confidence": "0.7744387"
            },
            {
                "ner_chunk1": "congestion",
                "ner_chunk1_begin": "62",
                "ner_chunk1_end": "71",
                "ner_label1": "PROBLEM",
                "ner_chunk2": "any perioral cyanosis",
                "ner_chunk2_begin": "233",
                "ner_chunk2_end": "253",
                "ner_label2": "PROBLEM",
                "relations": "OVERLAP",
                "relation_confidence": "0.99254745"
            },
            {
                "ner_chunk1": "congestion",
                "ner_chunk1_begin": "62",
                "ner_chunk1_end": "71",
                "ner_label1": "PROBLEM",
                "ner_chunk2": "retractions",
                "ner_chunk2_begin": "258",
                "ner_chunk2_end": "268",
                "ner_label2": "PROBLEM",
                "relations": "OVERLAP",
                "relation_confidence": "0.9923919"
            },
            {
                "ner_chunk1": "suctioning yellow discharge",
                "ner_chunk1_begin": "88",
                "ner_chunk1_end": "114",
                "ner_label1": "PROBLEM",
                "ner_chunk2": "some mild problems with his breathing",
                "ner_chunk2_begin": "163",
                "ner_chunk2_end": "199",
                "ner_label2": "PROBLEM",
                "relations": "OVERLAP",
                "relation_confidence": "0.8349594"
            },
            {
                "ner_chunk1": "suctioning yellow discharge",
                "ner_chunk1_begin": "88",
                "ner_chunk1_end": "114",
                "ner_label1": "PROBLEM",
                "ner_chunk2": "feeding",
                "ner_chunk2_begin": "207",
                "ner_chunk2_end": "213",
                "ner_label2": "OCCURRENCE",
                "relations": "OVERLAP",
                "relation_confidence": "0.97903824"
            },
            {
                "ner_chunk1": "suctioning yellow discharge",
                "ner_chunk1_begin": "88",
                "ner_chunk1_end": "114",
                "ner_label1": "PROBLEM",
                "ner_chunk2": "any perioral cyanosis",
                "ner_chunk2_begin": "233",
                "ner_chunk2_end": "253",
                "ner_label2": "PROBLEM",
                "relations": "OVERLAP",
                "relation_confidence": "0.96659166"
            },
            {
                "ner_chunk1": "suctioning yellow discharge",
                "ner_chunk1_begin": "88",
                "ner_chunk1_end": "114",
                "ner_label1": "PROBLEM",
                "ner_chunk2": "retractions",
                "ner_chunk2_begin": "258",
                "ner_chunk2_end": "268",
                "ner_label2": "PROBLEM",
                "relations": "OVERLAP",
                "relation_confidence": "0.97655606"
            },
            {
                "ner_chunk1": "some mild problems with his breathing",
                "ner_chunk1_begin": "163",
                "ner_chunk1_end": "199",
                "ner_label1": "PROBLEM",
                "ner_chunk2": "feeding",
                "ner_chunk2_begin": "207",
                "ner_chunk2_end": "213",
                "ner_label2": "OCCURRENCE",
                "relations": "OVERLAP",
                "relation_confidence": "0.99211735"
            },
            {
                "ner_chunk1": "some mild problems with his breathing",
                "ner_chunk1_begin": "163",
                "ner_chunk1_end": "199",
                "ner_label1": "PROBLEM",
                "ner_chunk2": "any perioral cyanosis",
                "ner_chunk2_begin": "233",
                "ner_chunk2_end": "253",
                "ner_label2": "PROBLEM",
                "relations": "OVERLAP",
                "relation_confidence": "0.9992118"
            },
            {
                "ner_chunk1": "some mild problems with his breathing",
                "ner_chunk1_begin": "163",
                "ner_chunk1_end": "199",
                "ner_label1": "PROBLEM",
                "ner_chunk2": "retractions",
                "ner_chunk2_begin": "258",
                "ner_chunk2_end": "268",
                "ner_label2": "PROBLEM",
                "relations": "OVERLAP",
                "relation_confidence": "0.9996226"
            },
            {
                "ner_chunk1": "feeding",
                "ner_chunk1_begin": "207",
                "ner_chunk1_end": "213",
                "ner_label1": "OCCURRENCE",
                "ner_chunk2": "any perioral cyanosis",
                "ner_chunk2_begin": "233",
                "ner_chunk2_end": "253",
                "ner_label2": "PROBLEM",
                "relations": "OVERLAP",
                "relation_confidence": "0.9982949"
            },
            {
                "ner_chunk1": "feeding",
                "ner_chunk1_begin": "207",
                "ner_chunk1_end": "213",
                "ner_label1": "OCCURRENCE",
                "ner_chunk2": "retractions",
                "ner_chunk2_begin": "258",
                "ner_chunk2_end": "268",
                "ner_label2": "PROBLEM",
                "relations": "OVERLAP",
                "relation_confidence": "0.9998673"
            },
            {
                "ner_chunk1": "any perioral cyanosis",
                "ner_chunk1_begin": "233",
                "ner_chunk1_end": "253",
                "ner_label1": "PROBLEM",
                "ner_chunk2": "retractions",
                "ner_chunk2_begin": "258",
                "ner_chunk2_end": "268",
                "ner_label2": "PROBLEM",
                "relations": "OVERLAP",
                "relation_confidence": "1.0"
            },
            {
                "ner_chunk1": "One day ago",
                "ner_chunk1_begin": "272",
                "ner_chunk1_end": "282",
                "ner_label1": "DATE",
                "ner_chunk2": "a tactile temperature",
                "ner_chunk2_begin": "302",
                "ner_chunk2_end": "322",
                "ner_label2": "PROBLEM",
                "relations": "AFTER",
                "relation_confidence": "0.9999715"
            },
            {
                "ner_chunk1": "One day ago",
                "ner_chunk1_begin": "272",
                "ner_chunk1_end": "282",
                "ner_label1": "DATE",
                "ner_chunk2": "the patient Tylenol",
                "ner_chunk2_begin": "333",
                "ner_chunk2_end": "351",
                "ner_label2": "TREATMENT",
                "relations": "AFTER",
                "relation_confidence": "0.9964934"
            },
            {
                "ner_chunk1": "some decreased",
                "ner_chunk1_begin": "372",
                "ner_chunk1_end": "385",
                "ner_label1": "PROBLEM",
                "ner_chunk2": "intake",
                "ner_chunk2_begin": "392",
                "ner_chunk2_end": "397",
                "ner_label2": "PROBLEM",
                "relations": "OVERLAP",
                "relation_confidence": "0.99985564"
            },
            {
                "ner_chunk1": "His normal breast-feeding",
                "ner_chunk1_begin": "400",
                "ner_chunk1_end": "424",
                "ner_label1": "OCCURRENCE",
                "ner_chunk2": "20 minutes",
                "ner_chunk2_begin": "439",
                "ner_chunk2_end": "448",
                "ner_label2": "DURATION",
                "relations": "BEFORE",
                "relation_confidence": "0.73375076"
            },
            {
                "ner_chunk1": "His normal breast-feeding",
                "ner_chunk1_begin": "400",
                "ner_chunk1_end": "424",
                "ner_label1": "OCCURRENCE",
                "ner_chunk2": "q.2h.",
                "ner_chunk2_begin": "450",
                "ner_chunk2_end": "454",
                "ner_label2": "FREQUENCY",
                "relations": "BEFORE",
                "relation_confidence": "0.797558"
            },
            {
                "ner_chunk1": "20 minutes",
                "ner_chunk1_begin": "439",
                "ner_chunk1_end": "448",
                "ner_label1": "DURATION",
                "ner_chunk2": "q.2h.",
                "ner_chunk2_begin": "450",
                "ner_chunk2_end": "454",
                "ner_label2": "FREQUENCY",
                "relations": "OVERLAP",
                "relation_confidence": "1.0"
            },
            {
                "ner_chunk1": "5 to 10 minutes",
                "ner_chunk1_begin": "459",
                "ner_chunk1_end": "473",
                "ner_label1": "DURATION",
                "ner_chunk2": "his respiratory congestion",
                "ner_chunk2_begin": "488",
                "ner_chunk2_end": "513",
                "ner_label2": "PROBLEM",
                "relations": "OVERLAP",
                "relation_confidence": "0.9590743"
            },
            {
                "ner_chunk1": "sleeps well",
                "ner_chunk1_begin": "519",
                "ner_chunk1_end": "529",
                "ner_label1": "OCCURRENCE",
                "ner_chunk2": "more tired",
                "ner_chunk2_begin": "545",
                "ner_chunk2_end": "554",
                "ner_label2": "PROBLEM",
                "relations": "OVERLAP",
                "relation_confidence": "0.99998844"
            },
            {
                "ner_chunk1": "sleeps well",
                "ner_chunk1_begin": "519",
                "ner_chunk1_end": "529",
                "ner_label1": "OCCURRENCE",
                "ner_chunk2": "fussy",
                "ner_chunk2_begin": "569",
                "ner_chunk2_end": "573",
                "ner_label2": "OCCURRENCE",
                "relations": "OVERLAP",
                "relation_confidence": "0.9172904"
            },
            {
                "ner_chunk1": "sleeps well",
                "ner_chunk1_begin": "519",
                "ner_chunk1_end": "529",
                "ner_label1": "OCCURRENCE",
                "ner_chunk2": "2 days",
                "ner_chunk2_begin": "589",
                "ner_chunk2_end": "594",
                "ner_label2": "DURATION",
                "relations": "OVERLAP",
                "relation_confidence": "0.9860114"
            },
            {
                "ner_chunk1": "more tired",
                "ner_chunk1_begin": "545",
                "ner_chunk1_end": "554",
                "ner_label1": "PROBLEM",
                "ner_chunk2": "fussy",
                "ner_chunk2_begin": "569",
                "ner_chunk2_end": "573",
                "ner_label2": "OCCURRENCE",
                "relations": "BEFORE",
                "relation_confidence": "0.97576344"
            },
            {
                "ner_chunk1": "more tired",
                "ner_chunk1_begin": "545",
                "ner_chunk1_end": "554",
                "ner_label1": "PROBLEM",
                "ner_chunk2": "2 days",
                "ner_chunk2_begin": "589",
                "ner_chunk2_end": "594",
                "ner_label2": "DURATION",
                "relations": "OVERLAP",
                "relation_confidence": "0.6890249"
            },
            {
                "ner_chunk1": "fussy",
                "ner_chunk1_begin": "569",
                "ner_chunk1_end": "573",
                "ner_label1": "OCCURRENCE",
                "ner_chunk2": "2 days",
                "ner_chunk2_begin": "589",
                "ner_chunk2_end": "594",
                "ner_label2": "DURATION",
                "relations": "OVERLAP",
                "relation_confidence": "0.9981616"
            },
            {
                "ner_chunk1": "improvement",
                "ner_chunk1_begin": "620",
                "ner_chunk1_end": "630",
                "ner_label1": "OCCURRENCE",
                "ner_chunk2": "albuterol treatments",
                "ner_chunk2_begin": "637",
                "ner_chunk2_end": "656",
                "ner_label2": "TREATMENT",
                "relations": "AFTER",
                "relation_confidence": "0.9897742"
            },
            {
                "ner_chunk1": "improvement",
                "ner_chunk1_begin": "620",
                "ner_chunk1_end": "630",
                "ner_label1": "OCCURRENCE",
                "ner_chunk2": "the ER",
                "ner_chunk2_begin": "667",
                "ner_chunk2_end": "672",
                "ner_label2": "CLINICAL_DEPT",
                "relations": "BEFORE",
                "relation_confidence": "0.9534432"
            },
            {
                "ner_chunk1": "albuterol treatments",
                "ner_chunk1_begin": "637",
                "ner_chunk1_end": "656",
                "ner_label1": "TREATMENT",
                "ner_chunk2": "the ER",
                "ner_chunk2_begin": "667",
                "ner_chunk2_end": "672",
                "ner_label2": "CLINICAL_DEPT",
                "relations": "BEFORE",
                "relation_confidence": "0.96388495"
            },
            {
                "ner_chunk1": "His urine output",
                "ner_chunk1_begin": "675",
                "ner_chunk1_end": "690",
                "ner_label1": "TEST",
                "ner_chunk2": "decreased",
                "ner_chunk2_begin": "701",
                "ner_chunk2_end": "709",
                "ner_label2": "OCCURRENCE",
                "relations": "OVERLAP",
                "relation_confidence": "0.70745426"
            },
            {
                "ner_chunk1": "dirty diapers",
                "ner_chunk1_begin": "746",
                "ner_chunk1_end": "758",
                "ner_label1": "OCCURRENCE",
                "ner_chunk2": "24 hours",
                "ner_chunk2_begin": "764",
                "ner_chunk2_end": "771",
                "ner_label2": "DURATION",
                "relations": "OVERLAP",
                "relation_confidence": "1.0"
            },
            {
                "ner_chunk1": "dirty diapers",
                "ner_chunk1_begin": "746",
                "ner_chunk1_end": "758",
                "ner_label1": "OCCURRENCE",
                "ner_chunk2": "4 wet diapers",
                "ner_chunk2_begin": "793",
                "ner_chunk2_end": "805",
                "ner_label2": "TREATMENT",
                "relations": "OVERLAP",
                "relation_confidence": "0.607079"
            },
            {
                "ner_chunk1": "dirty diapers",
                "ner_chunk1_begin": "746",
                "ner_chunk1_end": "758",
                "ner_label1": "OCCURRENCE",
                "ner_chunk2": "24 hours",
                "ner_chunk2_begin": "811",
                "ner_chunk2_end": "818",
                "ner_label2": "DURATION",
                "relations": "OVERLAP",
                "relation_confidence": "0.8949975"
            },
            {
                "ner_chunk1": "24 hours",
                "ner_chunk1_begin": "764",
                "ner_chunk1_end": "771",
                "ner_label1": "DURATION",
                "ner_chunk2": "4 wet diapers",
                "ner_chunk2_begin": "793",
                "ner_chunk2_end": "805",
                "ner_label2": "TREATMENT",
                "relations": "AFTER",
                "relation_confidence": "0.7404324"
            },
            {
                "ner_chunk1": "24 hours",
                "ner_chunk1_begin": "764",
                "ner_chunk1_end": "771",
                "ner_label1": "DURATION",
                "ner_chunk2": "24 hours",
                "ner_chunk2_begin": "811",
                "ner_chunk2_end": "818",
                "ner_label2": "DURATION",
                "relations": "OVERLAP",
                "relation_confidence": "0.9999856"
            },
            {
                "ner_chunk1": "4 wet diapers",
                "ner_chunk1_begin": "793",
                "ner_chunk1_end": "805",
                "ner_label1": "TREATMENT",
                "ner_chunk2": "24 hours",
                "ner_chunk2_begin": "811",
                "ner_chunk2_end": "818",
                "ner_label2": "DURATION",
                "relations": "OVERLAP",
                "relation_confidence": "1.0"
            },
            {
                "ner_chunk1": "denies",
                "ner_chunk1_begin": "825",
                "ner_chunk1_end": "830",
                "ner_label1": "EVIDENTIAL",
                "ner_chunk2": "any diarrhea",
                "ner_chunk2_begin": "832",
                "ner_chunk2_end": "843",
                "ner_label2": "PROBLEM",
                "relations": "BEFORE",
                "relation_confidence": "1.0"
            }
        ]
    },
    {
        "ner_predictions": [
            {
                "ner_chunk": "presents",
                "begin": 44,
                "end": 51,
                "ner_label": "EVIDENTIAL",
                "ner_confidence": "0.5475"
            },
            {
                "ner_chunk": "chest pain",
                "begin": 80,
                "end": 89,
                "ner_label": "PROBLEM",
                "ner_confidence": "0.8825"
            },
            {
                "ner_chunk": "diabetic",
                "begin": 108,
                "end": 115,
                "ner_label": "PROBLEM",
                "ner_confidence": "0.9961"
            },
            {
                "ner_chunk": "coronary artery disease",
                "begin": 144,
                "end": 166,
                "ner_label": "PROBLEM",
                "ner_confidence": "0.8488334"
            },
            {
                "ner_chunk": "presents",
                "begin": 181,
                "end": 188,
                "ner_label": "OCCURRENCE",
                "ner_confidence": "0.6142"
            },
            {
                "ner_chunk": "today",
                "begin": 190,
                "end": 194,
                "ner_label": "DATE",
                "ner_confidence": "1.0"
            },
            {
                "ner_chunk": "stating",
                "begin": 196,
                "end": 202,
                "ner_label": "EVIDENTIAL",
                "ner_confidence": "0.8975"
            },
            {
                "ner_chunk": "his chest pain",
                "begin": 209,
                "end": 222,
                "ner_label": "PROBLEM",
                "ner_confidence": "0.88573337"
            },
            {
                "ner_chunk": "yesterday evening",
                "begin": 232,
                "end": 248,
                "ner_label": "DATE",
                "ner_confidence": "0.87909997"
            },
            {
                "ner_chunk": "Aspirin",
                "begin": 306,
                "end": 312,
                "ner_label": "TREATMENT",
                "ner_confidence": "0.9978"
            },
            {
                "ner_chunk": "QDay",
                "begin": 328,
                "end": 331,
                "ner_label": "FREQUENCY",
                "ner_confidence": "0.9985"
            },
            {
                "ner_chunk": "Humulin",
                "begin": 334,
                "end": 340,
                "ner_label": "TREATMENT",
                "ner_confidence": "0.9972"
            },
            {
                "ner_chunk": "insulin",
                "begin": 345,
                "end": 351,
                "ner_label": "TREATMENT",
                "ner_confidence": "0.9821"
            },
            {
                "ner_chunk": "HCTZ",
                "begin": 370,
                "end": 373,
                "ner_label": "TREATMENT",
                "ner_confidence": "0.9991"
            },
            {
                "ner_chunk": "QDay",
                "begin": 381,
                "end": 384,
                "ner_label": "FREQUENCY",
                "ner_confidence": "0.9996"
            },
            {
                "ner_chunk": "Nitroglycerin",
                "begin": 387,
                "end": 399,
                "ner_label": "TREATMENT",
                "ner_confidence": "0.999"
            },
            {
                "ner_chunk": "chest pain",
                "begin": 424,
                "end": 433,
                "ner_label": "PROBLEM",
                "ner_confidence": "0.654"
            }
        ],
        "assertion_predictions": [
            {
                "ner_chunk": "presents",
                "begin": 44,
                "end": 51,
                "ner_label": "EVIDENTIAL",
                "assertion": "present",
                "assertion_confidence": "0.8125"
            },
            {
                "ner_chunk": "chest pain",
                "begin": 80,
                "end": 89,
                "ner_label": "PROBLEM",
                "assertion": "present",
                "assertion_confidence": "0.9962"
            },
            {
                "ner_chunk": "diabetic",
                "begin": 108,
                "end": 115,
                "ner_label": "PROBLEM",
                "assertion": "present",
                "assertion_confidence": "0.9986"
            },
            {
                "ner_chunk": "coronary artery disease",
                "begin": 144,
                "end": 166,
                "ner_label": "PROBLEM",
                "assertion": "present",
                "assertion_confidence": "0.9975"
            },
            {
                "ner_chunk": "presents",
                "begin": 181,
                "end": 188,
                "ner_label": "OCCURRENCE",
                "assertion": "present",
                "assertion_confidence": "0.9926"
            },
            {
                "ner_chunk": "today",
                "begin": 190,
                "end": 194,
                "ner_label": "DATE",
                "assertion": "present",
                "assertion_confidence": "0.9992"
            },
            {
                "ner_chunk": "stating",
                "begin": 196,
                "end": 202,
                "ner_label": "EVIDENTIAL",
                "assertion": "present",
                "assertion_confidence": "0.9995"
            },
            {
                "ner_chunk": "his chest pain",
                "begin": 209,
                "end": 222,
                "ner_label": "PROBLEM",
                "assertion": "present",
                "assertion_confidence": "0.9908"
            },
            {
                "ner_chunk": "yesterday evening",
                "begin": 232,
                "end": 248,
                "ner_label": "DATE",
                "assertion": "present",
                "assertion_confidence": "0.9999"
            },
            {
                "ner_chunk": "Aspirin",
                "begin": 306,
                "end": 312,
                "ner_label": "TREATMENT",
                "assertion": "conditional",
                "assertion_confidence": "0.8002"
            },
            {
                "ner_chunk": "QDay",
                "begin": 328,
                "end": 331,
                "ner_label": "FREQUENCY",
                "assertion": "present",
                "assertion_confidence": "0.7494"
            },
            {
                "ner_chunk": "Humulin",
                "begin": 334,
                "end": 340,
                "ner_label": "TREATMENT",
                "assertion": "present",
                "assertion_confidence": "0.9503"
            },
            {
                "ner_chunk": "insulin",
                "begin": 345,
                "end": 351,
                "ner_label": "TREATMENT",
                "assertion": "present",
                "assertion_confidence": "0.8589"
            },
            {
                "ner_chunk": "HCTZ",
                "begin": 370,
                "end": 373,
                "ner_label": "TREATMENT",
                "assertion": "present",
                "assertion_confidence": "0.8429"
            },
            {
                "ner_chunk": "QDay",
                "begin": 381,
                "end": 384,
                "ner_label": "FREQUENCY",
                "assertion": "present",
                "assertion_confidence": "0.7695"
            },
            {
                "ner_chunk": "Nitroglycerin",
                "begin": 387,
                "end": 399,
                "ner_label": "TREATMENT",
                "assertion": "present",
                "assertion_confidence": "0.5952"
            },
            {
                "ner_chunk": "chest pain",
                "begin": 424,
                "end": 433,
                "ner_label": "PROBLEM",
                "assertion": "conditional",
                "assertion_confidence": "0.9576"
            }
        ],
        "relation_predictions": [
            {
                "ner_chunk1": "presents",
                "ner_chunk1_begin": "44",
                "ner_chunk1_end": "51",
                "ner_label1": "EVIDENTIAL",
                "ner_chunk2": "chest pain",
                "ner_chunk2_begin": "80",
                "ner_chunk2_end": "89",
                "ner_label2": "PROBLEM",
                "relations": "BEFORE",
                "relation_confidence": "0.9925897"
            },
            {
                "ner_chunk1": "diabetic",
                "ner_chunk1_begin": "108",
                "ner_chunk1_end": "115",
                "ner_label1": "PROBLEM",
                "ner_chunk2": "coronary artery disease",
                "ner_chunk2_begin": "144",
                "ner_chunk2_end": "166",
                "ner_label2": "PROBLEM",
                "relations": "OVERLAP",
                "relation_confidence": "0.9815786"
            },
            {
                "ner_chunk1": "presents",
                "ner_chunk1_begin": "181",
                "ner_chunk1_end": "188",
                "ner_label1": "OCCURRENCE",
                "ner_chunk2": "today",
                "ner_chunk2_begin": "190",
                "ner_chunk2_end": "194",
                "ner_label2": "DATE",
                "relations": "OVERLAP",
                "relation_confidence": "1.0"
            },
            {
                "ner_chunk1": "presents",
                "ner_chunk1_begin": "181",
                "ner_chunk1_end": "188",
                "ner_label1": "OCCURRENCE",
                "ner_chunk2": "stating",
                "ner_chunk2_begin": "196",
                "ner_chunk2_end": "202",
                "ner_label2": "EVIDENTIAL",
                "relations": "OVERLAP",
                "relation_confidence": "1.0"
            },
            {
                "ner_chunk1": "presents",
                "ner_chunk1_begin": "181",
                "ner_chunk1_end": "188",
                "ner_label1": "OCCURRENCE",
                "ner_chunk2": "his chest pain",
                "ner_chunk2_begin": "209",
                "ner_chunk2_end": "222",
                "ner_label2": "PROBLEM",
                "relations": "BEFORE",
                "relation_confidence": "0.9905425"
            },
            {
                "ner_chunk1": "today",
                "ner_chunk1_begin": "190",
                "ner_chunk1_end": "194",
                "ner_label1": "DATE",
                "ner_chunk2": "stating",
                "ner_chunk2_begin": "196",
                "ner_chunk2_end": "202",
                "ner_label2": "EVIDENTIAL",
                "relations": "OVERLAP",
                "relation_confidence": "1.0"
            },
            {
                "ner_chunk1": "today",
                "ner_chunk1_begin": "190",
                "ner_chunk1_end": "194",
                "ner_label1": "DATE",
                "ner_chunk2": "his chest pain",
                "ner_chunk2_begin": "209",
                "ner_chunk2_end": "222",
                "ner_label2": "PROBLEM",
                "relations": "BEFORE",
                "relation_confidence": "0.9999665"
            },
            {
                "ner_chunk1": "today",
                "ner_chunk1_begin": "190",
                "ner_chunk1_end": "194",
                "ner_label1": "DATE",
                "ner_chunk2": "yesterday evening",
                "ner_chunk2_begin": "232",
                "ner_chunk2_end": "248",
                "ner_label2": "DATE",
                "relations": "OVERLAP",
                "relation_confidence": "0.7473911"
            },
            {
                "ner_chunk1": "stating",
                "ner_chunk1_begin": "196",
                "ner_chunk1_end": "202",
                "ner_label1": "EVIDENTIAL",
                "ner_chunk2": "his chest pain",
                "ner_chunk2_begin": "209",
                "ner_chunk2_end": "222",
                "ner_label2": "PROBLEM",
                "relations": "BEFORE",
                "relation_confidence": "1.0"
            },
            {
                "ner_chunk1": "stating",
                "ner_chunk1_begin": "196",
                "ner_chunk1_end": "202",
                "ner_label1": "EVIDENTIAL",
                "ner_chunk2": "yesterday evening",
                "ner_chunk2_begin": "232",
                "ner_chunk2_end": "248",
                "ner_label2": "DATE",
                "relations": "BEFORE",
                "relation_confidence": "0.6245268"
            },
            {
                "ner_chunk1": "his chest pain",
                "ner_chunk1_begin": "209",
                "ner_chunk1_end": "222",
                "ner_label1": "PROBLEM",
                "ner_chunk2": "yesterday evening",
                "ner_chunk2_begin": "232",
                "ner_chunk2_end": "248",
                "ner_label2": "DATE",
                "relations": "AFTER",
                "relation_confidence": "0.99997187"
            },
            {
                "ner_chunk1": "Aspirin",
                "ner_chunk1_begin": "306",
                "ner_chunk1_end": "312",
                "ner_label1": "TREATMENT",
                "ner_chunk2": "QDay",
                "ner_chunk2_begin": "328",
                "ner_chunk2_end": "331",
                "ner_label2": "FREQUENCY",
                "relations": "OVERLAP",
                "relation_confidence": "1.0"
            },
            {
                "ner_chunk1": "Humulin",
                "ner_chunk1_begin": "334",
                "ner_chunk1_end": "340",
                "ner_label1": "TREATMENT",
                "ner_chunk2": "insulin",
                "ner_chunk2_begin": "345",
                "ner_chunk2_end": "351",
                "ner_label2": "TREATMENT",
                "relations": "OVERLAP",
                "relation_confidence": "1.0"
            },
            {
                "ner_chunk1": "HCTZ",
                "ner_chunk1_begin": "370",
                "ner_chunk1_end": "373",
                "ner_label1": "TREATMENT",
                "ner_chunk2": "QDay",
                "ner_chunk2_begin": "381",
                "ner_chunk2_end": "384",
                "ner_label2": "FREQUENCY",
                "relations": "OVERLAP",
                "relation_confidence": "1.0"
            },
            {
                "ner_chunk1": "Nitroglycerin",
                "ner_chunk1_begin": "387",
                "ner_chunk1_end": "399",
                "ner_label1": "TREATMENT",
                "ner_chunk2": "chest pain",
                "ner_chunk2_begin": "424",
                "ner_chunk2_end": "433",
                "ner_label2": "PROBLEM",
                "relations": "OVERLAP",
                "relation_confidence": "0.99999964"
            }
        ]
    }
]