[
    {
        "ner_predictions": [
            {
                "ner_chunk": "Chinese",
                "begin": 41,
                "end": 47,
                "ner_label": "Race_Ethnicity",
                "ner_confidence": "0.9627"
            },
            {
                "ner_chunk": "construction worker",
                "begin": 54,
                "end": 72,
                "ner_label": "Employment",
                "ner_confidence": "0.82774997"
            },
            {
                "ner_chunk": "smoker",
                "begin": 120,
                "end": 125,
                "ner_label": "Smoking",
                "ner_confidence": "0.9809"
            },
            {
                "ner_chunk": "smoking",
                "begin": 162,
                "end": 168,
                "ner_label": "Smoking",
                "ner_confidence": "0.994"
            },
            {
                "ner_chunk": "a pack",
                "begin": 170,
                "end": 175,
                "ner_label": "Substance_Quantity",
                "ner_confidence": "0.77585"
            },
            {
                "ner_chunk": "alcohol",
                "begin": 222,
                "end": 228,
                "ner_label": "Alcohol",
                "ner_confidence": "0.9693"
            },
            {
                "ner_chunk": "healthy diet",
                "begin": 284,
                "end": 295,
                "ner_label": "Diet",
                "ner_confidence": "0.5705"
            },
            {
                "ner_chunk": "fresh foods",
                "begin": 343,
                "end": 353,
                "ner_label": "Food_Insecurity",
                "ner_confidence": "0.4106"
            },
            {
                "ner_chunk": "Obesity",
                "begin": 376,
                "end": 382,
                "ner_label": "Obesity",
                "ner_confidence": "0.9118"
            },
            {
                "ner_chunk": "BMI 32",
                "begin": 385,
                "end": 390,
                "ner_label": "BMI",
                "ner_confidence": "0.91419995"
            },
            {
                "ner_chunk": "construction worker",
                "begin": 482,
                "end": 500,
                "ner_label": "Employment",
                "ner_confidence": "0.8154"
            },
            {
                "ner_chunk": "smoking",
                "begin": 629,
                "end": 635,
                "ner_label": "Smoking",
                "ner_confidence": "0.9841"
            },
            {
                "ner_chunk": "smoking",
                "begin": 664,
                "end": 670,
                "ner_label": "Smoking",
                "ner_confidence": "0.9758"
            },
            {
                "ner_chunk": "construction worker",
                "begin": 814,
                "end": 832,
                "ner_label": "Employment",
                "ner_confidence": "0.77470005"
            },
            {
                "ner_chunk": "healthy foods",
                "begin": 881,
                "end": 893,
                "ner_label": "Food_Insecurity",
                "ner_confidence": "0.58655"
            },
            {
                "ner_chunk": "access healthcare services",
                "begin": 955,
                "end": 980,
                "ner_label": "Access_To_Care",
                "ner_confidence": "0.4998"
            },
            {
                "ner_chunk": "comprehensive care",
                "begin": 1095,
                "end": 1112,
                "ner_label": "Access_To_Care",
                "ner_confidence": "0.5189"
            },
            {
                "ner_chunk": "well-being",
                "begin": 1199,
                "end": 1208,
                "ner_label": "Quality_Of_Life",
                "ner_confidence": "0.9908"
            },
            {
                "ner_chunk": "Lisinopril",
                "begin": 1225,
                "end": 1234,
                "ner_label": "Drug",
                "ner_confidence": "0.8634"
            },
            {
                "ner_chunk": "ACE inhibitor",
                "begin": 1237,
                "end": 1249,
                "ner_label": "Drug",
                "ner_confidence": "0.65005"
            },
            {
                "ner_chunk": "hypertension",
                "begin": 1256,
                "end": 1267,
                "ner_label": "Disease_Syndrome_Disorder",
                "ner_confidence": "0.9998"
            }
        ],
        "assertion_predictions": [
            {
                "ner_chunk": "construction worker",
                "begin": 54,
                "end": 72,
                "ner_label": "Employment",
                "assertion": "Present_Or_Past",
                "assertion_confidence": "0.5074"
            },
            {
                "ner_chunk": "smoker",
                "begin": 120,
                "end": 125,
                "ner_label": "Smoking",
                "assertion": "Present_Or_Past",
                "assertion_confidence": "0.5439"
            },
            {
                "ner_chunk": "smoking",
                "begin": 162,
                "end": 168,
                "ner_label": "Smoking",
                "assertion": "Present_Or_Past",
                "assertion_confidence": "0.5067"
            },
            {
                "ner_chunk": "alcohol",
                "begin": 222,
                "end": 228,
                "ner_label": "Alcohol",
                "assertion": "Hypothetical_Or_Absent",
                "assertion_confidence": "0.5323"
            },
            {
                "ner_chunk": "healthy diet",
                "begin": 284,
                "end": 295,
                "ner_label": "Diet",
                "assertion": "Hypothetical_Or_Absent",
                "assertion_confidence": "0.6241"
            },
            {
                "ner_chunk": "fresh foods",
                "begin": 343,
                "end": 353,
                "ner_label": "Food_Insecurity",
                "assertion": "Present_Or_Past",
                "assertion_confidence": "0.5075"
            },
            {
                "ner_chunk": "Obesity",
                "begin": 376,
                "end": 382,
                "ner_label": "Obesity",
                "assertion": "Hypothetical_Or_Absent",
                "assertion_confidence": "0.5245"
            },
            {
                "ner_chunk": "BMI 32",
                "begin": 385,
                "end": 390,
                "ner_label": "Obesity",
                "assertion": "Present_Or_Past",
                "assertion_confidence": "0.6096"
            },
            {
                "ner_chunk": "construction worker",
                "begin": 482,
                "end": 500,
                "ner_label": "Employment",
                "assertion": "Present_Or_Past",
                "assertion_confidence": "0.5835"
            },
            {
                "ner_chunk": "smoking",
                "begin": 629,
                "end": 635,
                "ner_label": "Smoking",
                "assertion": "Present_Or_Past",
                "assertion_confidence": "0.5389"
            },
            {
                "ner_chunk": "smoking",
                "begin": 664,
                "end": 670,
                "ner_label": "Smoking",
                "assertion": "Present_Or_Past",
                "assertion_confidence": "0.5004"
            },
            {
                "ner_chunk": "construction worker",
                "begin": 814,
                "end": 832,
                "ner_label": "Employment",
                "assertion": "Present_Or_Past",
                "assertion_confidence": "0.6962"
            },
            {
                "ner_chunk": "healthy foods",
                "begin": 881,
                "end": 893,
                "ner_label": "Food_Insecurity",
                "assertion": "Present_Or_Past",
                "assertion_confidence": "0.5413"
            },
            {
                "ner_chunk": "access healthcare services",
                "begin": 955,
                "end": 980,
                "ner_label": "Access_To_Care",
                "assertion": "Hypothetical_Or_Absent",
                "assertion_confidence": "0.8683"
            },
            {
                "ner_chunk": "comprehensive care",
                "begin": 1095,
                "end": 1112,
                "ner_label": "Access_To_Care",
                "assertion": "Present_Or_Past",
                "assertion_confidence": "0.5939"
            },
            {
                "ner_chunk": "well-being",
                "begin": 1199,
                "end": 1208,
                "ner_label": "Quality_Of_Life",
                "assertion": "Present_Or_Past",
                "assertion_confidence": "0.4943"
            },
            {
                "ner_chunk": "hypertension",
                "begin": 1256,
                "end": 1267,
                "ner_label": "Disease_Syndrome_Disorder",
                "assertion": "Hypothetical_Or_Absent",
                "assertion_confidence": "0.6363"
            }
        ],
        "relation_predictions": [
            {
                "ner_chunk1": "smoker",
                "ner_chunk1_begin": "120",
                "ner_chunk1_end": "125",
                "ner_label1": "Smoking",
                "ner_chunk2": "a pack",
                "ner_chunk2_begin": "170",
                "ner_chunk2_end": "175",
                "ner_label2": "Substance_Quantity",
                "relations": "Smoking-Substance_Quantity",
                "relation_confidence": "1.0"
            },
            {
                "ner_chunk1": "smoking",
                "ner_chunk1_begin": "162",
                "ner_chunk1_end": "168",
                "ner_label1": "Smoking",
                "ner_chunk2": "a pack",
                "ner_chunk2_begin": "170",
                "ner_chunk2_end": "175",
                "ner_label2": "Substance_Quantity",
                "relations": "Smoking-Substance_Quantity",
                "relation_confidence": "1.0"
            },
            {
                "ner_chunk1": "Obesity",
                "ner_chunk1_begin": "376",
                "ner_chunk1_end": "382",
                "ner_label1": "Obesity",
                "ner_chunk2": "BMI 32",
                "ner_chunk2_begin": "385",
                "ner_chunk2_end": "390",
                "ner_label2": "BMI",
                "relations": "Obesity-BMI",
                "relation_confidence": "1.0"
            },
            {
                "ner_chunk1": "Lisinopril",
                "ner_chunk1_begin": "1225",
                "ner_chunk1_end": "1234",
                "ner_label1": "Drug",
                "ner_chunk2": "hypertension",
                "ner_chunk2_begin": "1256",
                "ner_chunk2_end": "1267",
                "ner_label2": "Disease_Syndrome_Disorder",
                "relations": "Drug-Disease_Syndrome_Disorder",
                "relation_confidence": "1.0"
            },
            {
                "ner_chunk1": "ACE inhibitor",
                "ner_chunk1_begin": "1237",
                "ner_chunk1_end": "1249",
                "ner_label1": "Drug",
                "ner_chunk2": "hypertension",
                "ner_chunk2_begin": "1256",
                "ner_chunk2_end": "1267",
                "ner_label2": "Disease_Syndrome_Disorder",
                "relations": "Drug-Disease_Syndrome_Disorder",
                "relation_confidence": "1.0"
            }
        ]
    }
]