{
    "predictions": [
        [
            {
                "ner_chunk": "morbid obesity",
                "begin": 68,
                "end": 81,
                "ner_label": "OBESE",
                "ner_confidence": "0.7796"
            },
            {
                "ner_chunk": "BMI of 69.7",
                "begin": 140,
                "end": 150,
                "ner_label": "OBESE",
                "ner_confidence": "0.6635"
            },
            {
                "ner_chunk": "hypertension",
                "begin": 184,
                "end": 195,
                "ner_label": "HYPERTENSION",
                "ner_confidence": "0.8817"
            }
        ]
    ]
}