{
    "predictions": [
        [
            {
                "ner_chunk": "tumor",
                "begin": 60,
                "end": 64,
                "ner_label": "Tumor_Finding",
                "ner_confidence": "0.9633",
                "code": "8000/1",
                "resolution": "tumor",
                "all_k_codes": "8000/1:::8040/1:::8001/1:::9365/3:::8000/6:::8103/0:::9364/3:::8940/0:::8561/0:::9230/1:::8000/3:::9365/3-C76.1:::8100/0:::8158/3:::800:::8711/0:::9135/1:::8935/1:::8010/3:::8815/1:::8960/3:::8312/3:::8153/3",
                "all_k_resolutions": "tumor:::tumorlet:::tumor cells:::askin tumor:::tumor, secondary:::pilar tumor:::ewing tumor:::mixed tumor:::warthin tumor:::codman tumor:::cancer:::askin tumor of thorax:::brooke tumor:::acth-producing tumor:::neoplasms:::glomus tumor:::dabska tumor:::stromal tumor:::carcinoma:::localized fibrous tumor:::wilms tumor:::grawitz tumor:::g cell tumor",
                "all_k_distances": "0.0000:::6.2854:::7.2306:::8.0490:::8.2619:::9.2572:::9.3351:::9.5498:::9.8335:::10.1951:::10.2648:::10.3364:::10.7574:::10.8951:::10.9171:::10.9504:::10.9568:::11.1854:::11.2265:::11.2477:::11.2602:::11.2972:::11.3218"
            },
            {
                "ner_chunk": "breast cancer",
                "begin": 85,
                "end": 97,
                "ner_label": "Oncological",
                "ner_confidence": "0.939",
                "code": "8010/3-C50.9",
                "resolution": "carcinoma, of breast",
                "all_k_codes": "8010/3-C50.9:::8140/3-C50.9:::8980/3-C50.9:::8230/3-C50.9:::8520/3-C50.9:::8575/3-C50.9:::8510/3-C50.9:::8051/3-C50.9:::8440/3-C50.9:::8201/3-C50.9:::8410/3-C50.9:::8070/3-C50.9:::8050/3-C50.9:::8550/3-C50.9:::8530/3-C50.9:::8560/3-C50.9:::8501/3-C50.9:::8800/3-C50.9:::8810/3-C50.9:::8010/2-C50.9:::8010/3-C50.6:::8145/3-C50.9:::8500/3-C50.9:::8021/3-C50.9:::9010/0-C50.9",
                "all_k_resolutions": "carcinoma, of breast:::adenocarcinoma, of breast:::carcinosarcoma, of breast:::solid carcinoma, of breast:::lobular carcinoma, of breast:::metaplastic carcinoma, of breast:::medullary carcinoma, of breast:::verrucous carcinoma, of breast:::cystadenocarcinoma, of breast:::cribriform carcinoma, of breast:::sebaceous carcinoma of breast:::squamous cell carcinoma, of breast:::papillary carcinoma, of breast:::acinar cell carcinoma of breast:::inflammatory carcinoma of breast:::adenosquamous carcinoma of breast:::comedocarcinoma, of breast:::sarcoma, of breast:::fibrosarcoma, of breast:::carcinoma in situ, of breast:::carcinoma, of axillary tail of breast:::carcinoma, diffuse type of breast:::infiltrating duct carcinoma, of breast:::carcinoma, anaplastic, of breast:::fibroadenoma, of breast",
                "all_k_distances": "5.7740:::6.7579:::7.2199:::7.2368:::7.2713:::7.4459:::7.4703:::7.5246:::7.7778:::7.8426:::7.8444:::7.8521:::7.8565:::7.8621:::7.8664:::7.8862:::7.8897:::7.9308:::8.0135:::8.1355:::8.2741:::8.2747:::8.3045:::8.3297:::8.3516"
            },
            {
                "ner_chunk": "hepatocellular",
                "begin": 102,
                "end": 115,
                "ner_label": "Histological_Type",
                "ner_confidence": "0.9995",
                "code": "C22.0",
                "resolution": "liver",
                "all_k_codes": "C22.0:::C22:::C22.1:::8140/0-C22.0:::9080/1-C22.0:::8010/3-C22.0:::C24.0:::8140/3-C22.0:::8170/3:::C24.9:::8440/0-C22.0:::C21.2:::C18.3:::C71:::C42.3:::C75.9:::C42.2:::C26.0:::8576/3:::8001/3-C22.0:::8000/3-C22.0:::8800/3-C22.0:::C25.3",
                "all_k_resolutions": "liver:::liver and intrahepatic bile ducts:::intrahepatic bile duct:::adenoma, of liver:::teratoma, of liver:::carcinoma, of liver:::extrahepatic bile duct:::adenocarcinoma, of liver:::hepatoma:::billiary tract:::cystadenoma, of liver:::cloacogenic zone:::hepatic flexure of colon:::brain:::reticuloendothelial system:::endocrine gland:::spleen:::intestinal tract:::hepatoid carcinoma:::tumor cells, malignant of liver:::neoplasm, malignant of liver:::sarcoma, of liver:::pancreatic duct",
                "all_k_distances": "8.9670:::9.5345:::10.0203:::10.5846:::11.4080:::11.4539:::11.5473:::11.7515:::12.0136:::12.1413:::12.1659:::12.4287:::12.5463:::12.5747:::12.5802:::12.6025:::12.6953:::12.6954:::12.8245:::12.8977:::12.9020:::12.9039:::12.9249"
            },
            {
                "ner_chunk": "carcinoma",
                "begin": 117,
                "end": 125,
                "ner_label": "Cancer_Dx",
                "ner_confidence": "0.971",
                "code": "8010/3",
                "resolution": "carcinoma",
                "all_k_codes": "8010/3:::8010/9:::8420/3:::8480/3:::8240/3:::8550/3:::8140/3:::8010/6:::8530/3:::8980/3:::8070/3:::8010/3-C06.9:::8054/3:::8520/3:::8010/2:::8244/3:::8141/3:::8051/3:::8575/3:::8481/3:::8110/3:::8441/3",
                "all_k_resolutions": "carcinoma:::carcinomatosis:::ceruminous carcinoma:::mucous carcinoma:::carcinoid:::acinar carcinoma:::adenocarcinoma:::secondary carcinoma:::inflammatory carcinoma:::carcinosarcoma:::squamous carcinoma:::carcinoma, of mouth:::warty carcinoma:::lobular carcinoma:::carcinoma in situ:::composite carcinoid:::scirrhous carcinoma:::verrucous carcinoma:::metaplastic carcinoma:::mucin-producing carcinoma:::matrical carcinoma:::serous carcinoma",
                "all_k_distances": "0.0000:::3.8145:::6.1551:::6.1916:::6.2402:::6.7504:::6.9016:::6.9301:::7.1193:::7.1926:::7.2897:::7.3397:::7.4187:::7.4689:::7.4910:::7.6357:::7.6536:::7.7765:::7.7787:::7.7825:::7.8719:::7.8739"
            },
            {
                "ner_chunk": "colorectal cancer",
                "begin": 130,
                "end": 146,
                "ner_label": "Oncological",
                "ner_confidence": "0.9151",
                "code": "8010/3-C18.9",
                "resolution": "carcinoma, of colon",
                "all_k_codes": "8010/3-C18.9:::8140/3-C18.9:::8010/3-C18.6:::8140/3-C18.6:::8144/3-C18.9:::8070/3-C18.9:::8144/3-C18.4:::8230/3-C18.9:::8230/3-C18.6:::8980/3-C18.9:::8010/3-C18.4:::8010/3-C18.2:::8144/3-C18.3:::8140/3-C18.4:::8010/3-C17.1:::8145/3-C18.9:::8070/3-C18.6:::8010/3-C26.0:::8144/3-C18.0:::8230/3-C18.4:::8145/3-C18.4:::8140/3-C26.0:::8144/3-C18.2:::8140/3-C18.3:::8010/3-C18.0",
                "all_k_resolutions": "carcinoma, of colon:::adenocarcinoma, of colon:::carcinoma, of descending colon:::adenocarcinoma, of descending colon:::adenocarcinoma, intestinal type of colon:::squamous cell carcinoma, of colon:::adenocarcinoma, intestinal type of transverse colon:::solid carcinoma, of colon:::solid carcinoma, of descending colon:::carcinosarcoma, of colon:::carcinoma, of transverse colon:::carcinoma, of ascending colon:::adenocarcinoma, intestinal type of hepatic flexure of colon:::adenocarcinoma, of transverse colon:::carcinoma, of jejunum:::carcinoma, diffuse type of colon:::squamous cell carcinoma, of descending colon:::carcinoma, of intestinal tract:::adenocarcinoma, intestinal type of cecum:::solid carcinoma, of transverse colon:::carcinoma, diffuse type of transverse colon:::adenocarcinoma, of intestinal tract:::adenocarcinoma, intestinal type of ascending colon:::adenocarcinoma, of hepatic flexure of colon:::carcinoma, of cecum",
                "all_k_distances": "7.9763:::8.4326:::8.4762:::8.6332:::8.6565:::8.6715:::8.6837:::8.7222:::8.8114:::8.8851:::8.9076:::8.9230:::8.9351:::8.9363:::9.0841:::9.0984:::9.1072:::9.1194:::9.1574:::9.1843:::9.1883:::9.1909:::9.1956:::9.2173:::9.2272"
            },
            {
                "ner_chunk": "parathyroid carcinoma",
                "begin": 152,
                "end": 172,
                "ner_label": "Oncological",
                "ner_confidence": "0.8334",
                "code": "8010/3-C75.0",
                "resolution": "carcinoma, of parathyroid gland",
                "all_k_codes": "8010/3-C75.0:::8140/3-C75.0:::8141/3-C75.0:::8320/3-C75.0:::8010/2-C75.0:::8022/3-C75.0:::8021/3-C75.0:::8015/3-C75.0:::8140/2-C75.0:::8290/3-C75.0:::9081/3-C75.0:::8323/3-C75.0:::8000/3-C75.0:::9070/3-C75.0:::8012/3-C75.0:::8001/3-C75.0:::9060/3-C75.0:::8147/3-C75.0:::9064/3-C75.0:::8000/6-C75.0:::8011/3-C75.0:::8321/0-C75.0:::8143/3-C75.0:::8255/3-C75.0:::9503/3-C75.0",
                "all_k_resolutions": "carcinoma, of parathyroid gland:::adenocarcinoma, of parathyroid gland:::scirrhous adenocarcinoma of parathyroid gland:::granular cell carcinoma of parathyroid gland:::carcinoma in situ, of parathyroid gland:::pleomorphic carcinoma of parathyroid gland:::carcinoma, anaplastic, of parathyroid gland:::glassy cell carcinoma of parathyroid gland:::adenocarcinoma in situ, of parathyroid gland:::oxyphilic adenocarcinoma of parathyroid gland:::teratocarcinoma of parathyroid gland:::mixed cell adenocarcinoma of parathyroid gland:::neoplasm, malignant of parathyroid gland:::embryonal carcinoma, of parathyroid gland:::large cell carcinoma, of parathyroid gland:::tumor cells, malignant of parathyroid gland:::dysgerminoma of parathyroid gland:::basal cell adenocarcinoma of parathyroid gland:::germinoma of parathyroid gland:::neoplasm, metastatic of parathyroid gland:::epithelioma, malignant of parathyroid gland:::chief cell adenoma of parathyroid gland:::superficial spreading adenocarcinoma of parathyroid gland:::adenocarcinoma with mixed subtypes of parathyroid gland:::neuroepithelioma, of parathyroid gland",
                "all_k_distances": "5.6365:::5.9059:::6.3216:::6.3662:::6.4008:::6.4764:::6.5107:::6.5738:::6.9338:::7.1116:::7.1136:::7.1309:::7.3423:::7.3451:::7.4478:::7.4911:::7.5117:::7.5150:::7.5195:::7.6392:::7.6936:::7.8961:::7.9731:::8.0687:::8.1319"
            }
        ],
        [
            {
                "ner_chunk": "cancers",
                "begin": 45,
                "end": 51,
                "ner_label": "Oncological",
                "ner_confidence": "0.962",
                "code": "8000/3",
                "resolution": "cancer",
                "all_k_codes": "8000/3:::8010/3:::8010/9:::800:::8420/3:::8140/3:::8010/3-C76.0:::8010/6:::8010/3-C44.5:::8010/3-C26.0:::8010/3-C76.1:::8000/1:::8240/3:::8010/3-C06.9:::8021/3:::8010/9-C44.9:::8530/3:::8550/3:::8001/1:::8010/3-C77.8:::8230/3:::8010/3-C21.0:::8070/3:::8010/3-C44.9",
                "all_k_resolutions": "cancer:::carcinoma:::carcinomatosis:::neoplasms:::ceruminous carcinoma:::adenocarcinoma:::carcinoma, of head, face or neck:::secondary carcinoma:::carcinoma, of skin of trunk:::carcinoma, of intestinal tract:::carcinoma, of thorax:::neoplasm:::carcinoid:::carcinoma, of mouth:::carcinoma, anaplastic:::carcinomatosis of skin:::inflammatory carcinoma:::acinar carcinoma:::tumor cells:::carcinoma, of lymph nodes of multiple regions:::solid carcinoma:::carcinoma, of anus:::squamous carcinoma:::carcinoma, of skin",
                "all_k_distances": "4.5858:::8.0682:::8.9112:::9.9677:::10.0723:::10.1706:::10.3023:::10.3163:::10.3208:::10.3436:::10.3452:::10.3817:::10.3965:::10.4648:::10.4772:::10.5091:::10.5263:::10.6105:::10.6343:::10.6414:::10.6562:::10.6711:::10.6929:::10.7156"
            },
            {
                "ner_chunk": "bladder cancer",
                "begin": 64,
                "end": 77,
                "ner_label": "Oncological",
                "ner_confidence": "0.92655003",
                "code": "8010/3-C67.9",
                "resolution": "carcinoma, of bladder",
                "all_k_codes": "8010/3-C67.9:::8010/3-C67.5:::8230/3-C67.9:::8140/3-C67.9:::8441/3-C67.9:::8120/3-C67.9:::8070/3-C67.9:::8980/3-C67.9:::8140/3-C67.5:::8230/3-C67.5:::8051/3-C67.9:::8510/3-C67.9:::8050/3-C67.9:::8051/3-C67.5:::8560/3-C67.9:::8010/2-C67.9:::8070/3-C67.5:::8120/3-C67.5:::8010/3-C67.1:::8130/3-C67.9:::8120/2-C67.9:::8510/3-C67.5:::8050/3-C67.5:::8120/3:::8980/3-C67.5",
                "all_k_resolutions": "carcinoma, of bladder:::carcinoma, of bladder neck:::solid carcinoma, of bladder:::adenocarcinoma, of bladder:::serous carcinoma, of bladder:::transitional cell carcinoma, of bladder:::squamous cell carcinoma, of bladder:::carcinosarcoma, of bladder:::adenocarcinoma, of bladder neck:::solid carcinoma, of bladder neck:::verrucous carcinoma, of bladder:::medullary carcinoma, of bladder:::papillary carcinoma, of bladder:::verrucous carcinoma, of bladder neck:::adenosquamous carcinoma of bladder:::carcinoma in situ, of bladder:::squamous cell carcinoma, of bladder neck:::transitional cell carcinoma, of bladder neck:::carcinoma, of dome of bladder:::papillary urothelial carcinoma of bladder:::urothelial carcinoma in situ of bladder:::medullary carcinoma, of bladder neck:::papillary carcinoma, of bladder neck:::urothelial carcinoma:::carcinosarcoma, of bladder neck",
                "all_k_distances": "6.5813:::6.8966:::7.0982:::7.1115:::7.1915:::7.2715:::7.3158:::7.5210:::7.6405:::7.6936:::7.7054:::7.7917:::7.8292:::7.8487:::7.9305:::8.0157:::8.0769:::8.1050:::8.1611:::8.1740:::8.2709:::8.2711:::8.2749:::8.2969:::8.3491"
            },
            {
                "ner_chunk": "skin cancer",
                "begin": 85,
                "end": 95,
                "ner_label": "Oncological",
                "ner_confidence": "0.8052",
                "code": "8010/3-C44.9",
                "resolution": "carcinoma, of skin",
                "all_k_codes": "8010/3-C44.9:::8010/9-C44.9:::8070/3-C44.9:::8140/3-C44.9:::8980/3-C44.9:::8010/3-C44.5:::8409/3-C44.9:::8560/3-C44.9:::8051/3-C44.9:::8010/2-C44.9:::8201/3-C44.9:::8575/3-C44.9:::8390/3:::8230/3-C44.9:::8070/3:::8094/3-C44.9:::8410/3-C44.9:::8110/3-C44.9:::8010/3:::8070/3-C44.5:::8010/3-C44.4:::8051/3-C44.5:::8247/3-C44.9:::8440/3-C44.9",
                "all_k_resolutions": "carcinoma, of skin:::carcinomatosis of skin:::squamous cell carcinoma, of skin:::adenocarcinoma, of skin:::carcinosarcoma, of skin:::carcinoma, of skin of trunk:::porocarcinoma, of skin:::adenosquamous carcinoma of skin:::verrucous carcinoma, of skin:::carcinoma in situ, of skin:::cribriform carcinoma, of skin:::metaplastic carcinoma, of skin:::skin appendage carcinoma:::solid carcinoma, of skin:::squamous carcinoma:::basosquamous carcinoma of skin:::sebaceous carcinoma of skin:::pilomatrical carcinoma of skin:::carcinoma:::squamous cell carcinoma, of skin of trunk:::carcinoma, of skin of scalp and neck:::verrucous carcinoma, of skin of trunk:::merkel cell carcinoma of skin:::cystadenocarcinoma, of skin",
                "all_k_distances": "7.0142:::7.0919:::7.6409:::7.9804:::7.9894:::8.1074:::8.2439:::8.2525:::8.3252:::8.3588:::8.3853:::8.4741:::8.4997:::8.5081:::8.5755:::8.7097:::8.8165:::8.8351:::8.8808:::8.9103:::8.9701:::9.1659:::9.1903:::9.2141"
            },
            {
                "ner_chunk": "tumor",
                "begin": 164,
                "end": 168,
                "ner_label": "Oncological",
                "ner_confidence": "0.9592",
                "code": "8000/1",
                "resolution": "tumor",
                "all_k_codes": "8000/1:::8040/1:::8001/1:::9365/3:::8000/6:::8103/0:::9364/3:::8940/0:::8561/0:::9230/1:::8000/3:::9365/3-C76.1:::8100/0:::8158/3:::800:::8711/0:::9135/1:::8935/1:::8010/3:::8815/1:::8960/3:::8312/3:::8153/3",
                "all_k_resolutions": "tumor:::tumorlet:::tumor cells:::askin tumor:::tumor, secondary:::pilar tumor:::ewing tumor:::mixed tumor:::warthin tumor:::codman tumor:::cancer:::askin tumor of thorax:::brooke tumor:::acth-producing tumor:::neoplasms:::glomus tumor:::dabska tumor:::stromal tumor:::carcinoma:::localized fibrous tumor:::wilms tumor:::grawitz tumor:::g cell tumor",
                "all_k_distances": "0.0000:::6.2854:::7.2306:::8.0490:::8.2619:::9.2572:::9.3351:::9.5498:::9.8335:::10.1951:::10.2648:::10.3364:::10.7574:::10.8951:::10.9171:::10.9504:::10.9568:::11.1854:::11.2265:::11.2477:::11.2602:::11.2972:::11.3218"
            },
            {
                "ner_chunk": "endometrial cancer",
                "begin": 222,
                "end": 239,
                "ner_label": "Oncological",
                "ner_confidence": "0.96370006",
                "code": "8380/3",
                "resolution": "endometrioid carcinoma",
                "all_k_codes": "8380/3:::8010/3-C54.1:::8380/3-C57.9:::8575/3-C54.1:::8560/3-C54.1:::8441/3-C54.1:::8140/3-C54.1:::8051/3-C54.1:::8384/3-C54.1:::8230/3-C54.1:::8440/3-C54.1:::8021/3-C54.1:::8010/2-C54.1:::8070/3-C54.1:::8380/3-C53.0:::8262/3-C54.1:::8575/3-C53.0:::8201/3-C54.1:::8120/3-C54.1:::8980/3-C54.1:::8050/3-C54.1:::8380/3-C54.1:::8510/3-C54.1:::8140/2-C54.1",
                "all_k_resolutions": "endometrioid carcinoma:::carcinoma, of endometrium:::endometrioid adenocarcinoma, of female genital tract:::metaplastic carcinoma, of endometrium:::adenosquamous carcinoma of endometrium:::serous carcinoma, of endometrium:::adenocarcinoma, of endometrium:::verrucous carcinoma, of endometrium:::adenocarcinoma, endocervical type, of endometrium:::solid carcinoma, of endometrium:::cystadenocarcinoma, of endometrium:::carcinoma, anaplastic, of endometrium:::carcinoma in situ, of endometrium:::squamous cell carcinoma, of endometrium:::endometrioid adenocarcinoma, of endocervix:::villous adenocarcinoma of endometrium:::metaplastic carcinoma, of endocervix:::cribriform carcinoma, of endometrium:::transitional cell carcinoma, of endometrium:::carcinosarcoma, of endometrium:::papillary carcinoma, of endometrium:::endometrioid adenocarcinoma, of endometrium:::medullary carcinoma, of endometrium:::adenocarcinoma in situ, of endometrium",
                "all_k_distances": "5.9497:::6.3493:::6.4270:::6.7552:::6.9049:::6.9146:::6.9304:::6.9807:::7.0144:::7.0688:::7.0777:::7.0950:::7.1113:::7.1223:::7.1493:::7.2301:::7.2546:::7.2696:::7.2941:::7.3189:::7.3300:::7.3586:::7.3971:::7.3997"
            },
            {
                "ner_chunk": "squamous cell",
                "begin": 245,
                "end": 257,
                "ner_label": "Histological_Type",
                "ner_confidence": "0.9893",
                "code": "805-808",
                "resolution": "squamous cell neoplasms",
                "all_k_codes": "805-808:::8070/3:::C08.1:::C32.2:::9084/0:::C09.1:::8075/3:::C44.0:::C69.0:::8720/0:::C44.4:::C44:::C06.0:::C33:::8074/3:::C32:::C72.0:::8074/3-C76.0:::8077/0:::C02.2:::8070/3-C44.9:::8075/3-C44.9:::C09:::C00.5",
                "all_k_resolutions": "squamous cell neoplasms:::squamous carcinoma:::sublingual gland:::subglottis:::dermoid:::tonsillar pillar:::squamous cell carcinoma, adenoid:::skin of lip:::conjunctiva:::nevus:::skin of scalp and neck:::skin:::cheeck mucosa:::trachea:::squamous cell carcinoma, spindle cell:::larynx:::spinal cord:::squamous cell carcinoma, spindle cell of head, face or neck:::low grade squamous intraepithelial lesion:::ventral surface of tongue:::squamous cell carcinoma, of skin:::squamous cell carcinoma, adenoid of skin:::tonsil:::mucosa of lip",
                "all_k_distances": "9.6168:::10.4551:::11.0612:::11.5796:::11.7520:::11.9531:::12.0110:::12.0516:::12.0576:::12.0851:::12.0955:::12.0970:::12.1025:::12.1131:::12.1507:::12.1573:::12.1589:::12.3159:::12.4133:::12.4633:::12.4834:::12.5242:::12.5655:::12.5964"
            },
            {
                "ner_chunk": "carcinoma",
                "begin": 259,
                "end": 267,
                "ner_label": "Cancer_Dx",
                "ner_confidence": "0.994",
                "code": "8010/3",
                "resolution": "carcinoma",
                "all_k_codes": "8010/3:::8010/9:::8420/3:::8480/3:::8240/3:::8550/3:::8140/3:::8010/6:::8530/3:::8980/3:::8070/3:::8010/3-C06.9:::8054/3:::8520/3:::8010/2:::8244/3:::8141/3:::8051/3:::8575/3:::8481/3:::8110/3:::8441/3",
                "all_k_resolutions": "carcinoma:::carcinomatosis:::ceruminous carcinoma:::mucous carcinoma:::carcinoid:::acinar carcinoma:::adenocarcinoma:::secondary carcinoma:::inflammatory carcinoma:::carcinosarcoma:::squamous carcinoma:::carcinoma, of mouth:::warty carcinoma:::lobular carcinoma:::carcinoma in situ:::composite carcinoid:::scirrhous carcinoma:::verrucous carcinoma:::metaplastic carcinoma:::mucin-producing carcinoma:::matrical carcinoma:::serous carcinoma",
                "all_k_distances": "0.0000:::3.8145:::6.1551:::6.1916:::6.2402:::6.7504:::6.9016:::6.9301:::7.1193:::7.1926:::7.2897:::7.3397:::7.4187:::7.4689:::7.4910:::7.6357:::7.6536:::7.7765:::7.7787:::7.7825:::7.8719:::7.8739"
            }
        ]
    ]
}