{
    "predictions": [
        {
            "document": "This is an 82-year-old male with a history of prior tobacco use, hypertension, chronic renal insufficiency, COPD, gastritis, and TIA. He initially presented to Braintree with a nonspecific ST-T abnormality and was transferred to St. Margaret\u2019s Center. He underwent cardiac catheterization because of occlusion of the mid left anterior descending coronary artery lesion, which was complicated by hypotension and bradycardia. He required atropine, IV fluids, and dopamine, possibly secondary to a vagal reaction. He was subsequently transferred to the CCU for close monitoring. He was hemodynamically stable at the time of admission to the CCU.",
            "ner_chunk": "82-year-old",
            "begin": 11,
            "end": 21,
            "ner_label": "Age",
            "ner_confidence": "0.9995",
            "snomed_code": "49808004",
            "snomed_resolution": "old-age",
            "snomed_confidence": "0.3391"
        },
        {
            "document": "This is an 82-year-old male with a history of prior tobacco use, hypertension, chronic renal insufficiency, COPD, gastritis, and TIA. He initially presented to Braintree with a nonspecific ST-T abnormality and was transferred to St. Margaret\u2019s Center. He underwent cardiac catheterization because of occlusion of the mid left anterior descending coronary artery lesion, which was complicated by hypotension and bradycardia. He required atropine, IV fluids, and dopamine, possibly secondary to a vagal reaction. He was subsequently transferred to the CCU for close monitoring. He was hemodynamically stable at the time of admission to the CCU.",
            "ner_chunk": "male",
            "begin": 23,
            "end": 26,
            "ner_label": "Gender",
            "ner_confidence": "0.9998",
            "snomed_code": "231494001",
            "snomed_resolution": "manic",
            "snomed_confidence": "0.5074"
        },
        {
            "document": "This is an 82-year-old male with a history of prior tobacco use, hypertension, chronic renal insufficiency, COPD, gastritis, and TIA. He initially presented to Braintree with a nonspecific ST-T abnormality and was transferred to St. Margaret\u2019s Center. He underwent cardiac catheterization because of occlusion of the mid left anterior descending coronary artery lesion, which was complicated by hypotension and bradycardia. He required atropine, IV fluids, and dopamine, possibly secondary to a vagal reaction. He was subsequently transferred to the CCU for close monitoring. He was hemodynamically stable at the time of admission to the CCU.",
            "ner_chunk": "tobacco",
            "begin": 52,
            "end": 58,
            "ner_label": "Smoking",
            "ner_confidence": "0.9952",
            "snomed_code": "110483000",
            "snomed_resolution": "tobacco use",
            "snomed_confidence": "0.5057"
        },
        {
            "document": "This is an 82-year-old male with a history of prior tobacco use, hypertension, chronic renal insufficiency, COPD, gastritis, and TIA. He initially presented to Braintree with a nonspecific ST-T abnormality and was transferred to St. Margaret\u2019s Center. He underwent cardiac catheterization because of occlusion of the mid left anterior descending coronary artery lesion, which was complicated by hypotension and bradycardia. He required atropine, IV fluids, and dopamine, possibly secondary to a vagal reaction. He was subsequently transferred to the CCU for close monitoring. He was hemodynamically stable at the time of admission to the CCU.",
            "ner_chunk": "hypertension",
            "begin": 65,
            "end": 76,
            "ner_label": "Hypertension",
            "ner_confidence": "0.9999",
            "snomed_code": "38341003",
            "snomed_resolution": "hypertension",
            "snomed_confidence": "0.5460"
        },
        {
            "document": "This is an 82-year-old male with a history of prior tobacco use, hypertension, chronic renal insufficiency, COPD, gastritis, and TIA. He initially presented to Braintree with a nonspecific ST-T abnormality and was transferred to St. Margaret\u2019s Center. He underwent cardiac catheterization because of occlusion of the mid left anterior descending coronary artery lesion, which was complicated by hypotension and bradycardia. He required atropine, IV fluids, and dopamine, possibly secondary to a vagal reaction. He was subsequently transferred to the CCU for close monitoring. He was hemodynamically stable at the time of admission to the CCU.",
            "ner_chunk": "chronic renal insufficiency",
            "begin": 79,
            "end": 105,
            "ner_label": "Kidney_Disease",
            "ner_confidence": "0.9128",
            "snomed_code": "709044004",
            "snomed_resolution": "chronic renal impairment",
            "snomed_confidence": "0.5016"
        },
        {
            "document": "This is an 82-year-old male with a history of prior tobacco use, hypertension, chronic renal insufficiency, COPD, gastritis, and TIA. He initially presented to Braintree with a nonspecific ST-T abnormality and was transferred to St. Margaret\u2019s Center. He underwent cardiac catheterization because of occlusion of the mid left anterior descending coronary artery lesion, which was complicated by hypotension and bradycardia. He required atropine, IV fluids, and dopamine, possibly secondary to a vagal reaction. He was subsequently transferred to the CCU for close monitoring. He was hemodynamically stable at the time of admission to the CCU.",
            "ner_chunk": "COPD",
            "begin": 108,
            "end": 111,
            "ner_label": "Disease_Syndrome_Disorder",
            "ner_confidence": "0.9963",
            "snomed_code": "13645005",
            "snomed_resolution": "chronic obstructive airway disease",
            "snomed_confidence": "0.3418"
        },
        {
            "document": "This is an 82-year-old male with a history of prior tobacco use, hypertension, chronic renal insufficiency, COPD, gastritis, and TIA. He initially presented to Braintree with a nonspecific ST-T abnormality and was transferred to St. Margaret\u2019s Center. He underwent cardiac catheterization because of occlusion of the mid left anterior descending coronary artery lesion, which was complicated by hypotension and bradycardia. He required atropine, IV fluids, and dopamine, possibly secondary to a vagal reaction. He was subsequently transferred to the CCU for close monitoring. He was hemodynamically stable at the time of admission to the CCU.",
            "ner_chunk": "gastritis",
            "begin": 114,
            "end": 122,
            "ner_label": "Disease_Syndrome_Disorder",
            "ner_confidence": "0.9948",
            "snomed_code": "4556007",
            "snomed_resolution": "gastritis",
            "snomed_confidence": "0.3778"
        },
        {
            "document": "This is an 82-year-old male with a history of prior tobacco use, hypertension, chronic renal insufficiency, COPD, gastritis, and TIA. He initially presented to Braintree with a nonspecific ST-T abnormality and was transferred to St. Margaret\u2019s Center. He underwent cardiac catheterization because of occlusion of the mid left anterior descending coronary artery lesion, which was complicated by hypotension and bradycardia. He required atropine, IV fluids, and dopamine, possibly secondary to a vagal reaction. He was subsequently transferred to the CCU for close monitoring. He was hemodynamically stable at the time of admission to the CCU.",
            "ner_chunk": "TIA",
            "begin": 129,
            "end": 131,
            "ner_label": "Cerebrovascular_Disease",
            "ner_confidence": "0.7999",
            "snomed_code": "110030002",
            "snomed_resolution": "cerebral concussion",
            "snomed_confidence": "0.3349"
        },
        {
            "document": "This is an 82-year-old male with a history of prior tobacco use, hypertension, chronic renal insufficiency, COPD, gastritis, and TIA. He initially presented to Braintree with a nonspecific ST-T abnormality and was transferred to St. Margaret\u2019s Center. He underwent cardiac catheterization because of occlusion of the mid left anterior descending coronary artery lesion, which was complicated by hypotension and bradycardia. He required atropine, IV fluids, and dopamine, possibly secondary to a vagal reaction. He was subsequently transferred to the CCU for close monitoring. He was hemodynamically stable at the time of admission to the CCU.",
            "ner_chunk": "He",
            "begin": 134,
            "end": 135,
            "ner_label": "Gender",
            "ner_confidence": "0.9998",
            "snomed_code": "47523006",
            "snomed_resolution": "wee",
            "snomed_confidence": "0.3349"
        },
        {
            "document": "This is an 82-year-old male with a history of prior tobacco use, hypertension, chronic renal insufficiency, COPD, gastritis, and TIA. He initially presented to Braintree with a nonspecific ST-T abnormality and was transferred to St. Margaret\u2019s Center. He underwent cardiac catheterization because of occlusion of the mid left anterior descending coronary artery lesion, which was complicated by hypotension and bradycardia. He required atropine, IV fluids, and dopamine, possibly secondary to a vagal reaction. He was subsequently transferred to the CCU for close monitoring. He was hemodynamically stable at the time of admission to the CCU.",
            "ner_chunk": "Braintree",
            "begin": 160,
            "end": 168,
            "ner_label": "Drug_BrandName",
            "ner_confidence": "0.9944",
            "snomed_code": "70139002",
            "snomed_resolution": "harara",
            "snomed_confidence": "0.3401"
        },
        {
            "document": "This is an 82-year-old male with a history of prior tobacco use, hypertension, chronic renal insufficiency, COPD, gastritis, and TIA. He initially presented to Braintree with a nonspecific ST-T abnormality and was transferred to St. Margaret\u2019s Center. He underwent cardiac catheterization because of occlusion of the mid left anterior descending coronary artery lesion, which was complicated by hypotension and bradycardia. He required atropine, IV fluids, and dopamine, possibly secondary to a vagal reaction. He was subsequently transferred to the CCU for close monitoring. He was hemodynamically stable at the time of admission to the CCU.",
            "ner_chunk": "nonspecific",
            "begin": 177,
            "end": 187,
            "ner_label": "Modifier",
            "ner_confidence": "0.7917",
            "snomed_code": "248763005",
            "snomed_resolution": "non-arousal",
            "snomed_confidence": "0.3348"
        },
        {
            "document": "This is an 82-year-old male with a history of prior tobacco use, hypertension, chronic renal insufficiency, COPD, gastritis, and TIA. He initially presented to Braintree with a nonspecific ST-T abnormality and was transferred to St. Margaret\u2019s Center. He underwent cardiac catheterization because of occlusion of the mid left anterior descending coronary artery lesion, which was complicated by hypotension and bradycardia. He required atropine, IV fluids, and dopamine, possibly secondary to a vagal reaction. He was subsequently transferred to the CCU for close monitoring. He was hemodynamically stable at the time of admission to the CCU.",
            "ner_chunk": "ST-T abnormality",
            "begin": 189,
            "end": 204,
            "ner_label": "EKG_Findings",
            "ner_confidence": "0.48555",
            "snomed_code": "164934002",
            "snomed_resolution": "electrocardiographic t wave abnormal",
            "snomed_confidence": "0.3407"
        },
        {
            "document": "This is an 82-year-old male with a history of prior tobacco use, hypertension, chronic renal insufficiency, COPD, gastritis, and TIA. He initially presented to Braintree with a nonspecific ST-T abnormality and was transferred to St. Margaret\u2019s Center. He underwent cardiac catheterization because of occlusion of the mid left anterior descending coronary artery lesion, which was complicated by hypotension and bradycardia. He required atropine, IV fluids, and dopamine, possibly secondary to a vagal reaction. He was subsequently transferred to the CCU for close monitoring. He was hemodynamically stable at the time of admission to the CCU.",
            "ner_chunk": "Margaret\u2019s Center",
            "begin": 233,
            "end": 249,
            "ner_label": "Clinical_Dept",
            "ner_confidence": "0.9642",
            "snomed_code": "305562003",
            "snomed_resolution": "under care of gu nurse",
            "snomed_confidence": "0.3353"
        },
        {
            "document": "This is an 82-year-old male with a history of prior tobacco use, hypertension, chronic renal insufficiency, COPD, gastritis, and TIA. He initially presented to Braintree with a nonspecific ST-T abnormality and was transferred to St. Margaret\u2019s Center. He underwent cardiac catheterization because of occlusion of the mid left anterior descending coronary artery lesion, which was complicated by hypotension and bradycardia. He required atropine, IV fluids, and dopamine, possibly secondary to a vagal reaction. He was subsequently transferred to the CCU for close monitoring. He was hemodynamically stable at the time of admission to the CCU.",
            "ner_chunk": "He",
            "begin": 252,
            "end": 253,
            "ner_label": "Gender",
            "ner_confidence": "0.9999",
            "snomed_code": "47523006",
            "snomed_resolution": "wee",
            "snomed_confidence": "0.3349"
        },
        {
            "document": "This is an 82-year-old male with a history of prior tobacco use, hypertension, chronic renal insufficiency, COPD, gastritis, and TIA. He initially presented to Braintree with a nonspecific ST-T abnormality and was transferred to St. Margaret\u2019s Center. He underwent cardiac catheterization because of occlusion of the mid left anterior descending coronary artery lesion, which was complicated by hypotension and bradycardia. He required atropine, IV fluids, and dopamine, possibly secondary to a vagal reaction. He was subsequently transferred to the CCU for close monitoring. He was hemodynamically stable at the time of admission to the CCU.",
            "ner_chunk": "cardiac catheterization",
            "begin": 265,
            "end": 287,
            "ner_label": "Procedure",
            "ner_confidence": "0.764",
            "snomed_code": "250906000",
            "snomed_resolution": "cardiac investigative finding",
            "snomed_confidence": "0.5012"
        },
        {
            "document": "This is an 82-year-old male with a history of prior tobacco use, hypertension, chronic renal insufficiency, COPD, gastritis, and TIA. He initially presented to Braintree with a nonspecific ST-T abnormality and was transferred to St. Margaret\u2019s Center. He underwent cardiac catheterization because of occlusion of the mid left anterior descending coronary artery lesion, which was complicated by hypotension and bradycardia. He required atropine, IV fluids, and dopamine, possibly secondary to a vagal reaction. He was subsequently transferred to the CCU for close monitoring. He was hemodynamically stable at the time of admission to the CCU.",
            "ner_chunk": "occlusion of the mid left anterior descending coronary artery lesion",
            "begin": 300,
            "end": 367,
            "ner_label": "Symptom",
            "ner_confidence": "0.50056994",
            "snomed_code": "840313007",
            "snomed_resolution": "occlusion of mid left anterior descending coronary artery",
            "snomed_confidence": "0.5142"
        },
        {
            "document": "This is an 82-year-old male with a history of prior tobacco use, hypertension, chronic renal insufficiency, COPD, gastritis, and TIA. He initially presented to Braintree with a nonspecific ST-T abnormality and was transferred to St. Margaret\u2019s Center. He underwent cardiac catheterization because of occlusion of the mid left anterior descending coronary artery lesion, which was complicated by hypotension and bradycardia. He required atropine, IV fluids, and dopamine, possibly secondary to a vagal reaction. He was subsequently transferred to the CCU for close monitoring. He was hemodynamically stable at the time of admission to the CCU.",
            "ner_chunk": "hypotension",
            "begin": 395,
            "end": 405,
            "ner_label": "VS_Finding",
            "ner_confidence": "0.9826",
            "snomed_code": "19721008",
            "snomed_resolution": "globe hypotension",
            "snomed_confidence": "1.0000"
        },
        {
            "document": "This is an 82-year-old male with a history of prior tobacco use, hypertension, chronic renal insufficiency, COPD, gastritis, and TIA. He initially presented to Braintree with a nonspecific ST-T abnormality and was transferred to St. Margaret\u2019s Center. He underwent cardiac catheterization because of occlusion of the mid left anterior descending coronary artery lesion, which was complicated by hypotension and bradycardia. He required atropine, IV fluids, and dopamine, possibly secondary to a vagal reaction. He was subsequently transferred to the CCU for close monitoring. He was hemodynamically stable at the time of admission to the CCU.",
            "ner_chunk": "bradycardia",
            "begin": 411,
            "end": 421,
            "ner_label": "VS_Finding",
            "ner_confidence": "0.9969",
            "snomed_code": "49710005",
            "snomed_resolution": "sinus bradycardia",
            "snomed_confidence": "0.5012"
        },
        {
            "document": "This is an 82-year-old male with a history of prior tobacco use, hypertension, chronic renal insufficiency, COPD, gastritis, and TIA. He initially presented to Braintree with a nonspecific ST-T abnormality and was transferred to St. Margaret\u2019s Center. He underwent cardiac catheterization because of occlusion of the mid left anterior descending coronary artery lesion, which was complicated by hypotension and bradycardia. He required atropine, IV fluids, and dopamine, possibly secondary to a vagal reaction. He was subsequently transferred to the CCU for close monitoring. He was hemodynamically stable at the time of admission to the CCU.",
            "ner_chunk": "He",
            "begin": 424,
            "end": 425,
            "ner_label": "Gender",
            "ner_confidence": "0.9999",
            "snomed_code": "47523006",
            "snomed_resolution": "wee",
            "snomed_confidence": "0.3349"
        },
        {
            "document": "This is an 82-year-old male with a history of prior tobacco use, hypertension, chronic renal insufficiency, COPD, gastritis, and TIA. He initially presented to Braintree with a nonspecific ST-T abnormality and was transferred to St. Margaret\u2019s Center. He underwent cardiac catheterization because of occlusion of the mid left anterior descending coronary artery lesion, which was complicated by hypotension and bradycardia. He required atropine, IV fluids, and dopamine, possibly secondary to a vagal reaction. He was subsequently transferred to the CCU for close monitoring. He was hemodynamically stable at the time of admission to the CCU.",
            "ner_chunk": "atropine",
            "begin": 436,
            "end": 443,
            "ner_label": "Drug_Ingredient",
            "ner_confidence": "0.9966",
            "snomed_code": "37567005",
            "snomed_resolution": "acenaesthesia",
            "snomed_confidence": "0.3425"
        },
        {
            "document": "This is an 82-year-old male with a history of prior tobacco use, hypertension, chronic renal insufficiency, COPD, gastritis, and TIA. He initially presented to Braintree with a nonspecific ST-T abnormality and was transferred to St. Margaret\u2019s Center. He underwent cardiac catheterization because of occlusion of the mid left anterior descending coronary artery lesion, which was complicated by hypotension and bradycardia. He required atropine, IV fluids, and dopamine, possibly secondary to a vagal reaction. He was subsequently transferred to the CCU for close monitoring. He was hemodynamically stable at the time of admission to the CCU.",
            "ner_chunk": "IV",
            "begin": 446,
            "end": 447,
            "ner_label": "Route",
            "ner_confidence": "0.9982",
            "snomed_code": "42279001",
            "snomed_resolution": "para 4",
            "snomed_confidence": "0.3470"
        },
        {
            "document": "This is an 82-year-old male with a history of prior tobacco use, hypertension, chronic renal insufficiency, COPD, gastritis, and TIA. He initially presented to Braintree with a nonspecific ST-T abnormality and was transferred to St. Margaret\u2019s Center. He underwent cardiac catheterization because of occlusion of the mid left anterior descending coronary artery lesion, which was complicated by hypotension and bradycardia. He required atropine, IV fluids, and dopamine, possibly secondary to a vagal reaction. He was subsequently transferred to the CCU for close monitoring. He was hemodynamically stable at the time of admission to the CCU.",
            "ner_chunk": "fluids",
            "begin": 449,
            "end": 454,
            "ner_label": "Drug_Ingredient",
            "ner_confidence": "0.947",
            "snomed_code": "264312008",
            "snomed_resolution": "liquid",
            "snomed_confidence": "0.3513"
        },
        {
            "document": "This is an 82-year-old male with a history of prior tobacco use, hypertension, chronic renal insufficiency, COPD, gastritis, and TIA. He initially presented to Braintree with a nonspecific ST-T abnormality and was transferred to St. Margaret\u2019s Center. He underwent cardiac catheterization because of occlusion of the mid left anterior descending coronary artery lesion, which was complicated by hypotension and bradycardia. He required atropine, IV fluids, and dopamine, possibly secondary to a vagal reaction. He was subsequently transferred to the CCU for close monitoring. He was hemodynamically stable at the time of admission to the CCU.",
            "ner_chunk": "dopamine",
            "begin": 461,
            "end": 468,
            "ner_label": "Drug_Ingredient",
            "ner_confidence": "0.9951",
            "snomed_code": "15566009",
            "snomed_resolution": "dourine",
            "snomed_confidence": "0.3391"
        },
        {
            "document": "This is an 82-year-old male with a history of prior tobacco use, hypertension, chronic renal insufficiency, COPD, gastritis, and TIA. He initially presented to Braintree with a nonspecific ST-T abnormality and was transferred to St. Margaret\u2019s Center. He underwent cardiac catheterization because of occlusion of the mid left anterior descending coronary artery lesion, which was complicated by hypotension and bradycardia. He required atropine, IV fluids, and dopamine, possibly secondary to a vagal reaction. He was subsequently transferred to the CCU for close monitoring. He was hemodynamically stable at the time of admission to the CCU.",
            "ner_chunk": "vagal reaction",
            "begin": 495,
            "end": 508,
            "ner_label": "Symptom",
            "ner_confidence": "0.2286",
            "snomed_code": "398665005",
            "snomed_resolution": "vaso vagal episode",
            "snomed_confidence": "0.3476"
        },
        {
            "document": "This is an 82-year-old male with a history of prior tobacco use, hypertension, chronic renal insufficiency, COPD, gastritis, and TIA. He initially presented to Braintree with a nonspecific ST-T abnormality and was transferred to St. Margaret\u2019s Center. He underwent cardiac catheterization because of occlusion of the mid left anterior descending coronary artery lesion, which was complicated by hypotension and bradycardia. He required atropine, IV fluids, and dopamine, possibly secondary to a vagal reaction. He was subsequently transferred to the CCU for close monitoring. He was hemodynamically stable at the time of admission to the CCU.",
            "ner_chunk": "He",
            "begin": 511,
            "end": 512,
            "ner_label": "Gender",
            "ner_confidence": "0.9997",
            "snomed_code": "47523006",
            "snomed_resolution": "wee",
            "snomed_confidence": "0.3349"
        },
        {
            "document": "This is an 82-year-old male with a history of prior tobacco use, hypertension, chronic renal insufficiency, COPD, gastritis, and TIA. He initially presented to Braintree with a nonspecific ST-T abnormality and was transferred to St. Margaret\u2019s Center. He underwent cardiac catheterization because of occlusion of the mid left anterior descending coronary artery lesion, which was complicated by hypotension and bradycardia. He required atropine, IV fluids, and dopamine, possibly secondary to a vagal reaction. He was subsequently transferred to the CCU for close monitoring. He was hemodynamically stable at the time of admission to the CCU.",
            "ner_chunk": "CCU",
            "begin": 550,
            "end": 552,
            "ner_label": "Clinical_Dept",
            "ner_confidence": "0.993",
            "snomed_code": "78359009",
            "snomed_resolution": "cord sign",
            "snomed_confidence": "0.3343"
        },
        {
            "document": "This is an 82-year-old male with a history of prior tobacco use, hypertension, chronic renal insufficiency, COPD, gastritis, and TIA. He initially presented to Braintree with a nonspecific ST-T abnormality and was transferred to St. Margaret\u2019s Center. He underwent cardiac catheterization because of occlusion of the mid left anterior descending coronary artery lesion, which was complicated by hypotension and bradycardia. He required atropine, IV fluids, and dopamine, possibly secondary to a vagal reaction. He was subsequently transferred to the CCU for close monitoring. He was hemodynamically stable at the time of admission to the CCU.",
            "ner_chunk": "He",
            "begin": 576,
            "end": 577,
            "ner_label": "Gender",
            "ner_confidence": "0.9998",
            "snomed_code": "47523006",
            "snomed_resolution": "wee",
            "snomed_confidence": "0.3349"
        },
        {
            "document": "This is an 82-year-old male with a history of prior tobacco use, hypertension, chronic renal insufficiency, COPD, gastritis, and TIA. He initially presented to Braintree with a nonspecific ST-T abnormality and was transferred to St. Margaret\u2019s Center. He underwent cardiac catheterization because of occlusion of the mid left anterior descending coronary artery lesion, which was complicated by hypotension and bradycardia. He required atropine, IV fluids, and dopamine, possibly secondary to a vagal reaction. He was subsequently transferred to the CCU for close monitoring. He was hemodynamically stable at the time of admission to the CCU.",
            "ner_chunk": "admission",
            "begin": 621,
            "end": 629,
            "ner_label": "Admission_Discharge",
            "ner_confidence": "0.9988",
            "snomed_code": "266938001",
            "snomed_resolution": "hospital patient",
            "snomed_confidence": "0.3394"
        },
        {
            "document": "This is an 82-year-old male with a history of prior tobacco use, hypertension, chronic renal insufficiency, COPD, gastritis, and TIA. He initially presented to Braintree with a nonspecific ST-T abnormality and was transferred to St. Margaret\u2019s Center. He underwent cardiac catheterization because of occlusion of the mid left anterior descending coronary artery lesion, which was complicated by hypotension and bradycardia. He required atropine, IV fluids, and dopamine, possibly secondary to a vagal reaction. He was subsequently transferred to the CCU for close monitoring. He was hemodynamically stable at the time of admission to the CCU.",
            "ner_chunk": "CCU",
            "begin": 638,
            "end": 640,
            "ner_label": "Clinical_Dept",
            "ner_confidence": "0.9897",
            "snomed_code": "78359009",
            "snomed_resolution": "cord sign",
            "snomed_confidence": "0.3343"
        }
    ]
}