{
    "predictions": [
        {
            "document": "Mike, who is suffering from a rare form of cancer known as glioblastoma, recently underwent genomic sequencing that revealed a mutation in the TP53 gene, a key regulator in the cell cycle and apoptosis, often associated with tumor development.",
            "ner_chunk": "cancer",
            "begin": 43,
            "end": 48,
            "ner_label": "Disease",
            "confidence": "0.9695"
        },
        {
            "document": "Mike, who is suffering from a rare form of cancer known as glioblastoma, recently underwent genomic sequencing that revealed a mutation in the TP53 gene, a key regulator in the cell cycle and apoptosis, often associated with tumor development.",
            "ner_chunk": "glioblastoma",
            "begin": 59,
            "end": 70,
            "ner_label": "Disease",
            "confidence": "0.9747"
        },
        {
            "document": "Mike, who is suffering from a rare form of cancer known as glioblastoma, recently underwent genomic sequencing that revealed a mutation in the TP53 gene, a key regulator in the cell cycle and apoptosis, often associated with tumor development.",
            "ner_chunk": "recently",
            "begin": 73,
            "end": 80,
            "ner_label": "DateTime",
            "confidence": "0.9734"
        },
        {
            "document": "Mike, who is suffering from a rare form of cancer known as glioblastoma, recently underwent genomic sequencing that revealed a mutation in the TP53 gene, a key regulator in the cell cycle and apoptosis, often associated with tumor development.",
            "ner_chunk": "genomic sequencing",
            "begin": 92,
            "end": 109,
            "ner_label": "Test",
            "confidence": "0.51305"
        },
        {
            "document": "Mike, who is suffering from a rare form of cancer known as glioblastoma, recently underwent genomic sequencing that revealed a mutation in the TP53 gene, a key regulator in the cell cycle and apoptosis, often associated with tumor development.",
            "ner_chunk": "TP53 gene",
            "begin": 143,
            "end": 151,
            "ner_label": "Test",
            "confidence": "0.5085"
        },
        {
            "document": "Mike, who is suffering from a rare form of cancer known as glioblastoma, recently underwent genomic sequencing that revealed a mutation in the TP53 gene, a key regulator in the cell cycle and apoptosis, often associated with tumor development.",
            "ner_chunk": "apoptosis",
            "begin": 192,
            "end": 200,
            "ner_label": "Disease",
            "confidence": "0.7065"
        },
        {
            "document": "Mike, who is suffering from a rare form of cancer known as glioblastoma, recently underwent genomic sequencing that revealed a mutation in the TP53 gene, a key regulator in the cell cycle and apoptosis, often associated with tumor development.",
            "ner_chunk": "tumor",
            "begin": 225,
            "end": 229,
            "ner_label": "Disease",
            "confidence": "0.9577"
        }
    ]
}