{
    "predictions": [
        [
            {
                "begin": 113,
                "end": 119,
                "ner_chunk": "DUX4L20",
                "ner_label": "GENE",
                "ner_confidence": "0.9654",
                "concept_code": "HGNC:50801",
                "resolution": "dux4l20",
                "score": 0.9999998211860657,
                "all_codes": [
                    "HGNC:50801",
                    "HGNC:51788",
                    "HGNC:51778",
                    "HGNC:50802",
                    "HGNC:31354"
                ],
                "concept_name_detailed": [
                    "DUX4L20 [double homeobox 4 like 20 (pseudogene)]",
                    "DUX4L50 [double homeobox 4 like 50 (pseudogene)]",
                    "DUX4L40 [double homeobox 4 like 40 (pseudogene)]",
                    "DUX4L21 [double homeobox 4 like 21 (pseudogene)]",
                    "DUX4L10 [double homeobox 4 like 10 (pseudogene)]"
                ],
                "locus": [
                    "pseudogene || pseudogene",
                    "pseudogene || pseudogene",
                    "pseudogene || pseudogene",
                    "pseudogene || pseudogene",
                    "pseudogene || pseudogene"
                ],
                "all_resolutions": [
                    "dux4l20",
                    "dux4l50",
                    "dux4l40",
                    "dux4l21",
                    "dux4l10"
                ],
                "all_score": [
                    0.9999998211860657,
                    0.8953130841255188,
                    0.8925591707229614,
                    0.8840013742446899,
                    0.8810112476348877
                ]
            },
            {
                "begin": 126,
                "end": 131,
                "ner_chunk": "FBXO48",
                "ner_label": "GENE",
                "ner_confidence": "0.9833",
                "concept_code": "HGNC:33857",
                "resolution": "fbxo48",
                "score": 1.0000005960464478,
                "all_codes": [
                    "HGNC:33857",
                    "HGNC:29816",
                    "HGNC:24847",
                    "HGNC:27020",
                    "HGNC:31969"
                ],
                "concept_name_detailed": [
                    "FBXO48 [F-box protein 48]",
                    "FBXO40 [F-box protein 40]",
                    "FBXO44 [F-box protein 44]",
                    "FBXO36 [F-box protein 36]",
                    "FBXO47 [F-box protein 47]"
                ],
                "locus": [
                    "protein-coding gene || gene with protein product",
                    "protein-coding gene || gene with protein product",
                    "protein-coding gene || gene with protein product",
                    "protein-coding gene || gene with protein product",
                    "protein-coding gene || gene with protein product"
                ],
                "all_resolutions": [
                    "fbxo48",
                    "fbxo40",
                    "fbxo44",
                    "fbxo36",
                    "fbxo47"
                ],
                "all_score": [
                    1.0000005960464478,
                    0.8699186444282532,
                    0.8525798916816711,
                    0.8402078151702881,
                    0.8378819823265076
                ]
            }
        ],
        [
            {
                "begin": 4,
                "end": 7,
                "ner_chunk": "EGFR",
                "ner_label": "GENE",
                "ner_confidence": "0.9994",
                "concept_code": "HGNC:3236",
                "resolution": "egfr",
                "score": 0.9999998807907104,
                "all_codes": [
                    "HGNC:3236",
                    "HGNC:3229",
                    "HGNC:3236",
                    "HGNC:40207",
                    "HGNC:9600"
                ],
                "concept_name_detailed": [
                    "EGFR [epidermal growth factor receptor]",
                    "EGF [epidermal growth factor]",
                    "epidermal growth factor receptor [epidermal growth factor receptor]",
                    "EGFR-AS1 [EGFR antisense RNA 1]",
                    "PTGFR [prostaglandin F receptor]"
                ],
                "locus": [
                    "protein-coding gene || gene with protein product",
                    "protein-coding gene || gene with protein product",
                    "protein-coding gene || gene with protein product",
                    "non-coding RNA || RNA, long non-coding",
                    "protein-coding gene || gene with protein product"
                ],
                "all_resolutions": [
                    "egfr",
                    "egf",
                    "epidermal growth factor receptor",
                    "egfr-as1",
                    "ptgfr"
                ],
                "all_score": [
                    0.9999998807907104,
                    0.8472012281417847,
                    0.8457092642784119,
                    0.8222224116325378,
                    0.7924920320510864
                ]
            }
        ]
    ]
}