[
    {
        "ner_predictions": [
            {
                "ner_chunk": "really",
                "begin": 19,
                "end": 24,
                "ner_label": "Modifier",
                "ner_confidence": "0.5723"
            },
            {
                "ner_chunk": "tired",
                "begin": 26,
                "end": 30,
                "ner_label": "Symptom",
                "ner_confidence": "0.9959"
            },
            {
                "ner_chunk": "all the time",
                "begin": 32,
                "end": 43,
                "ner_label": "Duration",
                "ner_confidence": "0.5925"
            },
            {
                "ner_chunk": "losing weight",
                "begin": 53,
                "end": 65,
                "ner_label": "Symptom",
                "ner_confidence": "0.81445"
            },
            {
                "ner_chunk": "doctor",
                "begin": 91,
                "end": 96,
                "ner_label": "Employment",
                "ner_confidence": "0.9901"
            },
            {
                "ner_chunk": "sugar levels",
                "begin": 109,
                "end": 120,
                "ner_label": "Test",
                "ner_confidence": "0.82229996"
            },
            {
                "ner_chunk": "high",
                "begin": 146,
                "end": 149,
                "ner_label": "TestResult",
                "ner_confidence": "0.9231"
            },
            {
                "ner_chunk": "type 2 diabetes",
                "begin": 163,
                "end": 177,
                "ner_label": "Disease",
                "ner_confidence": "0.40653333"
            },
            {
                "ner_chunk": "He",
                "begin": 180,
                "end": 181,
                "ner_label": "Gender",
                "ner_confidence": "1.0"
            },
            {
                "ner_chunk": "metformin",
                "begin": 218,
                "end": 226,
                "ner_label": "Drug",
                "ner_confidence": "0.9985"
            },
            {
                "ner_chunk": "500 mg",
                "begin": 228,
                "end": 233,
                "ner_label": "Dosage",
                "ner_confidence": "0.98185"
            },
            {
                "ner_chunk": "twice a day",
                "begin": 235,
                "end": 245,
                "ner_label": "Frequency",
                "ner_confidence": "0.8985667"
            },
            {
                "ner_chunk": "glipizide",
                "begin": 252,
                "end": 260,
                "ner_label": "Drug",
                "ner_confidence": "0.998"
            },
            {
                "ner_chunk": "5 mg",
                "begin": 262,
                "end": 265,
                "ner_label": "Dosage",
                "ner_confidence": "0.968"
            },
            {
                "ner_chunk": "Now",
                "begin": 354,
                "end": 356,
                "ner_label": "DateTime",
                "ner_confidence": "0.9957"
            },
            {
                "ner_chunk": "chronic",
                "begin": 371,
                "end": 377,
                "ner_label": "Modifier",
                "ner_confidence": "0.9032"
            },
            {
                "ner_chunk": "acid reflux disease",
                "begin": 379,
                "end": 397,
                "ner_label": "Disease",
                "ner_confidence": "0.6672333"
            },
            {
                "ner_chunk": "GERD",
                "begin": 402,
                "end": 405,
                "ner_label": "Disease",
                "ner_confidence": "0.949"
            },
            {
                "ner_chunk": "Now",
                "begin": 408,
                "end": 410,
                "ner_label": "DateTime",
                "ner_confidence": "0.9939"
            },
            {
                "ner_chunk": "daily",
                "begin": 419,
                "end": 423,
                "ner_label": "Frequency",
                "ner_confidence": "0.9798"
            },
            {
                "ner_chunk": "omeprazole",
                "begin": 425,
                "end": 434,
                "ner_label": "Drug",
                "ner_confidence": "0.9987"
            },
            {
                "ner_chunk": "20 mg",
                "begin": 436,
                "end": 440,
                "ner_label": "Dosage",
                "ner_confidence": "0.9745"
            },
            {
                "ner_chunk": "heartburn",
                "begin": 457,
                "end": 465,
                "ner_label": "Symptom",
                "ner_confidence": "0.9855"
            }
        ],
        "assertion_predictions": [
            {
                "ner_chunk": "tired",
                "begin": 26,
                "end": 30,
                "ner_label": "Symptom",
                "assertion": "Present_Or_Past",
                "assertion_confidence": "0.9999"
            },
            {
                "ner_chunk": "losing weight",
                "begin": 53,
                "end": 65,
                "ner_label": "Symptom",
                "assertion": "Present_Or_Past",
                "assertion_confidence": "0.9983"
            },
            {
                "ner_chunk": "doctor",
                "begin": 91,
                "end": 96,
                "ner_label": "Employment",
                "assertion": "SomeoneElse",
                "assertion_confidence": "1.0"
            },
            {
                "ner_chunk": "sugar levels",
                "begin": 109,
                "end": 120,
                "ner_label": "Test",
                "assertion": "Present_Or_Past",
                "assertion_confidence": "0.886"
            },
            {
                "ner_chunk": "high",
                "begin": 146,
                "end": 149,
                "ner_label": "TestResult",
                "assertion": "Present_Or_Past",
                "assertion_confidence": "0.5596"
            },
            {
                "ner_chunk": "type 2 diabetes",
                "begin": 163,
                "end": 177,
                "ner_label": "Disease",
                "assertion": "Present_Or_Past",
                "assertion_confidence": "0.5282"
            },
            {
                "ner_chunk": "metformin",
                "begin": 218,
                "end": 226,
                "ner_label": "Drug",
                "assertion": "Present_Or_Past",
                "assertion_confidence": "0.958"
            },
            {
                "ner_chunk": "glipizide",
                "begin": 252,
                "end": 260,
                "ner_label": "Drug",
                "assertion": "Present_Or_Past",
                "assertion_confidence": "0.8632"
            },
            {
                "ner_chunk": "acid reflux disease",
                "begin": 379,
                "end": 397,
                "ner_label": "Disease",
                "assertion": "Present_Or_Past",
                "assertion_confidence": "1.0"
            },
            {
                "ner_chunk": "GERD",
                "begin": 402,
                "end": 405,
                "ner_label": "Disease",
                "assertion": "Present_Or_Past",
                "assertion_confidence": "0.9688"
            },
            {
                "ner_chunk": "omeprazole",
                "begin": 425,
                "end": 434,
                "ner_label": "Drug",
                "assertion": "Present_Or_Past",
                "assertion_confidence": "0.9925"
            },
            {
                "ner_chunk": "heartburn",
                "begin": 457,
                "end": 465,
                "ner_label": "Symptom",
                "assertion": "Present_Or_Past",
                "assertion_confidence": "0.9411"
            }
        ],
        "relation_predictions": [
            {
                "ner_chunk1": "sugar levels",
                "ner_chunk1_begin": "109",
                "ner_chunk1_end": "120",
                "ner_label1": "Test",
                "ner_chunk2": "high",
                "ner_chunk2_begin": "146",
                "ner_chunk2_end": "149",
                "ner_label2": "TestResult",
                "relations": "Test-TestResult",
                "relation_confidence": "1.0"
            },
            {
                "ner_chunk1": "metformin",
                "ner_chunk1_begin": "218",
                "ner_chunk1_end": "226",
                "ner_label1": "Drug",
                "ner_chunk2": "500 mg",
                "ner_chunk2_begin": "228",
                "ner_chunk2_end": "233",
                "ner_label2": "Dosage",
                "relations": "Drug-Dosage",
                "relation_confidence": "1.0"
            },
            {
                "ner_chunk1": "metformin",
                "ner_chunk1_begin": "218",
                "ner_chunk1_end": "226",
                "ner_label1": "Drug",
                "ner_chunk2": "twice a day",
                "ner_chunk2_begin": "235",
                "ner_chunk2_end": "245",
                "ner_label2": "Frequency",
                "relations": "Drug-Frequency",
                "relation_confidence": "1.0"
            },
            {
                "ner_chunk1": "metformin",
                "ner_chunk1_begin": "218",
                "ner_chunk1_end": "226",
                "ner_label1": "Drug",
                "ner_chunk2": "5 mg",
                "ner_chunk2_begin": "262",
                "ner_chunk2_end": "265",
                "ner_label2": "Dosage",
                "relations": "Drug-Dosage",
                "relation_confidence": "1.0"
            },
            {
                "ner_chunk1": "500 mg",
                "ner_chunk1_begin": "228",
                "ner_chunk1_end": "233",
                "ner_label1": "Dosage",
                "ner_chunk2": "glipizide",
                "ner_chunk2_begin": "252",
                "ner_chunk2_end": "260",
                "ner_label2": "Drug",
                "relations": "Dosage-Drug",
                "relation_confidence": "1.0"
            },
            {
                "ner_chunk1": "glipizide",
                "ner_chunk1_begin": "252",
                "ner_chunk1_end": "260",
                "ner_label1": "Drug",
                "ner_chunk2": "5 mg",
                "ner_chunk2_begin": "262",
                "ner_chunk2_end": "265",
                "ner_label2": "Dosage",
                "relations": "Drug-Dosage",
                "relation_confidence": "1.0"
            },
            {
                "ner_chunk1": "Now",
                "ner_chunk1_begin": "408",
                "ner_chunk1_end": "410",
                "ner_label1": "DateTime",
                "ner_chunk2": "omeprazole",
                "ner_chunk2_begin": "425",
                "ner_chunk2_end": "434",
                "ner_label2": "Drug",
                "relations": "DateTime-Drug",
                "relation_confidence": "1.0"
            },
            {
                "ner_chunk1": "daily",
                "ner_chunk1_begin": "419",
                "ner_chunk1_end": "423",
                "ner_label1": "Frequency",
                "ner_chunk2": "omeprazole",
                "ner_chunk2_begin": "425",
                "ner_chunk2_end": "434",
                "ner_label2": "Drug",
                "relations": "Frequency-Drug",
                "relation_confidence": "1.0"
            },
            {
                "ner_chunk1": "omeprazole",
                "ner_chunk1_begin": "425",
                "ner_chunk1_end": "434",
                "ner_label1": "Drug",
                "ner_chunk2": "20 mg",
                "ner_chunk2_begin": "436",
                "ner_chunk2_end": "440",
                "ner_label2": "Dosage",
                "relations": "Drug-Dosage",
                "relation_confidence": "1.0"
            }
        ]
    }
]