{
    "predictions": [
        {
            "document": "Always tired, and possible blood clots. I was on Voltaren for about 4 years and all of the sudden had a minor stroke and had blood clots that traveled to my eye. I had every test in the book done at the hospital, and they couldn't find anything. I was completley healthy! I am thinking it was from the voltaren. I have been off of the drug for 8 months now, and have never felt better. I started eating healthy and working out and that has help alot. I can now sleep all thru the night. I wont take this again. If I have the pain, I will pop a tylonol instead.",
            "ner_chunk": "blood clots",
            "begin": 27,
            "end": 38,
            "ner_label": "ADE",
            "confidence": 0.6221427917480469
        },
        {
            "document": "Always tired, and possible blood clots. I was on Voltaren for about 4 years and all of the sudden had a minor stroke and had blood clots that traveled to my eye. I had every test in the book done at the hospital, and they couldn't find anything. I was completley healthy! I am thinking it was from the voltaren. I have been off of the drug for 8 months now, and have never felt better. I started eating healthy and working out and that has help alot. I can now sleep all thru the night. I wont take this again. If I have the pain, I will pop a tylonol instead.",
            "ner_chunk": "Voltaren",
            "begin": 49,
            "end": 57,
            "ner_label": "DRUG",
            "confidence": 0.9907069206237793
        },
        {
            "document": "Always tired, and possible blood clots. I was on Voltaren for about 4 years and all of the sudden had a minor stroke and had blood clots that traveled to my eye. I had every test in the book done at the hospital, and they couldn't find anything. I was completley healthy! I am thinking it was from the voltaren. I have been off of the drug for 8 months now, and have never felt better. I started eating healthy and working out and that has help alot. I can now sleep all thru the night. I wont take this again. If I have the pain, I will pop a tylonol instead.",
            "ner_chunk": "blood clots",
            "begin": 125,
            "end": 136,
            "ner_label": "ADE",
            "confidence": 0.748520016670227
        },
        {
            "document": "Always tired, and possible blood clots. I was on Voltaren for about 4 years and all of the sudden had a minor stroke and had blood clots that traveled to my eye. I had every test in the book done at the hospital, and they couldn't find anything. I was completley healthy! I am thinking it was from the voltaren. I have been off of the drug for 8 months now, and have never felt better. I started eating healthy and working out and that has help alot. I can now sleep all thru the night. I wont take this again. If I have the pain, I will pop a tylonol instead.",
            "ner_chunk": "voltaren",
            "begin": 302,
            "end": 310,
            "ner_label": "DRUG",
            "confidence": 0.9585478901863098
        },
        {
            "document": "Always tired, and possible blood clots. I was on Voltaren for about 4 years and all of the sudden had a minor stroke and had blood clots that traveled to my eye. I had every test in the book done at the hospital, and they couldn't find anything. I was completley healthy! I am thinking it was from the voltaren. I have been off of the drug for 8 months now, and have never felt better. I started eating healthy and working out and that has help alot. I can now sleep all thru the night. I wont take this again. If I have the pain, I will pop a tylonol instead.",
            "ner_chunk": "tylonol",
            "begin": 544,
            "end": 551,
            "ner_label": "DRUG",
            "confidence": 0.8553088903427124
        },
        {
            "document": "I have an allergic reaction to vancomycin so I have itchy skin, sore throat/burning/itching, numbness of tongue and gums.I would not recommend this drug to anyone, especially since I have never had such an adverse reaction to any other medication.",
            "ner_chunk": "allergic reaction",
            "begin": 10,
            "end": 27,
            "ner_label": "ADE",
            "confidence": 0.9307525157928467
        },
        {
            "document": "I have an allergic reaction to vancomycin so I have itchy skin, sore throat/burning/itching, numbness of tongue and gums.I would not recommend this drug to anyone, especially since I have never had such an adverse reaction to any other medication.",
            "ner_chunk": "vancomycin",
            "begin": 31,
            "end": 41,
            "ner_label": "DRUG",
            "confidence": 0.998339056968689
        },
        {
            "document": "I have an allergic reaction to vancomycin so I have itchy skin, sore throat/burning/itching, numbness of tongue and gums.I would not recommend this drug to anyone, especially since I have never had such an adverse reaction to any other medication.",
            "ner_chunk": "itchy skin",
            "begin": 52,
            "end": 62,
            "ner_label": "ADE",
            "confidence": 0.9240987300872803
        },
        {
            "document": "I have an allergic reaction to vancomycin so I have itchy skin, sore throat/burning/itching, numbness of tongue and gums.I would not recommend this drug to anyone, especially since I have never had such an adverse reaction to any other medication.",
            "ner_chunk": "sore throat",
            "begin": 64,
            "end": 75,
            "ner_label": "ADE",
            "confidence": 0.9077713489532471
        },
        {
            "document": "I have an allergic reaction to vancomycin so I have itchy skin, sore throat/burning/itching, numbness of tongue and gums.I would not recommend this drug to anyone, especially since I have never had such an adverse reaction to any other medication.",
            "ner_chunk": "burning",
            "begin": 76,
            "end": 83,
            "ner_label": "ADE",
            "confidence": 0.856900691986084
        },
        {
            "document": "I have an allergic reaction to vancomycin so I have itchy skin, sore throat/burning/itching, numbness of tongue and gums.I would not recommend this drug to anyone, especially since I have never had such an adverse reaction to any other medication.",
            "ner_chunk": "itching",
            "begin": 84,
            "end": 91,
            "ner_label": "ADE",
            "confidence": 0.8871369361877441
        },
        {
            "document": "I have an allergic reaction to vancomycin so I have itchy skin, sore throat/burning/itching, numbness of tongue and gums.I would not recommend this drug to anyone, especially since I have never had such an adverse reaction to any other medication.",
            "ner_chunk": "numbness of tongue and gums",
            "begin": 93,
            "end": 120,
            "ner_label": "ADE",
            "confidence": 0.8339783549308777
        }
    ]
}