{
    "predictions": [
        {
            "document": "I have an allergic reaction  to vancomycin  so I have itchy skin , sore throat/burning/itching , numbness of tongue  and gums.I would not recommend this drug to anyone, especially since I have never had such an adverse reaction to any other medication.",
            "ner_chunk": "allergic reaction",
            "begin": 10,
            "end": 27,
            "ner_label": "diagnosis",
            "confidence": 0.6878823637962341
        },
        {
            "document": "I have an allergic reaction  to vancomycin  so I have itchy skin , sore throat/burning/itching , numbness of tongue  and gums.I would not recommend this drug to anyone, especially since I have never had such an adverse reaction to any other medication.",
            "ner_chunk": "itchy",
            "begin": 54,
            "end": 59,
            "ner_label": "symptom",
            "confidence": 0.9948595762252808
        },
        {
            "document": "I have an allergic reaction  to vancomycin  so I have itchy skin , sore throat/burning/itching , numbness of tongue  and gums.I would not recommend this drug to anyone, especially since I have never had such an adverse reaction to any other medication.",
            "ner_chunk": "skin",
            "begin": 60,
            "end": 64,
            "ner_label": "body part",
            "confidence": 0.995819091796875
        },
        {
            "document": "I have an allergic reaction  to vancomycin  so I have itchy skin , sore throat/burning/itching , numbness of tongue  and gums.I would not recommend this drug to anyone, especially since I have never had such an adverse reaction to any other medication.",
            "ner_chunk": "sore",
            "begin": 67,
            "end": 71,
            "ner_label": "symptom",
            "confidence": 0.98415207862854
        },
        {
            "document": "I have an allergic reaction  to vancomycin  so I have itchy skin , sore throat/burning/itching , numbness of tongue  and gums.I would not recommend this drug to anyone, especially since I have never had such an adverse reaction to any other medication.",
            "ner_chunk": "throat",
            "begin": 72,
            "end": 78,
            "ner_label": "body part",
            "confidence": 0.9854265451431274
        },
        {
            "document": "I have an allergic reaction  to vancomycin  so I have itchy skin , sore throat/burning/itching , numbness of tongue  and gums.I would not recommend this drug to anyone, especially since I have never had such an adverse reaction to any other medication.",
            "ner_chunk": "burning",
            "begin": 79,
            "end": 86,
            "ner_label": "symptom",
            "confidence": 0.9895642995834351
        },
        {
            "document": "I have an allergic reaction  to vancomycin  so I have itchy skin , sore throat/burning/itching , numbness of tongue  and gums.I would not recommend this drug to anyone, especially since I have never had such an adverse reaction to any other medication.",
            "ner_chunk": "itching",
            "begin": 87,
            "end": 94,
            "ner_label": "symptom",
            "confidence": 0.9946433305740356
        },
        {
            "document": "I have an allergic reaction  to vancomycin  so I have itchy skin , sore throat/burning/itching , numbness of tongue  and gums.I would not recommend this drug to anyone, especially since I have never had such an adverse reaction to any other medication.",
            "ner_chunk": "numbness",
            "begin": 97,
            "end": 105,
            "ner_label": "symptom",
            "confidence": 0.9573434591293335
        },
        {
            "document": "I have an allergic reaction  to vancomycin  so I have itchy skin , sore throat/burning/itching , numbness of tongue  and gums.I would not recommend this drug to anyone, especially since I have never had such an adverse reaction to any other medication.",
            "ner_chunk": "tongue",
            "begin": 109,
            "end": 115,
            "ner_label": "body part",
            "confidence": 0.9446883797645569
        },
        {
            "document": "I have an allergic reaction  to vancomycin  so I have itchy skin , sore throat/burning/itching , numbness of tongue  and gums.I would not recommend this drug to anyone, especially since I have never had such an adverse reaction to any other medication.",
            "ner_chunk": "gums",
            "begin": 121,
            "end": 125,
            "ner_label": "body part",
            "confidence": 0.9882041215896606
        }
    ]
}