{
    "predictions": [
        {
            "text": "D001241 D008687 D019355",
            "mesh_code": "D001241",
            "begin": 0,
            "end": 6,
            "umls_code": "C0002185"
        },
        {
            "text": "D001241 D008687 D019355",
            "mesh_code": "D008687",
            "begin": 8,
            "end": 14,
            "umls_code": "C0025598"
        },
        {
            "text": "D001241 D008687 D019355",
            "mesh_code": "D019355",
            "begin": 16,
            "end": 22,
            "umls_code": "C0108101"
        }
    ]
}