{
    "predictions": [
        [
            {
                "begin": 442,
                "end": 456,
                "ner_chunk": "Her vital signs",
                "ner_label": "Test",
                "ner_confidence": "0.78679997",
                "concept_code": "8716-3",
                "resolution": "vital signs",
                "score": 0.8503159284591675,
                "all_codes": [
                    "8716-3",
                    "8716-3",
                    "8716-3",
                    "8716-3",
                    "LP75862-0"
                ],
                "domain_id": [
                    "Observation",
                    "Observation",
                    "Observation",
                    "Observation",
                    "Observation"
                ],
                "all_resolutions": [
                    "vital signs",
                    "vital signs",
                    "vital signs note",
                    "vital signs note",
                    "vital signs - acute"
                ],
                "all_score": [
                    0.8503159284591675,
                    0.8503159284591675,
                    0.8003304600715637,
                    0.8003304600715637,
                    0.7810258865356445
                ]
            },
            {
                "begin": 484,
                "end": 505,
                "ner_chunk": "A physical examination",
                "ner_label": "Test",
                "ner_confidence": "0.91120005",
                "concept_code": "LP7801-6",
                "resolution": "physical exam",
                "score": 0.9094181060791016,
                "all_codes": [
                    "LP7801-6",
                    "LP7801-6",
                    "LP94385-9",
                    "LP94385-9",
                    "29271-4"
                ],
                "domain_id": [
                    "Measurement",
                    "Measurement",
                    "Observation",
                    "Observation",
                    "Observation"
                ],
                "all_resolutions": [
                    "physical exam",
                    "physical exam",
                    "physical examination by body areas",
                    "physical examination by body areas",
                    "eye physical examination"
                ],
                "all_score": [
                    0.9094181060791016,
                    0.9094181060791016,
                    0.8629757165908813,
                    0.8629757165908813,
                    0.8507090210914612
                ]
            },
            {
                "begin": 524,
                "end": 541,
                "ner_chunk": "Laboratory studies",
                "ner_label": "Test",
                "ner_confidence": "0.7098",
                "concept_code": "LP74124-6",
                "resolution": "laboratory studies",
                "score": 1.0000007152557373,
                "all_codes": [
                    "LP74124-6",
                    "LP74124-6",
                    "26436-6",
                    "11502-2",
                    "104071-6"
                ],
                "domain_id": [
                    "Observation",
                    "Observation",
                    "Observation",
                    "Observation",
                    "Observation"
                ],
                "all_resolutions": [
                    "laboratory studies",
                    "laboratory studies",
                    "laboratory studies (set)",
                    "laboratory report",
                    "studies"
                ],
                "all_score": [
                    1.0000007152557373,
                    1.0000007152557373,
                    0.8880069255828857,
                    0.8414252400398254,
                    0.8409730195999146
                ]
            },
            {
                "begin": 563,
                "end": 572,
                "ner_chunk": "Hemoglobin",
                "ner_label": "Test",
                "ner_confidence": "0.9994",
                "concept_code": "LP14449-0",
                "resolution": "hemoglobin",
                "score": 1.0000001192092896,
                "all_codes": [
                    "LP14449-0",
                    "LP14449-0",
                    "10346-5",
                    "10346-5",
                    "109592-6"
                ],
                "domain_id": [
                    "Observation",
                    "Observation",
                    "Observation",
                    "Observation",
                    "Observation"
                ],
                "all_resolutions": [
                    "hemoglobin",
                    "hemoglobin",
                    "haemoglobin",
                    "haemoglobin",
                    "hemiglobin"
                ],
                "all_score": [
                    1.0000001192092896,
                    0.9999998807907104,
                    0.9589885473251343,
                    0.9589885473251343,
                    0.9433585405349731
                ]
            },
            {
                "begin": 579,
                "end": 582,
                "ner_chunk": "g/dL",
                "ner_label": "Test",
                "ner_confidence": "0.6455",
                "concept_code": "18286-5",
                "resolution": "dl",
                "score": 0.8294735550880432,
                "all_codes": [
                    "18286-5",
                    "18286-5",
                    "76650-1",
                    "76650-1",
                    "43740-0"
                ],
                "domain_id": [
                    "Observation",
                    "Observation",
                    "Observation",
                    "Observation",
                    "Observation"
                ],
                "all_resolutions": [
                    "dl",
                    "dl",
                    "gd",
                    "gd",
                    "g/i"
                ],
                "all_score": [
                    0.8294735550880432,
                    0.8294734358787537,
                    0.8090057969093323,
                    0.8090057373046875,
                    0.8026498556137085
                ]
            },
            {
                "begin": 585,
                "end": 594,
                "ner_chunk": "Hematocrit",
                "ner_label": "Test",
                "ner_confidence": "0.9983",
                "concept_code": "40433-5",
                "resolution": "contrl; erythrocytes; hem; hematology/cell counts; normal; number fraction; percent; pnh; point in time; qnt; quan; quant; quantitative; random; red blood cells; red blood corpusles; slt; sucro; sugar water test",
                "score": 0.7372769117355347,
                "all_codes": [
                    "40433-5",
                    "40433-5",
                    "33049-8",
                    "33049-8",
                    "33516-6"
                ],
                "domain_id": [
                    "Measurement",
                    "Measurement",
                    "Measurement",
                    "Measurement",
                    "Measurement"
                ],
                "all_resolutions": [
                    "contrl; erythrocytes; hem; hematology/cell counts; normal; number fraction; percent; pnh; point in time; qnt; quan; quant; quantitative; random; red blood cells; red blood corpusles; slt; sucro; sugar water test",
                    "contrl; erythrocytes; hem; hematology/cell counts; normal; number fraction; percent; pnh; point in time; qnt; quan; quant; quantitative; random; red blood cells; red blood corpusles; slt; sucro; sugar water test",
                    "cht; erythrocytes; hematology/cell counts; hereditary spherocytosis; number fraction; percent; point in time; qnt; quan; quant; quantitative; random; red blood cells; red blood corpusles",
                    "cht; erythrocytes; hematology/cell counts; hereditary spherocytosis; number fraction; percent; point in time; qnt; quan; quant; quantitative; random; red blood cells; red blood corpusles",
                    "blood; hematology; hematology/cell counts; heme; imm; imm retics; immat; irf; number fraction; percent; point in time; polychromatophilic red cells; qnt; quan; quant; quantitative; random; retic; retics; reticulocyte; shift cells; stress cells; tot; totl; wb; whole blood"
                ],
                "all_score": [
                    0.7372769117355347,
                    0.7372769117355347,
                    0.7351083159446716,
                    0.7351083159446716,
                    0.7289195656776428
                ]
            },
            {
                "begin": 602,
                "end": 624,
                "ner_chunk": "Mean Corpuscular Volume",
                "ner_label": "Test",
                "ner_confidence": "0.7142666",
                "concept_code": "30428-7",
                "resolution": "mean corpuscular volume (mcv), red blood cells",
                "score": 0.8888561725616455,
                "all_codes": [
                    "30428-7",
                    "30428-7",
                    "11272-2",
                    "11272-2",
                    "LP66395-2"
                ],
                "domain_id": [
                    "Measurement",
                    "Measurement",
                    "Measurement",
                    "Measurement",
                    "Observation"
                ],
                "all_resolutions": [
                    "mean corpuscular volume (mcv), red blood cells",
                    "mean corpuscular volume (mcv), red blood cells",
                    "mean corpuscular volume (mcv), cord blood",
                    "mean corpuscular volume (mcv), cord blood",
                    "mean sphered cell volume"
                ],
                "all_score": [
                    0.8888561725616455,
                    0.888856053352356,
                    0.8641564846038818,
                    0.8641564249992371,
                    0.8562332987785339
                ]
            }
        ]
    ]
}