{
    "de_identified": {
        "0": [
            "Record date : <DATE>, Name : <PATIENT>, <AGE> years-old, <MEDICALRECORD>.",
            "IP: <IPADDR>, the driver's license <DLN>.",
            "The SSN: <SSN> and e-mail: <EMAIL>.",
            "Patient's VIN : <VIN>.",
            "Date : <DATE>, PCP : <DOCTOR>."
        ]
    },
    "matched_pos": {
        "0": [
            "2093-01-13",
            "Hendrickson, ORA",
            "25",
            "#719435",
            "203.120.223.13",
            "no:A334455B",
            "324598674",
            "hale@gmail.com",
            "1HGBH41JXMN109286",
            "01/13/93",
            "David Hale"
        ]
    },
    "origin_index": {
        "0": 0
    },
    "sentence_dl": {
        "0": [
            "Record date : 2093-01-13, Name : Hendrickson, ORA, 25 years-old, #719435.",
            "IP: 203.120.223.13, the driver's license no:A334455B.",
            "The SSN: 324598674 and e-mail: hale@gmail.com.",
            "Patient's VIN : 1HGBH41JXMN109286.",
            "Date : 01/13/93, PCP : David Hale."
        ]
    }
}
