{
  "raw_document": [
    {
      "text": "Institution\n  Ball.\n \u2018Name:\n and\n  Community\n Clinic\n  \u201cBate:\n 2023\n Mar27\n \u201cPatient\n \u201c1p: 571403367\n  TANNA.\n \u2018Name:\n  \u2018DOB:\n 03/11/1948\n",
      "begin": 0,
      "end": 137
    }
  ],
  "document": [
    {
      "text": "Institution Ball. \u2018Name: and Community Clinic \u201cBate: 2023 Mar27 \u201cPatient \u201c1p: 571403367 TANNA. \u2018Name: \u2018DOB: 03/11/1948",
      "begin": 0,
      "end": 117
    }
  ],
  "sentence": [
    {
      "text": "Institution Ball.",
      "begin": 0,
      "end": 16
    },
    {
      "text": "\u2018Name: and Community Clinic \u201cBate: 2023 Mar27 \u201cPatient \u201c1p: 571403367 TANNA.",
      "begin": 18,
      "end": 93
    },
    {
      "text": "\u2018Name: \u2018DOB: 03/11/1948",
      "begin": 95,
      "end": 117
    }
  ],
  "ner_predictions": [
    {
      "ner_chunk": "Ball.",
      "begin": 13,
      "end": 18,
      "ner_label": "UNK"
    },
    {
      "ner_chunk": "and",
      "begin": 26,
      "end": 29,
      "ner_label": "UNK"
    },
    {
      "ner_chunk": "Community",
      "begin": 31,
      "end": 40,
      "ner_label": "UNK"
    },
    {
      "ner_chunk": "Clinic",
      "begin": 41,
      "end": 47,
      "ner_label": "UNK"
    },
    {
      "ner_chunk": "2023",
      "begin": 56,
      "end": 60,
      "ner_label": "UNK"
    },
    {
      "ner_chunk": "\u201c1p: 571403367",
      "begin": 76,
      "end": 90,
      "ner_label": "UNK"
    },
    {
      "ner_chunk": "TANNA.",
      "begin": 92,
      "end": 98,
      "ner_label": "UNK"
    },
    {
      "ner_chunk": "03/11/1948",
      "begin": 108,
      "end": 117,
      "ner_label": "DATE"
    }
  ],
  "deid_metadata": {
    "SpecificCharacterSet": "ISO_IR 100",
    "ImageType": "['ORIGINAL', 'PRIMARY']",
    "InstanceCreationDate": "20250309",
    "InstanceCreationTime": "122109",
    "SOPClassUID": "1.2.840.10008.5.1.4.1.1.7",
    "SOPInstanceUID": "1.2.826.0.1.3680043.8.498.89832068921952414404993283096789661455",
    "StudyDate": "20191031",
    "StudyTime": "1200",
    "AccessionNumber": "2.25.104661169016722362372224050231930259815",
    "Modality": "MG",
    "ConversionType": "SYN",
    "PresentationIntentType": "FOR PROCESSING",
    "Manufacturer": "VICTRE",
    "InstitutionName": "anonymous",
    "InstitutionAddress": "anonymous",
    "ReferringPhysician'sName": "anonymous",
    "ReferringPhysician'sAddress": "anonymous",
    "ReferringPhysician'sTelephoneNumbers": "anonymous",
    "StudyDescription": "DBT Reconstructed Volume",
    "SeriesDescription": "DBT slices",
    "InstitutionalDepartmentName": "anonymous",
    "PerformingPhysician'sName": "anonymous",
    "DerivationDescription": "float64 to uint16 bit conversion",
    "Patient'sName": "anonymous",
    "PatientID": "2.25.104661169016722362372224050231930259815",
    "Patient'sBirthDate": "",
    "Patient'sSex": "F",
    "Patient'sSize": "None",
    "Occupation": "Administrator ed",
    "PatientComments": "Scattered breast type",
    "ClinicalTrialSponsorName": "2.25.104661169016722362372224050231930259815",
    "ClinicalTrialProtocolID": "2.25.104661169016722362372224050231930259815",
    "ClinicalTrialProtocolName": "VICTRE",
    "ClinicalTrialSiteID": "2.25.104661169016722362372224050231930259815",
    "ClinicalTrialSiteName": "alanas lavender",
    "ClinicalTrialSubjectID": "2.25.104661169016722362372224050231930259815",
    "ClinicalTrialSubjectReadingID": "2.25.104661169016722362372224050231930259815",
    "PrivateCreator": "CTP",
    "Privatetagdata": "b'87009668'",
    "BodyPartExamined": "Chest",
    "KVP": "30",
    "DistanceSourcetoDetector": "650",
    "DistanceSourcetoPatient": "630",
    "FilterType": "FLAT",
    "ImagerPixelSpacing": "[0.085, 0.085]",
    "AnodeTargetMaterial": "TUNGSTEN",
    "BodyPartThickness": "55",
    "PositionerType": "MAMMOGRAPHIC",
    "DetectorType": "DIRECT",
    "DetectorConfiguration": "AREA",
    "DetectorDescription": "a-Se, 200 micron",
    "DetectorActiveShape": "RECTANGLE",
    "FilterMaterial": "RHODIUM",
    "FilterThicknessMinimum": "0.050",
    "ExposureinmAs": "5.1",
    "StudyInstanceUID": "2.25.104661169016722362372224050231930259815",
    "SeriesInstanceUID": "2.25.104661169016722362372224050231930259815",
    "StudyID": "2.25.104661169016722362372224050231930259815",
    "SeriesNumber": "None",
    "AcquisitionNumber": "8",
    "InstanceNumber": "8",
    "PatientOrientation": "['P', 'H']",
    "ImageLaterality": "R",
    "ImagesinAcquisition": "57",
    "ImageComments": "SP",
    "SamplesperPixel": "1",
    "PhotometricInterpretation": "MONOCHROME2",
    "Rows": "800",
    "Columns": "576",
    "BitsAllocated": "16",
    "BitsStored": "16",
    "HighBit": "15",
    "PixelRepresentation": "0",
    "SmallestImagePixelValue": "0",
    "LargestImagePixelValue": "65535",
    "BurnedInAnnotation": "NO",
    "PixelIntensityRelationship": "LIN",
    "PixelIntensityRelationshipSign": "1",
    "RescaleIntercept": "0",
    "RescaleSlope": "1",
    "RescaleType": "US",
    "LossyImageCompression": "00",
    "PatientState": "Signal present",
    "OrganExposed": "BREAST",
    "AcquisitionContextSequence": [],
    "ViewCodeSequence": [],
    "PresentationLUTShape": "IDENTITY"
  },
  "metadata_original": {
    "SpecificCharacterSet": "ISO_IR 100",
    "ImageType": "['ORIGINAL', 'PRIMARY']",
    "InstanceCreationDate": "20250319",
    "InstanceCreationTime": "122109",
    "SOPClassUID": "1.2.840.10008.5.1.4.1.1.7",
    "SOPInstanceUID": "1.2.826.0.1.3680043.8.498.89832068921952414404993283096789661455",
    "StudyDate": "20190711",
    "StudyTime": "1200",
    "AccessionNumber": "20190712E924533",
    "Modality": "MG",
    "ConversionType": "SYN",
    "PresentationIntentType": "FOR PROCESSING",
    "Manufacturer": "VICTRE",
    "InstitutionName": "Ball, Hendrix and Johnson Community Clinic",
    "InstitutionAddress": "8551 Jane Route North Nicholas, ID 34873",
    "ReferringPhysician'sName": "CRUZ^ASHLEY",
    "ReferringPhysician'sAddress": "46115 Courtney Trace Suite 375 Taylorberg, OH 70765",
    "ReferringPhysician'sTelephoneNumbers": "942-818-9067",
    "StudyDescription": "DBT Reconstructed Volume",
    "SeriesDescription": "DBT slices",
    "InstitutionalDepartmentName": "DIDSR",
    "PerformingPhysician'sName": "MORGAN^BRIANA",
    "DerivationDescription": "float64 to uint16 bit conversion",
    "Patient'sName": "HENRY^NICOLE",
    "PatientID": "571403367",
    "Patient'sBirthDate": "",
    "Patient'sSex": "F",
    "Patient'sSize": "None",
    "Occupation": "Administrator ed",
    "PatientComments": "Scattered breast type",
    "ClinicalTrialSponsorName": "",
    "ClinicalTrialProtocolID": "",
    "ClinicalTrialProtocolName": "VICTRE",
    "ClinicalTrialSiteID": "",
    "ClinicalTrialSiteName": "FDA",
    "ClinicalTrialSubjectID": "",
    "ClinicalTrialSubjectReadingID": "",
    "PrivateCreator": "CTP",
    "Privatetagdata": "b'87009668'",
    "BodyPartExamined": "BREAST",
    "KVP": "30",
    "DistanceSourcetoDetector": "650",
    "DistanceSourcetoPatient": "630",
    "FilterType": "FLAT",
    "ImagerPixelSpacing": "[0.085, 0.085]",
    "AnodeTargetMaterial": "TUNGSTEN",
    "BodyPartThickness": "55",
    "PositionerType": "MAMMOGRAPHIC",
    "DetectorType": "DIRECT",
    "DetectorConfiguration": "AREA",
    "DetectorDescription": "a-Se, 200 micron",
    "DetectorActiveShape": "RECTANGLE",
    "FilterMaterial": "RHODIUM",
    "FilterThicknessMinimum": "0.050",
    "ExposureinmAs": "5.1",
    "StudyInstanceUID": "1.2.826.0.1.3680043.8.498.10372726473322622793134039661268326798",
    "SeriesInstanceUID": "1.2.826.0.1.3680043.8.498.11942256258090765689608273607036524778",
    "StudyID": "",
    "SeriesNumber": "None",
    "AcquisitionNumber": "8",
    "InstanceNumber": "8",
    "PatientOrientation": "['P', 'H']",
    "ImageLaterality": "R",
    "ImagesinAcquisition": "57",
    "ImageComments": "SP",
    "SamplesperPixel": "1",
    "PhotometricInterpretation": "MONOCHROME2",
    "Rows": "800",
    "Columns": "576",
    "BitsAllocated": "16",
    "BitsStored": "16",
    "HighBit": "15",
    "PixelRepresentation": "0",
    "SmallestImagePixelValue": "0",
    "LargestImagePixelValue": "65535",
    "BurnedInAnnotation": "NO",
    "PixelIntensityRelationship": "LIN",
    "PixelIntensityRelationshipSign": "1",
    "RescaleIntercept": "0",
    "RescaleSlope": "1",
    "RescaleType": "US",
    "LossyImageCompression": "00",
    "PatientState": "Signal present",
    "OrganExposed": "BREAST",
    "AcquisitionContextSequence": [],
    "ViewCodeSequence": [],
    "PresentationLUTShape": "IDENTITY"
  },
  "metadata_diffs": [
    "ClinicalTrialSubjectReadingID ->  | 2.25.104661169016722362372224050231930259815",
    "SeriesInstanceUID -> 1.2.826.0.1.3680043.8.498.11942256258090765689608273607036524778 | 2.25.104661169016722362372224050231930259815",
    "InstitutionalDepartmentName -> DIDSR | anonymous",
    "ClinicalTrialSubjectID ->  | 2.25.104661169016722362372224050231930259815",
    "ClinicalTrialSponsorName ->  | 2.25.104661169016722362372224050231930259815",
    "BodyPartExamined -> BREAST | Chest",
    "ClinicalTrialSiteID ->  | 2.25.104661169016722362372224050231930259815",
    "StudyDate -> 20190711 | 20191031",
    "ClinicalTrialProtocolID ->  | 2.25.104661169016722362372224050231930259815",
    "InstanceCreationDate -> 20250319 | 20250309",
    "InstitutionAddress -> 8551 Jane Route North Nicholas, ID 34873 | anonymous",
    "StudyID ->  | 2.25.104661169016722362372224050231930259815",
    "PatientID -> 571403367 | 2.25.104661169016722362372224050231930259815",
    "ReferringPhysician'sTelephoneNumbers -> 942-818-9067 | anonymous",
    "PerformingPhysician'sName -> MORGAN^BRIANA | anonymous",
    "AccessionNumber -> 20190712E924533 | 2.25.104661169016722362372224050231930259815",
    "ReferringPhysician'sName -> CRUZ^ASHLEY | anonymous",
    "StudyInstanceUID -> 1.2.826.0.1.3680043.8.498.10372726473322622793134039661268326798 | 2.25.104661169016722362372224050231930259815",
    "ReferringPhysician'sAddress -> 46115 Courtney Trace Suite 375 Taylorberg, OH 70765 | anonymous",
    "Patient'sName -> HENRY^NICOLE | anonymous",
    "InstitutionName -> Ball, Hendrix and Johnson Community Clinic | anonymous",
    "ClinicalTrialSiteName -> FDA | alanas lavender"
  ]
}