{
  "raw_document": [
    {
      "text": "\u2018Name:\n : Mccoy\n Medical\n Clinic\n Institution\n \u00a9: 2023 jul. 02\n Study\n oe\n Patient\n Name: iura\n  Scrobola\n fe\n 30\n \u201c10/08/1992\n",
      "begin": 0,
      "end": 126
    }
  ],
  "document": [
    {
      "text": "\u2018Name: : Mccoy Medical Clinic Institution \u00a9: 2023 jul. 02 Study oe Patient Name: iura Scrobola fe 30 \u201c10/08/1992",
      "begin": 0,
      "end": 111
    }
  ],
  "sentence": [
    {
      "text": "\u2018Name: : Mccoy Medical Clinic Institution \u00a9: 2023 jul. 02 Study oe Patient Name: iura Scrobola fe 30 \u201c10/08/1992",
      "begin": 0,
      "end": 111
    }
  ],
  "ner_predictions": [
    {
      "ner_chunk": ": Mccoy",
      "begin": 7,
      "end": 14,
      "ner_label": "UNK"
    },
    {
      "ner_chunk": "Medical",
      "begin": 15,
      "end": 22,
      "ner_label": "UNK"
    },
    {
      "ner_chunk": "Clinic",
      "begin": 23,
      "end": 29,
      "ner_label": "UNK"
    },
    {
      "ner_chunk": "2023",
      "begin": 45,
      "end": 48,
      "ner_label": "DATE"
    },
    {
      "ner_chunk": "Study",
      "begin": 58,
      "end": 63,
      "ner_label": "UNK"
    },
    {
      "ner_chunk": "Patient",
      "begin": 67,
      "end": 74,
      "ner_label": "UNK"
    },
    {
      "ner_chunk": "iura Scrobola",
      "begin": 81,
      "end": 93,
      "ner_label": "NAME"
    },
    {
      "ner_chunk": "\u201c10/08/1992",
      "begin": 101,
      "end": 111,
      "ner_label": "DATE"
    }
  ],
  "deid_metadata": {
    "SpecificCharacterSet": "ISO_IR 100",
    "ImageType": "['ORIGINAL', 'PRIMARY', '']",
    "InstanceCreationDate": "20250204",
    "InstanceCreationTime": "122113",
    "SOPClassUID": "1.2.840.10008.5.1.4.1.1.1.1",
    "SOPInstanceUID": "1.2.826.0.1.3680043.8.498.41693876966857947741530484686549987317",
    "StudyDate": "20011025",
    "SeriesDate": "20010512",
    "AcquisitionDate": "20010616",
    "ContentDate": "20010809",
    "OverlayDate": "20010612",
    "CurveDate": "20010824",
    "AcquisitionDateTime": "20010614",
    "StudyTime": "",
    "AcquisitionTime": "",
    "ContentTime": "",
    "AccessionNumber": "2.25.104661169016722362372224050231930259815",
    "Modality": "DX",
    "Manufacturer": "GE MEDICAL SYSTEMS",
    "InstitutionName": "anonymous",
    "InstitutionAddress": "anonymous",
    "ReferringPhysician'sName": "anonymous",
    "ReferringPhysician'sAddress": "anonymous",
    "ReferringPhysician'sTelephoneNumbers": "anonymous",
    "PerformingPhysician'sName": "anonymous",
    "Manufacturer'sModelName": "Revolution XQi ADS_28.4",
    "ReferencedSOPInstanceUID": "2.25.64543302165140304337715712653251952118",
    "PrivateCreator": "GEMS_ACQU_01",
    "[Imageactualdate]": "20000101",
    "Patient'sName": "anonymous",
    "PatientID": "2.25.104661169016722362372224050231930259815",
    "Patient'sBirthDate": "",
    "Patient'sSex": "",
    "Patient'sAge": "063W",
    "Patient'sAddress": "anonymous",
    "LastMenstrualDate": "20010730",
    "Privatetagdata": "87009668",
    "BodyPartExamined": "Chest",
    "KVP": "125",
    "SoftwareVersions": "Ads Application Package VERSION ADS_28.4",
    "DistanceSourcetoDetector": "1800",
    "DistanceSourcetoPatient": "1750",
    "ExposureTime": "6",
    "X-RayTubeCurrent": "320",
    "Exposure": "3",
    "FilterType": "NONE",
    "FocalSpot(s)": "1.25",
    "[PulseSequenceName]": "cm3d",
    "[PulseSequenceDate]": "20000101",
    "StudyInstanceUID": "2.25.104661169016722362372224050231930259815",
    "SeriesInstanceUID": "2.25.104661169016722362372224050231930259815",
    "StudyID": "2.25.104661169016722362372224050231930259815",
    "SeriesNumber": "3001578",
    "InstanceNumber": "8",
    "PatientOrientation": "['L', 'F']",
    "FrameofReferenceUID": "2.25.104661169016722362372224050231930259815",
    "SamplesperPixel": "1",
    "PhotometricInterpretation": "MONOCHROME2",
    "Rows": "800",
    "Columns": "800",
    "BitsAllocated": "16",
    "BitsStored": "14",
    "HighBit": "13",
    "PixelRepresentation": "0",
    "LongitudinalTemporalInformationModified": "MODIFIED",
    "WindowCenter": "[8192, 8192, 8192]",
    "WindowWidth": "[16383, 12288, 24575]",
    "RescaleIntercept": "0",
    "RescaleSlope": "1",
    "LossyImageCompression": "00",
    "AdmittingDate": "20010820",
    "ScheduledProcedureStepStartDate": "20010705",
    "ScheduledProcedureStepEndDate": "20010705",
    "PerformedProcedureStepStartDate": "20010705",
    "PlacerOrderNumber/ImagingServiceRequest": "",
    "FillerOrderNumber/ImagingServiceRequest": "",
    "VerifyingObserverName": "nataliz gianandrea",
    "PersonName": "varol routzen",
    "UID": "2.25.104661169016722362372224050231930259815",
    "ContentCreator'sName": "dobromir voeks",
    "StorageMediaFile-setUID": "2.25.6209834794098998823405808412178103798"
  },
  "metadata_original": {
    "SpecificCharacterSet": "ISO_IR 100",
    "ImageType": "['ORIGINAL', 'PRIMARY', '']",
    "InstanceCreationDate": "20250319",
    "InstanceCreationTime": "122113",
    "SOPClassUID": "1.2.840.10008.5.1.4.1.1.1.1",
    "SOPInstanceUID": "1.2.826.0.1.3680043.8.498.41693876966857947741530484686549987317",
    "StudyDate": "20010705",
    "SeriesDate": "20010705",
    "AcquisitionDate": "20010705",
    "ContentDate": "20010705",
    "OverlayDate": "20010705",
    "CurveDate": "20010705",
    "AcquisitionDateTime": "20010705",
    "StudyTime": "",
    "AcquisitionTime": "",
    "ContentTime": "",
    "AccessionNumber": "20010706E403961",
    "Modality": "DX",
    "Manufacturer": "GE MEDICAL SYSTEMS",
    "InstitutionName": "Mccoy Medical Clinic",
    "InstitutionAddress": "45166 Morgan Walks Suite 852 East Aaron, KS 93919",
    "ReferringPhysician'sName": "EATON^WILLIAM",
    "ReferringPhysician'sAddress": "12148 Donna Overpass Apt. 115 North Sherry, TN 60972",
    "ReferringPhysician'sTelephoneNumbers": "752.671.3789x973",
    "PerformingPhysician'sName": "ELLIS^PAUL",
    "Manufacturer'sModelName": "Revolution XQi ADS_28.4",
    "ReferencedSOPInstanceUID": "2.25.64543302165140304337715712653251952118",
    "PrivateCreator": "GEMS_ACQU_01",
    "[Imageactualdate]": "20000101",
    "Patient'sName": "MARTIN^CHAD",
    "PatientID": "339833062",
    "Patient'sBirthDate": "",
    "Patient'sSex": "",
    "Patient'sAge": "",
    "Patient'sAddress": "68265 Mark Bridge Suite 049 Robinsonville, OK 55335",
    "LastMenstrualDate": "20010705",
    "Privatetagdata": "87009668",
    "BodyPartExamined": "CHEST",
    "KVP": "125",
    "SoftwareVersions": "Ads Application Package VERSION ADS_28.4",
    "DistanceSourcetoDetector": "1800",
    "DistanceSourcetoPatient": "1750",
    "ExposureTime": "6",
    "X-RayTubeCurrent": "320",
    "Exposure": "3",
    "FilterType": "NONE",
    "FocalSpot(s)": "1.25",
    "[PulseSequenceName]": "cm3d",
    "[PulseSequenceDate]": "20000101",
    "StudyInstanceUID": "1.2.826.0.1.3680043.8.498.29550831176419081417163667861468448894",
    "SeriesInstanceUID": "1.2.826.0.1.3680043.8.498.10156819544803939498293613011412851449",
    "StudyID": "",
    "SeriesNumber": "3001578",
    "InstanceNumber": "8",
    "PatientOrientation": "['L', 'F']",
    "FrameofReferenceUID": "2.25.42746934676650371540309132955017133558",
    "SamplesperPixel": "1",
    "PhotometricInterpretation": "MONOCHROME2",
    "Rows": "800",
    "Columns": "800",
    "BitsAllocated": "16",
    "BitsStored": "14",
    "HighBit": "13",
    "PixelRepresentation": "0",
    "LongitudinalTemporalInformationModified": "MODIFIED",
    "WindowCenter": "[8192, 8192, 8192]",
    "WindowWidth": "[16383, 12288, 24575]",
    "RescaleIntercept": "0",
    "RescaleSlope": "1",
    "LossyImageCompression": "00",
    "AdmittingDate": "20010705",
    "ScheduledProcedureStepStartDate": "20010705",
    "ScheduledProcedureStepEndDate": "20010705",
    "PerformedProcedureStepStartDate": "20010705",
    "PlacerOrderNumber/ImagingServiceRequest": "",
    "FillerOrderNumber/ImagingServiceRequest": "",
    "VerifyingObserverName": "PADILLA^RYAN",
    "PersonName": "MARTIN^CHAD",
    "UID": "2.25.147169869955616057572885065808289054198",
    "ContentCreator'sName": "BECKER^DAVID",
    "StorageMediaFile-setUID": "2.25.6209834794098998823405808412178103798"
  },
  "metadata_diffs": [
    "LastMenstrualDate -> 20010705 | 20010730",
    "SeriesInstanceUID -> 1.2.826.0.1.3680043.8.498.10156819544803939498293613011412851449 | 2.25.104661169016722362372224050231930259815",
    "ContentDate -> 20010705 | 20010809",
    "BodyPartExamined -> CHEST | Chest",
    "Patient'sAddress -> 68265 Mark Bridge Suite 049 Robinsonville, OK 55335 | anonymous",
    "StudyDate -> 20010705 | 20011025",
    "InstanceCreationDate -> 20250319 | 20250204",
    "UID -> 2.25.147169869955616057572885065808289054198 | 2.25.104661169016722362372224050231930259815",
    "InstitutionAddress -> 45166 Morgan Walks Suite 852 East Aaron, KS 93919 | anonymous",
    "StudyID ->  | 2.25.104661169016722362372224050231930259815",
    "SeriesDate -> 20010705 | 20010512",
    "PatientID -> 339833062 | 2.25.104661169016722362372224050231930259815",
    "ReferringPhysician'sTelephoneNumbers -> 752.671.3789x973 | anonymous",
    "PerformingPhysician'sName -> ELLIS^PAUL | anonymous",
    "AccessionNumber -> 20010706E403961 | 2.25.104661169016722362372224050231930259815",
    "FrameofReferenceUID -> 2.25.42746934676650371540309132955017133558 | 2.25.104661169016722362372224050231930259815",
    "ReferringPhysician'sName -> EATON^WILLIAM | anonymous",
    "StudyInstanceUID -> 1.2.826.0.1.3680043.8.498.29550831176419081417163667861468448894 | 2.25.104661169016722362372224050231930259815",
    "ReferringPhysician'sAddress -> 12148 Donna Overpass Apt. 115 North Sherry, TN 60972 | anonymous",
    "VerifyingObserverName -> PADILLA^RYAN | nataliz gianandrea",
    "AdmittingDate -> 20010705 | 20010820",
    "AcquisitionDate -> 20010705 | 20010616",
    "AcquisitionDateTime -> 20010705 | 20010614",
    "OverlayDate -> 20010705 | 20010612",
    "Patient'sName -> MARTIN^CHAD | anonymous",
    "PersonName -> MARTIN^CHAD | varol routzen",
    "InstitutionName -> Mccoy Medical Clinic | anonymous",
    "ContentCreator'sName -> BECKER^DAVID | dobromir voeks",
    "CurveDate -> 20010705 | 20010824",
    "Patient'sAge ->  | 063W"
  ]
}