{
    "predictions": [
        [
            {
                "begin": 39,
                "end": 54,
                "ner_chunk": "tumor suppressor",
                "ner_label": "Oncological",
                "ner_confidence": "0.76909995",
                "concept_code": "8001/1",
                "resolution": "tumor cells",
                "score": 0.7199416756629944,
                "all_codes": [
                    "8001/1",
                    "8000/1",
                    "8000/3",
                    "8001/0",
                    "8040/1"
                ],
                "all_resolutions": [
                    "tumor cells",
                    "tumor",
                    "cancer",
                    "tumor cells, benign",
                    "tumorlet"
                ],
                "all_score": [
                    0.7199416756629944,
                    0.7053937911987305,
                    0.6986449956893921,
                    0.6981863379478455,
                    0.6867451667785645
                ]
            },
            {
                "begin": 59,
                "end": 82,
                "ner_chunk": "hepatocellular carcinoma",
                "ner_label": "Cancer_dx",
                "ner_confidence": null,
                "concept_code": "8170/3",
                "resolution": "hepatocellular carcinoma",
                "score": 1.0000004768371582,
                "all_codes": [
                    "8170/3",
                    "8170/3",
                    "8170/3",
                    "8170/3-C22.0",
                    "8170/3"
                ],
                "all_resolutions": [
                    "hepatocellular carcinoma",
                    "hepatocarcinoma",
                    "liver cell carcinoma",
                    "hepatocellular carcinoma, of liver",
                    "hepatoma"
                ],
                "all_score": [
                    1.0000004768371582,
                    0.9132293462753296,
                    0.9028671979904175,
                    0.8793962597846985,
                    0.8304914832115173
                ]
            },
            {
                "begin": 88,
                "end": 99,
                "ner_chunk": "ovary cancer",
                "ner_label": "Cancer_dx",
                "ner_confidence": null,
                "concept_code": "8010/3-C56.9",
                "resolution": "carcinoma, of ovary",
                "score": 0.8408499360084534,
                "all_codes": [
                    "8010/3-C56.9",
                    "8140/3-C56.9",
                    "8010/6-C56.9",
                    "8000/3-C56.9",
                    "8230/3-C56.9"
                ],
                "all_resolutions": [
                    "carcinoma, of ovary",
                    "adenocarcinoma, of ovary",
                    "carcinoma, metastatic, of ovary",
                    "neoplasm, malignant of ovary",
                    "solid carcinoma, of ovary"
                ],
                "all_score": [
                    0.8408499360084534,
                    0.8210016489028931,
                    0.8171762228012085,
                    0.8160241842269897,
                    0.8076353669166565
                ]
            },
            {
                "begin": 145,
                "end": 177,
                "ner_chunk": "tumors endometrial adenocarcinoma",
                "ner_label": "Oncological",
                "ner_confidence": "0.8207",
                "concept_code": "8140/3-C54.1",
                "resolution": "adenocarcinoma, of endometrium",
                "score": 0.8975948095321655,
                "all_codes": [
                    "8140/3-C54.1",
                    "8380/3",
                    "8380/3-C54.1",
                    "8380/3-C55.9",
                    "8260/3-C54.1"
                ],
                "all_resolutions": [
                    "adenocarcinoma, of endometrium",
                    "endometrioid adenocarcinoma",
                    "endometrioid adenocarcinoma, of endometrium",
                    "endometrioid adenocarcinoma, of uterus",
                    "papillary adenocarcinoma, of endometrium"
                ],
                "all_score": [
                    0.8975948095321655,
                    0.8903557062149048,
                    0.8701358437538147,
                    0.8674242496490479,
                    0.8599061965942383
                ]
            }
        ]
    ]
}