{
    "predictions": [
        {
            "document": "She is given folic acid 1 mg daily , levothyroxine 0.1 mg and aspirin 81 mg daily.",
            "ner_chunk": "folic acid 1 mg",
            "begin": 13,
            "end": 27,
            "ner_label": "DRUG",
            "ner_confidence": "0.67852503",
            "rxcui_code": "310410",
            "rxcui_resolution": "folic acid 1 MG Oral Tablet",
            "rxcui_confidence": "0.7857"
        },
        {
            "document": "She is given folic acid 1 mg daily , levothyroxine 0.1 mg and aspirin 81 mg daily.",
            "ner_chunk": "levothyroxine 0.1 mg",
            "begin": 37,
            "end": 56,
            "ner_label": "DRUG",
            "ner_confidence": "0.8457667",
            "rxcui_code": "1115267",
            "rxcui_resolution": "levothyroxine sodium 0.1 MG Injection",
            "rxcui_confidence": "0.3678"
        },
        {
            "document": "She is given folic acid 1 mg daily , levothyroxine 0.1 mg and aspirin 81 mg daily.",
            "ner_chunk": "aspirin 81 mg",
            "begin": 62,
            "end": 74,
            "ner_label": "DRUG",
            "ner_confidence": "0.72886664",
            "rxcui_code": "243670",
            "rxcui_resolution": "aspirin 81 MG Oral Tablet",
            "rxcui_confidence": "0.6884"
        },
        {
            "document": "The patient was advised to take Omeprazole 20 mg daily before breakfast for acid reflux.",
            "ner_chunk": "Omeprazole 20 mg",
            "begin": 32,
            "end": 47,
            "ner_label": "DRUG",
            "ner_confidence": "0.69296664",
            "rxcui_code": "486499",
            "rxcui_resolution": "esomeprazole 20 MG Injection",
            "rxcui_confidence": "0.3132"
        }
    ]
}