{
    "predictions": [
        {
            "document": "The patient was given Adapin 10 MG, coumadin 5mg",
            "ner_chunk": "Adapin 10 MG",
            "begin": 22,
            "end": 33,
            "ner_label": "DRUG",
            "ner_confidence": "0.6684",
            "ade": "NONE",
            "rxnorm_code": "1000049",
            "action": "NONE",
            "treatment": "NONE",
            "umls_code": "NONE",
            "snomed_ct_code": "NONE",
            "product_ndc": "NONE",
            "package_ndc": "NONE"
        },
        {
            "document": "The patient was given Adapin 10 MG, coumadin 5mg",
            "ner_chunk": "coumadin 5mg",
            "begin": 36,
            "end": 47,
            "ner_label": "DRUG",
            "ner_confidence": "0.6889",
            "ade": "NONE",
            "rxnorm_code": "855333",
            "action": "Anticoagulant",
            "treatment": "Cerebrovascular Accident",
            "umls_code": "C2709920",
            "snomed_ct_code": "NONE",
            "product_ndc": "NONE",
            "package_ndc": "NONE"
        },
        {
            "document": "She is given folic acid 1 mg daily , levothyroxine 0.1 mg and aspirin 81 mg daily.",
            "ner_chunk": "folic acid 1 mg",
            "begin": 13,
            "end": 27,
            "ner_label": "DRUG",
            "ner_confidence": "0.67852503",
            "ade": "Dyspnoea",
            "rxnorm_code": "315966",
            "action": "NONE",
            "treatment": "NONE",
            "umls_code": "C0986175",
            "snomed_ct_code": "NONE",
            "product_ndc": "11528-0135",
            "package_ndc": "11528-0135-01"
        },
        {
            "document": "She is given folic acid 1 mg daily , levothyroxine 0.1 mg and aspirin 81 mg daily.",
            "ner_chunk": "levothyroxine 0.1 mg",
            "begin": 37,
            "end": 56,
            "ner_label": "DRUG",
            "ner_confidence": "0.8457667",
            "ade": "Dyspnoea",
            "rxnorm_code": "1115267",
            "action": "NONE",
            "treatment": "NONE",
            "umls_code": "C3162905",
            "snomed_ct_code": "NONE",
            "product_ndc": "42023-0201",
            "package_ndc": "42023-0201-01"
        },
        {
            "document": "She is given folic acid 1 mg daily , levothyroxine 0.1 mg and aspirin 81 mg daily.",
            "ner_chunk": "aspirin 81 mg",
            "begin": 62,
            "end": 74,
            "ner_label": "DRUG",
            "ner_confidence": "0.72886664",
            "ade": "Pyrexia",
            "rxnorm_code": "434451",
            "action": "NONE",
            "treatment": "NONE",
            "umls_code": "C1363721",
            "snomed_ct_code": "NONE",
            "product_ndc": "NONE",
            "package_ndc": "NONE"
        },
        {
            "document": "The doctor prescribed Lisinopril 20 MG once daily for hypertension.",
            "ner_chunk": "Lisinopril 20 MG",
            "begin": 22,
            "end": 37,
            "ner_label": "DRUG",
            "ner_confidence": "0.6994",
            "ade": "NONE",
            "rxnorm_code": "314077",
            "action": "NONE",
            "treatment": "NONE",
            "umls_code": "C0981556",
            "snomed_ct_code": "318860005",
            "product_ndc": "00143-1268",
            "package_ndc": "00143-9713-01"
        }
    ]
}