{
    "predictions": [
        {
            "document": "HISTORY OF PRESENT ILLNESS: The patient is a 40-year-old white male who presents with a chief complaint of \"chest pain\".\n\nThe patient is diabetic and has a prior history of coronary artery disease. The patient presents today stating that his chest pain started yesterday evening and has been somewhat intermittent. The severity of the pain has progressively increased. He describes the pain as a sharp and heavy pain which radiates to his neck & left arm. He ranks the pain a 7 on a scale of 1-10. He admits some shortness of breath & diaphoresis. He states that he has had nausea & 3 episodes of vomiting tonight. He denies any fever or chills. He admits prior episodes of similar pain prior to his PTCA in 1995. He states the pain is somewhat worse with walking and seems to be relieved with rest. There is no change in pain with positioning. He states that he took 3 nitroglycerin tablets sublingually over the past 1 hour, which he states has partially relieved his pain. The patient ranks his present pain a 4 on a scale of 1-10. The most recent episode of pain has lasted one-hour.\n\nThe patient denies any history of recent surgery, head trauma, recent stroke, abnormal bleeding such as blood in urine or stool or nosebleed.\n\nREVIEW OF SYSTEMS: All other systems reviewed & are negative.\n\nPAST MEDICAL HISTORY: Diabetes mellitus type II, hypertension, coronary artery disease, atrial fibrillation, status post PTCA in 1995 by Dr. ABC.\n\nSOCIAL HISTORY: Denies alcohol or drugs. Smokes 2 packs of cigarettes per day. Works as a banker.\n\nFAMILY HISTORY: Positive for coronary artery disease (father & brother).",
            "ner_chunk": [
                "diabetic",
                "coronary artery disease",
                "Diabetes mellitus type II",
                "hypertension",
                "coronary artery disease",
                "1995",
                "ABC",
                "Smokes 2 packs of cigarettes per day",
                "banker"
            ],
            "begin": [
                137,
                173,
                1317,
                1344,
                1358,
                1424,
                1436,
                1483,
                1532
            ],
            "end": [
                144,
                195,
                1341,
                1355,
                1380,
                1427,
                1438,
                1518,
                1537
            ],
            "ner_label": [
                "DIABETES",
                "CAD",
                "DIABETES",
                "HYPERTENSION",
                "CAD",
                "PHI",
                "PHI",
                "SMOKER",
                "PHI"
            ],
            "confidence": [
                "0.9992",
                "0.6896667",
                "0.71244997",
                "0.987",
                "0.89136666",
                "0.9998",
                "0.9998",
                "0.63425714",
                "0.9779"
            ]
        },
        {
            "document": "HISTORY OF PRESENT ILLNESS: This 57-year-old black female complains of having pain and discomfort in the left upper arm, especially when she walks and after heavy meals. This lasts anywhere from a few hours and is not associated with shortness of breath, palpitations, dizziness, or syncope. Patient does not get any chest pain or choking in the neck or pain in the back. Patient denies history of hypertension, diabetes mellitus, enlarged heart, heart murmur, history suggestive of previous myocardial infarction, or acute rheumatic polyarthritis during childhood. Her exercise tolerance is one to two blocks for shortness of breath and easy fatigability.\n\nMEDICATIONS: Patient does not take any specific medications.\n\nPAST HISTORY: The patient underwent hysterectomy in 1986.\n\nFAMILY HISTORY: The patient is married, has four children who are doing fine. Family history is positive for hypertension, congestive heart failure, obesity, cancer, and cerebrovascular accident.\n\nSOCIAL HISTORY: The patient smokes one pack of cigarettes per day and takes drinks on social occasions.",
            "ner_chunk": [
                "hypertension",
                "diabetes mellitus",
                "1986"
            ],
            "begin": [
                398,
                412,
                772
            ],
            "end": [
                409,
                428,
                775
            ],
            "ner_label": [
                "HYPERTENSION",
                "DIABETES",
                "PHI"
            ],
            "confidence": [
                "0.9709",
                "0.8099",
                "0.9674"
            ]
        }
    ]
}