{
    "predictions": [
        [
            {
                "ner_chunk": "tumor",
                "begin": 39,
                "end": 43,
                "ner_label": "Tumor_Finding",
                "ner_confidence": "0.9416",
                "code": "8000/1",
                "resolution": "tumor",
                "all_k_codes": "8000/1:::8040/1:::8001/1:::9365/3:::8000/6:::8103/0:::9364/3:::8940/0:::8561/0:::9230/1:::8000/3:::9365/3-C76.1:::8100/0:::8158/3:::800:::8711/0:::9135/1:::8935/1:::8010/3:::8815/1:::8960/3:::8312/3:::8153/3",
                "all_k_resolutions": "tumor:::tumorlet:::tumor cells:::askin tumor:::tumor, secondary:::pilar tumor:::ewing tumor:::mixed tumor:::warthin tumor:::codman tumor:::cancer:::askin tumor of thorax:::brooke tumor:::acth-producing tumor:::neoplasms:::glomus tumor:::dabska tumor:::stromal tumor:::carcinoma:::localized fibrous tumor:::wilms tumor:::grawitz tumor:::g cell tumor",
                "all_k_distances": "0.0000:::6.2854:::7.2306:::8.0490:::8.2619:::9.2572:::9.3351:::9.5498:::9.8335:::10.1951:::10.2648:::10.3364:::10.7574:::10.8951:::10.9171:::10.9504:::10.9568:::11.1854:::11.2265:::11.2477:::11.2602:::11.2972:::11.3218"
            },
            {
                "ner_chunk": "hepatocellular",
                "begin": 59,
                "end": 72,
                "ner_label": "Histological_Type",
                "ner_confidence": "0.9981",
                "code": "C22.0",
                "resolution": "liver",
                "all_k_codes": "C22.0:::C22:::C22.1:::8140/0-C22.0:::9080/1-C22.0:::8010/3-C22.0:::C24.0:::8140/3-C22.0:::8170/3:::C24.9:::8440/0-C22.0:::C21.2:::C18.3:::C71:::C42.3:::C75.9:::C42.2:::C26.0:::8576/3:::8001/3-C22.0:::8000/3-C22.0:::8800/3-C22.0:::C25.3",
                "all_k_resolutions": "liver:::liver and intrahepatic bile ducts:::intrahepatic bile duct:::adenoma, of liver:::teratoma, of liver:::carcinoma, of liver:::extrahepatic bile duct:::adenocarcinoma, of liver:::hepatoma:::billiary tract:::cystadenoma, of liver:::cloacogenic zone:::hepatic flexure of colon:::brain:::reticuloendothelial system:::endocrine gland:::spleen:::intestinal tract:::hepatoid carcinoma:::tumor cells, malignant of liver:::neoplasm, malignant of liver:::sarcoma, of liver:::pancreatic duct",
                "all_k_distances": "8.9670:::9.5345:::10.0203:::10.5846:::11.4080:::11.4539:::11.5473:::11.7515:::12.0136:::12.1413:::12.1659:::12.4287:::12.5463:::12.5747:::12.5802:::12.6025:::12.6953:::12.6954:::12.8245:::12.8977:::12.9020:::12.9039:::12.9249"
            },
            {
                "ner_chunk": "carcinoma",
                "begin": 74,
                "end": 82,
                "ner_label": "Cancer_Dx",
                "ner_confidence": "0.9491",
                "code": "8010/3",
                "resolution": "carcinoma",
                "all_k_codes": "8010/3:::8010/9:::8420/3:::8480/3:::8240/3:::8550/3:::8140/3:::8010/6:::8530/3:::8980/3:::8070/3:::8010/3-C06.9:::8054/3:::8520/3:::8010/2:::8244/3:::8141/3:::8051/3:::8575/3:::8481/3:::8110/3:::8441/3",
                "all_k_resolutions": "carcinoma:::carcinomatosis:::ceruminous carcinoma:::mucous carcinoma:::carcinoid:::acinar carcinoma:::adenocarcinoma:::secondary carcinoma:::inflammatory carcinoma:::carcinosarcoma:::squamous carcinoma:::carcinoma, of mouth:::warty carcinoma:::lobular carcinoma:::carcinoma in situ:::composite carcinoid:::scirrhous carcinoma:::verrucous carcinoma:::metaplastic carcinoma:::mucin-producing carcinoma:::matrical carcinoma:::serous carcinoma",
                "all_k_distances": "0.0000:::3.8145:::6.1551:::6.1916:::6.2402:::6.7504:::6.9016:::6.9301:::7.1193:::7.1926:::7.2897:::7.3397:::7.4187:::7.4689:::7.4910:::7.6357:::7.6536:::7.7765:::7.7787:::7.7825:::7.8719:::7.8739"
            },
            {
                "ner_chunk": "ovary cancer",
                "begin": 88,
                "end": 99,
                "ner_label": "Oncological",
                "ner_confidence": "0.84344995",
                "code": "8010/3-C56.9",
                "resolution": "carcinoma, of ovary",
                "all_k_codes": "8010/3-C56.9:::8140/3-C56.9:::8980/3-C56.9:::8441/3-C56.9:::8230/3-C56.9:::8051/3-C56.9:::8560/3-C56.9:::8021/3-C56.9:::8010/2-C56.9:::8510/3-C56.9:::8440/3-C56.9:::8050/3-C56.9:::8410/3-C56.9:::8575/3-C56.9:::8070/3-C56.9:::8262/3-C56.9:::8474/3-C56.9:::8140/2-C56.9:::8144/3-C56.9:::9081/3-C56.9:::8640/3-C56.9:::8246/3-C56.9:::9070/3-C56.9:::8245/3-C56.9:::8141/3-C56.9",
                "all_k_resolutions": "carcinoma, of ovary:::adenocarcinoma, of ovary:::carcinosarcoma, of ovary:::serous carcinoma, of ovary:::solid carcinoma, of ovary:::verrucous carcinoma, of ovary:::adenosquamous carcinoma of ovary:::carcinoma, anaplastic, of ovary:::carcinoma in situ, of ovary:::medullary carcinoma, of ovary:::cystadenocarcinoma, of ovary:::papillary carcinoma, of ovary:::sebaceous carcinoma of ovary:::metaplastic carcinoma, of ovary:::squamous cell carcinoma, of ovary:::villous adenocarcinoma of ovary:::seromucinous carcinoma of ovary:::adenocarcinoma in situ, of ovary:::adenocarcinoma, intestinal type of ovary:::teratocarcinoma of ovary:::sertoli cell carcinoma of ovary:::neuroendocrine carcinoma, of ovary:::embryonal carcinoma, of ovary:::adenocarcinoid tumor of ovary:::scirrhous adenocarcinoma of ovary",
                "all_k_distances": "6.0432:::6.5364:::6.7072:::6.7773:::6.8416:::7.0828:::7.0911:::7.1390:::7.1420:::7.1727:::7.1923:::7.2456:::7.2635:::7.3015:::7.3667:::7.4366:::7.4374:::7.5513:::7.5794:::7.6882:::7.6929:::7.6994:::7.7832:::7.8821:::7.9171"
            },
            {
                "ner_chunk": "tumors",
                "begin": 145,
                "end": 150,
                "ner_label": "Tumor_Finding",
                "ner_confidence": "0.8977",
                "code": "8000/1",
                "resolution": "tumor",
                "all_k_codes": "8000/1:::8040/1:::8001/1:::8000/6:::9365/3:::8940/0:::8103/0:::800:::8000/3:::8561/0:::9364/3:::8010/3:::9230/1:::8600/0:::8100/0:::8810/0:::8001/3:::C76.1:::9365/3-C76.1:::801-804:::881-883",
                "all_k_resolutions": "tumor:::tumorlet:::tumor cells:::tumor, secondary:::askin tumor:::mixed tumor:::pilar tumor:::neoplasms:::cancer:::warthin tumor:::ewing tumor:::carcinoma:::codman tumor:::thecoma:::brooke tumor:::fibroma:::tumor cells, malignant:::thorax:::askin tumor of thorax:::epithelial neoplasms:::fibromatous neoplasms",
                "all_k_distances": "4.6173:::7.7560:::8.0597:::8.7563:::9.1611:::9.5313:::9.7827:::9.8473:::9.9463:::10.0686:::10.1560:::10.6913:::10.7213:::10.9294:::10.9957:::11.0306:::11.0859:::11.0929:::11.2195:::11.2438:::11.2929"
            },
            {
                "ner_chunk": "endometrial adenocarcinoma",
                "begin": 152,
                "end": 177,
                "ner_label": "Cancer_Dx",
                "ner_confidence": "0.92715",
                "code": "8380/3",
                "resolution": "endometrioid adenocarcinoma",
                "all_k_codes": "8380/3:::8560/3-C54.1:::8141/3-C54.1:::8262/3-C54.1:::8380/3-C57.9:::8480/3-C54.1:::8260/3-C54.1:::8211/3-C54.1:::8380/3-C54.0:::8380/3-C54.1:::8382/3-C54.1:::8380/3-C57.4:::8440/3-C54.1:::8380/3-C53.0:::8380/0:::8245/3-C54.1:::8323/3-C54.1:::8480/2-C54.1:::8481/3-C54.1:::8441/2-C54.1:::8382/3-C57.9:::8380/3-C53.8:::8141/3-C53.0:::8933/3-C54.1",
                "all_k_resolutions": "endometrioid adenocarcinoma:::adenosquamous carcinoma of endometrium:::scirrhous adenocarcinoma of endometrium:::villous adenocarcinoma of endometrium:::endometrioid adenocarcinoma, of female genital tract:::mucinous adenocarcinoma of endometrium:::papillary adenocarcinoma, of endometrium:::tubular adenocarcinoma of endometrium:::endometrioid adenocarcinoma, of isthmus uteri:::endometrioid adenocarcinoma, of endometrium:::endometrioid adenocarcinoma, secretory variant of endometrium:::endometrioid adenocarcinoma, of uterine adnexa:::cystadenocarcinoma, of endometrium:::endometrioid adenocarcinoma, of endocervix:::endometrioid adenoma:::adenocarcinoid tumor of endometrium:::mixed cell adenocarcinoma of endometrium:::mucinous adenocarcinoma in situ of endometrium:::mucin-producing adenocarcinoma of endometrium:::serous intraepithelial carcinoma of endometrium:::endometrioid adenocarcinoma, secretory variant of female genital tract:::endometrioid adenocarcinoma, of overlapping lesion of cervix uteri:::scirrhous adenocarcinoma of endocervix:::adenosarcoma of endometrium",
                "all_k_distances": "3.1721:::4.4318:::4.5417:::4.7098:::4.7277:::4.8140:::5.0247:::5.1204:::5.1665:::5.2567:::5.3635:::5.4178:::5.4381:::5.4606:::5.4638:::5.5854:::5.5956:::5.6376:::5.6406:::5.6458:::5.6582:::5.6823:::5.6906:::5.7367"
            }
        ]
    ]
}