[
    {
        "ner_predictions": [
            {
                "ner_chunk": "Cardiac size",
                "begin": 0,
                "end": 11,
                "ner_label": "ImagingFindings",
                "ner_confidence": "0.8463"
            },
            {
                "ner_chunk": "left",
                "begin": 40,
                "end": 43,
                "ner_label": "Direction",
                "ner_confidence": "0.9433"
            },
            {
                "ner_chunk": "pleural effusion",
                "begin": 45,
                "end": 60,
                "ner_label": "Disease_Syndrome_Disorder",
                "ner_confidence": "0.69865"
            },
            {
                "ner_chunk": "right",
                "begin": 76,
                "end": 80,
                "ner_label": "Direction",
                "ner_confidence": "0.9554"
            },
            {
                "ner_chunk": "effusion",
                "begin": 82,
                "end": 89,
                "ner_label": "ImagingFindings",
                "ner_confidence": "0.9442"
            },
            {
                "ner_chunk": "upper lungs",
                "begin": 103,
                "end": 113,
                "ner_label": "BodyPart",
                "ner_confidence": "0.5999"
            },
            {
                "ner_chunk": "clear",
                "begin": 119,
                "end": 123,
                "ner_label": "ImagingFindings",
                "ner_confidence": "0.7488"
            },
            {
                "ner_chunk": "Right",
                "begin": 126,
                "end": 130,
                "ner_label": "Direction",
                "ner_confidence": "0.9839"
            },
            {
                "ner_chunk": "lower lobe opacities",
                "begin": 132,
                "end": 151,
                "ner_label": "Symptom",
                "ner_confidence": "0.30993333"
            },
            {
                "ner_chunk": "CT",
                "begin": 178,
                "end": 179,
                "ner_label": "Imaging_Test",
                "ner_confidence": "0.9859"
            },
            {
                "ner_chunk": "pneumothorax",
                "begin": 194,
                "end": 205,
                "ner_label": "ImagingFindings",
                "ner_confidence": "0.9832"
            },
            {
                "ner_chunk": "mild degenerative changes",
                "begin": 218,
                "end": 242,
                "ner_label": "ImagingFindings",
                "ner_confidence": "0.5607"
            },
            {
                "ner_chunk": "thoracic spine",
                "begin": 251,
                "end": 264,
                "ner_label": "BodyPart",
                "ner_confidence": "0.7687"
            }
        ],
        "assertion_predictions": [
            {
                "ner_chunk": "Cardiac size",
                "begin": 0,
                "end": 11,
                "ner_label": "ImagingFindings",
                "assertion": "Confirmed",
                "assertion_confidence": "0.7541"
            },
            {
                "ner_chunk": "pleural effusion",
                "begin": 45,
                "end": 60,
                "ner_label": "Disease_Syndrome_Disorder",
                "assertion": "Confirmed",
                "assertion_confidence": "0.9985"
            },
            {
                "ner_chunk": "effusion",
                "begin": 82,
                "end": 89,
                "ner_label": "ImagingFindings",
                "assertion": "Confirmed",
                "assertion_confidence": "0.9841"
            },
            {
                "ner_chunk": "clear",
                "begin": 119,
                "end": 123,
                "ner_label": "ImagingFindings",
                "assertion": "Confirmed",
                "assertion_confidence": "0.9973"
            },
            {
                "ner_chunk": "lower lobe opacities",
                "begin": 132,
                "end": 151,
                "ner_label": "Symptom",
                "assertion": "Confirmed",
                "assertion_confidence": "0.9987"
            },
            {
                "ner_chunk": "pneumothorax",
                "begin": 194,
                "end": 205,
                "ner_label": "ImagingFindings",
                "assertion": "Negative",
                "assertion_confidence": "0.9981"
            },
            {
                "ner_chunk": "mild degenerative changes",
                "begin": 218,
                "end": 242,
                "ner_label": "ImagingFindings",
                "assertion": "Confirmed",
                "assertion_confidence": "0.9938"
            }
        ],
        "relation_predictions": [
            {
                "ner_chunk1": "upper lungs",
                "ner_chunk1_begin": "103",
                "ner_chunk1_end": "113",
                "ner_label1": "BodyPart",
                "ner_chunk2": "clear",
                "ner_chunk2_begin": "119",
                "ner_chunk2_end": "123",
                "ner_label2": "ImagingFindings",
                "relations": "not_related",
                "relation_confidence": "0.947544"
            },
            {
                "ner_chunk1": "mild degenerative changes",
                "ner_chunk1_begin": "218",
                "ner_chunk1_end": "242",
                "ner_label1": "ImagingFindings",
                "ner_chunk2": "thoracic spine",
                "ner_chunk2_begin": "251",
                "ner_chunk2_end": "264",
                "ner_label2": "BodyPart",
                "relations": "is_related",
                "relation_confidence": "0.99999964"
            }
        ]
    },
    {
        "ner_predictions": [
            {
                "ner_chunk": "Bilateral breast",
                "begin": 0,
                "end": 15,
                "ner_label": "BodyPart",
                "ner_confidence": "0.945"
            },
            {
                "ner_chunk": "ultrasound",
                "begin": 17,
                "end": 26,
                "ner_label": "Imaging_Test",
                "ner_confidence": "0.6734"
            },
            {
                "ner_chunk": "ovoid mass",
                "begin": 78,
                "end": 87,
                "ner_label": "ImagingFindings",
                "ner_confidence": "0.6095"
            },
            {
                "ner_chunk": "0.5 x 0.5 x 0.4 cm",
                "begin": 113,
                "end": 130,
                "ner_label": "Measurements",
                "ner_confidence": "0.9908667"
            },
            {
                "ner_chunk": "anteromedial aspect of the left shoulder",
                "begin": 163,
                "end": 202,
                "ner_label": "BodyPart",
                "ner_confidence": "0.75051665"
            },
            {
                "ner_chunk": "mass",
                "begin": 210,
                "end": 213,
                "ner_label": "ImagingFindings",
                "ner_confidence": "0.9711"
            },
            {
                "ner_chunk": "isoechoic echotexture",
                "begin": 228,
                "end": 248,
                "ner_label": "ImagingFindings",
                "ner_confidence": "0.80104995"
            },
            {
                "ner_chunk": "adjacent muscle",
                "begin": 257,
                "end": 271,
                "ner_label": "BodyPart",
                "ner_confidence": "0.5201"
            },
            {
                "ner_chunk": "internal color flow",
                "begin": 294,
                "end": 312,
                "ner_label": "ImagingFindings",
                "ner_confidence": "0.47723332"
            },
            {
                "ner_chunk": "benign fibrous tissue",
                "begin": 334,
                "end": 354,
                "ner_label": "ImagingFindings",
                "ner_confidence": "0.5240666"
            },
            {
                "ner_chunk": "lipoma",
                "begin": 361,
                "end": 366,
                "ner_label": "Disease_Syndrome_Disorder",
                "ner_confidence": "0.6081"
            }
        ],
        "assertion_predictions": [
            {
                "ner_chunk": "ovoid mass",
                "begin": 78,
                "end": 87,
                "ner_label": "ImagingFindings",
                "assertion": "Confirmed",
                "assertion_confidence": "0.9966"
            },
            {
                "ner_chunk": "mass",
                "begin": 210,
                "end": 213,
                "ner_label": "ImagingFindings",
                "assertion": "Confirmed",
                "assertion_confidence": "0.9683"
            },
            {
                "ner_chunk": "isoechoic echotexture",
                "begin": 228,
                "end": 248,
                "ner_label": "ImagingFindings",
                "assertion": "Confirmed",
                "assertion_confidence": "0.9932"
            },
            {
                "ner_chunk": "internal color flow",
                "begin": 294,
                "end": 312,
                "ner_label": "ImagingFindings",
                "assertion": "Negative",
                "assertion_confidence": "0.9632"
            },
            {
                "ner_chunk": "benign fibrous tissue",
                "begin": 334,
                "end": 354,
                "ner_label": "ImagingFindings",
                "assertion": "Suspected",
                "assertion_confidence": "0.9951"
            },
            {
                "ner_chunk": "lipoma",
                "begin": 361,
                "end": 366,
                "ner_label": "Disease_Syndrome_Disorder",
                "assertion": "Suspected",
                "assertion_confidence": "0.9676"
            }
        ],
        "relation_predictions": [
            {
                "ner_chunk1": "Bilateral breast",
                "ner_chunk1_begin": "0",
                "ner_chunk1_end": "15",
                "ner_label1": "BodyPart",
                "ner_chunk2": "ultrasound",
                "ner_chunk2_begin": "17",
                "ner_chunk2_end": "26",
                "ner_label2": "Imaging_Test",
                "relations": "is_related",
                "relation_confidence": "1.0"
            },
            {
                "ner_chunk1": "Bilateral breast",
                "ner_chunk1_begin": "0",
                "ner_chunk1_end": "15",
                "ner_label1": "BodyPart",
                "ner_chunk2": "ovoid mass",
                "ner_chunk2_begin": "78",
                "ner_chunk2_end": "87",
                "ner_label2": "ImagingFindings",
                "relations": "is_related",
                "relation_confidence": "0.99999714"
            },
            {
                "ner_chunk1": "ultrasound",
                "ner_chunk1_begin": "17",
                "ner_chunk1_end": "26",
                "ner_label1": "Imaging_Test",
                "ner_chunk2": "ovoid mass",
                "ner_chunk2_begin": "78",
                "ner_chunk2_end": "87",
                "ner_label2": "ImagingFindings",
                "relations": "is_related",
                "relation_confidence": "0.99956936"
            },
            {
                "ner_chunk1": "ovoid mass",
                "ner_chunk1_begin": "78",
                "ner_chunk1_end": "87",
                "ner_label1": "ImagingFindings",
                "ner_chunk2": "0.5 x 0.5 x 0.4 cm",
                "ner_chunk2_begin": "113",
                "ner_chunk2_end": "130",
                "ner_label2": "Measurements",
                "relations": "is_related",
                "relation_confidence": "1.0"
            },
            {
                "ner_chunk1": "mass",
                "ner_chunk1_begin": "210",
                "ner_chunk1_end": "213",
                "ner_label1": "ImagingFindings",
                "ner_chunk2": "adjacent muscle",
                "ner_chunk2_begin": "257",
                "ner_chunk2_end": "271",
                "ner_label2": "BodyPart",
                "relations": "is_related",
                "relation_confidence": "0.9976392"
            },
            {
                "ner_chunk1": "isoechoic echotexture",
                "ner_chunk1_begin": "228",
                "ner_chunk1_end": "248",
                "ner_label1": "ImagingFindings",
                "ner_chunk2": "adjacent muscle",
                "ner_chunk2_begin": "257",
                "ner_chunk2_end": "271",
                "ner_label2": "BodyPart",
                "relations": "is_related",
                "relation_confidence": "0.9999993"
            }
        ]
    }
]